============================================================
🚀 QuantMaster Q@C v7 Daemon
============================================================
[2026-06-02 09:34:08] 🚀 Q@C v7 Daemon 启动
[2026-06-02 09:34:08] 📦 启动周期...

======================================================================
🚀 QuantMaster Q@C v7.0.0 - 利润最大化版
======================================================================
✅ 组件初始化完成
   模式: LIVE
   资金: $10,000.00

======================================================================
📊 周期 #1 - 09:34:08
======================================================================

[1] 数据收集...
    收集 4 个币种数据

[2] 技术分析...
    分析 4 个币种

[3] AI决策 + 交易执行...
    ✅ BUY BTCUSDT x 0.0070 @ $71044.6900

[4] 统计...
    总交易: 0
    胜率: 0.0%
    总盈亏: $+0.00
    当前持仓: 0
[2026-06-02 09:34:09] ✅ 周期 #1 完成
[2026-06-02 09:34:09] ⏳ 等待60秒...
[2026-06-02 09:35:09] 📦 启动周期...

======================================================================
🚀 QuantMaster Q@C v7.0.0 - 利润最大化版
======================================================================
✅ 组件初始化完成
   模式: LIVE
   资金: $10,000.00

======================================================================
📊 周期 #1 - 09:35:09
======================================================================

[1] 数据收集...
    收集 4 个币种数据

[2] 技术分析...
    分析 4 个币种

[3] AI决策 + 交易执行...
    ✅ BUY BTCUSDT x 0.0070 @ $70975.7400

[4] 统计...
    总交易: 0
    胜率: 0.0%
    总盈亏: $+0.00
    当前持仓: 0
[2026-06-02 09:35:10] ✅ 周期 #2 完成
[2026-06-02 09:35:10] ⏳ 等待60秒...
[2026-06-02 09:36:10] 📦 启动周期...

======================================================================
🚀 QuantMaster Q@C v7.0.0 - 利润最大化版
======================================================================
✅ 组件初始化完成
   模式: LIVE
   资金: $10,000.00

======================================================================
📊 周期 #1 - 09:36:10
======================================================================

[1] 数据收集...
    收集 4 个币种数据

[2] 技术分析...
    分析 4 个币种

[3] AI决策 + 交易执行...
    ✅ BUY BTCUSDT x 0.0070 @ $70936.2500

[4] 统计...
    总交易: 0
    胜率: 0.0%
    总盈亏: $+0.00
    当前持仓: 0
[2026-06-02 09:36:12] ✅ 周期 #3 完成
[2026-06-02 09:36:12] ⏳ 等待60秒...
[2026-06-02 09:37:12] 📦 启动周期...

======================================================================
🚀 QuantMaster Q@C v7.0.0 - 利润最大化版
======================================================================
✅ 组件初始化完成
   模式: LIVE
   资金: $10,000.00

======================================================================
📊 周期 #1 - 09:37:12
======================================================================

[1] 数据收集...
    收集 4 个币种数据

[2] 技术分析...
    分析 4 个币种

[3] AI决策 + 交易执行...
    ✅ BUY BTCUSDT x 0.0070 @ $70922.9100

[4] 统计...
    总交易: 0
    胜率: 0.0%
    总盈亏: $+0.00
    当前持仓: 0
[2026-06-02 09:37:13] ✅ 周期 #4 完成
[2026-06-02 09:37:13] ⏳ 等待60秒...
[2026-06-02 09:38:13] 📦 启动周期...

======================================================================
🚀 QuantMaster Q@C v7.0.0 - 利润最大化版
======================================================================
✅ 组件初始化完成
   模式: LIVE
   资金: $10,000.00

======================================================================
📊 周期 #1 - 09:38:13
======================================================================

[1] 数据收集...
    收集 4 个币种数据

[2] 技术分析...
    分析 4 个币种

[3] AI决策 + 交易执行...
    ✅ BUY BTCUSDT x 0.0071 @ $70856.1500

[4] 统计...
    总交易: 0
    胜率: 0.0%
    总盈亏: $+0.00
    当前持仓: 0
[2026-06-02 09:38:14] ✅ 周期 #5 完成
[2026-06-02 09:38:14] ⏳ 等待60秒...
[2026-06-02 09:39:14] 📦 启动周期...

======================================================================
🚀 QuantMaster Q@C v7.0.0 - 利润最大化版
======================================================================
✅ 组件初始化完成
   模式: LIVE
   资金: $10,000.00

======================================================================
📊 周期 #1 - 09:39:14
======================================================================

[1] 数据收集...
    收集 4 个币种数据

[2] 技术分析...
    分析 4 个币种

[3] AI决策 + 交易执行...
    ✅ BUY BTCUSDT x 0.0071 @ $70809.1200

[4] 统计...
    总交易: 0
    胜率: 0.0%
    总盈亏: $+0.00
    当前持仓: 0
[2026-06-02 09:39:15] ✅ 周期 #6 完成
[2026-06-02 09:39:15] ⏳ 等待60秒...
[2026-06-02 09:40:15] 📦 启动周期...

======================================================================
🚀 QuantMaster Q@C v7.0.0 - 利润最大化版
======================================================================
✅ 组件初始化完成
   模式: LIVE
   资金: $10,000.00

======================================================================
📊 周期 #1 - 09:40:15
======================================================================

[1] 数据收集...
    收集 4 个币种数据

[2] 技术分析...
    分析 4 个币种

[3] AI决策 + 交易执行...
    ✅ BUY BTCUSDT x 0.0071 @ $70840.0100

[4] 统计...
    总交易: 0
    胜率: 0.0%
    总盈亏: $+0.00
    当前持仓: 0
[2026-06-02 09:40:16] ✅ 周期 #7 完成
[2026-06-02 09:40:16] ⏳ 等待60秒...
[2026-06-02 09:41:16] 📦 启动周期...

======================================================================
🚀 QuantMaster Q@C v7.0.0 - 利润最大化版
======================================================================
✅ 组件初始化完成
   模式: LIVE
   资金: $10,000.00

======================================================================
📊 周期 #1 - 09:41:16
======================================================================

[1] 数据收集...
    收集 4 个币种数据

[2] 技术分析...
    分析 4 个币种

[3] AI决策 + 交易执行...
    ✅ BUY BTCUSDT x 0.0070 @ $70925.6000

[4] 统计...
    总交易: 0
    胜率: 0.0%
    总盈亏: $+0.00
    当前持仓: 0
[2026-06-02 09:41:17] ✅ 周期 #8 完成
[2026-06-02 09:41:17] ⏳ 等待60秒...
[2026-06-02 09:42:17] 📦 启动周期...

======================================================================
🚀 QuantMaster Q@C v7.0.0 - 利润最大化版
======================================================================
✅ 组件初始化完成
   模式: LIVE
   资金: $10,000.00

======================================================================
📊 周期 #1 - 09:42:17
======================================================================

[1] 数据收集...
    收集 4 个币种数据

[2] 技术分析...
    分析 4 个币种

[3] AI决策 + 交易执行...
    ✅ BUY BTCUSDT x 0.0070 @ $70930.0200

[4] 统计...
    总交易: 0
    胜率: 0.0%
    总盈亏: $+0.00
    当前持仓: 0
[2026-06-02 09:42:18] ✅ 周期 #9 完成
[2026-06-02 09:42:18] ⏳ 等待60秒...
[2026-06-02 09:43:18] 📦 启动周期...

======================================================================
🚀 QuantMaster Q@C v7.0.0 - 利润最大化版
======================================================================
✅ 组件初始化完成
   模式: LIVE
   资金: $10,000.00

======================================================================
📊 周期 #1 - 09:43:18
======================================================================

[1] 数据收集...
    收集 4 个币种数据

[2] 技术分析...
    分析 4 个币种

[3] AI决策 + 交易执行...
    ✅ BUY BTCUSDT x 0.0071 @ $70916.0000

[4] 统计...
    总交易: 0
    胜率: 0.0%
    总盈亏: $+0.00
    当前持仓: 0
[2026-06-02 09:43:19] ✅ 周期 #10 完成
[2026-06-02 09:43:19] ⏳ 等待60秒...
[2026-06-02 09:44:19] 📦 启动周期...

======================================================================
🚀 QuantMaster Q@C v7.0.0 - 利润最大化版
======================================================================
✅ 组件初始化完成
   模式: LIVE
   资金: $10,000.00

======================================================================
📊 周期 #1 - 09:44:19
======================================================================

[1] 数据收集...
    收集 4 个币种数据

[2] 技术分析...
    分析 4 个币种

[3] AI决策 + 交易执行...
    ✅ BUY BTCUSDT x 0.0070 @ $70990.0100

[4] 统计...
    总交易: 0
    胜率: 0.0%
    总盈亏: $+0.00
    当前持仓: 0
[2026-06-02 09:44:20] ✅ 周期 #11 完成
[2026-06-02 09:44:20] ⏳ 等待60秒...
[2026-06-02 09:45:20] 📦 启动周期...

======================================================================
🚀 QuantMaster Q@C v7.0.0 - 利润最大化版
======================================================================
✅ 组件初始化完成
   模式: LIVE
   资金: $10,000.00

======================================================================
📊 周期 #1 - 09:45:20
======================================================================

[1] 数据收集...
    收集 4 个币种数据

[2] 技术分析...
    分析 4 个币种

[3] AI决策 + 交易执行...
    ✅ BUY BTCUSDT x 0.0070 @ $70938.0000

[4] 统计...
    总交易: 0
    胜率: 0.0%
    总盈亏: $+0.00
    当前持仓: 0
[2026-06-02 09:45:21] ✅ 周期 #12 完成
[2026-06-02 09:45:21] ⏳ 等待60秒...
[2026-06-02 09:46:21] 📦 启动周期...

======================================================================
🚀 QuantMaster Q@C v7.0.0 - 利润最大化版
======================================================================
✅ 组件初始化完成
   模式: LIVE
   资金: $10,000.00

======================================================================
📊 周期 #1 - 09:46:21
======================================================================

[1] 数据收集...
    收集 4 个币种数据

[2] 技术分析...
    分析 4 个币种

[3] AI决策 + 交易执行...
    ✅ BUY BTCUSDT x 0.0070 @ $70923.8100

[4] 统计...
    总交易: 0
    胜率: 0.0%
    总盈亏: $+0.00
    当前持仓: 0
[2026-06-02 09:46:22] ✅ 周期 #13 完成
[2026-06-02 09:46:22] ⏳ 等待60秒...
[2026-06-02 09:47:23] 📦 启动周期...

======================================================================
🚀 QuantMaster Q@C v7.0.0 - 利润最大化版
======================================================================
✅ 组件初始化完成
   模式: LIVE
   资金: $10,000.00

======================================================================
📊 周期 #1 - 09:47:23
======================================================================

[1] 数据收集...
    收集 4 个币种数据

[2] 技术分析...
    分析 4 个币种

[3] AI决策 + 交易执行...
    ✅ BUY BTCUSDT x 0.0071 @ $70807.9900

[4] 统计...
    总交易: 0
    胜率: 0.0%
    总盈亏: $+0.00
    当前持仓: 0
[2026-06-02 09:47:24] ✅ 周期 #14 完成
[2026-06-02 09:47:24] ⏳ 等待60秒...
