============================================================
🚀 QuantMaster Q@C v8 Daemon
============================================================
[2026-06-02 09:47:57] 🚀 Q@C v8 Daemon 启动

======================================================================
🚀 QuantMaster Q@C v8.0.0 - 利润最大化增强版
======================================================================
   📂 已加载持仓状态
   🔍 未检测到足够余额
   ✅ 使用 SIMULATE 模式
✅ 初始化完成
   模式: SIMULATE
   资金: $10,000.00
[2026-06-02 09:47:57] 📦 启动周期 (模式: SIMULATE)

======================================================================
📊 周期 #1 - 09:47:57
   模式: SIMULATE
======================================================================

[1] 数据收集...
    收集: 4 个币种

[2] 持仓管理...
    持仓: 0 个币种

[3] 风控检查...

[4] 信号分析...
    BTCUSDT: score=55 action=HOLD RSI=27.4
    ETHUSDT: score=30 action=SELL RSI=50.9
    XRPUSDT: score=30 action=SELL RSI=37.6
    SOLUSDT: score=30 action=SELL RSI=44.9

[5] 交易执行...

[6] 统计...
    账户: $10000.00
    盈亏: $+0.00 (+0.00%)
    交易: 0笔
    胜率: 0.0%
[2026-06-02 09:47:58] ✅ 周期 #1 完成
[2026-06-02 09:47:58] ⏳ 等待60秒...

======================================================================
🚀 QuantMaster Q@C v8.0.0 - 利润最大化增强版
======================================================================
   📂 已加载持仓状态
   🔍 未检测到足够余额
   ✅ 使用 SIMULATE 模式
✅ 初始化完成
   模式: SIMULATE
   资金: $10,000.00
[2026-06-02 09:48:58] 📦 启动周期 (模式: SIMULATE)

======================================================================
📊 周期 #1 - 09:48:58
   模式: SIMULATE
======================================================================

[1] 数据收集...
    收集: 4 个币种

[2] 持仓管理...
    持仓: 0 个币种

[3] 风控检查...

[4] 信号分析...
    BTCUSDT: score=55 action=HOLD RSI=27.6
    ETHUSDT: score=30 action=SELL RSI=51.2
    XRPUSDT: score=30 action=SELL RSI=37.4
    SOLUSDT: score=30 action=SELL RSI=44.6

[5] 交易执行...

[6] 统计...
    账户: $10000.00
    盈亏: $+0.00 (+0.00%)
    交易: 0笔
    胜率: 0.0%
[2026-06-02 09:48:59] ✅ 周期 #1 完成
[2026-06-02 09:48:59] ⏳ 等待60秒...
[2026-06-02 09:49:18] 📤 收到停止信号
[2026-06-02 09:49:18] ✅ Q@C v8 Daemon 已关闭
