============================================================
🚀 QuantMaster Q@C v9 Daemon
============================================================
[2026-06-02 10:05:13] 🚀 Q@C v9 Daemon 启动

======================================================================
🚀 QuantMaster Q@C v9.0.0 - G12策略因子矩阵版
======================================================================
✅ 初始化完成
   策略数: 5
   因子数: 14
   模式: SIMULATE
[2026-06-02 10:05:13] 📦 启动 (模式: SIMULATE)

======================================================================
📊 周期 #1 - 10:05:13
======================================================================

BTCUSDT:
   价格: $70544.0100
   RSI(7): 20.7
   布林带: 7.6
   波动率: 0.93x
   策略信号: BUY (100%)
   因子评分: 28.1

ETHUSDT:
   价格: $1973.7000
   RSI(7): 23.1
   布林带: 22.6
   波动率: 0.89x
   策略信号: HOLD (50%)
   因子评分: 33.9

XRPUSDT:
   价格: $1.2772
   RSI(7): 21.6
   布林带: -3.6
   波动率: 0.99x
   策略信号: BUY (100%)
   因子评分: 28.5

SOLUSDT:
   价格: $79.9500
   RSI(7): 26.8
   布林带: 16.0
   波动率: 0.92x
   策略信号: BUY (100%)
   因子评分: 33.2

ADAUSDT:
   价格: $0.2269
   RSI(7): 20.8
   布林带: 0.9
   波动率: 0.87x
   策略信号: BUY (100%)
   因子评分: 28.8

🛡️ 风控检查...

⚡ 交易执行...

📈 统计:
   账户: $10000.00
   盈亏: $+0.00
   交易: 0笔
   胜率: 0.0%
[2026-06-02 10:05:14] ✅ 周期 #1 完成
[2026-06-02 10:05:14] ⏳ 等待60秒...

======================================================================
🚀 QuantMaster Q@C v9.0.0 - G12策略因子矩阵版
======================================================================
✅ 初始化完成
   策略数: 5
   因子数: 14
   模式: SIMULATE
[2026-06-02 10:06:15] 📦 启动 (模式: SIMULATE)

======================================================================
📊 周期 #1 - 10:06:15
======================================================================

BTCUSDT:
   价格: $70410.0000
   RSI(7): 19.2
   布林带: 3.8
   波动率: 0.97x
   策略信号: BUY (100%)
   因子评分: 27.1

ETHUSDT:
   价格: $1970.4300
   RSI(7): 21.8
   布林带: 16.8
   波动率: 0.93x
   策略信号: BUY (100%)
   因子评分: 32.5

XRPUSDT:
   价格: $1.2737
   RSI(7): 19.9
   布林带: -10.5
   波动率: 1.05x
   策略信号: BUY (100%)
   因子评分: 28.0

SOLUSDT:
   价格: $79.8000
   RSI(7): 25.4
   布林带: 10.2
   波动率: 0.94x
   策略信号: BUY (100%)
   因子评分: 31.8

ADAUSDT:
   价格: $0.2262
   RSI(7): 19.0
   布林带: -7.0
   波动率: 0.91x
   策略信号: BUY (100%)
   因子评分: 28.0

🛡️ 风控检查...

⚡ 交易执行...

📈 统计:
   账户: $10000.00
   盈亏: $+0.00
   交易: 0笔
   胜率: 0.0%
[2026-06-02 10:06:16] ✅ 周期 #1 完成
[2026-06-02 10:06:16] ⏳ 等待60秒...

======================================================================
🚀 QuantMaster Q@C v9.0.0 - G12策略因子矩阵版
======================================================================
✅ 初始化完成
   策略数: 5
   因子数: 14
   模式: SIMULATE
[2026-06-02 10:07:16] 📦 启动 (模式: SIMULATE)

======================================================================
📊 周期 #1 - 10:07:16
======================================================================

BTCUSDT:
   价格: $70313.9400
   RSI(7): 18.3
   布林带: 1.2
   波动率: 1.01x
   策略信号: BUY (100%)
   因子评分: 26.5

ETHUSDT:
   价格: $1967.0000
   RSI(7): 20.6
   布林带: 10.9
   波动率: 0.97x
   策略信号: BUY (100%)
   因子评分: 31.2

XRPUSDT:
   价格: $1.2719
   RSI(7): 19.1
   布林带: -13.7
   波动率: 1.08x
   策略信号: BUY (100%)
   因子评分: 27.8

SOLUSDT:
   价格: $79.6700
   RSI(7): 24.2
   布林带: 5.4
   波动率: 0.99x
   策略信号: BUY (100%)
   因子评分: 30.7

ADAUSDT:
   价格: $0.2258
   RSI(7): 18.2
   布林带: -11.1
   波动率: 0.94x
   策略信号: BUY (100%)
   因子评分: 27.7

🛡️ 风控检查...

⚡ 交易执行...

📈 统计:
   账户: $10000.00
   盈亏: $+0.00
   交易: 0笔
   胜率: 0.0%
[2026-06-02 10:07:18] ✅ 周期 #1 完成
[2026-06-02 10:07:18] ⏳ 等待60秒...

======================================================================
🚀 QuantMaster Q@C v9.0.0 - G12策略因子矩阵版
======================================================================
✅ 初始化完成
   策略数: 5
   因子数: 14
   模式: SIMULATE
[2026-06-02 10:08:18] 📦 启动 (模式: SIMULATE)

======================================================================
📊 周期 #1 - 10:08:18
======================================================================

BTCUSDT:
   价格: $70325.6400
   RSI(7): 18.4
   布林带: 1.6
   波动率: 1.06x
   策略信号: BUY (100%)
   因子评分: 26.7

ETHUSDT:
   价格: $1967.4300
   RSI(7): 20.8
   布林带: 11.6
   波动率: 1.00x
   策略信号: BUY (100%)
   因子评分: 31.5

XRPUSDT:
   价格: $1.2724
   RSI(7): 19.3
   布林带: -12.8
   波动率: 1.13x
   策略信号: BUY (100%)
   因子评分: 28.1

SOLUSDT:
   价格: $79.6100
   RSI(7): 23.8
   布林带: 3.3
   波动率: 1.02x
   策略信号: BUY (100%)
   因子评分: 30.3

ADAUSDT:
   价格: $0.2257
   RSI(7): 18.0
   布林带: -12.0
   波动率: 0.98x
   策略信号: BUY (100%)
   因子评分: 27.8

🛡️ 风控检查...

⚡ 交易执行...

📈 统计:
   账户: $10000.00
   盈亏: $+0.00
   交易: 0笔
   胜率: 0.0%
[2026-06-02 10:08:19] ✅ 周期 #1 完成
[2026-06-02 10:08:19] ⏳ 等待60秒...

======================================================================
🚀 QuantMaster Q@C v9.0.0 - G12策略因子矩阵版
======================================================================
✅ 初始化完成
   策略数: 5
   因子数: 14
   模式: SIMULATE
[2026-06-02 10:09:19] 📦 启动 (模式: SIMULATE)

======================================================================
📊 周期 #1 - 10:09:19
======================================================================

BTCUSDT:
   价格: $70294.5500
   RSI(7): 18.2
   布林带: 0.7
   波动率: 1.06x
   策略信号: BUY (100%)
   因子评分: 26.5

ETHUSDT:
   价格: $1968.6300
   RSI(7): 21.2
   布林带: 13.7
   波动率: 1.00x
   策略信号: BUY (100%)
   因子评分: 32.0

XRPUSDT:
   价格: $1.2715
   RSI(7): 19.0
   布林带: -14.4
   波动率: 1.13x
   策略信号: BUY (100%)
   因子评分: 27.9

SOLUSDT:
   价格: $79.5700
   RSI(7): 23.5
   布林带: 1.9
   波动率: 1.02x
   策略信号: BUY (100%)
   因子评分: 29.9

ADAUSDT:
   价格: $0.2254
   RSI(7): 17.4
   布林带: -14.8
   波动率: 0.98x
   策略信号: BUY (100%)
   因子评分: 27.5

🛡️ 风控检查...

⚡ 交易执行...

📈 统计:
   账户: $10000.00
   盈亏: $+0.00
   交易: 0笔
   胜率: 0.0%
[2026-06-02 10:09:20] ✅ 周期 #1 完成
[2026-06-02 10:09:20] ⏳ 等待60秒...

======================================================================
🚀 QuantMaster Q@C v9.0.0 - G12策略因子矩阵版
======================================================================
✅ 初始化完成
   策略数: 5
   因子数: 14
   模式: SIMULATE
[2026-06-02 10:10:20] 📦 启动 (模式: SIMULATE)

======================================================================
📊 周期 #1 - 10:10:20
======================================================================

BTCUSDT:
   价格: $70239.1800
   RSI(7): 17.7
   布林带: -0.7
   波动率: 1.06x
   策略信号: BUY (100%)
   因子评分: 26.2

ETHUSDT:
   价格: $1966.8500
   RSI(7): 20.6
   布林带: 10.7
   波动率: 1.00x
   策略信号: BUY (100%)
   因子评分: 31.2

XRPUSDT:
   价格: $1.2712
   RSI(7): 18.8
   布林带: -14.9
   波动率: 1.13x
   策略信号: BUY (100%)
   因子评分: 27.9

SOLUSDT:
   价格: $79.5500
   RSI(7): 23.3
   布林带: 1.2
   波动率: 1.02x
   策略信号: BUY (100%)
   因子评分: 29.8

ADAUSDT:
   价格: $0.2250
   RSI(7): 16.7
   布林带: -18.2
   波动率: 0.98x
   策略信号: BUY (100%)
   因子评分: 27.2

🛡️ 风控检查...

⚡ 交易执行...

📈 统计:
   账户: $10000.00
   盈亏: $+0.00
   交易: 0笔
   胜率: 0.0%
[2026-06-02 10:10:21] ✅ 周期 #1 完成
[2026-06-02 10:10:21] ⏳ 等待60秒...

======================================================================
🚀 QuantMaster Q@C v9.0.0 - G12策略因子矩阵版
======================================================================
✅ 初始化完成
   策略数: 5
   因子数: 14
   模式: SIMULATE
[2026-06-02 10:11:21] 📦 启动 (模式: SIMULATE)

======================================================================
📊 周期 #1 - 10:11:21
======================================================================

BTCUSDT:
   价格: $70187.4400
   RSI(7): 17.3
   布林带: -2.0
   波动率: 1.06x
   策略信号: BUY (100%)
   因子评分: 26.0

ETHUSDT:
   价格: $1966.2900
   RSI(7): 20.4
   布林带: 9.8
   波动率: 1.00x
   策略信号: BUY (100%)
   因子评分: 31.0

XRPUSDT:
   价格: $1.2708
   RSI(7): 18.7
   布林带: -15.5
   波动率: 1.13x
   策略信号: BUY (100%)
   因子评分: 27.8

SOLUSDT:
   价格: $79.4900
   RSI(7): 22.9
   布林带: -0.7
   波动率: 1.02x
   策略信号: BUY (100%)
   因子评分: 29.4

ADAUSDT:
   价格: $0.2249
   RSI(7): 16.5
   布林带: -19.0
   波动率: 1.00x
   策略信号: BUY (100%)
   因子评分: 27.2

🛡️ 风控检查...

⚡ 交易执行...

📈 统计:
   账户: $10000.00
   盈亏: $+0.00
   交易: 0笔
   胜率: 0.0%
[2026-06-02 10:11:23] ✅ 周期 #1 完成
[2026-06-02 10:11:23] ⏳ 等待60秒...

======================================================================
🚀 QuantMaster Q@C v9.0.0 - G12策略因子矩阵版
======================================================================
✅ 初始化完成
   策略数: 5
   因子数: 14
   模式: SIMULATE
[2026-06-02 10:12:23] 📦 启动 (模式: SIMULATE)

======================================================================
📊 周期 #1 - 10:12:23
======================================================================

BTCUSDT:
   价格: $70226.6200
   RSI(7): 17.6
   布林带: -1.0
   波动率: 1.06x
   策略信号: BUY (100%)
   因子评分: 26.1

ETHUSDT:
   价格: $1969.5200
   RSI(7): 21.5
   布林带: 15.2
   波动率: 1.00x
   策略信号: BUY (100%)
   因子评分: 32.4

XRPUSDT:
   价格: $1.2728
   RSI(7): 19.5
   布林带: -12.1
   波动率: 1.13x
   策略信号: BUY (100%)
   因子评分: 28.1

SOLUSDT:
   价格: $79.6300
   RSI(7): 23.9
   布林带: 4.0
   波动率: 1.02x
   策略信号: BUY (100%)
   因子评分: 30.5

ADAUSDT:
   价格: $0.2253
   RSI(7): 17.2
   布林带: -15.6
   波动率: 1.00x
   策略信号: BUY (100%)
   因子评分: 27.5

🛡️ 风控检查...

⚡ 交易执行...

📈 统计:
   账户: $10000.00
   盈亏: $+0.00
   交易: 0笔
   胜率: 0.0%
[2026-06-02 10:12:24] ✅ 周期 #1 完成
[2026-06-02 10:12:24] ⏳ 等待60秒...

======================================================================
🚀 QuantMaster Q@C v9.0.0 - G12策略因子矩阵版
======================================================================
✅ 初始化完成
   策略数: 5
   因子数: 14
   模式: SIMULATE
[2026-06-02 10:13:24] 📦 启动 (模式: SIMULATE)

======================================================================
📊 周期 #1 - 10:13:24
======================================================================

BTCUSDT:
   价格: $70226.0000
   RSI(7): 17.6
   布林带: -1.0
   波动率: 1.06x
   策略信号: BUY (100%)
   因子评分: 26.1

ETHUSDT:
   价格: $1967.4600
   RSI(7): 20.8
   布林带: 11.7
   波动率: 1.00x
   策略信号: BUY (100%)
   因子评分: 31.5

XRPUSDT:
   价格: $1.2722
   RSI(7): 19.2
   布林带: -13.2
   波动率: 1.13x
   策略信号: BUY (100%)
   因子评分: 28.0

SOLUSDT:
   价格: $79.6000
   RSI(7): 23.7
   布林带: 2.9
   波动率: 1.02x
   策略信号: BUY (100%)
   因子评分: 30.2

ADAUSDT:
   价格: $0.2251
   RSI(7): 16.8
   布林带: -17.3
   波动率: 1.00x
   策略信号: BUY (100%)
   因子评分: 27.3

🛡️ 风控检查...

⚡ 交易执行...

📈 统计:
   账户: $10000.00
   盈亏: $+0.00
   交易: 0笔
   胜率: 0.0%
[2026-06-02 10:13:25] ✅ 周期 #1 完成
[2026-06-02 10:13:25] ⏳ 等待60秒...

======================================================================
🚀 QuantMaster Q@C v9.0.0 - G12策略因子矩阵版
======================================================================
✅ 初始化完成
   策略数: 5
   因子数: 14
   模式: SIMULATE
[2026-06-02 10:14:25] 📦 启动 (模式: SIMULATE)

======================================================================
📊 周期 #1 - 10:14:25
======================================================================

BTCUSDT:
   价格: $70293.5600
   RSI(7): 18.2
   布林带: 0.7
   波动率: 1.06x
   策略信号: BUY (100%)
   因子评分: 26.5

ETHUSDT:
   价格: $1969.5900
   RSI(7): 21.5
   布林带: 15.3
   波动率: 1.00x
   策略信号: BUY (100%)
   因子评分: 32.4

XRPUSDT:
   价格: $1.2732
   RSI(7): 19.7
   布林带: -11.4
   波动率: 1.13x
   策略信号: BUY (100%)
   因子评分: 28.2

SOLUSDT:
   价格: $79.6900
   RSI(7): 24.4
   布林带: 6.1
   波动率: 1.02x
   策略信号: BUY (100%)
   因子评分: 31.0

ADAUSDT:
   价格: $0.2253
   RSI(7): 17.2
   布林带: -15.6
   波动率: 1.00x
   策略信号: BUY (100%)
   因子评分: 27.5

🛡️ 风控检查...

⚡ 交易执行...

📈 统计:
   账户: $10000.00
   盈亏: $+0.00
   交易: 0笔
   胜率: 0.0%
[2026-06-02 10:14:27] ✅ 周期 #1 完成
[2026-06-02 10:14:27] ⏳ 等待60秒...

======================================================================
🚀 QuantMaster Q@C v9.0.0 - G12策略因子矩阵版
======================================================================
✅ 初始化完成
   策略数: 5
   因子数: 14
   模式: SIMULATE
[2026-06-02 10:15:27] 📦 启动 (模式: SIMULATE)

======================================================================
📊 周期 #1 - 10:15:27
======================================================================

BTCUSDT:
   价格: $70333.0400
   RSI(7): 18.5
   布林带: 1.8
   波动率: 1.06x
   策略信号: BUY (100%)
   因子评分: 26.8

ETHUSDT:
   价格: $1971.9100
   RSI(7): 22.4
   布林带: 19.4
   波动率: 1.00x
   策略信号: BUY (100%)
   因子评分: 33.4

XRPUSDT:
   价格: $1.2759
   RSI(7): 21.0
   布林带: -6.3
   波动率: 1.13x
   策略信号: BUY (100%)
   因子评分: 28.7

SOLUSDT:
   价格: $79.8400
   RSI(7): 25.7
   布林带: 11.7
   波动率: 1.02x
   策略信号: BUY (100%)
   因子评分: 32.5

ADAUSDT:
   价格: $0.2257
   RSI(7): 18.0
   布林带: -12.0
   波动率: 1.00x
   策略信号: BUY (100%)
   因子评分: 27.9

🛡️ 风控检查...

⚡ 交易执行...

📈 统计:
   账户: $10000.00
   盈亏: $+0.00
   交易: 0笔
   胜率: 0.0%
[2026-06-02 10:15:28] ✅ 周期 #1 完成
[2026-06-02 10:15:28] ⏳ 等待60秒...

======================================================================
🚀 QuantMaster Q@C v9.0.0 - G12策略因子矩阵版
======================================================================
✅ 初始化完成
   策略数: 5
   因子数: 14
   模式: SIMULATE
[2026-06-02 10:16:28] 📦 启动 (模式: SIMULATE)

======================================================================
📊 周期 #1 - 10:16:28
======================================================================

BTCUSDT:
   价格: $70250.0000
   RSI(7): 17.8
   布林带: -0.4
   波动率: 1.06x
   策略信号: BUY (100%)
   因子评分: 26.2

ETHUSDT:
   价格: $1969.2800
   RSI(7): 21.4
   布林带: 14.8
   波动率: 1.00x
   策略信号: BUY (100%)
   因子评分: 32.2

XRPUSDT:
   价格: $1.2743
   RSI(7): 20.2
   布林带: -9.4
   波动率: 1.13x
   策略信号: BUY (100%)
   因子评分: 28.4

SOLUSDT:
   价格: $79.7400
   RSI(7): 24.8
   布林带: 7.9
   波动率: 1.02x
   策略信号: BUY (100%)
   因子评分: 31.5

ADAUSDT:
   价格: $0.2255
   RSI(7): 17.6
   布林带: -13.9
   波动率: 1.00x
   策略信号: BUY (100%)
   因子评分: 27.7

🛡️ 风控检查...

⚡ 交易执行...

📈 统计:
   账户: $10000.00
   盈亏: $+0.00
   交易: 0笔
   胜率: 0.0%
[2026-06-02 10:16:30] ✅ 周期 #1 完成
[2026-06-02 10:16:30] ⏳ 等待60秒...

======================================================================
🚀 QuantMaster Q@C v9.0.0 - G12策略因子矩阵版
======================================================================
✅ 初始化完成
   策略数: 5
   因子数: 14
   模式: SIMULATE
[2026-06-02 10:17:30] 📦 启动 (模式: SIMULATE)

======================================================================
📊 周期 #1 - 10:17:30
======================================================================

BTCUSDT:
   价格: $70232.6100
   RSI(7): 17.6
   布林带: -0.9
   波动率: 1.06x
   策略信号: BUY (100%)
   因子评分: 26.1

ETHUSDT:
   价格: $1969.0200
   RSI(7): 21.3
   布林带: 14.3
   波动率: 1.00x
   策略信号: BUY (100%)
   因子评分: 32.1

XRPUSDT:
   价格: $1.2735
   RSI(7): 19.8
   布林带: -10.9
   波动率: 1.13x
   策略信号: BUY (100%)
   因子评分: 28.3

SOLUSDT:
   价格: $79.7100
   RSI(7): 24.6
   布林带: 6.8
   波动率: 1.02x
   策略信号: BUY (100%)
   因子评分: 31.2

ADAUSDT:
   价格: $0.2255
   RSI(7): 17.6
   布林带: -13.9
   波动率: 1.00x
   策略信号: BUY (100%)
   因子评分: 27.7

🛡️ 风控检查...

⚡ 交易执行...

📈 统计:
   账户: $10000.00
   盈亏: $+0.00
   交易: 0笔
   胜率: 0.0%
[2026-06-02 10:17:31] ✅ 周期 #1 完成
[2026-06-02 10:17:31] ⏳ 等待60秒...

======================================================================
🚀 QuantMaster Q@C v9.0.0 - G12策略因子矩阵版
======================================================================
✅ 初始化完成
   策略数: 5
   因子数: 14
   模式: SIMULATE
[2026-06-02 10:18:31] 📦 启动 (模式: SIMULATE)

======================================================================
📊 周期 #1 - 10:18:31
======================================================================

BTCUSDT:
   价格: $70230.0100
   RSI(7): 17.6
   布林带: -0.9
   波动率: 1.06x
   策略信号: BUY (100%)
   因子评分: 26.1

ETHUSDT:
   价格: $1969.4900
   RSI(7): 21.5
   布林带: 15.1
   波动率: 1.00x
   策略信号: BUY (100%)
   因子评分: 32.3

XRPUSDT:
   价格: $1.2746
   RSI(7): 20.3
   布林带: -8.8
   波动率: 1.13x
   策略信号: BUY (100%)
   因子评分: 28.5

SOLUSDT:
   价格: $79.7600
   RSI(7): 25.0
   布林带: 8.7
   波动率: 1.02x
   策略信号: BUY (100%)
   因子评分: 31.7

ADAUSDT:
   价格: $0.2256
   RSI(7): 17.8
   布林带: -13.0
   波动率: 1.00x
   策略信号: BUY (100%)
   因子评分: 27.8

🛡️ 风控检查...

⚡ 交易执行...

📈 统计:
   账户: $10000.00
   盈亏: $+0.00
   交易: 0笔
   胜率: 0.0%
[2026-06-02 10:18:32] ✅ 周期 #1 完成
[2026-06-02 10:18:32] ⏳ 等待60秒...

======================================================================
🚀 QuantMaster Q@C v9.0.0 - G12策略因子矩阵版
======================================================================
✅ 初始化完成
   策略数: 5
   因子数: 14
   模式: SIMULATE
[2026-06-02 10:19:32] 📦 启动 (模式: SIMULATE)

======================================================================
📊 周期 #1 - 10:19:32
======================================================================

BTCUSDT:
   价格: $70190.2800
   RSI(7): 17.3
   布林带: -1.9
   波动率: 1.06x
   策略信号: BUY (100%)
   因子评分: 26.0

ETHUSDT:
   价格: $1969.0700
   RSI(7): 21.3
   布林带: 14.4
   波动率: 1.00x
   策略信号: BUY (100%)
   因子评分: 32.2

XRPUSDT:
   价格: $1.2739
   RSI(7): 20.0
   布林带: -10.1
   波动率: 1.13x
   策略信号: BUY (100%)
   因子评分: 28.3

SOLUSDT:
   价格: $79.7000
   RSI(7): 24.5
   布林带: 6.5
   波动率: 1.02x
   策略信号: BUY (100%)
   因子评分: 31.1
API error: <urlopen error [SSL: UNEXPECTED_EOF_WHILE_READING] EOF occurred in violation of protocol (_ssl.c:1007)>

🛡️ 风控检查...

⚡ 交易执行...

📈 统计:
   账户: $10000.00
   盈亏: $+0.00
   交易: 0笔
   胜率: 0.0%
[2026-06-02 10:19:34] ✅ 周期 #1 完成
[2026-06-02 10:19:34] ⏳ 等待60秒...

======================================================================
🚀 QuantMaster Q@C v9.0.0 - G12策略因子矩阵版
======================================================================
✅ 初始化完成
   策略数: 5
   因子数: 14
   模式: SIMULATE
[2026-06-02 10:20:34] 📦 启动 (模式: SIMULATE)

======================================================================
📊 周期 #1 - 10:20:34
======================================================================

BTCUSDT:
   价格: $70269.9900
   RSI(7): 17.9
   布林带: 0.1
   波动率: 1.06x
   策略信号: BUY (100%)
   因子评分: 26.3

ETHUSDT:
   价格: $1972.4000
   RSI(7): 22.6
   布林带: 20.3
   波动率: 1.00x
   策略信号: HOLD (50%)
   因子评分: 33.6

XRPUSDT:
   价格: $1.2750
   RSI(7): 20.5
   布林带: -8.0
   波动率: 1.13x
   策略信号: BUY (100%)
   因子评分: 28.5

SOLUSDT:
   价格: $79.8500
   RSI(7): 25.8
   布林带: 12.1
   波动率: 1.02x
   策略信号: BUY (100%)
   因子评分: 32.6

ADAUSDT:
   价格: $0.2260
   RSI(7): 18.6
   布林带: -9.1
   波动率: 1.00x
   策略信号: BUY (100%)
   因子评分: 28.2

🛡️ 风控检查...

⚡ 交易执行...

📈 统计:
   账户: $10000.00
   盈亏: $+0.00
   交易: 0笔
   胜率: 0.0%
[2026-06-02 10:20:35] ✅ 周期 #1 完成
[2026-06-02 10:20:35] ⏳ 等待60秒...

======================================================================
🚀 QuantMaster Q@C v9.0.0 - G12策略因子矩阵版
======================================================================
✅ 初始化完成
   策略数: 5
   因子数: 14
   模式: SIMULATE
[2026-06-02 10:21:35] 📦 启动 (模式: SIMULATE)

======================================================================
📊 周期 #1 - 10:21:35
======================================================================

BTCUSDT:
   价格: $70399.0900
   RSI(7): 19.1
   布林带: 3.5
   波动率: 1.06x
   策略信号: BUY (100%)
   因子评分: 27.3

ETHUSDT:
   价格: $1976.4000
   RSI(7): 24.2
   布林带: 27.7
   波动率: 1.00x
   策略信号: HOLD (50%)
   因子评分: 35.5

XRPUSDT:
   价格: $1.2768
   RSI(7): 21.4
   布林带: -4.4
   波动率: 1.13x
   策略信号: BUY (100%)
   因子评分: 28.9

SOLUSDT:
   价格: $80.0200
   RSI(7): 27.5
   布林带: 18.8
   波动率: 1.02x
   策略信号: BUY (100%)
   因子评分: 34.3

ADAUSDT:
   价格: $0.2265
   RSI(7): 19.8
   布林带: -3.8
   波动率: 1.00x
   策略信号: BUY (100%)
   因子评分: 28.7

🛡️ 风控检查...

⚡ 交易执行...

📈 统计:
   账户: $10000.00
   盈亏: $+0.00
   交易: 0笔
   胜率: 0.0%
[2026-06-02 10:21:37] ✅ 周期 #1 完成
[2026-06-02 10:21:37] ⏳ 等待60秒...

======================================================================
🚀 QuantMaster Q@C v9.0.0 - G12策略因子矩阵版
======================================================================
✅ 初始化完成
   策略数: 5
   因子数: 14
   模式: SIMULATE
[2026-06-02 10:22:37] 📦 启动 (模式: SIMULATE)

======================================================================
📊 周期 #1 - 10:22:37
======================================================================

BTCUSDT:
   价格: $70492.0000
   RSI(7): 20.1
   布林带: 6.1
   波动率: 1.06x
   策略信号: BUY (100%)
   因子评分: 28.1

ETHUSDT:
   价格: $1978.7100
   RSI(7): 25.3
   布林带: 32.1
   波动率: 1.00x
   策略信号: HOLD (50%)
   因子评分: 36.7

XRPUSDT:
   价格: $1.2796
   RSI(7): 23.0
   布林带: 1.8
   波动率: 1.13x
   策略信号: BUY (100%)
   因子评分: 29.8

SOLUSDT:
   价格: $80.1500
   RSI(7): 29.6
   布林带: 24.3
   波动率: 1.03x
   策略信号: HOLD (50%)
   因子评分: 35.9

ADAUSDT:
   价格: $0.2270
   RSI(7): 21.1
   布林带: 2.1
   波动率: 1.00x
   策略信号: BUY (100%)
   因子评分: 29.5

🛡️ 风控检查...

⚡ 交易执行...

📈 统计:
   账户: $10000.00
   盈亏: $+0.00
   交易: 0笔
   胜率: 0.0%
[2026-06-02 10:22:38] ✅ 周期 #1 完成
[2026-06-02 10:22:38] ⏳ 等待60秒...

======================================================================
🚀 QuantMaster Q@C v9.0.0 - G12策略因子矩阵版
======================================================================
✅ 初始化完成
   策略数: 5
   因子数: 14
   模式: SIMULATE
[2026-06-02 10:23:38] 📦 启动 (模式: SIMULATE)

======================================================================
📊 周期 #1 - 10:23:38
======================================================================

BTCUSDT:
   价格: $70432.0100
   RSI(7): 19.5
   布林带: 4.4
   波动率: 1.06x
   策略信号: BUY (100%)
   因子评分: 27.6

ETHUSDT:
   价格: $1977.9200
   RSI(7): 24.9
   布林带: 30.6
   波动率: 1.00x
   策略信号: HOLD (50%)
   因子评分: 36.3

XRPUSDT:
   价格: $1.2796
   RSI(7): 23.0
   布林带: 1.8
   波动率: 1.13x
   策略信号: BUY (100%)
   因子评分: 29.8

SOLUSDT:
   价格: $80.1400
   RSI(7): 29.3
   布林带: 23.9
   波动率: 1.03x
   策略信号: HOLD (50%)
   因子评分: 35.7

ADAUSDT:
   价格: $0.2269
   RSI(7): 20.8
   布林带: 0.9
   波动率: 1.00x
   策略信号: BUY (100%)
   因子评分: 29.2

🛡️ 风控检查...

⚡ 交易执行...

📈 统计:
   账户: $10000.00
   盈亏: $+0.00
   交易: 0笔
   胜率: 0.0%
[2026-06-02 10:23:39] ✅ 周期 #1 完成
[2026-06-02 10:23:39] ⏳ 等待60秒...

======================================================================
🚀 QuantMaster Q@C v9.0.0 - G12策略因子矩阵版
======================================================================
✅ 初始化完成
   策略数: 5
   因子数: 14
   模式: SIMULATE
[2026-06-02 10:24:39] 📦 启动 (模式: SIMULATE)

======================================================================
📊 周期 #1 - 10:24:39
======================================================================

BTCUSDT:
   价格: $70551.4500
   RSI(7): 20.8
   布林带: 7.8
   波动率: 1.06x
   策略信号: BUY (100%)
   因子评分: 28.6

ETHUSDT:
   价格: $1983.0200
   RSI(7): 30.0
   布林带: 40.6
   波动率: 1.02x
   策略信号: HOLD (50%)
   因子评分: 39.4

XRPUSDT:
   价格: $1.2809
   RSI(7): 25.3
   布林带: 4.8
   波动率: 1.13x
   策略信号: BUY (100%)
   因子评分: 30.9

SOLUSDT:
   价格: $80.2800
   RSI(7): 33.0
   布林带: 30.0
   波动率: 1.05x
   策略信号: HOLD (50%)
   因子评分: 37.8

ADAUSDT:
   价格: $0.2272
   RSI(7): 21.6
   布林带: 4.6
   波动率: 1.00x
   策略信号: BUY (100%)
   因子评分: 30.2

🛡️ 风控检查...

⚡ 交易执行...

📈 统计:
   账户: $10000.00
   盈亏: $+0.00
   交易: 0笔
   胜率: 0.0%
[2026-06-02 10:24:41] ✅ 周期 #1 完成
[2026-06-02 10:24:41] ⏳ 等待60秒...

======================================================================
🚀 QuantMaster Q@C v9.0.0 - G12策略因子矩阵版
======================================================================
✅ 初始化完成
   策略数: 5
   因子数: 14
   模式: SIMULATE
[2026-06-02 10:25:41] 📦 启动 (模式: SIMULATE)

======================================================================
📊 周期 #1 - 10:25:41
======================================================================

BTCUSDT:
   价格: $70604.0000
   RSI(7): 21.4
   布林带: 9.4
   波动率: 1.06x
   策略信号: BUY (100%)
   因子评分: 29.1

ETHUSDT:
   价格: $1984.9900
   RSI(7): 32.4
   布林带: 44.6
   波动率: 1.04x
   策略信号: HOLD (50%)
   因子评分: 40.7

XRPUSDT:
   价格: $1.2811
   RSI(7): 25.7
   布林带: 5.3
   波动率: 1.13x
   策略信号: BUY (100%)
   因子评分: 31.1

SOLUSDT:
   价格: $80.2900
   RSI(7): 33.2
   布林带: 30.4
   波动率: 1.06x
   策略信号: HOLD (50%)
   因子评分: 37.9

ADAUSDT:
   价格: $0.2271
   RSI(7): 21.3
   布林带: 3.4
   波动率: 1.00x
   策略信号: BUY (100%)
   因子评分: 29.9

🛡️ 风控检查...

⚡ 交易执行...

📈 统计:
   账户: $10000.00
   盈亏: $+0.00
   交易: 0笔
   胜率: 0.0%
[2026-06-02 10:25:42] ✅ 周期 #1 完成
[2026-06-02 10:25:42] ⏳ 等待60秒...

======================================================================
🚀 QuantMaster Q@C v9.0.0 - G12策略因子矩阵版
======================================================================
✅ 初始化完成
   策略数: 5
   因子数: 14
   模式: SIMULATE
[2026-06-02 10:26:42] 📦 启动 (模式: SIMULATE)

======================================================================
📊 周期 #1 - 10:26:42
======================================================================

BTCUSDT:
   价格: $70609.6600
   RSI(7): 21.5
   布林带: 9.5
   波动率: 1.06x
   策略信号: BUY (100%)
   因子评分: 29.1

ETHUSDT:
   价格: $1985.9600
   RSI(7): 33.6
   布林带: 46.6
   波动率: 1.04x
   策略信号: HOLD (50%)
   因子评分: 41.4

XRPUSDT:
   价格: $1.2814
   RSI(7): 26.3
   布林带: 6.1
   波动率: 1.13x
   策略信号: BUY (100%)
   因子评分: 31.3

SOLUSDT:
   价格: $80.3100
   RSI(7): 33.7
   布林带: 31.3
   波动率: 1.06x
   策略信号: HOLD (50%)
   因子评分: 38.2

ADAUSDT:
   价格: $0.2272
   RSI(7): 21.6
   布林带: 4.6
   波动率: 1.00x
   策略信号: BUY (100%)
   因子评分: 30.2

🛡️ 风控检查...

⚡ 交易执行...

📈 统计:
   账户: $10000.00
   盈亏: $+0.00
   交易: 0笔
   胜率: 0.0%
[2026-06-02 10:26:44] ✅ 周期 #1 完成
[2026-06-02 10:26:44] ⏳ 等待60秒...

======================================================================
🚀 QuantMaster Q@C v9.0.0 - G12策略因子矩阵版
======================================================================
✅ 初始化完成
   策略数: 5
   因子数: 14
   模式: SIMULATE
[2026-06-02 10:27:44] 📦 启动 (模式: SIMULATE)

======================================================================
📊 周期 #1 - 10:27:44
======================================================================

BTCUSDT:
   价格: $70653.1300
   RSI(7): 22.0
   布林带: 10.8
   波动率: 1.06x
   策略信号: BUY (100%)
   因子评分: 29.5

ETHUSDT:
   价格: $1986.0400
   RSI(7): 33.7
   布林带: 46.7
   波动率: 1.05x
   策略信号: HOLD (50%)
   因子评分: 41.4

XRPUSDT:
   价格: $1.2830
   RSI(7): 29.2
   布林带: 10.1
   波动率: 1.14x
   策略信号: BUY (100%)
   因子评分: 32.8

SOLUSDT:
   价格: $80.3800
   RSI(7): 35.4
   布林带: 34.5
   波动率: 1.07x
   策略信号: HOLD (50%)
   因子评分: 39.2

ADAUSDT:
   价格: $0.2271
   RSI(7): 21.3
   布林带: 3.4
   波动率: 1.00x
   策略信号: BUY (100%)
   因子评分: 29.9

🛡️ 风控检查...

⚡ 交易执行...

📈 统计:
   账户: $10000.00
   盈亏: $+0.00
   交易: 0笔
   胜率: 0.0%
[2026-06-02 10:27:45] ✅ 周期 #1 完成
[2026-06-02 10:27:45] ⏳ 等待60秒...

======================================================================
🚀 QuantMaster Q@C v9.0.0 - G12策略因子矩阵版
======================================================================
✅ 初始化完成
   策略数: 5
   因子数: 14
   模式: SIMULATE
[2026-06-02 10:28:45] 📦 启动 (模式: SIMULATE)

======================================================================
📊 周期 #1 - 10:28:45
======================================================================

BTCUSDT:
   价格: $70790.0000
   RSI(7): 27.9
   布林带: 15.0
   波动率: 1.08x
   策略信号: BUY (100%)
   因子评分: 31.8

ETHUSDT:
   价格: $1989.7600
   RSI(7): 37.8
   布林带: 54.2
   波动率: 1.08x
   策略信号: HOLD (50%)
   因子评分: 43.9

XRPUSDT:
   价格: $1.2839
   RSI(7): 30.7
   布林带: 12.4
   波动率: 1.17x
   策略信号: BUY (100%)
   因子评分: 33.7

SOLUSDT:
   价格: $80.4900
   RSI(7): 37.8
   布林带: 39.5
   波动率: 1.09x
   策略信号: HOLD (50%)
   因子评分: 40.8

ADAUSDT:
   价格: $0.2272
   RSI(7): 21.6
   布林带: 4.6
   波动率: 1.00x
   策略信号: BUY (100%)
   因子评分: 30.2

🛡️ 风控检查...

⚡ 交易执行...

📈 统计:
   账户: $10000.00
   盈亏: $+0.00
   交易: 0笔
   胜率: 0.0%
[2026-06-02 10:28:47] ✅ 周期 #1 完成
[2026-06-02 10:28:47] ⏳ 等待60秒...

======================================================================
🚀 QuantMaster Q@C v9.0.0 - G12策略因子矩阵版
======================================================================
✅ 初始化完成
   策略数: 5
   因子数: 14
   模式: SIMULATE
[2026-06-02 10:29:47] 📦 启动 (模式: SIMULATE)

======================================================================
📊 周期 #1 - 10:29:47
======================================================================

BTCUSDT:
   价格: $70787.9900
   RSI(7): 27.8
   布林带: 15.0
   波动率: 1.08x
   策略信号: BUY (100%)
   因子评分: 31.8

ETHUSDT:
   价格: $1988.2600
   RSI(7): 36.2
   布林带: 51.2
   波动率: 1.08x
   策略信号: HOLD (50%)
   因子评分: 42.9

XRPUSDT:
   价格: $1.2835
   RSI(7): 30.0
   布林带: 11.4
   波动率: 1.17x
   策略信号: BUY (100%)
   因子评分: 33.3

SOLUSDT:
   价格: $80.4900
   RSI(7): 37.8
   布林带: 39.5
   波动率: 1.09x
   策略信号: HOLD (50%)
   因子评分: 40.8

ADAUSDT:
   价格: $0.2271
   RSI(7): 21.3
   布林带: 3.4
   波动率: 1.00x
   策略信号: BUY (100%)
   因子评分: 29.9

🛡️ 风控检查...

⚡ 交易执行...

📈 统计:
   账户: $10000.00
   盈亏: $+0.00
   交易: 0笔
   胜率: 0.0%
[2026-06-02 10:29:49] ✅ 周期 #1 完成
[2026-06-02 10:29:49] ⏳ 等待60秒...

======================================================================
🚀 QuantMaster Q@C v9.0.0 - G12策略因子矩阵版
======================================================================
✅ 初始化完成
   策略数: 5
   因子数: 14
   模式: SIMULATE
[2026-06-02 10:30:49] 📦 启动 (模式: SIMULATE)

======================================================================
📊 周期 #1 - 10:30:49
======================================================================

BTCUSDT:
   价格: $70761.8600
   RSI(7): 26.8
   布林带: 14.1
   波动率: 1.09x
   策略信号: BUY (100%)
   因子评分: 31.4

ETHUSDT:
   价格: $1987.4900
   RSI(7): 35.3
   布林带: 49.6
   波动率: 1.08x
   策略信号: HOLD (50%)
   因子评分: 42.4

XRPUSDT:
   价格: $1.2834
   RSI(7): 29.9
   布林带: 11.1
   波动率: 1.17x
   策略信号: BUY (100%)
   因子评分: 33.2

SOLUSDT:
   价格: $80.4300
   RSI(7): 36.5
   布林带: 36.8
   波动率: 1.09x
   策略信号: HOLD (50%)
   因子评分: 40.0

ADAUSDT:
   价格: $0.2271
   RSI(7): 21.3
   布林带: 3.4
   波动率: 1.00x
   策略信号: BUY (100%)
   因子评分: 29.9

🛡️ 风控检查...

⚡ 交易执行...

📈 统计:
   账户: $10000.00
   盈亏: $+0.00
   交易: 0笔
   胜率: 0.0%
[2026-06-02 10:30:50] ✅ 周期 #1 完成
[2026-06-02 10:30:50] ⏳ 等待60秒...
[2026-06-02 10:31:30] 📤 收到停止信号
[2026-06-02 10:31:31] ✅ Q@C v9 Daemon 已关闭
