==================================================
🚀 Q@C v10 Daemon (V8+G12+Mirofish)
==================================================

======================================================================
🚀 QuantMaster Q@C v10.0.0 - 三重权重版
======================================================================
🐟 Mirofish Simulator 1.0.0 initialized
   Strategies: 5
   Factors: 6
✅ V8 SignalEngine: 50%
✅ G12增补策略: 30%
✅ Mirofish仿真: 20%
✅ 自我优化引擎: 启用
   模式: SIMULATE
[10:24:43] 📦 启动 (V8 50% + G12 30% + Mirofish 20%)

======================================================================
📊 周期 #1 - 10:24:43
======================================================================

[1] 数据收集...
    收集: 5 个币种

[2] 三重权重分析...
    权重: V8=50% G12=30% Mirofish=20%
    BTCUSDT: V8=55 G12=80 Miro=55 => 综合=63 BUY
    ETHUSDT: V8=25 G12=50 Miro=46 => 综合=37 SELL
    XRPUSDT: V8=25 G12=80 Miro=53 => 综合=47 HOLD
    SOLUSDT: V8=25 G12=50 Miro=46 => 综合=37 SELL
    ADAUSDT: V8=25 G12=80 Miro=43 => 综合=45 HOLD

[3] 风控检查...

[4] 交易执行...
    ✅ 买入: BTCUSDT x 0.0177 @ $70555.00

[5] 统计...
    账户: $8747.75
    盈亏: $+0.00
    交易: 0笔
    胜率: 0.0%

[6] Mirofish状态...
    版本: 1.0.0
    策略: 4/5
    仿真次数: 0
[10:24:44] ✅ 周期 #1 完成
[10:24:44] ⏳ 等待60秒...

======================================================================
🚀 QuantMaster Q@C v10.0.0 - 三重权重版
======================================================================
🐟 Mirofish Simulator 1.0.0 initialized
   Strategies: 5
   Factors: 6
✅ V8 SignalEngine: 50%
✅ G12增补策略: 30%
✅ Mirofish仿真: 20%
✅ 自我优化引擎: 启用
   模式: SIMULATE
[10:25:44] 📦 启动 (V8 50% + G12 30% + Mirofish 20%)

======================================================================
📊 周期 #1 - 10:25:44
======================================================================

[1] 数据收集...
    收集: 5 个币种

[2] 三重权重分析...
    权重: V8=50% G12=30% Mirofish=20%
    BTCUSDT: V8=55 G12=80 Miro=55 => 综合=63 BUY
    ETHUSDT: V8=25 G12=50 Miro=46 => 综合=37 SELL
    XRPUSDT: V8=25 G12=80 Miro=53 => 综合=47 HOLD
    SOLUSDT: V8=25 G12=50 Miro=46 => 综合=37 SELL
    ADAUSDT: V8=25 G12=80 Miro=43 => 综合=45 HOLD

[3] 风控检查...

[4] 交易执行...
    ✅ 买入: BTCUSDT x 0.0177 @ $70584.78

[5] 统计...
    账户: $8747.75
    盈亏: $+0.00
    交易: 0笔
    胜率: 0.0%

[6] Mirofish状态...
    版本: 1.0.0
    策略: 4/5
    仿真次数: 0
[10:25:45] ✅ 周期 #1 完成
[10:25:45] ⏳ 等待60秒...

======================================================================
🚀 QuantMaster Q@C v10.0.0 - 三重权重版
======================================================================
🐟 Mirofish Simulator 1.0.0 initialized
   Strategies: 5
   Factors: 6
✅ V8 SignalEngine: 50%
✅ G12增补策略: 30%
✅ Mirofish仿真: 20%
✅ 自我优化引擎: 启用
   模式: SIMULATE
[10:26:46] 📦 启动 (V8 50% + G12 30% + Mirofish 20%)

======================================================================
📊 周期 #1 - 10:26:46
======================================================================

[1] 数据收集...
    收集: 5 个币种

[2] 三重权重分析...
    权重: V8=50% G12=30% Mirofish=20%
    BTCUSDT: V8=55 G12=80 Miro=55 => 综合=63 BUY
    ETHUSDT: V8=25 G12=50 Miro=46 => 综合=37 SELL
    XRPUSDT: V8=25 G12=80 Miro=53 => 综合=47 HOLD
    SOLUSDT: V8=25 G12=50 Miro=46 => 综合=37 SELL
    ADAUSDT: V8=25 G12=80 Miro=43 => 综合=45 HOLD

[3] 风控检查...

[4] 交易执行...
    ✅ 买入: BTCUSDT x 0.0177 @ $70608.98

[5] 统计...
    账户: $8747.75
    盈亏: $+0.00
    交易: 0笔
    胜率: 0.0%

[6] Mirofish状态...
    版本: 1.0.0
    策略: 4/5
    仿真次数: 0
[10:26:47] ✅ 周期 #1 完成
[10:26:47] ⏳ 等待60秒...

======================================================================
🚀 QuantMaster Q@C v10.0.0 - 三重权重版
======================================================================
🐟 Mirofish Simulator 1.0.0 initialized
   Strategies: 5
   Factors: 6
✅ V8 SignalEngine: 50%
✅ G12增补策略: 30%
✅ Mirofish仿真: 20%
✅ 自我优化引擎: 启用
   模式: SIMULATE
[10:27:47] 📦 启动 (V8 50% + G12 30% + Mirofish 20%)

======================================================================
📊 周期 #1 - 10:27:47
======================================================================

[1] 数据收集...
    收集: 5 个币种

[2] 三重权重分析...
    权重: V8=50% G12=30% Mirofish=20%
    BTCUSDT: V8=55 G12=80 Miro=65 => 综合=65 BUY
    ETHUSDT: V8=25 G12=50 Miro=46 => 综合=37 SELL
    XRPUSDT: V8=25 G12=80 Miro=53 => 综合=47 HOLD
    SOLUSDT: V8=25 G12=50 Miro=46 => 综合=37 SELL
    ADAUSDT: V8=25 G12=80 Miro=43 => 综合=45 HOLD

[3] 风控检查...

[4] 交易执行...
    ✅ 买入: BTCUSDT x 0.0183 @ $70659.93

[5] 统计...
    账户: $8707.71
    盈亏: $+0.00
    交易: 0笔
    胜率: 0.0%

[6] Mirofish状态...
    版本: 1.0.0
    策略: 4/5
    仿真次数: 0
[10:27:48] ✅ 周期 #1 完成
[10:27:48] ⏳ 等待60秒...

======================================================================
🚀 QuantMaster Q@C v10.0.0 - 三重权重版
======================================================================
🐟 Mirofish Simulator 1.0.0 initialized
   Strategies: 5
   Factors: 6
✅ V8 SignalEngine: 50%
✅ G12增补策略: 30%
✅ Mirofish仿真: 20%
✅ 自我优化引擎: 启用
   模式: SIMULATE
[10:28:48] 📦 启动 (V8 50% + G12 30% + Mirofish 20%)

======================================================================
📊 周期 #1 - 10:28:48
======================================================================

[1] 数据收集...
    收集: 5 个币种

[2] 三重权重分析...
    权重: V8=50% G12=30% Mirofish=20%
    BTCUSDT: V8=25 G12=80 Miro=65 => 综合=50 HOLD
    ETHUSDT: V8=25 G12=50 Miro=46 => 综合=37 SELL
    XRPUSDT: V8=25 G12=80 Miro=53 => 综合=47 HOLD
    SOLUSDT: V8=25 G12=50 Miro=46 => 综合=37 SELL
    ADAUSDT: V8=25 G12=80 Miro=43 => 综合=45 HOLD

[3] 风控检查...

[4] 交易执行...

[5] 统计...
    账户: $10000.00
    盈亏: $+0.00
    交易: 0笔
    胜率: 0.0%

[6] Mirofish状态...
    版本: 1.0.0
    策略: 4/5
    仿真次数: 0
[10:28:50] ✅ 周期 #1 完成
[10:28:50] ⏳ 等待60秒...

======================================================================
🚀 QuantMaster Q@C v10.0.0 - 三重权重版
======================================================================
🐟 Mirofish Simulator 1.0.0 initialized
   Strategies: 5
   Factors: 6
✅ V8 SignalEngine: 50%
✅ G12增补策略: 30%
✅ Mirofish仿真: 20%
✅ 自我优化引擎: 启用
   模式: SIMULATE
[10:29:50] 📦 启动 (V8 50% + G12 30% + Mirofish 20%)

======================================================================
📊 周期 #1 - 10:29:50
======================================================================

[1] 数据收集...
    收集: 5 个币种

[2] 三重权重分析...
    权重: V8=50% G12=30% Mirofish=20%
    BTCUSDT: V8=25 G12=80 Miro=65 => 综合=50 HOLD
    ETHUSDT: V8=25 G12=50 Miro=46 => 综合=37 SELL
    XRPUSDT: V8=25 G12=80 Miro=53 => 综合=47 HOLD
    SOLUSDT: V8=25 G12=50 Miro=46 => 综合=37 SELL
    ADAUSDT: V8=25 G12=80 Miro=43 => 综合=45 HOLD

[3] 风控检查...

[4] 交易执行...

[5] 统计...
    账户: $10000.00
    盈亏: $+0.00
    交易: 0笔
    胜率: 0.0%

[6] Mirofish状态...
    版本: 1.0.0
    策略: 4/5
    仿真次数: 0
[10:29:51] ✅ 周期 #1 完成
[10:29:51] ⏳ 等待60秒...

======================================================================
🚀 QuantMaster Q@C v10.0.0 - 三重权重版
======================================================================
🐟 Mirofish Simulator 1.0.0 initialized
   Strategies: 5
   Factors: 6
✅ V8 SignalEngine: 50%
✅ G12增补策略: 30%
✅ Mirofish仿真: 20%
✅ 自我优化引擎: 启用
   模式: SIMULATE
[10:30:51] 📦 启动 (V8 50% + G12 30% + Mirofish 20%)

======================================================================
📊 周期 #1 - 10:30:51
======================================================================

[1] 数据收集...
    收集: 5 个币种

[2] 三重权重分析...
    权重: V8=50% G12=30% Mirofish=20%
    BTCUSDT: V8=55 G12=80 Miro=65 => 综合=65 BUY
    ETHUSDT: V8=25 G12=50 Miro=46 => 综合=37 SELL
    XRPUSDT: V8=25 G12=80 Miro=53 => 综合=47 HOLD
    SOLUSDT: V8=25 G12=50 Miro=46 => 综合=37 SELL
    ADAUSDT: V8=25 G12=80 Miro=43 => 综合=45 HOLD

[3] 风控检查...

[4] 交易执行...
    ✅ 买入: BTCUSDT x 0.0182 @ $70761.86

[5] 统计...
    账户: $8707.71
    盈亏: $+0.00
    交易: 0笔
    胜率: 0.0%

[6] Mirofish状态...
    版本: 1.0.0
    策略: 4/5
    仿真次数: 0
[10:30:53] ✅ 周期 #1 完成
[10:30:53] ⏳ 等待60秒...
[10:31:38] ✅ 已关闭
==================================================
🚀 Q@C v10.1.0 Daemon (自动实盘版)
==================================================

======================================================================
🚀 QuantMaster Q@C v10.1.0 - 自动实盘版
======================================================================
   [API] ⚠️ API检测: HTTP Error 400: Bad Request
   [MODE] 🔵 SIMULATE 仿真模式
✅ V8 SignalEngine: 50%
✅ G12增补策略: 30%
✅ Mirofish仿真: 20%
✅ 主动探测引擎: 启用
✅ 自主决策引擎: 启用
   账户模式: SIMULATE
[10:31:43] 📦 启动 (V8 50% + G12 30% + Miro 20%) [自动实盘]

======================================================================
📊 周期 #1 - 10:31:43 - LIVE
======================================================================

[1] 🔍 主动探测...
    探测到 0 个机会

[2] 📊 三重权重分析...
    BTCUSDT: V8=25 G12=80 Miro=65 => 50 [HOLD]
    ETHUSDT: V8=25 G12=50 Miro=46 => 37 [HOLD]
    XRPUSDT: V8=25 G12=80 Miro=53 => 47 [HOLD]
    SOLUSDT: V8=25 G12=50 Miro=46 => 37 [HOLD]
    ADAUSDT: V8=25 G12=80 Miro=46 => 46 [HOLD]

[3] 💰 实盘交易执行...

[4] 📋 账户状态...
    账户: $10000.00
    盈亏: $+0.00
[10:31:49] ✅ 周期 #1 完成
[10:31:49] ⏳ 等待60秒...

======================================================================
🚀 QuantMaster Q@C v10.1.0 - 自动实盘版
======================================================================
   [API] ⚠️ API检测: HTTP Error 400: Bad Request
   [MODE] 🔵 SIMULATE 仿真模式
✅ V8 SignalEngine: 50%
✅ G12增补策略: 30%
✅ Mirofish仿真: 20%
✅ 主动探测引擎: 启用
✅ 自主决策引擎: 启用
   账户模式: SIMULATE
[10:32:49] 📦 启动 (V8 50% + G12 30% + Miro 20%) [自动实盘]

======================================================================
📊 周期 #1 - 10:32:49 - LIVE
======================================================================

[1] 🔍 主动探测...
    探测到 0 个机会

[2] 📊 三重权重分析...
    BTCUSDT: V8=25 G12=80 Miro=65 => 50 [HOLD]
    ETHUSDT: V8=25 G12=50 Miro=46 => 37 [HOLD]
    XRPUSDT: V8=25 G12=80 Miro=53 => 47 [HOLD]
    SOLUSDT: V8=25 G12=50 Miro=46 => 37 [HOLD]
    ADAUSDT: V8=25 G12=80 Miro=43 => 45 [HOLD]

[3] 💰 实盘交易执行...

[4] 📋 账户状态...
    账户: $10000.00
    盈亏: $+0.00
[10:32:54] ✅ 周期 #1 完成
[10:32:54] ⏳ 等待60秒...

======================================================================
🚀 QuantMaster Q@C v10.1.0 - 自动实盘版
======================================================================
   [API] ⚠️ API检测: HTTP Error 400: Bad Request
   [MODE] 🔵 SIMULATE 仿真模式
✅ V8 SignalEngine: 50%
✅ G12增补策略: 30%
✅ Mirofish仿真: 20%
✅ 主动探测引擎: 启用
✅ 自主决策引擎: 启用
   账户模式: SIMULATE
[10:33:54] 📦 启动 (V8 50% + G12 30% + Miro 20%) [自动实盘]

======================================================================
📊 周期 #1 - 10:33:54 - LIVE
======================================================================

[1] 🔍 主动探测...
    探测到 0 个机会

[2] 📊 三重权重分析...
    BTCUSDT: V8=25 G12=80 Miro=65 => 50 [HOLD]
    ETHUSDT: V8=25 G12=50 Miro=43 => 36 [HOLD]
    XRPUSDT: V8=25 G12=80 Miro=53 => 47 [HOLD]
    SOLUSDT: V8=25 G12=50 Miro=46 => 37 [HOLD]
    ADAUSDT: V8=25 G12=80 Miro=46 => 46 [HOLD]

[3] 💰 实盘交易执行...

[4] 📋 账户状态...
    账户: $10000.00
    盈亏: $+0.00
[10:33:59] ✅ 周期 #1 完成
[10:33:59] ⏳ 等待60秒...

======================================================================
🚀 QuantMaster Q@C v10.1.0 - 自动实盘版
======================================================================
   [API] ⚠️ API检测: HTTP Error 400: Bad Request
   [MODE] 🔵 SIMULATE 仿真模式
✅ V8 SignalEngine: 50%
✅ G12增补策略: 30%
✅ Mirofish仿真: 20%
✅ 主动探测引擎: 启用
✅ 自主决策引擎: 启用
   账户模式: SIMULATE
[10:35:00] 📦 启动 (V8 50% + G12 30% + Miro 20%) [自动实盘]

======================================================================
📊 周期 #1 - 10:35:00 - LIVE
======================================================================

[1] 🔍 主动探测...
    探测到 0 个机会

[2] 📊 三重权重分析...
    BTCUSDT: V8=25 G12=80 Miro=65 => 50 [HOLD]
    ETHUSDT: V8=25 G12=50 Miro=43 => 36 [HOLD]
    XRPUSDT: V8=25 G12=80 Miro=53 => 47 [HOLD]
    SOLUSDT: V8=25 G12=50 Miro=46 => 37 [HOLD]
    ADAUSDT: V8=25 G12=80 Miro=43 => 45 [HOLD]

[3] 💰 实盘交易执行...

[4] 📋 账户状态...
    账户: $10000.00
    盈亏: $+0.00
[10:35:08] ✅ 周期 #1 完成
[10:35:08] ⏳ 等待60秒...

======================================================================
🚀 QuantMaster Q@C v10.1.0 - 自动实盘版
======================================================================
   [API] ⚠️ API检测: HTTP Error 400: Bad Request
   [MODE] 🔵 SIMULATE 仿真模式
✅ V8 SignalEngine: 50%
✅ G12增补策略: 30%
✅ Mirofish仿真: 20%
✅ 主动探测引擎: 启用
✅ 自主决策引擎: 启用
   账户模式: SIMULATE
[10:36:08] 📦 启动 (V8 50% + G12 30% + Miro 20%) [自动实盘]

======================================================================
📊 周期 #1 - 10:36:08 - LIVE
======================================================================

[1] 🔍 主动探测...
    探测到 0 个机会

[2] 📊 三重权重分析...
    BTCUSDT: V8=25 G12=80 Miro=65 => 50 [HOLD]
    ETHUSDT: V8=25 G12=50 Miro=43 => 36 [HOLD]
    XRPUSDT: V8=25 G12=80 Miro=53 => 47 [HOLD]
    SOLUSDT: V8=25 G12=50 Miro=46 => 37 [HOLD]
    ADAUSDT: V8=25 G12=80 Miro=43 => 45 [HOLD]

[3] 💰 实盘交易执行...

[4] 📋 账户状态...
    账户: $10000.00
    盈亏: $+0.00
[10:36:13] ✅ 周期 #1 完成
[10:36:13] ⏳ 等待60秒...

======================================================================
🚀 QuantMaster Q@C v10.1.0 - 自动实盘版
======================================================================
   [API] ⚠️ API检测: HTTP Error 400: Bad Request
   [MODE] 🔵 SIMULATE 仿真模式
✅ V8 SignalEngine: 50%
✅ G12增补策略: 30%
✅ Mirofish仿真: 20%
✅ 主动探测引擎: 启用
✅ 自主决策引擎: 启用
   账户模式: SIMULATE
[10:37:14] 📦 启动 (V8 50% + G12 30% + Miro 20%) [自动实盘]

======================================================================
📊 周期 #1 - 10:37:14 - LIVE
======================================================================

[1] 🔍 主动探测...
    探测到 0 个机会

[2] 📊 三重权重分析...
    BTCUSDT: V8=25 G12=80 Miro=65 => 50 [HOLD]
    ETHUSDT: V8=25 G12=50 Miro=43 => 36 [HOLD]
    XRPUSDT: V8=25 G12=80 Miro=53 => 47 [HOLD]
    SOLUSDT: V8=25 G12=50 Miro=43 => 36 [HOLD]
    ADAUSDT: V8=25 G12=80 Miro=46 => 46 [HOLD]

[3] 💰 实盘交易执行...

[4] 📋 账户状态...
    账户: $10000.00
    盈亏: $+0.00
[10:37:20] ✅ 周期 #1 完成
[10:37:20] ⏳ 等待60秒...

======================================================================
🚀 QuantMaster Q@C v10.1.0 - 自动实盘版
======================================================================
   [API] ⚠️ API检测: HTTP Error 400: Bad Request
   [MODE] 🔵 SIMULATE 仿真模式
✅ V8 SignalEngine: 50%
✅ G12增补策略: 30%
✅ Mirofish仿真: 20%
✅ 主动探测引擎: 启用
✅ 自主决策引擎: 启用
   账户模式: SIMULATE
[10:38:21] 📦 启动 (V8 50% + G12 30% + Miro 20%) [自动实盘]

======================================================================
📊 周期 #1 - 10:38:21 - LIVE
======================================================================

[1] 🔍 主动探测...
    探测到 0 个机会

[2] 📊 三重权重分析...
    BTCUSDT: V8=25 G12=80 Miro=65 => 50 [HOLD]
    ETHUSDT: V8=25 G12=50 Miro=43 => 36 [HOLD]
    XRPUSDT: V8=25 G12=80 Miro=53 => 47 [HOLD]
    SOLUSDT: V8=25 G12=50 Miro=46 => 37 [HOLD]
    ADAUSDT: V8=25 G12=80 Miro=46 => 46 [HOLD]

[3] 💰 实盘交易执行...

[4] 📋 账户状态...
    账户: $10000.00
    盈亏: $+0.00
[10:38:29] ✅ 周期 #1 完成
[10:38:29] ⏳ 等待60秒...

======================================================================
🚀 QuantMaster Q@C v10.1.0 - 自动实盘版
======================================================================
   [API] ⚠️ API检测: HTTP Error 400: Bad Request
   [MODE] 🔵 SIMULATE 仿真模式
✅ V8 SignalEngine: 50%
✅ G12增补策略: 30%
✅ Mirofish仿真: 20%
✅ 主动探测引擎: 启用
✅ 自主决策引擎: 启用
   账户模式: SIMULATE
[10:39:30] 📦 启动 (V8 50% + G12 30% + Miro 20%) [自动实盘]

======================================================================
📊 周期 #1 - 10:39:30 - LIVE
======================================================================

[1] 🔍 主动探测...
    探测到 0 个机会

[2] 📊 三重权重分析...
    BTCUSDT: V8=55 G12=80 Miro=65 => 65 [HOLD]
    ETHUSDT: V8=25 G12=50 Miro=46 => 37 [HOLD]
    XRPUSDT: V8=25 G12=80 Miro=53 => 47 [HOLD]
    SOLUSDT: V8=25 G12=50 Miro=46 => 37 [HOLD]
    ADAUSDT: V8=25 G12=80 Miro=43 => 45 [HOLD]

[3] 💰 实盘交易执行...

[4] 📋 账户状态...
    账户: $10000.00
    盈亏: $+0.00
[10:39:35] ✅ 周期 #1 完成
[10:39:35] ⏳ 等待60秒...

======================================================================
🚀 QuantMaster Q@C v10.1.0 - 自动实盘版
======================================================================
   [API] ⚠️ API检测: HTTP Error 400: Bad Request
   [MODE] 🔵 SIMULATE 仿真模式
✅ V8 SignalEngine: 50%
✅ G12增补策略: 30%
✅ Mirofish仿真: 20%
✅ 主动探测引擎: 启用
✅ 自主决策引擎: 启用
   账户模式: SIMULATE
[10:40:35] 📦 启动 (V8 50% + G12 30% + Miro 20%) [自动实盘]

======================================================================
📊 周期 #1 - 10:40:35 - LIVE
======================================================================

[1] 🔍 主动探测...
    探测到 0 个机会

[2] 📊 三重权重分析...
    BTCUSDT: V8=55 G12=80 Miro=65 => 65 [HOLD]
    ETHUSDT: V8=25 G12=50 Miro=46 => 37 [HOLD]
    XRPUSDT: V8=25 G12=80 Miro=53 => 47 [HOLD]
    SOLUSDT: V8=25 G12=50 Miro=46 => 37 [HOLD]
    ADAUSDT: V8=35 G12=80 Miro=43 => 50 [HOLD]

[3] 💰 实盘交易执行...

[4] 📋 账户状态...
    账户: $10000.00
    盈亏: $+0.00
[10:40:42] ✅ 周期 #1 完成
[10:40:42] ⏳ 等待60秒...

======================================================================
🚀 QuantMaster Q@C v10.1.0 - 自动实盘版
======================================================================
   [API] ⚠️ API检测: HTTP Error 400: Bad Request
   [MODE] 🔵 SIMULATE 仿真模式
✅ V8 SignalEngine: 50%
✅ G12增补策略: 30%
✅ Mirofish仿真: 20%
✅ 主动探测引擎: 启用
✅ 自主决策引擎: 启用
   账户模式: SIMULATE
[10:41:42] 📦 启动 (V8 50% + G12 30% + Miro 20%) [自动实盘]

======================================================================
📊 周期 #1 - 10:41:42 - LIVE
======================================================================

[1] 🔍 主动探测...
    探测到 0 个机会

[2] 📊 三重权重分析...
    BTCUSDT: V8=55 G12=80 Miro=55 => 63 [HOLD]
    ETHUSDT: V8=25 G12=50 Miro=46 => 37 [HOLD]
    XRPUSDT: V8=25 G12=80 Miro=43 => 45 [HOLD]
    SOLUSDT: V8=25 G12=50 Miro=46 => 37 [HOLD]
    ADAUSDT: V8=35 G12=80 Miro=43 => 50 [HOLD]

[3] 💰 实盘交易执行...

[4] 📋 账户状态...
    账户: $10000.00
    盈亏: $+0.00
[10:41:47] ✅ 周期 #1 完成
[10:41:47] ⏳ 等待60秒...

======================================================================
🚀 QuantMaster Q@C v10.1.0 - 自动实盘版
======================================================================
   [API] ⚠️ API检测: HTTP Error 400: Bad Request
   [MODE] 🔵 SIMULATE 仿真模式
✅ V8 SignalEngine: 50%
✅ G12增补策略: 30%
✅ Mirofish仿真: 20%
✅ 主动探测引擎: 启用
✅ 自主决策引擎: 启用
   账户模式: SIMULATE
[10:42:48] 📦 启动 (V8 50% + G12 30% + Miro 20%) [自动实盘]

======================================================================
📊 周期 #1 - 10:42:48 - LIVE
======================================================================

[1] 🔍 主动探测...
    探测到 0 个机会

[2] 📊 三重权重分析...
    BTCUSDT: V8=55 G12=80 Miro=55 => 63 [HOLD]
    ETHUSDT: V8=25 G12=50 Miro=46 => 37 [HOLD]
    XRPUSDT: V8=25 G12=80 Miro=43 => 45 [HOLD]
    SOLUSDT: V8=25 G12=50 Miro=46 => 37 [HOLD]
    ADAUSDT: V8=35 G12=80 Miro=43 => 50 [HOLD]

[3] 💰 实盘交易执行...

[4] 📋 账户状态...
    账户: $10000.00
    盈亏: $+0.00
[10:42:55] ✅ 周期 #1 完成
[10:42:55] ⏳ 等待60秒...

======================================================================
🚀 QuantMaster Q@C v10.1.0 - 自动实盘版
======================================================================
   [API] ⚠️ API检测: HTTP Error 400: Bad Request
   [MODE] 🔵 SIMULATE 仿真模式
✅ V8 SignalEngine: 50%
✅ G12增补策略: 30%
✅ Mirofish仿真: 20%
✅ 主动探测引擎: 启用
✅ 自主决策引擎: 启用
   账户模式: SIMULATE
[10:43:56] 📦 启动 (V8 50% + G12 30% + Miro 20%) [自动实盘]

======================================================================
📊 周期 #1 - 10:43:56 - LIVE
======================================================================

[1] 🔍 主动探测...
    探测到 0 个机会

[2] 📊 三重权重分析...
    BTCUSDT: V8=55 G12=80 Miro=55 => 63 [HOLD]
    ETHUSDT: V8=25 G12=50 Miro=46 => 37 [HOLD]
    XRPUSDT: V8=35 G12=80 Miro=43 => 50 [HOLD]
    SOLUSDT: V8=25 G12=50 Miro=46 => 37 [HOLD]
    ADAUSDT: V8=35 G12=80 Miro=43 => 50 [HOLD]

[3] 💰 实盘交易执行...

[4] 📋 账户状态...
    账户: $10000.00
    盈亏: $+0.00
[10:44:01] ✅ 周期 #1 完成
[10:44:01] ⏳ 等待60秒...

======================================================================
🚀 QuantMaster Q@C v10.1.0 - 自动实盘版
======================================================================
   [API] ⚠️ API检测: HTTP Error 400: Bad Request
   [MODE] 🔵 SIMULATE 仿真模式
✅ V8 SignalEngine: 50%
✅ G12增补策略: 30%
✅ Mirofish仿真: 20%
✅ 主动探测引擎: 启用
✅ 自主决策引擎: 启用
   账户模式: SIMULATE
[10:45:01] 📦 启动 (V8 50% + G12 30% + Miro 20%) [自动实盘]

======================================================================
📊 周期 #1 - 10:45:01 - LIVE
======================================================================

[1] 🔍 主动探测...
    探测到 0 个机会

[2] 📊 三重权重分析...
    BTCUSDT: V8=55 G12=80 Miro=55 => 63 [HOLD]
    ETHUSDT: V8=25 G12=50 Miro=46 => 37 [HOLD]
    XRPUSDT: V8=35 G12=80 Miro=43 => 50 [HOLD]
    SOLUSDT: V8=25 G12=50 Miro=46 => 37 [HOLD]
    ADAUSDT: V8=35 G12=80 Miro=43 => 50 [HOLD]

[3] 💰 实盘交易执行...

[4] 📋 账户状态...
    账户: $10000.00
    盈亏: $+0.00
[10:45:07] ✅ 周期 #1 完成
[10:45:07] ⏳ 等待60秒...

======================================================================
🚀 QuantMaster Q@C v10.1.0 - 自动实盘版
======================================================================
   [API] ⚠️ API检测: HTTP Error 400: Bad Request
   [MODE] 🔵 SIMULATE 仿真模式
✅ V8 SignalEngine: 50%
✅ G12增补策略: 30%
✅ Mirofish仿真: 20%
✅ 主动探测引擎: 启用
✅ 自主决策引擎: 启用
   账户模式: SIMULATE
[10:46:08] 📦 启动 (V8 50% + G12 30% + Miro 20%) [自动实盘]

======================================================================
📊 周期 #1 - 10:46:08 - LIVE
======================================================================

[1] 🔍 主动探测...
    探测到 0 个机会

[2] 📊 三重权重分析...
    BTCUSDT: V8=55 G12=80 Miro=65 => 65 [HOLD]
    ETHUSDT: V8=25 G12=50 Miro=46 => 37 [HOLD]
    XRPUSDT: V8=25 G12=80 Miro=43 => 45 [HOLD]
    SOLUSDT: V8=25 G12=50 Miro=46 => 37 [HOLD]
    ADAUSDT: V8=35 G12=80 Miro=43 => 50 [HOLD]

[3] 💰 实盘交易执行...

[4] 📋 账户状态...
    账户: $10000.00
    盈亏: $+0.00
[10:46:13] ✅ 周期 #1 完成
[10:46:13] ⏳ 等待60秒...

======================================================================
🚀 QuantMaster Q@C v10.1.0 - 自动实盘版
======================================================================
   [API] ⚠️ API检测: HTTP Error 400: Bad Request
   [MODE] 🔵 SIMULATE 仿真模式
✅ V8 SignalEngine: 50%
✅ G12增补策略: 30%
✅ Mirofish仿真: 20%
✅ 主动探测引擎: 启用
✅ 自主决策引擎: 启用
   账户模式: SIMULATE
[10:47:13] 📦 启动 (V8 50% + G12 30% + Miro 20%) [自动实盘]

======================================================================
📊 周期 #1 - 10:47:13 - LIVE
======================================================================

[1] 🔍 主动探测...
    探测到 0 个机会

[2] 📊 三重权重分析...
    BTCUSDT: V8=55 G12=80 Miro=65 => 65 [HOLD]
    ETHUSDT: V8=25 G12=50 Miro=46 => 37 [HOLD]
    XRPUSDT: V8=25 G12=80 Miro=53 => 47 [HOLD]
    SOLUSDT: V8=25 G12=50 Miro=46 => 37 [HOLD]
    ADAUSDT: V8=35 G12=80 Miro=43 => 50 [HOLD]

[3] 💰 实盘交易执行...

[4] 📋 账户状态...
    账户: $10000.00
    盈亏: $+0.00
[10:47:18] ✅ 周期 #1 完成
[10:47:18] ⏳ 等待60秒...

======================================================================
🚀 QuantMaster Q@C v10.1.0 - 自动实盘版
======================================================================
   [API] ⚠️ API检测: HTTP Error 400: Bad Request
   [MODE] 🔵 SIMULATE 仿真模式
✅ V8 SignalEngine: 50%
✅ G12增补策略: 30%
✅ Mirofish仿真: 20%
✅ 主动探测引擎: 启用
✅ 自主决策引擎: 启用
   账户模式: SIMULATE
[10:48:18] 📦 启动 (V8 50% + G12 30% + Miro 20%) [自动实盘]

======================================================================
📊 周期 #1 - 10:48:18 - LIVE
======================================================================

[1] 🔍 主动探测...
    探测到 0 个机会

[2] 📊 三重权重分析...
    BTCUSDT: V8=55 G12=80 Miro=65 => 65 [HOLD]
    ETHUSDT: V8=25 G12=50 Miro=46 => 37 [HOLD]
    XRPUSDT: V8=25 G12=80 Miro=53 => 47 [HOLD]
    ADAUSDT: V8=25 G12=80 Miro=43 => 45 [HOLD]

[3] 💰 实盘交易执行...

[4] 📋 账户状态...
    账户: $10000.00
    盈亏: $+0.00
[10:48:23] ✅ 周期 #1 完成
[10:48:23] ⏳ 等待60秒...
[10:48:31] ✅ 已关闭
==================================================
🚀 Q@C v10.1.1 Daemon (修复版)
==================================================

======================================================================
🚀 QuantMaster Q@C v10.1.1 - 修复版
======================================================================
   [API] ⚠️ API检测失败: HTTP Error 400: Bad Request → 仿真模式
   [MODE] 🔵 SIMULATE 仿真模式
✅ V8 SignalEngine: 50%
✅ G12增补策略: 30%
✅ Mirofish仿真: 20%
✅ 主动探测引擎: 启用
✅ 自主决策引擎: 启用
[10:48:36] 📦 启动 v10.1.1 (V8 50% + G12 30% + Miro 20%)

======================================================================
📊 周期 #1 - 10:48:36 [SIMULATE]
======================================================================

[1] 🔍 主动探测...
    探测: 15 币种, 发现 0 机会

[2] 📊 三重权重分析...
    ✅ BTCUSDT: V8=65 G12=80 Miro=66 → 70 [BUY]
    ⏸️ ETHUSDT: V8=30 G12=50 Miro=53 → 41 [HOLD]
    ⏸️ XRPUSDT: V8=30 G12=80 Miro=58 → 50 [HOLD]
    ⏸️ SOLUSDT: V8=30 G12=50 Miro=53 → 41 [HOLD]
    ⏸️ ADAUSDT: V8=30 G12=80 Miro=50 → 49 [HOLD]

[3] 📋 账户状态...
    账户: $10000.00
    盈亏: $+0.00 (0.0%胜率)
    交易: 0笔
[10:48:41] ✅ 周期 #1 完成
[10:48:41] ⏳ 等待60秒...

======================================================================
🚀 QuantMaster Q@C v10.1.1 - 修复版
======================================================================
   [API] ⚠️ API检测失败: HTTP Error 400: Bad Request → 仿真模式
   [MODE] 🔵 SIMULATE 仿真模式
✅ V8 SignalEngine: 50%
✅ G12增补策略: 30%
✅ Mirofish仿真: 20%
✅ 主动探测引擎: 启用
✅ 自主决策引擎: 启用
[10:49:41] 📦 启动 v10.1.1 (V8 50% + G12 30% + Miro 20%)

======================================================================
📊 周期 #1 - 10:49:41 [SIMULATE]
======================================================================

[1] 🔍 主动探测...
    探测: 15 币种, 发现 0 机会

[2] 📊 三重权重分析...
    ✅ BTCUSDT: V8=65 G12=80 Miro=66 → 70 [BUY]
    ⏸️ ETHUSDT: V8=30 G12=50 Miro=53 → 41 [HOLD]
    ⏸️ XRPUSDT: V8=30 G12=80 Miro=58 → 50 [HOLD]
    ⏸️ SOLUSDT: V8=30 G12=50 Miro=53 → 41 [HOLD]
    ⏸️ ADAUSDT: V8=40 G12=80 Miro=50 → 54 [HOLD]

[3] 📋 账户状态...
    账户: $10000.00
    盈亏: $+0.00 (0.0%胜率)
    交易: 0笔
[10:49:46] ✅ 周期 #1 完成
[10:49:46] ⏳ 等待60秒...

======================================================================
🚀 QuantMaster Q@C v10.1.1 - 修复版
======================================================================
   [API] ⚠️ API检测失败: HTTP Error 400: Bad Request → 仿真模式
   [MODE] 🔵 SIMULATE 仿真模式
✅ V8 SignalEngine: 50%
✅ G12增补策略: 30%
✅ Mirofish仿真: 20%
✅ 主动探测引擎: 启用
✅ 自主决策引擎: 启用
[10:50:46] 📦 启动 v10.1.1 (V8 50% + G12 30% + Miro 20%)

======================================================================
📊 周期 #1 - 10:50:46 [SIMULATE]
======================================================================

[1] 🔍 主动探测...
    探测: 15 币种, 发现 0 机会

[2] 📊 三重权重分析...
    ✅ BTCUSDT: V8=65 G12=80 Miro=66 → 70 [BUY]
    ✅ ETHUSDT: V8=30 G12=50 Miro=50 → 40 [SELL]
    ⏸️ XRPUSDT: V8=30 G12=80 Miro=58 → 50 [HOLD]
    ⏸️ SOLUSDT: V8=30 G12=50 Miro=53 → 41 [HOLD]
    ⏸️ ADAUSDT: V8=30 G12=80 Miro=50 → 49 [HOLD]

[3] 📋 账户状态...
    账户: $10000.00
    盈亏: $+0.00 (0.0%胜率)
    交易: 0笔
[10:50:51] ✅ 周期 #1 完成
[10:50:51] ⏳ 等待60秒...

======================================================================
🚀 QuantMaster Q@C v10.1.1 - 修复版
======================================================================
   [API] ⚠️ API检测失败: HTTP Error 400: Bad Request → 仿真模式
   [MODE] 🔵 SIMULATE 仿真模式
✅ V8 SignalEngine: 50%
✅ G12增补策略: 30%
✅ Mirofish仿真: 20%
✅ 主动探测引擎: 启用
✅ 自主决策引擎: 启用
[10:51:52] 📦 启动 v10.1.1 (V8 50% + G12 30% + Miro 20%)

======================================================================
📊 周期 #1 - 10:51:52 [SIMULATE]
======================================================================

[1] 🔍 主动探测...
   [API] K线获取失败 NEIROUSDT: <urlopen error [SSL: UNEXPECTED_EOF_WHILE_READING] EOF occurred in violation of protocol (_ssl.c:1007)>
    探测: 14 币种, 发现 0 机会

[2] 📊 三重权重分析...
    ✅ BTCUSDT: V8=55 G12=80 Miro=66 → 65 [BUY]
    ✅ ETHUSDT: V8=30 G12=50 Miro=50 → 40 [SELL]
    ⏸️ XRPUSDT: V8=30 G12=80 Miro=58 → 50 [HOLD]
    ⏸️ SOLUSDT: V8=30 G12=50 Miro=53 → 41 [HOLD]
    ⏸️ ADAUSDT: V8=30 G12=80 Miro=50 → 49 [HOLD]

[3] 📋 账户状态...
    账户: $10000.00
    盈亏: $+0.00 (0.0%胜率)
    交易: 0笔
[10:51:56] ✅ 周期 #1 完成
[10:51:56] ⏳ 等待60秒...

======================================================================
🚀 QuantMaster Q@C v10.1.1 - 修复版
======================================================================
   [API] ⚠️ API检测失败: HTTP Error 400: Bad Request → 仿真模式
   [MODE] 🔵 SIMULATE 仿真模式
✅ V8 SignalEngine: 50%
✅ G12增补策略: 30%
✅ Mirofish仿真: 20%
✅ 主动探测引擎: 启用
✅ 自主决策引擎: 启用
[10:52:57] 📦 启动 v10.1.1 (V8 50% + G12 30% + Miro 20%)

======================================================================
📊 周期 #1 - 10:52:57 [SIMULATE]
======================================================================

[1] 🔍 主动探测...
   [API] K线获取失败 DOGEUSDT: <urlopen error [SSL: UNEXPECTED_EOF_WHILE_READING] EOF occurred in violation of protocol (_ssl.c:1007)>
    探测: 14 币种, 发现 0 机会

[2] 📊 三重权重分析...
    ✅ BTCUSDT: V8=65 G12=80 Miro=66 → 70 [BUY]
    ✅ ETHUSDT: V8=30 G12=50 Miro=50 → 40 [SELL]
    ⏸️ XRPUSDT: V8=30 G12=80 Miro=58 → 50 [HOLD]
    ⏸️ SOLUSDT: V8=30 G12=50 Miro=53 → 41 [HOLD]
    ⏸️ ADAUSDT: V8=30 G12=80 Miro=50 → 49 [HOLD]

[3] 📋 账户状态...
    账户: $10000.00
    盈亏: $+0.00 (0.0%胜率)
    交易: 0笔
[10:53:02] ✅ 周期 #1 完成
[10:53:02] ⏳ 等待60秒...

======================================================================
🚀 QuantMaster Q@C v10.1.1 - 修复版
======================================================================
   [API] ⚠️ API检测失败: HTTP Error 400: Bad Request → 仿真模式
   [MODE] 🔵 SIMULATE 仿真模式
✅ V8 SignalEngine: 50%
✅ G12增补策略: 30%
✅ Mirofish仿真: 20%
✅ 主动探测引擎: 启用
✅ 自主决策引擎: 启用
[10:54:02] 📦 启动 v10.1.1 (V8 50% + G12 30% + Miro 20%)

======================================================================
📊 周期 #1 - 10:54:02 [SIMULATE]
======================================================================

[1] 🔍 主动探测...
    探测: 15 币种, 发现 0 机会

[2] 📊 三重权重分析...
    ✅ BTCUSDT: V8=65 G12=80 Miro=66 → 70 [BUY]
    ⏸️ ETHUSDT: V8=30 G12=50 Miro=53 → 41 [HOLD]
    ⏸️ XRPUSDT: V8=30 G12=80 Miro=58 → 50 [HOLD]
    ⏸️ SOLUSDT: V8=30 G12=50 Miro=53 → 41 [HOLD]
    ⏸️ ADAUSDT: V8=40 G12=80 Miro=50 → 54 [HOLD]

[3] 📋 账户状态...
    账户: $10000.00
    盈亏: $+0.00 (0.0%胜率)
    交易: 0笔
[10:54:07] ✅ 周期 #1 完成
[10:54:07] ⏳ 等待60秒...

======================================================================
🚀 QuantMaster Q@C v10.1.1 - 修复版
======================================================================
   [API] ⚠️ API检测失败: HTTP Error 400: Bad Request → 仿真模式
   [MODE] 🔵 SIMULATE 仿真模式
✅ V8 SignalEngine: 50%
✅ G12增补策略: 30%
✅ Mirofish仿真: 20%
✅ 主动探测引擎: 启用
✅ 自主决策引擎: 启用
[10:55:07] 📦 启动 v10.1.1 (V8 50% + G12 30% + Miro 20%)

======================================================================
📊 周期 #1 - 10:55:07 [SIMULATE]
======================================================================

[1] 🔍 主动探测...
    探测: 15 币种, 发现 0 机会

[2] 📊 三重权重分析...
    ✅ BTCUSDT: V8=65 G12=80 Miro=66 → 70 [BUY]
    ✅ ETHUSDT: V8=30 G12=50 Miro=50 → 40 [SELL]
    ⏸️ XRPUSDT: V8=30 G12=80 Miro=58 → 50 [HOLD]
    ⏸️ SOLUSDT: V8=30 G12=50 Miro=53 → 41 [HOLD]
    ⏸️ ADAUSDT: V8=30 G12=80 Miro=50 → 49 [HOLD]

[3] 📋 账户状态...
    账户: $10000.00
    盈亏: $+0.00 (0.0%胜率)
    交易: 0笔
[10:55:13] ✅ 周期 #1 完成
[10:55:13] ⏳ 等待60秒...

======================================================================
🚀 QuantMaster Q@C v10.1.1 - 修复版
======================================================================
   [API] ⚠️ API检测失败: HTTP Error 400: Bad Request → 仿真模式
   [MODE] 🔵 SIMULATE 仿真模式
✅ V8 SignalEngine: 50%
✅ G12增补策略: 30%
✅ Mirofish仿真: 20%
✅ 主动探测引擎: 启用
✅ 自主决策引擎: 启用
[10:56:13] 📦 启动 v10.1.1 (V8 50% + G12 30% + Miro 20%)

======================================================================
📊 周期 #1 - 10:56:13 [SIMULATE]
======================================================================

[1] 🔍 主动探测...
    探测: 15 币种, 发现 0 机会

[2] 📊 三重权重分析...
    ✅ BTCUSDT: V8=65 G12=80 Miro=66 → 70 [BUY]
    ✅ ETHUSDT: V8=30 G12=50 Miro=50 → 40 [SELL]
    ⏸️ XRPUSDT: V8=30 G12=80 Miro=58 → 50 [HOLD]
    ⏸️ SOLUSDT: V8=30 G12=50 Miro=53 → 41 [HOLD]
    ⏸️ ADAUSDT: V8=30 G12=80 Miro=50 → 49 [HOLD]

[3] 📋 账户状态...
    账户: $10000.00
    盈亏: $+0.00 (0.0%胜率)
    交易: 0笔
[10:56:19] ✅ 周期 #1 完成
[10:56:19] ⏳ 等待60秒...

======================================================================
🚀 QuantMaster Q@C v10.1.1 - 修复版
======================================================================
   [API] ⚠️ API检测失败: HTTP Error 400: Bad Request → 仿真模式
   [MODE] 🔵 SIMULATE 仿真模式
✅ V8 SignalEngine: 50%
✅ G12增补策略: 30%
✅ Mirofish仿真: 20%
✅ 主动探测引擎: 启用
✅ 自主决策引擎: 启用
[10:57:19] 📦 启动 v10.1.1 (V8 50% + G12 30% + Miro 20%)

======================================================================
📊 周期 #1 - 10:57:19 [SIMULATE]
======================================================================

[1] 🔍 主动探测...
   [API] K线获取失败 DOGEUSDT: <urlopen error [SSL: UNEXPECTED_EOF_WHILE_READING] EOF occurred in violation of protocol (_ssl.c:1007)>
    探测: 14 币种, 发现 0 机会

[2] 📊 三重权重分析...
    ✅ BTCUSDT: V8=65 G12=80 Miro=66 → 70 [BUY]
    ✅ ETHUSDT: V8=30 G12=50 Miro=50 → 40 [SELL]
    ⏸️ XRPUSDT: V8=30 G12=80 Miro=58 → 50 [HOLD]
    ⏸️ SOLUSDT: V8=30 G12=50 Miro=53 → 41 [HOLD]
    ⏸️ ADAUSDT: V8=30 G12=80 Miro=53 → 50 [HOLD]

[3] 📋 账户状态...
    账户: $10000.00
    盈亏: $+0.00 (0.0%胜率)
    交易: 0笔
[10:57:24] ✅ 周期 #1 完成
[10:57:24] ⏳ 等待60秒...

======================================================================
🚀 QuantMaster Q@C v10.1.1 - 修复版
======================================================================
   [API] ⚠️ API检测失败: HTTP Error 400: Bad Request → 仿真模式
   [MODE] 🔵 SIMULATE 仿真模式
✅ V8 SignalEngine: 50%
✅ G12增补策略: 30%
✅ Mirofish仿真: 20%
✅ 主动探测引擎: 启用
✅ 自主决策引擎: 启用
[10:58:25] 📦 启动 v10.1.1 (V8 50% + G12 30% + Miro 20%)

======================================================================
📊 周期 #1 - 10:58:25 [SIMULATE]
======================================================================

[1] 🔍 主动探测...
    探测: 15 币种, 发现 0 机会

[2] 📊 三重权重分析...
    ✅ BTCUSDT: V8=55 G12=80 Miro=66 → 65 [BUY]
    ✅ ETHUSDT: V8=30 G12=50 Miro=50 → 40 [SELL]
    ⏸️ XRPUSDT: V8=30 G12=80 Miro=58 → 50 [HOLD]
    ✅ SOLUSDT: V8=30 G12=50 Miro=50 → 40 [SELL]
    ⏸️ ADAUSDT: V8=30 G12=80 Miro=53 → 50 [HOLD]

[3] 📋 账户状态...
    账户: $10000.00
    盈亏: $+0.00 (0.0%胜率)
    交易: 0笔
[10:58:29] ✅ 周期 #1 完成
[10:58:29] ⏳ 等待60秒...
[10:58:44] ✅ 已关闭
