==================================================
Q@C v12.0.0 Daemon - RSI保护版
==================================================

======================================================================
🚀 QuantMaster Q@C v12.0.0 - 完全体
======================================================================
   [API] 🟢 实盘账户: USDT=14.98
   [MODE] 🟢 LIVE 实盘
✅ V8 50% + G12 30% + Mirofish 20%
✅ API完全接管: 实盘
[14:29:18] 📦 启动 v12.0.0 (RSI保护)

======================================================================
📊 #1 [14:29:18] LIVE
💰 USDT: $14.98 | ADA: 205.99
======================================================================

[1] 🔍 探测: 15币种, 1机会

[2] 📊 分析:
    ✅ BTCUSDT: V8=55 G12=80 Miro=66 → 65 [BUY]
    ✅ ETHUSDT: V8=30 G12=50 Miro=49 → 40 [SELL]
    ⏸️ XRPUSDT: V8=30 G12=80 Miro=58 → 50 [HOLD]
    ⏸️ SOLUSDT: V8=30 G12=80 Miro=49 → 49 [HOLD]
   ⚠️ [风控] ADAUSDT RSI=28 超卖, 禁止BUY
    ⏸️ ADAUSDT: V8=80 G12=80 Miro=59 → 76 [HOLD]

[3] 💰 交易:
   [LIVE] ❌ 订单失败: HTTP Error 400: Bad Request

[4] 📋 账户:
    余额: {'LTC': 0.096956, 'USDT': 14.98076288, 'ETC': 0.61948, 'XRP': 963.36, 'ADA': 205.9943, 'ATOM': 2.55744, 'DOGE': 0.199, 'LDUSDT': 88.46244908, 'DOT': 4.25045, 'UNI': 1.66354, 'AVAX': 0.55967, 'NEAR': 0.0579, 'PEPE': 0.7, 'FLOKI': 0.67, 'AI': 187.8939, 'BOME': 0.37, 'NEIRO': 0.09, 'TURBO': 0.871}
    订单: 0

[5] 💓 Watchdog: HEALTHY (0%)
[14:29:27] ✅ 周期 #1 完成

======================================================================
🚀 QuantMaster Q@C v12.0.0 - 完全体
======================================================================
   [API] 🟢 实盘账户: USDT=14.98
   [MODE] 🟢 LIVE 实盘
✅ V8 50% + G12 30% + Mirofish 20%
✅ API完全接管: 实盘
[14:30:29] 📦 启动 v12.0.0 (RSI保护)

======================================================================
📊 #1 [14:30:29] LIVE
💰 USDT: $14.98 | ADA: 205.99
======================================================================

[1] 🔍 探测:    [API] K线失败 XRPUSDT: <urlopen error [SSL: UNEXPECTED_EOF_WHILE_READING] EOF occurred in violation of protocol (_ssl.c:1007)>
14币种, 1机会

[2] 📊 分析:
    ✅ BTCUSDT: V8=55 G12=80 Miro=66 → 65 [BUY]
    ✅ ETHUSDT: V8=30 G12=50 Miro=49 → 40 [SELL]
    ⏸️ XRPUSDT: V8=30 G12=80 Miro=58 → 50 [HOLD]
    ⏸️ SOLUSDT: V8=30 G12=80 Miro=49 → 49 [HOLD]
   ⚠️ [风控] ADAUSDT RSI=29 超卖, 禁止BUY
    ⏸️ ADAUSDT: V8=70 G12=80 Miro=66 → 72 [HOLD]

[3] 💰 交易:
   [LIVE] ❌ 订单失败: HTTP Error 400: Bad Request

[4] 📋 账户:
    余额: {'LTC': 0.096956, 'USDT': 14.98076288, 'ETC': 0.61948, 'XRP': 963.36, 'ADA': 205.9943, 'ATOM': 2.55744, 'DOGE': 0.199, 'LDUSDT': 88.46244908, 'DOT': 4.25045, 'UNI': 1.66354, 'AVAX': 0.55967, 'NEAR': 0.0579, 'PEPE': 0.7, 'FLOKI': 0.67, 'AI': 187.8939, 'BOME': 0.37, 'NEIRO': 0.09, 'TURBO': 0.871}
    订单: 0

[5] 💓 Watchdog: HEALTHY (0%)
[14:30:36] ✅ 周期 #1 完成

======================================================================
🚀 QuantMaster Q@C v12.0.0 - 完全体
======================================================================
   [API] 🟢 实盘账户: USDT=14.98
   [MODE] 🟢 LIVE 实盘
✅ V8 50% + G12 30% + Mirofish 20%
✅ API完全接管: 实盘
[14:31:37] 📦 启动 v12.0.0 (RSI保护)

======================================================================
📊 #1 [14:31:37] LIVE
💰 USDT: $14.98 | ADA: 205.99
======================================================================

[1] 🔍 探测: 15币种, 1机会

[2] 📊 分析:
    ✅ BTCUSDT: V8=55 G12=80 Miro=66 → 65 [BUY]
    ✅ ETHUSDT: V8=30 G12=50 Miro=49 → 40 [SELL]
    ⏸️ XRPUSDT: V8=30 G12=80 Miro=58 → 50 [HOLD]
    ⏸️ SOLUSDT: V8=30 G12=80 Miro=49 → 49 [HOLD]
   ⚠️ [风控] ADAUSDT RSI=29 超卖, 禁止BUY
    ⏸️ ADAUSDT: V8=70 G12=80 Miro=66 → 72 [HOLD]

[3] 💰 交易:
   [LIVE] ❌ 订单失败: HTTP Error 400: Bad Request

[4] 📋 账户:
    余额: {'LTC': 0.096956, 'USDT': 14.98076288, 'ETC': 0.61948, 'XRP': 963.36, 'ADA': 205.9943, 'ATOM': 2.55744, 'DOGE': 0.199, 'LDUSDT': 88.46244908, 'DOT': 4.25045, 'UNI': 1.66354, 'AVAX': 0.55967, 'NEAR': 0.0579, 'PEPE': 0.7, 'FLOKI': 0.67, 'AI': 187.8939, 'BOME': 0.37, 'NEIRO': 0.09, 'TURBO': 0.871}
    订单: 0

[5] 💓 Watchdog: HEALTHY (0%)
[14:31:52] ✅ 周期 #1 完成

======================================================================
🚀 QuantMaster Q@C v12.0.0 - 完全体
======================================================================
   [API] 🟢 实盘账户: USDT=14.98
   [MODE] 🟢 LIVE 实盘
✅ V8 50% + G12 30% + Mirofish 20%
✅ API完全接管: 实盘
[14:32:53] 📦 启动 v12.0.0 (RSI保护)

======================================================================
📊 #1 [14:32:53] LIVE
💰 USDT: $14.98 | ADA: 205.99
======================================================================

[1] 🔍 探测: 15币种, 1机会

[2] 📊 分析:
    ✅ BTCUSDT: V8=55 G12=80 Miro=66 → 65 [BUY]
    ✅ ETHUSDT: V8=30 G12=50 Miro=49 → 40 [SELL]
    ⏸️ XRPUSDT: V8=30 G12=80 Miro=58 → 50 [HOLD]
    ⏸️ SOLUSDT: V8=30 G12=80 Miro=49 → 49 [HOLD]
   ⚠️ [风控] ADAUSDT RSI=29 超卖, 禁止BUY
    ⏸️ ADAUSDT: V8=80 G12=80 Miro=59 → 76 [HOLD]

[3] 💰 交易:
   [LIVE] ❌ 订单失败: HTTP Error 400: Bad Request

[4] 📋 账户:
    余额: {'LTC': 0.096956, 'USDT': 14.98076288, 'ETC': 0.61948, 'XRP': 963.36, 'ADA': 205.9943, 'ATOM': 2.55744, 'DOGE': 0.199, 'LDUSDT': 88.46244908, 'DOT': 4.25045, 'UNI': 1.66354, 'AVAX': 0.55967, 'NEAR': 0.0579, 'PEPE': 0.7, 'FLOKI': 0.67, 'AI': 187.8939, 'BOME': 0.37, 'NEIRO': 0.09, 'TURBO': 0.871}
    订单: 0

[5] 💓 Watchdog: HEALTHY (0%)
[14:33:07] ✅ 周期 #1 完成

======================================================================
🚀 QuantMaster Q@C v12.0.0 - 完全体
======================================================================
   [API] 🟢 实盘账户: USDT=14.98
   [MODE] 🟢 LIVE 实盘
✅ V8 50% + G12 30% + Mirofish 20%
✅ API完全接管: 实盘
[14:34:08] 📦 启动 v12.0.0 (RSI保护)

======================================================================
📊 #1 [14:34:08] LIVE
💰 USDT: $14.98 | ADA: 205.99
======================================================================

[1] 🔍 探测: 15币种, 1机会

[2] 📊 分析:
   ⚠️ [风控] BTCUSDT RSI=30 超卖, 禁止BUY
    ⏸️ BTCUSDT: V8=70 G12=80 Miro=66 → 72 [HOLD]
    ✅ ETHUSDT: V8=30 G12=50 Miro=49 → 40 [SELL]
    ⏸️ XRPUSDT: V8=30 G12=80 Miro=58 → 50 [HOLD]
    ⏸️ SOLUSDT: V8=30 G12=80 Miro=49 → 49 [HOLD]
   ⚠️ [风控] ADAUSDT RSI=29 超卖, 禁止BUY
    ⏸️ ADAUSDT: V8=80 G12=80 Miro=59 → 76 [HOLD]

[3] 💰 交易:

[4] 📋 账户:
    余额: {'LTC': 0.096956, 'USDT': 14.98076288, 'ETC': 0.61948, 'XRP': 963.36, 'ADA': 205.9943, 'ATOM': 2.55744, 'DOGE': 0.199, 'LDUSDT': 88.46244908, 'DOT': 4.25045, 'UNI': 1.66354, 'AVAX': 0.55967, 'NEAR': 0.0579, 'PEPE': 0.7, 'FLOKI': 0.67, 'AI': 187.8939, 'BOME': 0.37, 'NEIRO': 0.09, 'TURBO': 0.871}
    订单: 0

[5] 💓 Watchdog: HEALTHY (0%)
[14:34:17] ✅ 周期 #1 完成

======================================================================
🚀 QuantMaster Q@C v12.0.0 - 完全体
======================================================================
   [API] 🟢 实盘账户: USDT=14.98
   [MODE] 🟢 LIVE 实盘
✅ V8 50% + G12 30% + Mirofish 20%
✅ API完全接管: 实盘
[14:35:17] 📦 启动 v12.0.0 (RSI保护)

======================================================================
📊 #1 [14:35:17] LIVE
💰 USDT: $14.98 | ADA: 205.99
======================================================================

[1] 🔍 探测: 15币种, 1机会

[2] 📊 分析:
    ✅ BTCUSDT: V8=55 G12=80 Miro=66 → 65 [BUY]
    ✅ ETHUSDT: V8=30 G12=50 Miro=49 → 40 [SELL]
    ⏸️ XRPUSDT: V8=30 G12=80 Miro=58 → 50 [HOLD]
    ⏸️ SOLUSDT: V8=30 G12=80 Miro=49 → 49 [HOLD]
   ⚠️ [风控] ADAUSDT RSI=29 超卖, 禁止BUY
    ⏸️ ADAUSDT: V8=80 G12=80 Miro=59 → 76 [HOLD]

[3] 💰 交易:
   [LIVE] ❌ 订单失败: HTTP Error 400: Bad Request

[4] 📋 账户:
    余额: {'LTC': 0.096956, 'USDT': 14.98076288, 'ETC': 0.61948, 'XRP': 963.36, 'ADA': 205.9943, 'ATOM': 2.55744, 'DOGE': 0.199, 'LDUSDT': 88.46244908, 'DOT': 4.25045, 'UNI': 1.66354, 'AVAX': 0.55967, 'NEAR': 0.0579, 'PEPE': 0.7, 'FLOKI': 0.67, 'AI': 187.8939, 'BOME': 0.37, 'NEIRO': 0.09, 'TURBO': 0.871}
    订单: 0

[5] 💓 Watchdog: HEALTHY (0%)
[14:35:34] ✅ 周期 #1 完成

======================================================================
🚀 QuantMaster Q@C v12.0.0 - 完全体
======================================================================
   [API] 🟢 实盘账户: USDT=14.98
   [MODE] 🟢 LIVE 实盘
✅ V8 50% + G12 30% + Mirofish 20%
✅ API完全接管: 实盘
[14:36:34] 📦 启动 v12.0.0 (RSI保护)

======================================================================
📊 #1 [14:36:34] LIVE
💰 USDT: $14.98 | ADA: 205.99
======================================================================

[1] 🔍 探测: 15币种, 1机会

[2] 📊 分析:
   ⚠️ [风控] BTCUSDT RSI=29 超卖, 禁止BUY
    ⏸️ BTCUSDT: V8=70 G12=80 Miro=66 → 72 [HOLD]
    ✅ ETHUSDT: V8=30 G12=50 Miro=49 → 40 [SELL]
    ⏸️ XRPUSDT: V8=30 G12=80 Miro=58 → 50 [HOLD]
    ⏸️ SOLUSDT: V8=30 G12=80 Miro=49 → 49 [HOLD]
   ⚠️ [风控] ADAUSDT RSI=29 超卖, 禁止BUY
    ⏸️ ADAUSDT: V8=80 G12=80 Miro=59 → 76 [HOLD]

[3] 💰 交易:

[4] 📋 账户:
    余额: {'LTC': 0.096956, 'USDT': 14.98076288, 'ETC': 0.61948, 'XRP': 963.36, 'ADA': 205.9943, 'ATOM': 2.55744, 'DOGE': 0.199, 'LDUSDT': 88.46244908, 'DOT': 4.25045, 'UNI': 1.66354, 'AVAX': 0.55967, 'NEAR': 0.0579, 'PEPE': 0.7, 'FLOKI': 0.67, 'AI': 187.8939, 'BOME': 0.37, 'NEIRO': 0.09, 'TURBO': 0.871}
    订单: 0

[5] 💓 Watchdog: HEALTHY (0%)
[14:36:44] ✅ 周期 #1 完成

======================================================================
🚀 QuantMaster Q@C v12.0.0 - 完全体
======================================================================
   [API] 🟢 实盘账户: USDT=14.98
   [MODE] 🟢 LIVE 实盘
✅ V8 50% + G12 30% + Mirofish 20%
✅ API完全接管: 实盘
[14:37:44] 📦 启动 v12.0.0 (RSI保护)

======================================================================
📊 #1 [14:37:44] LIVE
💰 USDT: $14.98 | ADA: 205.99
======================================================================

[1] 🔍 探测: 15币种, 1机会

[2] 📊 分析:
   ⚠️ [风控] BTCUSDT RSI=29 超卖, 禁止BUY
    ⏸️ BTCUSDT: V8=70 G12=80 Miro=66 → 72 [HOLD]
    ✅ ETHUSDT: V8=30 G12=50 Miro=49 → 40 [SELL]
    ⏸️ XRPUSDT: V8=30 G12=80 Miro=58 → 50 [HOLD]
    ⏸️ SOLUSDT: V8=30 G12=80 Miro=49 → 49 [HOLD]
   ⚠️ [风控] ADAUSDT RSI=29 超卖, 禁止BUY
    ⏸️ ADAUSDT: V8=70 G12=80 Miro=66 → 72 [HOLD]

[3] 💰 交易:

[4] 📋 账户:
    余额: {'LTC': 0.096956, 'USDT': 14.98076288, 'ETC': 0.61948, 'XRP': 963.36, 'ADA': 205.9943, 'ATOM': 2.55744, 'DOGE': 0.199, 'LDUSDT': 88.46244908, 'DOT': 4.25045, 'UNI': 1.66354, 'AVAX': 0.55967, 'NEAR': 0.0579, 'PEPE': 0.7, 'FLOKI': 0.67, 'AI': 187.8939, 'BOME': 0.37, 'NEIRO': 0.09, 'TURBO': 0.871}
    订单: 0

[5] 💓 Watchdog: HEALTHY (0%)
[14:37:55] ✅ 周期 #1 完成

======================================================================
🚀 QuantMaster Q@C v12.0.0 - 完全体
======================================================================
   [API] 🟢 实盘账户: USDT=14.98
   [MODE] 🟢 LIVE 实盘
✅ V8 50% + G12 30% + Mirofish 20%
✅ API完全接管: 实盘
[14:38:56] 📦 启动 v12.0.0 (RSI保护)

======================================================================
📊 #1 [14:38:56] LIVE
💰 USDT: $14.98 | ADA: 205.99
======================================================================

[1] 🔍 探测: 15币种, 1机会

[2] 📊 分析:
   ⚠️ [风控] BTCUSDT RSI=29 超卖, 禁止BUY
    ⏸️ BTCUSDT: V8=70 G12=80 Miro=66 → 72 [HOLD]
    ✅ ETHUSDT: V8=30 G12=50 Miro=49 → 40 [SELL]
    ⏸️ XRPUSDT: V8=30 G12=80 Miro=58 → 50 [HOLD]
    ⏸️ SOLUSDT: V8=30 G12=80 Miro=49 → 49 [HOLD]
   ⚠️ [风控] ADAUSDT RSI=29 超卖, 禁止BUY
    ⏸️ ADAUSDT: V8=80 G12=80 Miro=59 → 76 [HOLD]

[3] 💰 交易:

[4] 📋 账户:
    余额: {'LTC': 0.096956, 'USDT': 14.98076288, 'ETC': 0.61948, 'XRP': 963.36, 'ADA': 205.9943, 'ATOM': 2.55744, 'DOGE': 0.199, 'LDUSDT': 88.46244908, 'DOT': 4.25045, 'UNI': 1.66354, 'AVAX': 0.55967, 'NEAR': 0.0579, 'PEPE': 0.7, 'FLOKI': 0.67, 'AI': 187.8939, 'BOME': 0.37, 'NEIRO': 0.09, 'TURBO': 0.871}
    订单: 0

[5] 💓 Watchdog: HEALTHY (0%)
[14:39:03] ✅ 周期 #1 完成

======================================================================
🚀 QuantMaster Q@C v12.0.0 - 完全体
======================================================================
   [API] 🟢 实盘账户: USDT=14.98
   [MODE] 🟢 LIVE 实盘
✅ V8 50% + G12 30% + Mirofish 20%
✅ API完全接管: 实盘
[14:40:05] 📦 启动 v12.0.0 (RSI保护)

======================================================================
📊 #1 [14:40:05] LIVE
💰 USDT: $14.98 | ADA: 205.99
======================================================================

[1] 🔍 探测: 15币种, 1机会

[2] 📊 分析:
   ⚠️ [风控] BTCUSDT RSI=30 超卖, 禁止BUY
    ⏸️ BTCUSDT: V8=70 G12=80 Miro=66 → 72 [HOLD]
    ✅ ETHUSDT: V8=30 G12=50 Miro=49 → 40 [SELL]
    ⏸️ XRPUSDT: V8=30 G12=80 Miro=58 → 50 [HOLD]
    ⏸️ SOLUSDT: V8=30 G12=80 Miro=49 → 49 [HOLD]
   ⚠️ [风控] ADAUSDT RSI=29 超卖, 禁止BUY
    ⏸️ ADAUSDT: V8=80 G12=80 Miro=59 → 76 [HOLD]

[3] 💰 交易:

[4] 📋 账户:
    余额: {'LTC': 0.096956, 'USDT': 14.98076288, 'ETC': 0.61948, 'XRP': 963.36, 'ADA': 205.9943, 'ATOM': 2.55744, 'DOGE': 0.199, 'LDUSDT': 88.46244908, 'DOT': 4.25045, 'UNI': 1.66354, 'AVAX': 0.55967, 'NEAR': 0.0579, 'PEPE': 0.7, 'FLOKI': 0.67, 'AI': 187.8939, 'BOME': 0.37, 'NEIRO': 0.09, 'TURBO': 0.871}
    订单: 0

[5] 💓 Watchdog: HEALTHY (0%)
[14:40:16] ✅ 周期 #1 完成

======================================================================
🚀 QuantMaster Q@C v12.0.0 - 完全体
======================================================================
   [API] 🟢 实盘账户: USDT=14.98
   [MODE] 🟢 LIVE 实盘
✅ V8 50% + G12 30% + Mirofish 20%
✅ API完全接管: 实盘
[14:41:18] 📦 启动 v12.0.0 (RSI保护)

======================================================================
📊 #1 [14:41:18] LIVE
💰 USDT: $14.98 | ADA: 205.99
======================================================================

[1] 🔍 探测: 15币种, 1机会

[2] 📊 分析:
   ⚠️ [风控] BTCUSDT RSI=29 超卖, 禁止BUY
    ⏸️ BTCUSDT: V8=70 G12=80 Miro=66 → 72 [HOLD]
    ✅ ETHUSDT: V8=30 G12=50 Miro=49 → 40 [SELL]
    ⏸️ XRPUSDT: V8=30 G12=80 Miro=58 → 50 [HOLD]
    ⏸️ SOLUSDT: V8=30 G12=80 Miro=49 → 49 [HOLD]
   ⚠️ [风控] ADAUSDT RSI=29 超卖, 禁止BUY
    ⏸️ ADAUSDT: V8=80 G12=80 Miro=59 → 76 [HOLD]

[3] 💰 交易:

[4] 📋 账户:
    余额: {'LTC': 0.096956, 'USDT': 14.98076288, 'ETC': 0.61948, 'XRP': 963.36, 'ADA': 205.9943, 'ATOM': 2.55744, 'DOGE': 0.199, 'LDUSDT': 88.46244908, 'DOT': 4.25045, 'UNI': 1.66354, 'AVAX': 0.55967, 'NEAR': 0.0579, 'PEPE': 0.7, 'FLOKI': 0.67, 'AI': 187.8939, 'BOME': 0.37, 'NEIRO': 0.09, 'TURBO': 0.871}
    订单: 0

[5] 💓 Watchdog: HEALTHY (0%)
[14:41:27] ✅ 周期 #1 完成

======================================================================
🚀 QuantMaster Q@C v12.0.0 - 完全体
======================================================================
   [API] 🟢 实盘账户: USDT=14.98
   [MODE] 🟢 LIVE 实盘
✅ V8 50% + G12 30% + Mirofish 20%
✅ API完全接管: 实盘
[14:42:28] 📦 启动 v12.0.0 (RSI保护)

======================================================================
📊 #1 [14:42:28] LIVE
💰 USDT: $14.98 | ADA: 205.99
======================================================================

[1] 🔍 探测: 15币种, 1机会

[2] 📊 分析:
   ⚠️ [风控] BTCUSDT RSI=30 超卖, 禁止BUY
    ⏸️ BTCUSDT: V8=70 G12=80 Miro=66 → 72 [HOLD]
    ✅ ETHUSDT: V8=30 G12=50 Miro=49 → 40 [SELL]
    ⏸️ XRPUSDT: V8=30 G12=80 Miro=58 → 50 [HOLD]
    ⏸️ SOLUSDT: V8=30 G12=80 Miro=49 → 49 [HOLD]
   ⚠️ [风控] ADAUSDT RSI=28 超卖, 禁止BUY
    ⏸️ ADAUSDT: V8=80 G12=80 Miro=59 → 76 [HOLD]

[3] 💰 交易:

[4] 📋 账户:
    余额: {'LTC': 0.096956, 'USDT': 14.98076288, 'ETC': 0.61948, 'XRP': 963.36, 'ADA': 205.9943, 'ATOM': 2.55744, 'DOGE': 0.199, 'LDUSDT': 88.46244908, 'DOT': 4.25045, 'UNI': 1.66354, 'AVAX': 0.55967, 'NEAR': 0.0579, 'PEPE': 0.7, 'FLOKI': 0.67, 'AI': 187.8939, 'BOME': 0.37, 'NEIRO': 0.09, 'TURBO': 0.871}
    订单: 0

[5] 💓 Watchdog: HEALTHY (0%)
[14:42:38] ✅ 周期 #1 完成

======================================================================
🚀 QuantMaster Q@C v12.0.0 - 完全体
======================================================================
   [API] 🟢 实盘账户: USDT=14.98
   [MODE] 🟢 LIVE 实盘
✅ V8 50% + G12 30% + Mirofish 20%
✅ API完全接管: 实盘
[14:43:38] 📦 启动 v12.0.0 (RSI保护)

======================================================================
📊 #1 [14:43:38] LIVE
💰 USDT: $14.98 | ADA: 205.99
======================================================================

[1] 🔍 探测: 15币种, 1机会

[2] 📊 分析:
   ⚠️ [风控] BTCUSDT RSI=30 超卖, 禁止BUY
    ⏸️ BTCUSDT: V8=70 G12=80 Miro=66 → 72 [HOLD]
    ✅ ETHUSDT: V8=30 G12=50 Miro=49 → 40 [SELL]
    ⏸️ XRPUSDT: V8=30 G12=80 Miro=58 → 50 [HOLD]
    ⏸️ SOLUSDT: V8=30 G12=80 Miro=49 → 49 [HOLD]
   ⚠️ [风控] ADAUSDT RSI=28 超卖, 禁止BUY
    ⏸️ ADAUSDT: V8=80 G12=80 Miro=59 → 76 [HOLD]

[3] 💰 交易:

[4] 📋 账户:
    余额: {'LTC': 0.096956, 'USDT': 14.98076288, 'ETC': 0.61948, 'XRP': 963.36, 'ADA': 205.9943, 'ATOM': 2.55744, 'DOGE': 0.199, 'LDUSDT': 88.46244908, 'DOT': 4.25045, 'UNI': 1.66354, 'AVAX': 0.55967, 'NEAR': 0.0579, 'PEPE': 0.7, 'FLOKI': 0.67, 'AI': 187.8939, 'BOME': 0.37, 'NEIRO': 0.09, 'TURBO': 0.871}
    订单: 0

[5] 💓 Watchdog: HEALTHY (0%)
[14:43:51] ✅ 周期 #1 完成

======================================================================
🚀 QuantMaster Q@C v12.0.0 - 完全体
======================================================================
   [API] 🟢 实盘账户: USDT=14.98
   [MODE] 🟢 LIVE 实盘
✅ V8 50% + G12 30% + Mirofish 20%
✅ API完全接管: 实盘
[14:44:51] 📦 启动 v12.0.0 (RSI保护)

======================================================================
📊 #1 [14:44:51] LIVE
💰 USDT: $14.98 | ADA: 205.99
======================================================================

[1] 🔍 探测: 15币种, 1机会

[2] 📊 分析:
   ⚠️ [风控] BTCUSDT RSI=28 超卖, 禁止BUY
    ⏸️ BTCUSDT: V8=70 G12=80 Miro=59 → 71 [HOLD]
    ✅ ETHUSDT: V8=30 G12=50 Miro=49 → 40 [SELL]
    ⏸️ XRPUSDT: V8=30 G12=80 Miro=58 → 50 [HOLD]
    ⏸️ SOLUSDT: V8=30 G12=80 Miro=49 → 49 [HOLD]
   ⚠️ [风控] ADAUSDT RSI=28 超卖, 禁止BUY
    ⏸️ ADAUSDT: V8=80 G12=80 Miro=59 → 76 [HOLD]

[3] 💰 交易:

[4] 📋 账户:
    余额: {'LTC': 0.096956, 'USDT': 14.98076288, 'ETC': 0.61948, 'XRP': 963.36, 'ADA': 205.9943, 'ATOM': 2.55744, 'DOGE': 0.199, 'LDUSDT': 88.46244908, 'DOT': 4.25045, 'UNI': 1.66354, 'AVAX': 0.55967, 'NEAR': 0.0579, 'PEPE': 0.7, 'FLOKI': 0.67, 'AI': 187.8939, 'BOME': 0.37, 'NEIRO': 0.09, 'TURBO': 0.871}
    订单: 0

[5] 💓 Watchdog: HEALTHY (0%)
[14:44:57] ✅ 周期 #1 完成

======================================================================
🚀 QuantMaster Q@C v12.0.0 - 完全体
======================================================================
   [API] 🟢 实盘账户: USDT=14.98
   [MODE] 🟢 LIVE 实盘
✅ V8 50% + G12 30% + Mirofish 20%
✅ API完全接管: 实盘
[14:45:57] 📦 启动 v12.0.0 (RSI保护)

======================================================================
📊 #1 [14:45:57] LIVE
💰 USDT: $14.98 | ADA: 205.99
======================================================================

[1] 🔍 探测: 15币种, 1机会

[2] 📊 分析:
   ⚠️ [风控] BTCUSDT RSI=29 超卖, 禁止BUY
    ⏸️ BTCUSDT: V8=70 G12=80 Miro=66 → 72 [HOLD]
    ✅ ETHUSDT: V8=30 G12=50 Miro=49 → 40 [SELL]
    ⏸️ XRPUSDT: V8=30 G12=80 Miro=58 → 50 [HOLD]
    ⏸️ SOLUSDT: V8=30 G12=80 Miro=49 → 49 [HOLD]
   ⚠️ [风控] ADAUSDT RSI=28 超卖, 禁止BUY
    ⏸️ ADAUSDT: V8=80 G12=80 Miro=59 → 76 [HOLD]

[3] 💰 交易:

[4] 📋 账户:
    余额: {'LTC': 0.096956, 'USDT': 14.98076288, 'ETC': 0.61948, 'XRP': 963.36, 'ADA': 205.9943, 'ATOM': 2.55744, 'DOGE': 0.199, 'LDUSDT': 88.46244908, 'DOT': 4.25045, 'UNI': 1.66354, 'AVAX': 0.55967, 'NEAR': 0.0579, 'PEPE': 0.7, 'FLOKI': 0.67, 'AI': 187.8939, 'BOME': 0.37, 'NEIRO': 0.09, 'TURBO': 0.871}
    订单: 0

[5] 💓 Watchdog: HEALTHY (0%)
[14:46:05] ✅ 周期 #1 完成

======================================================================
🚀 QuantMaster Q@C v12.0.0 - 完全体
======================================================================
   [API] 🟢 实盘账户: USDT=14.98
   [MODE] 🟢 LIVE 实盘
✅ V8 50% + G12 30% + Mirofish 20%
✅ API完全接管: 实盘
[14:47:05] 📦 启动 v12.0.0 (RSI保护)

======================================================================
📊 #1 [14:47:05] LIVE
💰 USDT: $14.98 | ADA: 205.99
======================================================================

[1] 🔍 探测: 15币种, 1机会

[2] 📊 分析:
   ⚠️ [风控] BTCUSDT RSI=28 超卖, 禁止BUY
    ⏸️ BTCUSDT: V8=70 G12=80 Miro=59 → 71 [HOLD]
    ✅ ETHUSDT: V8=30 G12=50 Miro=49 → 40 [SELL]
    ✅ XRPUSDT: V8=65 G12=80 Miro=66 → 70 [BUY]
    ⏸️ SOLUSDT: V8=30 G12=80 Miro=49 → 49 [HOLD]
   ⚠️ [风控] ADAUSDT RSI=27 超卖, 禁止BUY
    ⏸️ ADAUSDT: V8=80 G12=80 Miro=59 → 76 [HOLD]

[3] 💰 交易:

[4] 📋 账户:
    余额: {'LTC': 0.096956, 'USDT': 14.98076288, 'ETC': 0.61948, 'XRP': 963.36, 'ADA': 205.9943, 'ATOM': 2.55744, 'DOGE': 0.199, 'LDUSDT': 88.46244908, 'DOT': 4.25045, 'UNI': 1.66354, 'AVAX': 0.55967, 'NEAR': 0.0579, 'PEPE': 0.7, 'FLOKI': 0.67, 'AI': 187.8939, 'BOME': 0.37, 'NEIRO': 0.09, 'TURBO': 0.871}
    订单: 0

[5] 💓 Watchdog: HEALTHY (0%)
[14:47:12] ✅ 周期 #1 完成

======================================================================
🚀 QuantMaster Q@C v12.0.0 - 完全体
======================================================================
   [API] 🟢 实盘账户: USDT=14.98
   [MODE] 🟢 LIVE 实盘
✅ V8 50% + G12 30% + Mirofish 20%
✅ API完全接管: 实盘
[14:48:13] 📦 启动 v12.0.0 (RSI保护)

======================================================================
📊 #1 [14:48:13] LIVE
💰 USDT: $14.98 | ADA: 205.99
======================================================================

[1] 🔍 探测: 15币种, 1机会

[2] 📊 分析:
   ⚠️ [风控] BTCUSDT RSI=27 超卖, 禁止BUY
    ⏸️ BTCUSDT: V8=80 G12=80 Miro=59 → 76 [HOLD]
    ✅ ETHUSDT: V8=30 G12=50 Miro=49 → 40 [SELL]
    ✅ XRPUSDT: V8=65 G12=80 Miro=59 → 68 [BUY]
    ⏸️ SOLUSDT: V8=30 G12=80 Miro=49 → 49 [HOLD]
   ⚠️ [风控] ADAUSDT RSI=27 超卖, 禁止BUY
    ⏸️ ADAUSDT: V8=80 G12=80 Miro=59 → 76 [HOLD]

[3] 💰 交易:

[4] 📋 账户:
    余额: {'LTC': 0.096956, 'USDT': 14.98076288, 'ETC': 0.61948, 'XRP': 963.36, 'ADA': 205.9943, 'ATOM': 2.55744, 'DOGE': 0.199, 'LDUSDT': 88.46244908, 'DOT': 4.25045, 'UNI': 1.66354, 'AVAX': 0.55967, 'NEAR': 0.0579, 'PEPE': 0.7, 'FLOKI': 0.67, 'AI': 187.8939, 'BOME': 0.37, 'NEIRO': 0.09, 'TURBO': 0.871}
    订单: 0

[5] 💓 Watchdog: HEALTHY (0%)
[14:48:20] ✅ 周期 #1 完成

======================================================================
🚀 QuantMaster Q@C v12.0.0 - 完全体
======================================================================
   [API] 🟢 实盘账户: USDT=14.98
   [MODE] 🟢 LIVE 实盘
✅ V8 50% + G12 30% + Mirofish 20%
✅ API完全接管: 实盘
[14:49:20] 📦 启动 v12.0.0 (RSI保护)

======================================================================
📊 #1 [14:49:20] LIVE
💰 USDT: $14.98 | ADA: 205.99
======================================================================

[1] 🔍 探测: 15币种, 1机会

[2] 📊 分析:
   ⚠️ [风控] BTCUSDT RSI=28 超卖, 禁止BUY
    ⏸️ BTCUSDT: V8=70 G12=80 Miro=59 → 71 [HOLD]
    ✅ ETHUSDT: V8=30 G12=50 Miro=49 → 40 [SELL]
    ✅ XRPUSDT: V8=65 G12=80 Miro=59 → 68 [BUY]
    ⏸️ SOLUSDT: V8=30 G12=80 Miro=49 → 49 [HOLD]
   ⚠️ [风控] ADAUSDT RSI=27 超卖, 禁止BUY
    ⏸️ ADAUSDT: V8=80 G12=80 Miro=59 → 76 [HOLD]

[3] 💰 交易:

[4] 📋 账户:
    余额: {'LTC': 0.096956, 'USDT': 14.98076288, 'ETC': 0.61948, 'XRP': 963.36, 'ADA': 205.9943, 'ATOM': 2.55744, 'DOGE': 0.199, 'LDUSDT': 88.46244908, 'DOT': 4.25045, 'UNI': 1.66354, 'AVAX': 0.55967, 'NEAR': 0.0579, 'PEPE': 0.7, 'FLOKI': 0.67, 'AI': 187.8939, 'BOME': 0.37, 'NEIRO': 0.09, 'TURBO': 0.871}
    订单: 0

[5] 💓 Watchdog: HEALTHY (0%)
[14:49:26] ✅ 周期 #1 完成

======================================================================
🚀 QuantMaster Q@C v12.0.0 - 完全体
======================================================================
   [API] 🟢 实盘账户: USDT=14.98
   [MODE] 🟢 LIVE 实盘
✅ V8 50% + G12 30% + Mirofish 20%
✅ API完全接管: 实盘
[14:50:27] 📦 启动 v12.0.0 (RSI保护)

======================================================================
📊 #1 [14:50:27] LIVE
💰 USDT: $14.98 | ADA: 205.99
======================================================================

[1] 🔍 探测: 15币种, 1机会

[2] 📊 分析:
   ⚠️ [风控] BTCUSDT RSI=29 超卖, 禁止BUY
    ⏸️ BTCUSDT: V8=70 G12=80 Miro=66 → 72 [HOLD]
    ✅ ETHUSDT: V8=30 G12=50 Miro=49 → 40 [SELL]
    ✅ XRPUSDT: V8=65 G12=80 Miro=66 → 70 [BUY]
    ⏸️ SOLUSDT: V8=30 G12=80 Miro=49 → 49 [HOLD]
   ⚠️ [风控] ADAUSDT RSI=28 超卖, 禁止BUY
    ⏸️ ADAUSDT: V8=80 G12=80 Miro=59 → 76 [HOLD]

[3] 💰 交易:

[4] 📋 账户:
    余额: {'LTC': 0.096956, 'USDT': 14.98076288, 'ETC': 0.61948, 'XRP': 963.36, 'ADA': 205.9943, 'ATOM': 2.55744, 'DOGE': 0.199, 'LDUSDT': 88.46244908, 'DOT': 4.25045, 'UNI': 1.66354, 'AVAX': 0.55967, 'NEAR': 0.0579, 'PEPE': 0.7, 'FLOKI': 0.67, 'AI': 187.8939, 'BOME': 0.37, 'NEIRO': 0.09, 'TURBO': 0.871}
    订单: 0

[5] 💓 Watchdog: HEALTHY (0%)
[14:50:36] ✅ 周期 #1 完成

======================================================================
🚀 QuantMaster Q@C v12.0.0 - 完全体
======================================================================
   [API] 🟢 实盘账户: USDT=14.98
   [MODE] 🟢 LIVE 实盘
✅ V8 50% + G12 30% + Mirofish 20%
✅ API完全接管: 实盘
[14:51:37] 📦 启动 v12.0.0 (RSI保护)

======================================================================
📊 #1 [14:51:37] LIVE
💰 USDT: $14.98 | ADA: 205.99
======================================================================

[1] 🔍 探测: 15币种, 1机会

[2] 📊 分析:
   ⚠️ [风控] BTCUSDT RSI=29 超卖, 禁止BUY
    ⏸️ BTCUSDT: V8=70 G12=80 Miro=66 → 72 [HOLD]
    ✅ ETHUSDT: V8=30 G12=50 Miro=49 → 40 [SELL]
    ✅ XRPUSDT: V8=65 G12=80 Miro=66 → 70 [BUY]
    ⏸️ SOLUSDT: V8=30 G12=80 Miro=49 → 49 [HOLD]
   ⚠️ [风控] ADAUSDT RSI=28 超卖, 禁止BUY
    ⏸️ ADAUSDT: V8=80 G12=80 Miro=59 → 76 [HOLD]

[3] 💰 交易:

[4] 📋 账户:
    余额: {'LTC': 0.096956, 'USDT': 14.98076288, 'ETC': 0.61948, 'XRP': 963.36, 'ADA': 205.9943, 'ATOM': 2.55744, 'DOGE': 0.199, 'LDUSDT': 88.46244908, 'DOT': 4.25045, 'UNI': 1.66354, 'AVAX': 0.55967, 'NEAR': 0.0579, 'PEPE': 0.7, 'FLOKI': 0.67, 'AI': 187.8939, 'BOME': 0.37, 'NEIRO': 0.09, 'TURBO': 0.871}
    订单: 0

[5] 💓 Watchdog: HEALTHY (0%)
[14:51:47] ✅ 周期 #1 完成
[14:52:30] ✅ 已关闭
==================================================
Q@C v12.1.0 Daemon - 自我纠正版
==================================================

======================================================================
🚀 QuantMaster Q@C v12.1.0 - 完全体
======================================================================
   [API] 🟢 实盘账户: USDT=14.98
   [MODE] 🟢 LIVE 实盘
✅ V8 50% + G12 30% + Mirofish 20%
✅ API完全接管: 实盘
[14:52:42] 📦 启动 v12.1.0 (自我纠正)

======================================================================
📊 #1 [14:52:42] LIVE
💰 USDT: $14.98 | ADA: 205.99
======================================================================

[2] 🔍 探测: 15币种, 1机会

[3] 📊 分析:
   ⚠️ [风控] BTCUSDT RSI=29 超卖, 禁止BUY
    ⏸️ BTCUSDT: V8=70 G12=80 Miro=66 → 72 [HOLD]
    ✅ ETHUSDT: V8=30 G12=50 Miro=49 → 40 [SELL]
    ✅ XRPUSDT: V8=65 G12=80 Miro=66 → 70 [BUY]
    ⏸️ SOLUSDT: V8=30 G12=80 Miro=49 → 49 [HOLD]
   ⚠️ [风控] ADAUSDT RSI=28 超卖, 禁止BUY
    ⏸️ ADAUSDT: V8=80 G12=80 Miro=59 → 76 [HOLD]

[4] 💰 交易:

[5] 📋 账户:
    余额: {'LTC': 0.096956, 'USDT': 14.98076288, 'ETC': 0.61948, 'XRP': 963.36, 'ADA': 205.9943, 'ATOM': 2.55744, 'DOGE': 0.199, 'LDUSDT': 88.46244908, 'DOT': 4.25045, 'UNI': 1.66354, 'AVAX': 0.55967, 'NEAR': 0.0579, 'PEPE': 0.7, 'FLOKI': 0.67, 'AI': 187.8939, 'BOME': 0.37, 'NEIRO': 0.09, 'TURBO': 0.871}
    订单: 0

[5] 🔧 自动风控检查...
[14:52:53] ❌ name 'prices' is not defined

======================================================================
🚀 QuantMaster Q@C v12.1.0 - 完全体
======================================================================
   [API] 🟢 实盘账户: USDT=14.98
   [MODE] 🟢 LIVE 实盘
✅ V8 50% + G12 30% + Mirofish 20%
✅ API完全接管: 实盘
[14:53:55] 📦 启动 v12.1.0 (自我纠正)

======================================================================
📊 #1 [14:53:55] LIVE
💰 USDT: $14.98 | ADA: 205.99
======================================================================

[2] 🔍 探测: 15币种, 1机会

[3] 📊 分析:
   ⚠️ [风控] BTCUSDT RSI=27 超卖, 禁止BUY
    ⏸️ BTCUSDT: V8=70 G12=80 Miro=59 → 71 [HOLD]
    ✅ ETHUSDT: V8=30 G12=50 Miro=49 → 40 [SELL]
    ✅ XRPUSDT: V8=65 G12=80 Miro=59 → 68 [BUY]
    ⏸️ SOLUSDT: V8=30 G12=80 Miro=49 → 49 [HOLD]
   ⚠️ [风控] ADAUSDT RSI=27 超卖, 禁止BUY
    ⏸️ ADAUSDT: V8=80 G12=80 Miro=59 → 76 [HOLD]

[4] 💰 交易:

[5] 📋 账户:
    余额: {'LTC': 0.096956, 'USDT': 14.98076288, 'ETC': 0.61948, 'XRP': 963.36, 'ADA': 205.9943, 'ATOM': 2.55744, 'DOGE': 0.199, 'LDUSDT': 88.46244908, 'DOT': 4.25045, 'UNI': 1.66354, 'AVAX': 0.55967, 'NEAR': 0.0579, 'PEPE': 0.7, 'FLOKI': 0.67, 'AI': 187.8939, 'BOME': 0.37, 'NEIRO': 0.09, 'TURBO': 0.871}
    订单: 0

[5] 🔧 自动风控检查...
[14:54:03] ❌ name 'prices' is not defined
[14:54:08] ✅ 已关闭
==================================================
Q@C v12.1.0 Daemon - 自我纠正版
==================================================

======================================================================
🚀 QuantMaster Q@C v12.1.0 - 完全体
======================================================================
   [API] 🟢 实盘账户: USDT=14.98
   [MODE] 🟢 LIVE 实盘
✅ V8 50% + G12 30% + Mirofish 20%
✅ API完全接管: 实盘
[14:54:14] 📦 启动 v12.1.0 (自我纠正)

======================================================================
📊 #1 [14:54:14] LIVE
💰 USDT: $14.98 | ADA: 205.99
======================================================================

[2] 🔍 探测: 15币种, 1机会

[3] 📊 分析:
   ⚠️ [风控] BTCUSDT RSI=27 超卖, 禁止BUY
    ⏸️ BTCUSDT: V8=80 G12=80 Miro=59 → 76 [HOLD]
    ✅ ETHUSDT: V8=30 G12=50 Miro=49 → 40 [SELL]
    ✅ XRPUSDT: V8=65 G12=80 Miro=59 → 68 [BUY]
    ⏸️ SOLUSDT: V8=30 G12=80 Miro=49 → 49 [HOLD]
   ⚠️ [风控] ADAUSDT RSI=27 超卖, 禁止BUY
    ⏸️ ADAUSDT: V8=80 G12=80 Miro=59 → 76 [HOLD]

[4] 💰 交易:

[5] 📋 账户:
    余额: {'LTC': 0.096956, 'USDT': 14.98076288, 'ETC': 0.61948, 'XRP': 963.36, 'ADA': 205.9943, 'ATOM': 2.55744, 'DOGE': 0.199, 'LDUSDT': 88.46244908, 'DOT': 4.25045, 'UNI': 1.66354, 'AVAX': 0.55967, 'NEAR': 0.0579, 'PEPE': 0.7, 'FLOKI': 0.67, 'AI': 187.8939, 'BOME': 0.37, 'NEIRO': 0.09, 'TURBO': 0.871}
    订单: 0

[5] 🔧 自动风控检查...
[14:54:29] ❌ name 'all_results' is not defined

======================================================================
🚀 QuantMaster Q@C v12.1.0 - 完全体
======================================================================
   [API] 🟢 实盘账户: USDT=780.50
   [MODE] 🟢 LIVE 实盘
✅ V8 50% + G12 30% + Mirofish 20%
✅ API完全接管: 实盘
[14:55:29] 📦 启动 v12.1.0 (自我纠正)

======================================================================
📊 #1 [14:55:29] LIVE
💰 USDT: $780.50 | ADA: 205.99
======================================================================

[2] 🔍 探测: 15币种, 1机会

[3] 📊 分析:
   ⚠️ [风控] BTCUSDT RSI=27 超卖, 禁止BUY
    ⏸️ BTCUSDT: V8=80 G12=80 Miro=59 → 76 [HOLD]
    ✅ ETHUSDT: V8=30 G12=50 Miro=49 → 40 [SELL]
    ✅ XRPUSDT: V8=65 G12=80 Miro=59 → 68 [BUY]
==================================================
Q@C v12.1.0 Daemon - 自我纠正版
==================================================

======================================================================
🚀 QuantMaster Q@C v12.1.0 - 完全体
======================================================================
    ⏸️ SOLUSDT: V8=30 G12=80 Miro=49 → 49 [HOLD]
   [API] 🟢 实盘账户: USDT=780.50
   [MODE] 🟢 LIVE 实盘
✅ V8 50% + G12 30% + Mirofish 20%
✅ API完全接管: 实盘
[14:55:36] 📦 启动 v12.1.0 (自我纠正)

======================================================================
📊 #1 [14:55:36] LIVE
💰 USDT: $780.50 | ADA: 205.99
======================================================================

[2] 🔍 探测:    ⚠️ [风控] ADAUSDT RSI=27 超卖, 禁止BUY
    ⏸️ ADAUSDT: V8=80 G12=80 Miro=59 → 76 [HOLD]

[4] 💰 交易:

[5] 📋 账户:
    余额: {'LTC': 0.096956, 'USDT': 780.50147588, 'ETC': 0.61948, 'XRP': 357.36, 'ADA': 205.9943, 'ATOM': 2.55744, 'DOGE': 0.199, 'LDUSDT': 88.46244908, 'DOT': 4.25045, 'UNI': 1.66354, 'AVAX': 0.55967, 'NEAR': 0.0579, 'PEPE': 0.7, 'FLOKI': 0.67, 'AI': 187.8939, 'BOME': 0.37, 'NEIRO': 0.09, 'TURBO': 0.871}
    订单: 0

[5] 🔧 自动风控检查...
[14:55:38] ❌ name 'all_results' is not defined
[14:55:38] ✅ 已关闭
15币种, 1机会

[3] 📊 分析:
   ⚠️ [风控] BTCUSDT RSI=26 超卖, 禁止BUY
    ⏸️ BTCUSDT: V8=80 G12=80 Miro=59 → 76 [HOLD]
    ✅ ETHUSDT: V8=30 G12=50 Miro=49 → 40 [SELL]
    ✅ XRPUSDT: V8=65 G12=80 Miro=59 → 68 [BUY]
    ⏸️ SOLUSDT: V8=30 G12=80 Miro=49 → 49 [HOLD]
   ⚠️ [风控] ADAUSDT RSI=27 超卖, 禁止BUY
    ⏸️ ADAUSDT: V8=80 G12=80 Miro=59 → 76 [HOLD]

[4] 💰 交易:

[5] 📋 账户:
    余额: {'LTC': 0.096956, 'USDT': 780.50147588, 'ETC': 0.61948, 'XRP': 357.36, 'ADA': 205.9943, 'ATOM': 2.55744, 'DOGE': 0.199, 'LDUSDT': 88.46244908, 'DOT': 4.25045, 'UNI': 1.66354, 'AVAX': 0.55967, 'NEAR': 0.0579, 'PEPE': 0.7, 'FLOKI': 0.67, 'AI': 187.8939, 'BOME': 0.37, 'NEIRO': 0.09, 'TURBO': 0.871}
    订单: 0

[5] 🔧 自动风控检查...
   🔴 [自动纠正] 集中度55.3%>40%, 减持至32%
   📤 执行减持: 卖出 328.93 USDTUSDT
   [LIVE] ❌ 订单失败: <urlopen error [SSL: UNEXPECTED_EOF_WHILE_READING] EOF occurred in violation of protocol (_ssl.c:1007)>
   📤 执行: 卖出 328.9345 USDT

[6] 💓 Watchdog: HEALTHY (0%)
[14:55:48] ✅ 周期 #1 完成

======================================================================
🚀 QuantMaster Q@C v12.1.0 - 完全体
======================================================================
   [API] 🟢 实盘账户: USDT=780.50
   [MODE] 🟢 LIVE 实盘
✅ V8 50% + G12 30% + Mirofish 20%
✅ API完全接管: 实盘
[14:56:49] 📦 启动 v12.1.0 (自我纠正)

======================================================================
📊 #1 [14:56:49] LIVE
💰 USDT: $780.50 | ADA: 205.99
======================================================================

[2] 🔍 探测:    [API] K线失败 NEIROUSDT: <urlopen error [SSL: UNEXPECTED_EOF_WHILE_READING] EOF occurred in violation of protocol (_ssl.c:1007)>
   [API] K线失败 RNDRUSDT: <urlopen error [SSL: UNEXPECTED_EOF_WHILE_READING] EOF occurred in violation of protocol (_ssl.c:1007)>
13币种, 1机会

[3] 📊 分析:
   ⚠️ [风控] BTCUSDT RSI=26 超卖, 禁止BUY
    ⏸️ BTCUSDT: V8=80 G12=80 Miro=59 → 76 [HOLD]
    ✅ ETHUSDT: V8=30 G12=50 Miro=49 → 40 [SELL]
    ✅ XRPUSDT: V8=65 G12=80 Miro=59 → 68 [BUY]
    ⏸️ SOLUSDT: V8=30 G12=80 Miro=49 → 49 [HOLD]
   ⚠️ [风控] ADAUSDT RSI=27 超卖, 禁止BUY
    ⏸️ ADAUSDT: V8=80 G12=80 Miro=59 → 76 [HOLD]

[4] 💰 交易:

[5] 📋 账户:
    余额: {'LTC': 0.096956, 'USDT': 780.50147588, 'ETC': 0.61948, 'XRP': 357.36, 'ADA': 205.9943, 'ATOM': 2.55744, 'DOGE': 0.199, 'LDUSDT': 88.46244908, 'DOT': 4.25045, 'UNI': 1.66354, 'AVAX': 0.55967, 'NEAR': 0.0579, 'PEPE': 0.7, 'FLOKI': 0.67, 'AI': 187.8939, 'BOME': 0.37, 'NEIRO': 0.09, 'TURBO': 0.871}
    订单: 0

[5] 🔧 自动风控检查...
   🔴 [自动纠正] 集中度55.3%>40%, 减持至32%
   📤 执行减持: 卖出 329.03 USDTUSDT
   [LIVE] ❌ 订单失败: HTTP Error 400: Bad Request
   📤 执行: 卖出 329.0314 USDT

[6] 💓 Watchdog: HEALTHY (0%)
[14:57:07] ✅ 周期 #1 完成

======================================================================
🚀 QuantMaster Q@C v12.1.0 - 完全体
======================================================================
   [API] 🟢 实盘账户: USDT=780.50
   [MODE] 🟢 LIVE 实盘
✅ V8 50% + G12 30% + Mirofish 20%
✅ API完全接管: 实盘
[14:58:08] 📦 启动 v12.1.0 (自我纠正)

======================================================================
📊 #1 [14:58:08] LIVE
💰 USDT: $780.50 | ADA: 205.99
======================================================================

[2] 🔍 探测: 15币种, 1机会

[3] 📊 分析:
   ⚠️ [风控] BTCUSDT RSI=27 超卖, 禁止BUY
    ⏸️ BTCUSDT: V8=80 G12=80 Miro=59 → 76 [HOLD]
    ✅ ETHUSDT: V8=30 G12=50 Miro=49 → 40 [SELL]
    ✅ XRPUSDT: V8=65 G12=80 Miro=59 → 68 [BUY]
    ⏸️ SOLUSDT: V8=30 G12=80 Miro=49 → 49 [HOLD]
   ⚠️ [风控] ADAUSDT RSI=27 超卖, 禁止BUY
    ⏸️ ADAUSDT: V8=80 G12=80 Miro=59 → 76 [HOLD]

[4] 💰 交易:

[5] 📋 账户:
    余额: {'LTC': 0.096956, 'USDT': 780.50147588, 'ETC': 0.61948, 'XRP': 357.36, 'ADA': 205.9943, 'ATOM': 2.55744, 'DOGE': 0.199, 'LDUSDT': 88.46244908, 'DOT': 4.25045, 'UNI': 1.66354, 'AVAX': 0.55967, 'NEAR': 0.0579, 'PEPE': 0.7, 'FLOKI': 0.67, 'AI': 187.8939, 'BOME': 0.37, 'NEIRO': 0.09, 'TURBO': 0.871}
    订单: 0

[5] 🔧 自动风控检查...
   🔴 [自动纠正] 集中度55.3%>40%, 减持至32%
   📤 执行减持: 卖出 328.77 USDTUSDT
   [LIVE] ❌ 订单失败: HTTP Error 400: Bad Request
   📤 执行: 卖出 328.7728 USDT

[6] 💓 Watchdog: HEALTHY (0%)
[14:58:23] ✅ 周期 #1 完成

======================================================================
🚀 QuantMaster Q@C v12.1.0 - 完全体
======================================================================
   [API] 🟢 实盘账户: USDT=780.50
   [MODE] 🟢 LIVE 实盘
✅ V8 50% + G12 30% + Mirofish 20%
✅ API完全接管: 实盘
[14:59:24] 📦 启动 v12.1.0 (自我纠正)

======================================================================
📊 #1 [14:59:24] LIVE
💰 USDT: $780.50 | ADA: 205.99
======================================================================

[2] 🔍 探测: 15币种, 1机会

[3] 📊 分析:
   ⚠️ [风控] BTCUSDT RSI=27 超卖, 禁止BUY
    ⏸️ BTCUSDT: V8=80 G12=80 Miro=59 → 76 [HOLD]
    ✅ ETHUSDT: V8=30 G12=50 Miro=49 → 40 [SELL]
    ✅ XRPUSDT: V8=65 G12=80 Miro=59 → 68 [BUY]
    ⏸️ SOLUSDT: V8=30 G12=80 Miro=49 → 49 [HOLD]
   ⚠️ [风控] ADAUSDT RSI=27 超卖, 禁止BUY
    ⏸️ ADAUSDT: V8=80 G12=80 Miro=59 → 76 [HOLD]

[4] 💰 交易:

[5] 📋 账户:
    余额: {'LTC': 0.096956, 'USDT': 780.50147588, 'ETC': 0.61948, 'XRP': 357.36, 'ADA': 205.9943, 'ATOM': 2.55744, 'DOGE': 0.199, 'LDUSDT': 88.46244908, 'DOT': 4.25045, 'UNI': 1.66354, 'AVAX': 0.55967, 'NEAR': 0.0579, 'PEPE': 0.7, 'FLOKI': 0.67, 'AI': 187.8939, 'BOME': 0.37, 'NEIRO': 0.09, 'TURBO': 0.871}
    订单: 0

[5] 🔧 自动风控检查...
   🔴 [自动纠正] 集中度55.3%>40%, 减持至32%
   📤 执行减持: 卖出 328.73 USDTUSDT
   [LIVE] ❌ 订单失败: HTTP Error 400: Bad Request
   📤 执行: 卖出 328.7339 USDT

[6] 💓 Watchdog: HEALTHY (0%)
[14:59:37] ✅ 周期 #1 完成

======================================================================
🚀 QuantMaster Q@C v12.1.0 - 完全体
======================================================================
   [API] 🟢 实盘账户: USDT=506.97
   [MODE] 🟢 LIVE 实盘
✅ V8 50% + G12 30% + Mirofish 20%
✅ API完全接管: 实盘
[15:00:37] 📦 启动 v12.1.0 (自我纠正)

======================================================================
📊 #1 [15:00:37] LIVE
💰 USDT: $506.97 | ADA: 205.99
======================================================================

[2] 🔍 探测: 15币种, 3机会

[3] 📊 分析:
   ⚠️ [风控] BTCUSDT RSI=25 超卖, 禁止BUY
    ⏸️ BTCUSDT: V8=85 G12=80 Miro=66 → 80 [HOLD]
    ✅ ETHUSDT: V8=30 G12=50 Miro=49 → 40 [SELL]
   [API] K线失败 XRPUSDT: <urlopen error [SSL: UNEXPECTED_EOF_WHILE_READING] EOF occurred in violation of protocol (_ssl.c:1007)>
    ⏸️ SOLUSDT: V8=30 G12=80 Miro=58 → 50 [HOLD]
   ⚠️ [风控] ADAUSDT RSI=24 超卖, 禁止BUY
    ⏸️ ADAUSDT: V8=85 G12=80 Miro=59 → 78 [HOLD]

[4] 💰 交易:

[5] 📋 账户:
    余额: {'LTC': 0.096956, 'USDT': 506.97107588, 'ETC': 0.61948, 'XRP': 357.36, 'ADA': 205.9943, 'ATOM': 2.55744, 'DOGE': 0.199, 'LDUSDT': 88.46244908, 'DOT': 4.25045, 'UNI': 1.66354, 'AVAX': 0.55967, 'NEAR': 0.0579, 'PEPE': 0.7, 'FLOKI': 0.67, 'AI': 187.8939, 'BOME': 0.37, 'NEIRO': 0.09, 'TURBO': 0.871}
    订单: 0

[5] 🔧 自动风控检查...
   🔴 [自动纠正] 集中度41.3%>40%, 减持至32%
   📤 执行: 卖出 0.0013 BTC
   🔴 [自动纠正] 集中度52.9%>40%, 减持至32%
   📤 执行减持: 卖出 200.04 USDTUSDT
   [LIVE] ❌ 订单失败: HTTP Error 400: Bad Request
   📤 执行: 卖出 200.0397 USDT

[6] 💓 Watchdog: HEALTHY (0%)
[15:00:55] ✅ 周期 #1 完成

======================================================================
🚀 QuantMaster Q@C v12.1.0 - 完全体
======================================================================
   [API] 🟢 实盘账户: USDT=506.97
   [MODE] 🟢 LIVE 实盘
✅ V8 50% + G12 30% + Mirofish 20%
✅ API完全接管: 实盘
[15:01:56] 📦 启动 v12.1.0 (自我纠正)

======================================================================
📊 #1 [15:01:56] LIVE
💰 USDT: $506.97 | ADA: 205.99
======================================================================

[2] 🔍 探测: 15币种, 4机会

[3] 📊 分析:
   ⚠️ [风控] BTCUSDT RSI=24 超卖, 禁止BUY
    ⏸️ BTCUSDT: V8=95 G12=80 Miro=59 → 83 [HOLD]
    ✅ ETHUSDT: V8=30 G12=50 Miro=49 → 40 [SELL]
   ⚠️ [风控] XRPUSDT RSI=26 超卖, 禁止BUY
    ⏸️ XRPUSDT: V8=95 G12=80 Miro=59 → 83 [HOLD]
    ⏸️ SOLUSDT: V8=30 G12=80 Miro=50 → 49 [HOLD]
   ⚠️ [风控] ADAUSDT RSI=23 超卖, 禁止BUY
    ⏸️ ADAUSDT: V8=95 G12=80 Miro=59 → 83 [HOLD]

[4] 💰 交易:

[5] 📋 账户:
    余额: {'LTC': 0.096956, 'USDT': 506.97107588, 'ETC': 0.61948, 'XRP': 357.36, 'ADA': 205.9943, 'ATOM': 2.55744, 'DOGE': 0.199, 'LDUSDT': 88.46244908, 'DOT': 4.25045, 'UNI': 1.66354, 'AVAX': 0.55967, 'NEAR': 0.0579, 'PEPE': 0.7, 'FLOKI': 0.67, 'AI': 187.8939, 'BOME': 0.37, 'NEIRO': 0.09, 'TURBO': 0.871}
    订单: 0

[5] 🔧 自动风控检查...

[6] 💓 Watchdog: HEALTHY (0%)
[15:02:10] ✅ 周期 #1 完成

======================================================================
🚀 QuantMaster Q@C v12.1.0 - 完全体
======================================================================
   [API] 🟢 实盘账户: USDT=506.97
   [MODE] 🟢 LIVE 实盘
✅ V8 50% + G12 30% + Mirofish 20%
✅ API完全接管: 实盘
[15:03:12] 📦 启动 v12.1.0 (自我纠正)

======================================================================
📊 #1 [15:03:12] LIVE
💰 USDT: $506.97 | ADA: 205.99
======================================================================

[2] 🔍 探测: 15币种, 4机会

[3] 📊 分析:
   ⚠️ [风控] BTCUSDT RSI=23 超卖, 禁止BUY
    ⏸️ BTCUSDT: V8=95 G12=80 Miro=59 → 83 [HOLD]
    ✅ ETHUSDT: V8=30 G12=50 Miro=49 → 40 [SELL]
   ⚠️ [风控] XRPUSDT RSI=26 超卖, 禁止BUY
    ⏸️ XRPUSDT: V8=95 G12=80 Miro=59 → 83 [HOLD]
    ✅ SOLUSDT: V8=55 G12=80 Miro=59 → 63 [BUY]
   ⚠️ [风控] ADAUSDT RSI=23 超卖, 禁止BUY
    ⏸️ ADAUSDT: V8=95 G12=80 Miro=59 → 83 [HOLD]

[4] 💰 交易:

[5] 📋 账户:
    余额: {'LTC': 0.096956, 'USDT': 506.97107588, 'ETC': 0.61948, 'XRP': 357.36, 'ADA': 205.9943, 'ATOM': 2.55744, 'DOGE': 0.199, 'LDUSDT': 88.46244908, 'DOT': 4.25045, 'UNI': 1.66354, 'AVAX': 0.55967, 'NEAR': 0.0579, 'PEPE': 0.7, 'FLOKI': 0.67, 'AI': 187.8939, 'BOME': 0.37, 'NEIRO': 0.09, 'TURBO': 0.871}
    订单: 0

[5] 🔧 自动风控检查...

[6] 💓 Watchdog: HEALTHY (0%)
[15:03:25] ✅ 周期 #1 完成

======================================================================
🚀 QuantMaster Q@C v12.1.0 - 完全体
======================================================================
   [API] 🟢 实盘账户: USDT=506.97
   [MODE] 🟢 LIVE 实盘
✅ V8 50% + G12 30% + Mirofish 20%
✅ API完全接管: 实盘
[15:04:26] 📦 启动 v12.1.0 (自我纠正)

======================================================================
📊 #1 [15:04:26] LIVE
💰 USDT: $506.97 | ADA: 205.99
======================================================================

[2] 🔍 探测: 15币种, 4机会

[3] 📊 分析:
   ⚠️ [风控] BTCUSDT RSI=23 超卖, 禁止BUY
    ⏸️ BTCUSDT: V8=95 G12=80 Miro=59 → 83 [HOLD]
    ⏸️ ETHUSDT: V8=30 G12=80 Miro=49 → 49 [HOLD]
   ⚠️ [风控] XRPUSDT RSI=26 超卖, 禁止BUY
    ⏸️ XRPUSDT: V8=95 G12=80 Miro=59 → 83 [HOLD]
    ✅ SOLUSDT: V8=55 G12=80 Miro=59 → 63 [BUY]
   ⚠️ [风控] ADAUSDT RSI=23 超卖, 禁止BUY
    ⏸️ ADAUSDT: V8=95 G12=80 Miro=59 → 83 [HOLD]

[4] 💰 交易:

[5] 📋 账户:
    余额: {'LTC': 0.096956, 'USDT': 506.97107588, 'ETC': 0.61948, 'XRP': 357.36, 'ADA': 205.9943, 'ATOM': 2.55744, 'DOGE': 0.199, 'LDUSDT': 88.46244908, 'DOT': 4.25045, 'UNI': 1.66354, 'AVAX': 0.55967, 'NEAR': 0.0579, 'PEPE': 0.7, 'FLOKI': 0.67, 'AI': 187.8939, 'BOME': 0.37, 'NEIRO': 0.09, 'TURBO': 0.871}
    订单: 0

[5] 🔧 自动风控检查...

[6] 💓 Watchdog: HEALTHY (0%)
[15:04:37] ✅ 周期 #1 完成

======================================================================
🚀 QuantMaster Q@C v12.1.0 - 完全体
======================================================================
   [API] 🟢 实盘账户: USDT=329.53
   [MODE] 🟢 LIVE 实盘
✅ V8 50% + G12 30% + Mirofish 20%
✅ API完全接管: 实盘
[15:05:37] 📦 启动 v12.1.0 (自我纠正)

======================================================================
📊 #1 [15:05:37] LIVE
💰 USDT: $329.53 | ADA: 205.99
======================================================================

[2] 🔍 探测: 15币种, 4机会

[3] 📊 分析:
   ⚠️ [风控] BTCUSDT RSI=23 超卖, 禁止BUY
    ⏸️ BTCUSDT: V8=95 G12=80 Miro=59 → 83 [HOLD]
    ✅ ETHUSDT: V8=30 G12=50 Miro=49 → 40 [SELL]
   ⚠️ [风控] XRPUSDT RSI=26 超卖, 禁止BUY
    ⏸️ XRPUSDT: V8=95 G12=80 Miro=59 → 83 [HOLD]
    ⏸️ SOLUSDT: V8=30 G12=80 Miro=50 → 49 [HOLD]
   ⚠️ [风控] ADAUSDT RSI=23 超卖, 禁止BUY
    ⏸️ ADAUSDT: V8=95 G12=80 Miro=59 → 83 [HOLD]

[4] 💰 交易:

[5] 📋 账户:
    余额: {'LTC': 0.096956, 'USDT': 329.53267028, 'ETC': 0.61948, 'XRP': 357.36, 'ADA': 205.9943, 'ATOM': 2.55744, 'DOGE': 0.199, 'LDUSDT': 88.46244908, 'DOT': 4.25045, 'UNI': 1.66354, 'AVAX': 0.55967, 'NEAR': 0.0579, 'PEPE': 0.7, 'FLOKI': 0.67, 'AI': 187.8939, 'BOME': 0.37, 'NEIRO': 0.09, 'TURBO': 0.871}
    订单: 0

[5] 🔧 自动风控检查...
   🔴 [自动纠正] 集中度40.6%>40%, 减持至32%
   📤 执行: 卖出 0.0017 BTC

[6] 💓 Watchdog: HEALTHY (0%)
[15:05:50] ✅ 周期 #1 完成

======================================================================
🚀 QuantMaster Q@C v12.1.0 - 完全体
======================================================================
   [API] 🟢 实盘账户: USDT=329.53
   [MODE] 🟢 LIVE 实盘
✅ V8 50% + G12 30% + Mirofish 20%
✅ API完全接管: 实盘
[15:06:51] 📦 启动 v12.1.0 (自我纠正)

======================================================================
📊 #1 [15:06:51] LIVE
💰 USDT: $329.53 | ADA: 205.99
======================================================================

[2] 🔍 探测: 15币种, 4机会

[3] 📊 分析:
   ⚠️ [风控] BTCUSDT RSI=23 超卖, 禁止BUY
    ⏸️ BTCUSDT: V8=95 G12=80 Miro=59 → 83 [HOLD]
    ✅ ETHUSDT: V8=30 G12=50 Miro=49 → 40 [SELL]
   ⚠️ [风控] XRPUSDT RSI=26 超卖, 禁止BUY
    ⏸️ XRPUSDT: V8=95 G12=80 Miro=59 → 83 [HOLD]
    ⏸️ SOLUSDT: V8=30 G12=80 Miro=50 → 49 [HOLD]
   ⚠️ [风控] ADAUSDT RSI=23 超卖, 禁止BUY
    ⏸️ ADAUSDT: V8=95 G12=80 Miro=59 → 83 [HOLD]

[4] 💰 交易:

[5] 📋 账户:
    余额: {'LTC': 0.096956, 'USDT': 329.53267028, 'ETC': 0.61948, 'XRP': 357.36, 'ADA': 205.9943, 'ATOM': 2.55744, 'DOGE': 0.199, 'LDUSDT': 88.46244908, 'DOT': 4.25045, 'UNI': 1.66354, 'AVAX': 0.55967, 'NEAR': 0.0579, 'PEPE': 0.7, 'FLOKI': 0.67, 'AI': 187.8939, 'BOME': 0.37, 'NEIRO': 0.09, 'TURBO': 0.871}
    订单: 0

[5] 🔧 自动风控检查...
   🔴 [自动纠正] 集中度40.6%>40%, 减持至32%
   📤 执行: 卖出 0.0017 BTC

[6] 💓 Watchdog: HEALTHY (0%)
[15:07:04] ✅ 周期 #1 完成

======================================================================
🚀 QuantMaster Q@C v12.1.0 - 完全体
======================================================================
   [API] 🔵 仿真模式 (API错误: <urlopen error [SSL: UNEXPECTED_EOF_WHILE_READING] EOF occurred in violation of protocol (_ssl.c:1007)>)
   [MODE] 🔵 SIMULATE 仿真
✅ V8 50% + G12 30% + Mirofish 20%
✅ API完全接管: 仿真
[15:08:09] 📦 启动 v12.1.0 (自我纠正)

======================================================================
📊 #1 [15:08:09] SIM
💰 USDT: $10000.00 | ADA: 0.00
======================================================================

[2] 🔍 探测: 15币种, 4机会

[3] 📊 分析:
   ⚠️ [风控] BTCUSDT RSI=24 超卖, 禁止BUY
    ⏸️ BTCUSDT: V8=80 G12=80 Miro=59 → 76 [HOLD]
    ✅ ETHUSDT: V8=30 G12=50 Miro=49 → 40 [SELL]
   ⚠️ [风控] XRPUSDT RSI=27 超卖, 禁止BUY
    ⏸️ XRPUSDT: V8=95 G12=80 Miro=59 → 83 [HOLD]
    ⏸️ SOLUSDT: V8=30 G12=80 Miro=50 → 49 [HOLD]
   ⚠️ [风控] ADAUSDT RSI=24 超卖, 禁止BUY
    ⏸️ ADAUSDT: V8=85 G12=80 Miro=59 → 78 [HOLD]

[4] 💰 交易:

[5] 📋 账户:
    $10000.00 (+0.00) 胜率:0%

[5] 🔧 自动风控检查...
   🔴 [自动纠正] 集中度100.0%>40%, 减持至32%
   📤 执行减持: 卖出 6800.00 USDTUSDT
   [LIVE] ❌ 订单失败: HTTP Error 400: Bad Request
   📤 执行: 卖出 6800.0000 USDT

[6] 💓 Watchdog: HEALTHY (0%)
[15:08:26] ✅ 周期 #1 完成

======================================================================
🚀 QuantMaster Q@C v12.1.0 - 完全体
======================================================================
   [API] 🟢 实盘账户: USDT=329.53
   [MODE] 🟢 LIVE 实盘
✅ V8 50% + G12 30% + Mirofish 20%
✅ API完全接管: 实盘
[15:09:27] 📦 启动 v12.1.0 (自我纠正)

======================================================================
📊 #1 [15:09:27] LIVE
💰 USDT: $329.53 | ADA: 205.99
======================================================================

[2] 🔍 探测: 15币种, 4机会

[3] 📊 分析:
   ⚠️ [风控] BTCUSDT RSI=24 超卖, 禁止BUY
    ⏸️ BTCUSDT: V8=80 G12=80 Miro=59 → 76 [HOLD]
    ✅ ETHUSDT: V8=30 G12=50 Miro=49 → 40 [SELL]
   ⚠️ [风控] XRPUSDT RSI=27 超卖, 禁止BUY
    ⏸️ XRPUSDT: V8=70 G12=80 Miro=59 → 71 [HOLD]
    ⏸️ SOLUSDT: V8=30 G12=80 Miro=50 → 49 [HOLD]
   ⚠️ [风控] ADAUSDT RSI=24 超卖, 禁止BUY
    ⏸️ ADAUSDT: V8=85 G12=80 Miro=59 → 78 [HOLD]

[4] 💰 交易:

[5] 📋 账户:
    余额: {'LTC': 0.096956, 'USDT': 329.53267028, 'ETC': 0.61948, 'XRP': 357.36, 'ADA': 205.9943, 'ATOM': 2.55744, 'DOGE': 0.199, 'LDUSDT': 88.46244908, 'DOT': 4.25045, 'UNI': 1.66354, 'AVAX': 0.55967, 'NEAR': 0.0579, 'PEPE': 0.7, 'FLOKI': 0.67, 'AI': 187.8939, 'BOME': 0.37, 'NEIRO': 0.09, 'TURBO': 0.871}
    订单: 0

[5] 🔧 自动风控检查...
   🔴 [自动纠正] 集中度40.6%>40%, 减持至32%
   📤 执行: 卖出 0.0017 BTC

[6] 💓 Watchdog: HEALTHY (0%)
[15:09:43] ✅ 周期 #1 完成

======================================================================
🚀 QuantMaster Q@C v12.1.0 - 完全体
======================================================================
   [API] 🟢 实盘账户: USDT=214.07
   [MODE] 🟢 LIVE 实盘
✅ V8 50% + G12 30% + Mirofish 20%
✅ API完全接管: 实盘
[15:10:44] 📦 启动 v12.1.0 (自我纠正)

======================================================================
📊 #1 [15:10:44] LIVE
💰 USDT: $214.07 | ADA: 205.99
======================================================================

[2] 🔍 探测:    [API] K线失败 FETUSDT: <urlopen error [SSL: UNEXPECTED_EOF_WHILE_READING] EOF occurred in violation of protocol (_ssl.c:1007)>
14币种, 4机会

[3] 📊 分析:
   ⚠️ [风控] BTCUSDT RSI=24 超卖, 禁止BUY
    ⏸️ BTCUSDT: V8=80 G12=80 Miro=59 → 76 [HOLD]
    ✅ ETHUSDT: V8=30 G12=50 Miro=49 → 40 [SELL]
   ⚠️ [风控] XRPUSDT RSI=28 超卖, 禁止BUY
    ⏸️ XRPUSDT: V8=70 G12=80 Miro=66 → 72 [HOLD]
    ⏸️ SOLUSDT: V8=30 G12=80 Miro=50 → 49 [HOLD]
   ⚠️ [风控] ADAUSDT RSI=24 超卖, 禁止BUY
    ⏸️ ADAUSDT: V8=85 G12=80 Miro=66 → 80 [HOLD]

[4] 💰 交易:

[5] 📋 账户:
    余额: {'LTC': 0.096956, 'USDT': 214.07123078, 'ETC': 0.61948, 'XRP': 357.36, 'ADA': 205.9943, 'ATOM': 2.55744, 'DOGE': 0.199, 'LDUSDT': 88.46244908, 'DOT': 4.25045, 'UNI': 1.66354, 'AVAX': 0.55967, 'NEAR': 0.0579, 'PEPE': 0.7, 'FLOKI': 0.67, 'AI': 187.8939, 'BOME': 0.37, 'NEIRO': 0.09, 'TURBO': 0.871}
    订单: 0

[5] 🔧 自动风控检查...
   🔴 [自动纠正] 集中度48.8%>40%, 减持至32%
   📤 执行: 卖出 0.0034 BTC

[6] 💓 Watchdog: HEALTHY (0%)
[15:11:01] ✅ 周期 #1 完成

======================================================================
🚀 QuantMaster Q@C v12.1.0 - 完全体
======================================================================
   [API] 🟢 实盘账户: USDT=214.07
   [MODE] 🟢 LIVE 实盘
✅ V8 50% + G12 30% + Mirofish 20%
✅ API完全接管: 实盘
[15:12:02] 📦 启动 v12.1.0 (自我纠正)

======================================================================
📊 #1 [15:12:02] LIVE
💰 USDT: $214.07 | ADA: 205.99
======================================================================

[2] 🔍 探测: 15币种, 4机会

[3] 📊 分析:
   ⚠️ [风控] BTCUSDT RSI=24 超卖, 禁止BUY
    ⏸️ BTCUSDT: V8=80 G12=80 Miro=59 → 76 [HOLD]
    ✅ ETHUSDT: V8=30 G12=50 Miro=49 → 40 [SELL]
   ⚠️ [风控] XRPUSDT RSI=28 超卖, 禁止BUY
    ⏸️ XRPUSDT: V8=70 G12=80 Miro=66 → 72 [HOLD]
    ⏸️ SOLUSDT: V8=30 G12=80 Miro=50 → 49 [HOLD]
   ⚠️ [风控] ADAUSDT RSI=24 超卖, 禁止BUY
    ⏸️ ADAUSDT: V8=85 G12=80 Miro=59 → 78 [HOLD]

[4] 💰 交易:

[5] 📋 账户:
    余额: {'LTC': 0.096956, 'USDT': 214.07123078, 'ETC': 0.61948, 'XRP': 357.36, 'ADA': 205.9943, 'ATOM': 2.55744, 'DOGE': 0.199, 'LDUSDT': 88.46244908, 'DOT': 4.25045, 'UNI': 1.66354, 'AVAX': 0.55967, 'NEAR': 0.0579, 'PEPE': 0.7, 'FLOKI': 0.67, 'AI': 187.8939, 'BOME': 0.37, 'NEIRO': 0.09, 'TURBO': 0.871}
    订单: 0

[5] 🔧 自动风控检查...
   🔴 [自动纠正] 集中度48.8%>40%, 减持至32%
   📤 执行: 卖出 0.0034 BTC

[6] 💓 Watchdog: HEALTHY (0%)
[15:12:14] ✅ 周期 #1 完成

======================================================================
🚀 QuantMaster Q@C v12.1.0 - 完全体
======================================================================
   [API] 🟢 实盘账户: USDT=214.07
   [MODE] 🟢 LIVE 实盘
✅ V8 50% + G12 30% + Mirofish 20%
✅ API完全接管: 实盘
[15:13:16] 📦 启动 v12.1.0 (自我纠正)

======================================================================
📊 #1 [15:13:16] LIVE
💰 USDT: $214.07 | ADA: 205.99
======================================================================

[2] 🔍 探测: 15币种, 4机会

[3] 📊 分析:
   ⚠️ [风控] BTCUSDT RSI=24 超卖, 禁止BUY
    ⏸️ BTCUSDT: V8=80 G12=80 Miro=59 → 76 [HOLD]
    ✅ ETHUSDT: V8=30 G12=50 Miro=49 → 40 [SELL]
   ⚠️ [风控] XRPUSDT RSI=29 超卖, 禁止BUY
    ⏸️ XRPUSDT: V8=70 G12=80 Miro=66 → 72 [HOLD]
    ⏸️ SOLUSDT: V8=30 G12=80 Miro=50 → 49 [HOLD]
   ⚠️ [风控] ADAUSDT RSI=25 超卖, 禁止BUY
    ⏸️ ADAUSDT: V8=70 G12=80 Miro=66 → 72 [HOLD]

[4] 💰 交易:

[5] 📋 账户:
    余额: {'LTC': 0.096956, 'USDT': 214.07123078, 'ETC': 0.61948, 'XRP': 357.36, 'ADA': 205.9943, 'ATOM': 2.55744, 'DOGE': 0.199, 'LDUSDT': 88.46244908, 'DOT': 4.25045, 'UNI': 1.66354, 'AVAX': 0.55967, 'NEAR': 0.0579, 'PEPE': 0.7, 'FLOKI': 0.67, 'AI': 187.8939, 'BOME': 0.37, 'NEIRO': 0.09, 'TURBO': 0.871}
    订单: 0

[5] 🔧 自动风控检查...
   🔴 [自动纠正] 集中度48.8%>40%, 减持至32%
   📤 执行: 卖出 0.0034 BTC

[6] 💓 Watchdog: HEALTHY (0%)
[15:13:29] ✅ 周期 #1 完成

======================================================================
🚀 QuantMaster Q@C v12.1.0 - 完全体
======================================================================
   [API] 🟢 实盘账户: USDT=214.07
   [MODE] 🟢 LIVE 实盘
✅ V8 50% + G12 30% + Mirofish 20%
✅ API完全接管: 实盘
[15:14:30] 📦 启动 v12.1.0 (自我纠正)

======================================================================
📊 #1 [15:14:30] LIVE
💰 USDT: $214.07 | ADA: 205.99
======================================================================

[2] 🔍 探测: 15币种, 4机会

[3] 📊 分析:
   ⚠️ [风控] BTCUSDT RSI=25 超卖, 禁止BUY
    ⏸️ BTCUSDT: V8=70 G12=80 Miro=59 → 71 [HOLD]
   [API] K线失败 ETHUSDT: <urlopen error [SSL: UNEXPECTED_EOF_WHILE_READING] EOF occurred in violation of protocol (_ssl.c:1007)>
   ⚠️ [风控] XRPUSDT RSI=29 超卖, 禁止BUY
    ⏸️ XRPUSDT: V8=70 G12=80 Miro=66 → 72 [HOLD]
   [API] K线失败 SOLUSDT: <urlopen error [SSL: UNEXPECTED_EOF_WHILE_READING] EOF occurred in violation of protocol (_ssl.c:1007)>
   ⚠️ [风控] ADAUSDT RSI=26 超卖, 禁止BUY
    ⏸️ ADAUSDT: V8=70 G12=80 Miro=66 → 72 [HOLD]

[4] 💰 交易:

[5] 📋 账户:
    余额: {'LTC': 0.096956, 'USDT': 214.07123078, 'ETC': 0.61948, 'XRP': 357.36, 'ADA': 205.9943, 'ATOM': 2.55744, 'DOGE': 0.199, 'LDUSDT': 88.46244908, 'DOT': 4.25045, 'UNI': 1.66354, 'AVAX': 0.55967, 'NEAR': 0.0579, 'PEPE': 0.7, 'FLOKI': 0.67, 'AI': 187.8939, 'BOME': 0.37, 'NEIRO': 0.09, 'TURBO': 0.871}
    订单: 0

[5] 🔧 自动风控检查...
   🔴 [自动纠正] 集中度49.1%>40%, 减持至32%
   📤 执行: 卖出 0.0034 BTC

[6] 💓 Watchdog: HEALTHY (0%)
[15:14:55] ✅ 周期 #1 完成

======================================================================
🚀 QuantMaster Q@C v12.1.0 - 完全体
======================================================================
   [API] 🟢 实盘账户: USDT=139.04
   [MODE] 🟢 LIVE 实盘
✅ V8 50% + G12 30% + Mirofish 20%
✅ API完全接管: 实盘
[15:15:56] 📦 启动 v12.1.0 (自我纠正)

======================================================================
📊 #1 [15:15:56] LIVE
💰 USDT: $139.04 | ADA: 205.99
======================================================================

[2] 🔍 探测: 15币种, 2机会

[3] 📊 分析:
   ⚠️ [风控] BTCUSDT RSI=26 超卖, 禁止BUY
    ⏸️ BTCUSDT: V8=70 G12=80 Miro=66 → 72 [HOLD]
    ✅ ETHUSDT: V8=30 G12=50 Miro=49 → 40 [SELL]
    ✅ XRPUSDT: V8=55 G12=80 Miro=66 → 65 [BUY]
    ✅ SOLUSDT: V8=30 G12=50 Miro=58 → 42 [SELL]
   ⚠️ [风控] ADAUSDT RSI=28 超卖, 禁止BUY
    ⏸️ ADAUSDT: V8=70 G12=80 Miro=66 → 72 [HOLD]

[4] 💰 交易:

[5] 📋 账户:
    余额: {'BTC': 0.01089997, 'LTC': 0.096956, 'USDT': 139.04497078, 'ETC': 0.61948, 'XRP': 357.36, 'ADA': 205.9943, 'ATOM': 2.55744, 'DOGE': 0.199, 'LDUSDT': 88.46244908, 'DOT': 4.25045, 'UNI': 1.66354, 'AVAX': 0.55967, 'NEAR': 0.0579, 'PEPE': 0.7, 'FLOKI': 0.67, 'AI': 187.8939, 'BOME': 0.37, 'NEIRO': 0.09, 'TURBO': 0.871}
    订单: 0

[5] 🔧 自动风控检查...
   🔴 [自动纠正] 集中度54.1%>40%, 减持至32%
   📤 执行: 卖出 0.0045 BTC

[6] 💓 Watchdog: HEALTHY (0%)
[15:16:11] ✅ 周期 #1 完成

======================================================================
🚀 QuantMaster Q@C v12.1.0 - 完全体
======================================================================
   [API] 🟢 实盘账户: USDT=139.04
   [MODE] 🟢 LIVE 实盘
✅ V8 50% + G12 30% + Mirofish 20%
✅ API完全接管: 实盘
[15:17:11] 📦 启动 v12.1.0 (自我纠正)

======================================================================
📊 #1 [15:17:11] LIVE
💰 USDT: $139.04 | ADA: 205.99
======================================================================

[2] 🔍 探测:    [API] K线失败 DOGEUSDT: <urlopen error [SSL: UNEXPECTED_EOF_WHILE_READING] EOF occurred in violation of protocol (_ssl.c:1007)>
14币种, 1机会

[3] 📊 分析:
   ⚠️ [风控] BTCUSDT RSI=27 超卖, 禁止BUY
    ⏸️ BTCUSDT: V8=70 G12=80 Miro=66 → 72 [HOLD]
    ✅ ETHUSDT: V8=30 G12=50 Miro=49 → 40 [SELL]
    ✅ XRPUSDT: V8=55 G12=80 Miro=66 → 65 [BUY]
    ✅ SOLUSDT: V8=30 G12=50 Miro=58 → 42 [SELL]
   ⚠️ [风控] ADAUSDT RSI=28 超卖, 禁止BUY
    ⏸️ ADAUSDT: V8=70 G12=80 Miro=66 → 72 [HOLD]

[4] 💰 交易:

[5] 📋 账户:
    余额: {'BTC': 0.01089997, 'LTC': 0.096956, 'USDT': 139.04497078, 'ETC': 0.61948, 'XRP': 357.36, 'ADA': 205.9943, 'ATOM': 2.55744, 'DOGE': 0.199, 'LDUSDT': 88.46244908, 'DOT': 4.25045, 'UNI': 1.66354, 'AVAX': 0.55967, 'NEAR': 0.0579, 'PEPE': 0.7, 'FLOKI': 0.67, 'AI': 187.8939, 'BOME': 0.37, 'NEIRO': 0.09, 'TURBO': 0.871}
    订单: 0

[5] 🔧 自动风控检查...
   🔴 [自动纠正] 集中度54.1%>40%, 减持至32%
   📤 执行: 卖出 0.0045 BTC

[6] 💓 Watchdog: HEALTHY (0%)
[15:17:22] ✅ 周期 #1 完成

======================================================================
🚀 QuantMaster Q@C v12.1.0 - 完全体
======================================================================
   [API] 🟢 实盘账户: USDT=139.04
   [MODE] 🟢 LIVE 实盘
✅ V8 50% + G12 30% + Mirofish 20%
✅ API完全接管: 实盘
[15:18:23] 📦 启动 v12.1.0 (自我纠正)

======================================================================
📊 #1 [15:18:23] LIVE
💰 USDT: $139.04 | ADA: 205.99
======================================================================

[2] 🔍 探测: 15币种, 1机会

[3] 📊 分析:
   ⚠️ [风控] BTCUSDT RSI=28 超卖, 禁止BUY
    ⏸️ BTCUSDT: V8=70 G12=80 Miro=66 → 72 [HOLD]
    ✅ ETHUSDT: V8=30 G12=50 Miro=49 → 40 [SELL]
    ✅ XRPUSDT: V8=55 G12=80 Miro=66 → 65 [BUY]
    ✅ SOLUSDT: V8=30 G12=50 Miro=49 → 40 [SELL]
   ⚠️ [风控] ADAUSDT RSI=28 超卖, 禁止BUY
    ⏸️ ADAUSDT: V8=70 G12=80 Miro=66 → 72 [HOLD]

[4] 💰 交易:

[5] 📋 账户:
    余额: {'BTC': 0.01089997, 'LTC': 0.096956, 'USDT': 139.04497078, 'ETC': 0.61948, 'XRP': 357.36, 'ADA': 205.9943, 'ATOM': 2.55744, 'DOGE': 0.199, 'LDUSDT': 88.46244908, 'DOT': 4.25045, 'UNI': 1.66354, 'AVAX': 0.55967, 'NEAR': 0.0579, 'PEPE': 0.7, 'FLOKI': 0.67, 'AI': 187.8939, 'BOME': 0.37, 'NEIRO': 0.09, 'TURBO': 0.871}
    订单: 0

[5] 🔧 自动风控检查...
   🔴 [自动纠正] 集中度54.1%>40%, 减持至32%
   📤 执行: 卖出 0.0045 BTC

[6] 💓 Watchdog: HEALTHY (0%)
[15:18:34] ✅ 周期 #1 完成

======================================================================
🚀 QuantMaster Q@C v12.1.0 - 完全体
======================================================================
   [API] 🟢 实盘账户: USDT=139.04
   [MODE] 🟢 LIVE 实盘
✅ V8 50% + G12 30% + Mirofish 20%
✅ API完全接管: 实盘
[15:19:35] 📦 启动 v12.1.0 (自我纠正)

======================================================================
📊 #1 [15:19:35] LIVE
💰 USDT: $139.04 | ADA: 205.99
======================================================================

[2] 🔍 探测: 15币种, 2机会

[3] 📊 分析:
   ⚠️ [风控] BTCUSDT RSI=27 超卖, 禁止BUY
    ⏸️ BTCUSDT: V8=70 G12=80 Miro=66 → 72 [HOLD]
    ✅ ETHUSDT: V8=30 G12=50 Miro=49 → 40 [SELL]
    ✅ XRPUSDT: V8=55 G12=80 Miro=66 → 65 [BUY]
    ✅ SOLUSDT: V8=30 G12=50 Miro=58 → 42 [SELL]
   ⚠️ [风控] ADAUSDT RSI=27 超卖, 禁止BUY
    ⏸️ ADAUSDT: V8=70 G12=80 Miro=66 → 72 [HOLD]

[4] 💰 交易:

[5] 📋 账户:
    余额: {'BTC': 0.01089997, 'LTC': 0.096956, 'USDT': 139.04497078, 'ETC': 0.61948, 'XRP': 357.36, 'ADA': 205.9943, 'ATOM': 2.55744, 'DOGE': 0.199, 'LDUSDT': 88.46244908, 'DOT': 4.25045, 'UNI': 1.66354, 'AVAX': 0.55967, 'NEAR': 0.0579, 'PEPE': 0.7, 'FLOKI': 0.67, 'AI': 187.8939, 'BOME': 0.37, 'NEIRO': 0.09, 'TURBO': 0.871}
    订单: 0

[5] 🔧 自动风控检查...
   🔴 [自动纠正] 集中度54.1%>40%, 减持至32%
   📤 执行: 卖出 0.0045 BTC

[6] 💓 Watchdog: HEALTHY (0%)
[15:19:50] ✅ 周期 #1 完成

======================================================================
🚀 QuantMaster Q@C v12.1.0 - 完全体
======================================================================
   [API] 🟢 实盘账户: USDT=90.62
   [MODE] 🟢 LIVE 实盘
✅ V8 50% + G12 30% + Mirofish 20%
✅ API完全接管: 实盘
[15:20:50] 📦 启动 v12.1.0 (自我纠正)

======================================================================
📊 #1 [15:20:50] LIVE
💰 USDT: $90.62 | ADA: 205.99
======================================================================

[2] 🔍 探测: 15币种, 2机会

[3] 📊 分析:
   ⚠️ [风控] BTCUSDT RSI=27 超卖, 禁止BUY
    ⏸️ BTCUSDT: V8=70 G12=80 Miro=66 → 72 [HOLD]
    ✅ ETHUSDT: V8=30 G12=50 Miro=49 → 40 [SELL]
    ✅ XRPUSDT: V8=55 G12=80 Miro=66 → 65 [BUY]
    ✅ SOLUSDT: V8=30 G12=50 Miro=58 → 42 [SELL]
   ⚠️ [风控] ADAUSDT RSI=27 超卖, 禁止BUY
    ⏸️ ADAUSDT: V8=70 G12=80 Miro=66 → 72 [HOLD]

[4] 💰 交易:

[5] 📋 账户:
    余额: {'BTC': 0.01158928, 'LTC': 0.096956, 'USDT': 90.62080528, 'ETC': 0.61948, 'XRP': 357.36, 'ADA': 205.9943, 'ATOM': 2.55744, 'DOGE': 0.199, 'LDUSDT': 88.46244908, 'DOT': 4.25045, 'UNI': 1.66354, 'AVAX': 0.55967, 'NEAR': 0.0579, 'PEPE': 0.7, 'FLOKI': 0.67, 'AI': 187.8939, 'BOME': 0.37, 'NEIRO': 0.09, 'TURBO': 0.871}
    订单: 0

[5] 🔧 自动风控检查...
   🔴 [自动纠正] 集中度57.5%>40%, 减持至32%
   📤 执行: 卖出 0.0051 BTC

[6] 💓 Watchdog: HEALTHY (0%)
[15:21:04] ✅ 周期 #1 完成

======================================================================
🚀 QuantMaster Q@C v12.1.0 - 完全体
======================================================================
   [API] 🟢 实盘账户: USDT=90.62
   [MODE] 🟢 LIVE 实盘
✅ V8 50% + G12 30% + Mirofish 20%
✅ API完全接管: 实盘
[15:22:04] 📦 启动 v12.1.0 (自我纠正)

======================================================================
📊 #1 [15:22:04] LIVE
💰 USDT: $90.62 | ADA: 205.99
======================================================================

[2] 🔍 探测: 15币种, 2机会

[3] 📊 分析:
   ⚠️ [风控] BTCUSDT RSI=26 超卖, 禁止BUY
    ⏸️ BTCUSDT: V8=70 G12=80 Miro=66 → 72 [HOLD]
    ✅ ETHUSDT: V8=30 G12=50 Miro=49 → 40 [SELL]
    ✅ XRPUSDT: V8=55 G12=80 Miro=66 → 65 [BUY]
    ✅ SOLUSDT: V8=30 G12=50 Miro=58 → 42 [SELL]
   ⚠️ [风控] ADAUSDT RSI=26 超卖, 禁止BUY
    ⏸️ ADAUSDT: V8=70 G12=80 Miro=66 → 72 [HOLD]

[4] 💰 交易:

[5] 📋 账户:
    余额: {'BTC': 0.01158928, 'LTC': 0.096956, 'USDT': 90.62080528, 'ETC': 0.61948, 'XRP': 357.36, 'ADA': 205.9943, 'ATOM': 2.55744, 'DOGE': 0.199, 'LDUSDT': 88.46244908, 'DOT': 4.25045, 'UNI': 1.66354, 'AVAX': 0.55967, 'NEAR': 0.0579, 'PEPE': 0.7, 'FLOKI': 0.67, 'AI': 187.8939, 'BOME': 0.37, 'NEIRO': 0.09, 'TURBO': 0.871}
    订单: 0

[5] 🔧 自动风控检查...
   🔴 [自动纠正] 集中度57.5%>40%, 减持至32%
   📤 执行: 卖出 0.0051 BTC

[6] 💓 Watchdog: HEALTHY (0%)
[15:22:17] ✅ 周期 #1 完成

======================================================================
🚀 QuantMaster Q@C v12.1.0 - 完全体
======================================================================
   [API] 🟢 实盘账户: USDT=90.62
   [MODE] 🟢 LIVE 实盘
✅ V8 50% + G12 30% + Mirofish 20%
✅ API完全接管: 实盘
[15:23:18] 📦 启动 v12.1.0 (自我纠正)

======================================================================
📊 #1 [15:23:18] LIVE
💰 USDT: $90.62 | ADA: 205.99
======================================================================

[2] 🔍 探测: 15币种, 4机会

[3] 📊 分析:
   ⚠️ [风控] BTCUSDT RSI=25 超卖, 禁止BUY
    ⏸️ BTCUSDT: V8=70 G12=80 Miro=59 → 71 [HOLD]
    ✅ ETHUSDT: V8=30 G12=50 Miro=49 → 40 [SELL]
   ⚠️ [风控] XRPUSDT RSI=29 超卖, 禁止BUY
    ⏸️ XRPUSDT: V8=70 G12=80 Miro=66 → 72 [HOLD]
    ⏸️ SOLUSDT: V8=30 G12=80 Miro=58 → 50 [HOLD]
   ⚠️ [风控] ADAUSDT RSI=25 超卖, 禁止BUY
    ⏸️ ADAUSDT: V8=70 G12=80 Miro=66 → 72 [HOLD]

[4] 💰 交易:

[5] 📋 账户:
    余额: {'BTC': 0.01158928, 'LTC': 0.096956, 'USDT': 90.62080528, 'ETC': 0.61948, 'XRP': 357.36, 'ADA': 205.9943, 'ATOM': 2.55744, 'DOGE': 0.199, 'LDUSDT': 88.46244908, 'DOT': 4.25045, 'UNI': 1.66354, 'AVAX': 0.55967, 'NEAR': 0.0579, 'PEPE': 0.7, 'FLOKI': 0.67, 'AI': 187.8939, 'BOME': 0.37, 'NEIRO': 0.09, 'TURBO': 0.871}
    订单: 0

[5] 🔧 自动风控检查...
   🔴 [自动纠正] 集中度57.5%>40%, 减持至32%
   📤 执行: 卖出 0.0051 BTC

[6] 💓 Watchdog: HEALTHY (0%)
[15:23:39] ✅ 周期 #1 完成

======================================================================
🚀 QuantMaster Q@C v12.1.0 - 完全体
======================================================================
   [API] 🟢 实盘账户: USDT=90.62
   [MODE] 🟢 LIVE 实盘
✅ V8 50% + G12 30% + Mirofish 20%
✅ API完全接管: 实盘
[15:24:39] 📦 启动 v12.1.0 (自我纠正)

======================================================================
📊 #1 [15:24:39] LIVE
💰 USDT: $90.62 | ADA: 205.99
======================================================================

[2] 🔍 探测:    [API] K线失败 BTCUSDT: <urlopen error [SSL: UNEXPECTED_EOF_WHILE_READING] EOF occurred in violation of protocol (_ssl.c:1007)>
14币种, 3机会

[3] 📊 分析:
   ⚠️ [风控] BTCUSDT RSI=25 超卖, 禁止BUY
    ⏸️ BTCUSDT: V8=70 G12=80 Miro=59 → 71 [HOLD]
    ✅ ETHUSDT: V8=30 G12=50 Miro=49 → 40 [SELL]
   ⚠️ [风控] XRPUSDT RSI=29 超卖, 禁止BUY
    ⏸️ XRPUSDT: V8=70 G12=80 Miro=66 → 72 [HOLD]
    ⏸️ SOLUSDT: V8=30 G12=80 Miro=58 → 50 [HOLD]
   ⚠️ [风控] ADAUSDT RSI=24 超卖, 禁止BUY
    ⏸️ ADAUSDT: V8=85 G12=80 Miro=66 → 80 [HOLD]

[4] 💰 交易:

[5] 📋 账户:
    余额: {'BTC': 0.01158928, 'LTC': 0.096956, 'USDT': 90.62080528, 'ETC': 0.61948, 'XRP': 357.36, 'ADA': 205.9943, 'ATOM': 2.55744, 'DOGE': 0.199, 'LDUSDT': 88.46244908, 'DOT': 4.25045, 'UNI': 1.66354, 'AVAX': 0.55967, 'NEAR': 0.0579, 'PEPE': 0.7, 'FLOKI': 0.67, 'AI': 187.8939, 'BOME': 0.37, 'NEIRO': 0.09, 'TURBO': 0.871}
    订单: 0

[5] 🔧 自动风控检查...
   🔴 [自动纠正] 集中度57.5%>40%, 减持至32%
   📤 执行: 卖出 0.0051 BTC

[6] 💓 Watchdog: HEALTHY (0%)
[15:24:50] ✅ 周期 #1 完成

======================================================================
🚀 QuantMaster Q@C v12.1.0 - 完全体
======================================================================
   [API] 🟢 实盘账户: USDT=59.14
   [MODE] 🟢 LIVE 实盘
✅ V8 50% + G12 30% + Mirofish 20%
✅ API完全接管: 实盘
[15:25:51] 📦 启动 v12.1.0 (自我纠正)

======================================================================
📊 #1 [15:25:51] LIVE
💰 USDT: $59.14 | ADA: 205.99
======================================================================

[2] 🔍 探测: 15币种, 4机会

[3] 📊 分析:
   ⚠️ [风控] BTCUSDT RSI=24 超卖, 禁止BUY
    ⏸️ BTCUSDT: V8=80 G12=80 Miro=59 → 76 [HOLD]
    ✅ ETHUSDT: V8=30 G12=50 Miro=49 → 40 [SELL]
   ⚠️ [风控] XRPUSDT RSI=27 超卖, 禁止BUY
    ⏸️ XRPUSDT: V8=70 G12=80 Miro=59 → 71 [HOLD]
    ⏸️ SOLUSDT: V8=30 G12=80 Miro=50 → 49 [HOLD]
   ⚠️ [风控] ADAUSDT RSI=23 超卖, 禁止BUY
    ⏸️ ADAUSDT: V8=95 G12=80 Miro=59 → 83 [HOLD]

[4] 💰 交易:

[5] 📋 账户:
    余额: {'BTC': 0.01203883, 'LTC': 0.096956, 'USDT': 59.14427278, 'ETC': 0.61948, 'XRP': 357.36, 'ADA': 205.9943, 'ATOM': 2.55744, 'DOGE': 0.199, 'LDUSDT': 88.46244908, 'DOT': 4.25045, 'UNI': 1.66354, 'AVAX': 0.55967, 'NEAR': 0.0579, 'PEPE': 0.7, 'FLOKI': 0.67, 'AI': 187.8939, 'BOME': 0.37, 'NEIRO': 0.09, 'TURBO': 0.871}
    订单: 0

[5] 🔧 自动风控检查...
   🔴 [自动纠正] 集中度59.7%>40%, 减持至32%
   📤 执行: 卖出 0.0056 BTC

[6] 💓 Watchdog: HEALTHY (0%)
[15:26:00] ✅ 周期 #1 完成

======================================================================
🚀 QuantMaster Q@C v12.1.0 - 完全体
======================================================================
   [API] 🟢 实盘账户: USDT=59.14
   [MODE] 🟢 LIVE 实盘
✅ V8 50% + G12 30% + Mirofish 20%
✅ API完全接管: 实盘
[15:27:00] 📦 启动 v12.1.0 (自我纠正)

======================================================================
📊 #1 [15:27:00] LIVE
💰 USDT: $59.14 | ADA: 205.99
======================================================================

[2] 🔍 探测: 15币种, 4机会

[3] 📊 分析:
   ⚠️ [风控] BTCUSDT RSI=23 超卖, 禁止BUY
    ⏸️ BTCUSDT: V8=95 G12=80 Miro=59 → 83 [HOLD]
    ✅ ETHUSDT: V8=30 G12=50 Miro=49 → 40 [SELL]
   ⚠️ [风控] XRPUSDT RSI=27 超卖, 禁止BUY
    ⏸️ XRPUSDT: V8=70 G12=80 Miro=66 → 72 [HOLD]
    ⏸️ SOLUSDT: V8=30 G12=80 Miro=50 → 49 [HOLD]
   ⚠️ [风控] ADAUSDT RSI=23 超卖, 禁止BUY
    ⏸️ ADAUSDT: V8=95 G12=80 Miro=59 → 83 [HOLD]

[4] 💰 交易:

[5] 📋 账户:
    余额: {'BTC': 0.01203883, 'LTC': 0.096956, 'USDT': 59.14427278, 'ETC': 0.61948, 'XRP': 357.36, 'ADA': 205.9943, 'ATOM': 2.55744, 'DOGE': 0.199, 'LDUSDT': 88.46244908, 'DOT': 4.25045, 'UNI': 1.66354, 'AVAX': 0.55967, 'NEAR': 0.0579, 'PEPE': 0.7, 'FLOKI': 0.67, 'AI': 187.8939, 'BOME': 0.37, 'NEIRO': 0.09, 'TURBO': 0.871}
    订单: 0

[5] 🔧 自动风控检查...
   🔴 [自动纠正] 集中度59.7%>40%, 减持至32%
   📤 执行: 卖出 0.0056 BTC

[6] 💓 Watchdog: HEALTHY (0%)
[15:27:10] ✅ 周期 #1 完成

======================================================================
🚀 QuantMaster Q@C v12.1.0 - 完全体
======================================================================
   [API] 🟢 实盘账户: USDT=59.14
   [MODE] 🟢 LIVE 实盘
✅ V8 50% + G12 30% + Mirofish 20%
✅ API完全接管: 实盘
[15:28:11] 📦 启动 v12.1.0 (自我纠正)

======================================================================
📊 #1 [15:28:11] LIVE
💰 USDT: $59.14 | ADA: 205.99
======================================================================

[2] 🔍 探测: 15币种, 4机会

[3] 📊 分析:
   ⚠️ [风控] BTCUSDT RSI=23 超卖, 禁止BUY
    ⏸️ BTCUSDT: V8=95 G12=80 Miro=59 → 83 [HOLD]
    ✅ ETHUSDT: V8=30 G12=50 Miro=49 → 40 [SELL]
   ⚠️ [风控] XRPUSDT RSI=27 超卖, 禁止BUY
    ⏸️ XRPUSDT: V8=70 G12=80 Miro=59 → 71 [HOLD]
    ⏸️ SOLUSDT: V8=30 G12=80 Miro=50 → 49 [HOLD]
   ⚠️ [风控] ADAUSDT RSI=23 超卖, 禁止BUY
    ⏸️ ADAUSDT: V8=95 G12=80 Miro=59 → 83 [HOLD]

[4] 💰 交易:

[5] 📋 账户:
    余额: {'BTC': 0.01203883, 'LTC': 0.096956, 'USDT': 59.14427278, 'ETC': 0.61948, 'XRP': 357.36, 'ADA': 205.9943, 'ATOM': 2.55744, 'DOGE': 0.199, 'LDUSDT': 88.46244908, 'DOT': 4.25045, 'UNI': 1.66354, 'AVAX': 0.55967, 'NEAR': 0.0579, 'PEPE': 0.7, 'FLOKI': 0.67, 'AI': 187.8939, 'BOME': 0.37, 'NEIRO': 0.09, 'TURBO': 0.871}
    订单: 0

[5] 🔧 自动风控检查...
   🔴 [自动纠正] 集中度59.7%>40%, 减持至32%
   📤 执行: 卖出 0.0056 BTC

[6] 💓 Watchdog: HEALTHY (0%)
[15:28:26] ✅ 周期 #1 完成

======================================================================
🚀 QuantMaster Q@C v12.1.0 - 完全体
======================================================================
   [API] 🟢 实盘账户: USDT=59.14
   [MODE] 🟢 LIVE 实盘
✅ V8 50% + G12 30% + Mirofish 20%
✅ API完全接管: 实盘
[15:29:27] 📦 启动 v12.1.0 (自我纠正)

======================================================================
📊 #1 [15:29:27] LIVE
💰 USDT: $59.14 | ADA: 205.99
======================================================================

[2] 🔍 探测: 15币种, 4机会

[3] 📊 分析:
   ⚠️ [风控] BTCUSDT RSI=23 超卖, 禁止BUY
    ⏸️ BTCUSDT: V8=95 G12=80 Miro=59 → 83 [HOLD]
    ✅ ETHUSDT: V8=30 G12=50 Miro=49 → 40 [SELL]
   ⚠️ [风控] XRPUSDT RSI=27 超卖, 禁止BUY
    ⏸️ XRPUSDT: V8=70 G12=80 Miro=59 → 71 [HOLD]
    ⏸️ SOLUSDT: V8=30 G12=80 Miro=50 → 49 [HOLD]
   ⚠️ [风控] ADAUSDT RSI=23 超卖, 禁止BUY
    ⏸️ ADAUSDT: V8=95 G12=80 Miro=59 → 83 [HOLD]

[4] 💰 交易:

[5] 📋 账户:
    余额: {'BTC': 0.01203883, 'LTC': 0.096956, 'USDT': 59.14427278, 'ETC': 0.61948, 'XRP': 357.36, 'ADA': 205.9943, 'ATOM': 2.55744, 'DOGE': 0.199, 'LDUSDT': 88.46244908, 'DOT': 4.25045, 'UNI': 1.66354, 'AVAX': 0.55967, 'NEAR': 0.0579, 'PEPE': 0.7, 'FLOKI': 0.67, 'AI': 187.8939, 'BOME': 0.37, 'NEIRO': 0.09, 'TURBO': 0.871}
    订单: 0

[5] 🔧 自动风控检查...
   🔴 [自动纠正] 集中度59.7%>40%, 减持至32%
   📤 执行: 卖出 0.0056 BTC

[6] 💓 Watchdog: HEALTHY (0%)
[15:29:34] ✅ 周期 #1 完成

======================================================================
🚀 QuantMaster Q@C v12.1.0 - 完全体
======================================================================
   [API] 🟢 实盘账户: USDT=38.17
   [MODE] 🟢 LIVE 实盘
✅ V8 50% + G12 30% + Mirofish 20%
✅ API完全接管: 实盘
[15:30:35] 📦 启动 v12.1.0 (自我纠正)

======================================================================
📊 #1 [15:30:35] LIVE
💰 USDT: $38.17 | ADA: 205.99
======================================================================

[2] 🔍 探测: 15币种, 4机会

[3] 📊 分析:
   ⚠️ [风控] BTCUSDT RSI=24 超卖, 禁止BUY
    ⏸️ BTCUSDT: V8=80 G12=80 Miro=59 → 76 [HOLD]
    ✅ ETHUSDT: V8=30 G12=50 Miro=49 → 40 [SELL]
   ⚠️ [风控] XRPUSDT RSI=27 超卖, 禁止BUY
    ⏸️ XRPUSDT: V8=70 G12=80 Miro=66 → 72 [HOLD]
    ⏸️ SOLUSDT: V8=30 G12=80 Miro=50 → 49 [HOLD]
   ⚠️ [风控] ADAUSDT RSI=23 超卖, 禁止BUY
    ⏸️ ADAUSDT: V8=95 G12=80 Miro=59 → 83 [HOLD]

[4] 💰 交易:

[5] 📋 账户:
    余额: {'BTC': 0.01233853, 'LTC': 0.096956, 'USDT': 38.17017778, 'ETC': 0.61948, 'XRP': 357.36, 'ADA': 205.9943, 'ATOM': 2.55744, 'DOGE': 0.199, 'LDUSDT': 88.46244908, 'DOT': 4.25045, 'UNI': 1.66354, 'AVAX': 0.55967, 'NEAR': 0.0579, 'PEPE': 0.7, 'FLOKI': 0.67, 'AI': 187.8939, 'BOME': 0.37, 'NEIRO': 0.09, 'TURBO': 0.871}
    订单: 0

[5] 🔧 自动风控检查...
   🔴 [自动纠正] 集中度61.2%>40%, 减持至32%
   📤 执行: 卖出 0.0059 BTC

[6] 💓 Watchdog: HEALTHY (0%)
[15:30:49] ✅ 周期 #1 完成
[15:31:22] ✅ 已关闭
