==================================================
🚀 Q@C v9 Daemon (V8核心+G12增补)
==================================================
[10:11:25] 🚀 Q@C v9 Daemon 启动

======================================================================
🚀 QuantMaster Q@C v9.0.0 - V8核心 + G12增补版
======================================================================
✅ V8核心组件初始化完成
✅ G12策略矩阵已增补 (5策略)
✅ G12因子矩阵已增补 (14因子)
   模式: SIMULATE
   资金: $10,000.00
[10:11:25] 📦 启动 (V8核心+G12增补)

======================================================================
📊 周期 #1 - 10:11:25
======================================================================

[V8] 技术分析...
   BTCUSDT: V8评分=65 V8动作=BUY
   ETHUSDT: V8评分=25 V8动作=SELL
   XRPUSDT: V8评分=35 V8动作=SELL
   SOLUSDT: V8评分=35 V8动作=SELL
   ADAUSDT: V8评分=35 V8动作=SELL

[G12] 策略因子增补...
   BTCUSDT: G12评分=24 综合=49 动作=HOLD
   ETHUSDT: G12评分=36 综合=29 动作=SELL
   XRPUSDT: G12评分=25 综合=31 动作=SELL
   SOLUSDT: G12评分=32 综合=34 动作=SELL
   ADAUSDT: G12评分=26 综合=32 动作=SELL

[风控] 检查持仓...

[交易] 执行...

[统计]
   账户: $10000.00
   盈亏: $+0.00
   交易: 0笔
   胜率: 0.0%
[10:11:26] ✅ 周期 #1 完成
[10:11:26] ⏳ 等待60秒...

======================================================================
🚀 QuantMaster Q@C v9.0.0 - V8核心 + G12增补版
======================================================================
✅ V8核心组件初始化完成
✅ G12策略矩阵已增补 (5策略)
✅ G12因子矩阵已增补 (14因子)
   模式: SIMULATE
   资金: $10,000.00
[10:12:27] 📦 启动 (V8核心+G12增补)

======================================================================
📊 周期 #1 - 10:12:27
======================================================================

[V8] 技术分析...
   BTCUSDT: V8评分=65 V8动作=BUY
   ETHUSDT: V8评分=25 V8动作=SELL
   XRPUSDT: V8评分=35 V8动作=SELL
   SOLUSDT: V8评分=25 V8动作=SELL
   ADAUSDT: V8评分=35 V8动作=SELL

[G12] 策略因子增补...
   BTCUSDT: G12评分=25 综合=49 动作=HOLD
   ETHUSDT: G12评分=38 综合=30 动作=SELL
   XRPUSDT: G12评分=27 综合=32 动作=SELL
   SOLUSDT: G12评分=35 综合=29 动作=SELL
   ADAUSDT: G12评分=28 综合=32 动作=SELL

[风控] 检查持仓...

[交易] 执行...

[统计]
   账户: $10000.00
   盈亏: $+0.00
   交易: 0笔
   胜率: 0.0%
[10:12:28] ✅ 周期 #1 完成
[10:12:28] ⏳ 等待60秒...

======================================================================
🚀 QuantMaster Q@C v9.0.0 - V8核心 + G12增补版
======================================================================
✅ V8核心组件初始化完成
✅ G12策略矩阵已增补 (5策略)
✅ G12因子矩阵已增补 (14因子)
   模式: SIMULATE
   资金: $10,000.00
[10:13:28] 📦 启动 (V8核心+G12增补)

======================================================================
📊 周期 #1 - 10:13:28
======================================================================

[V8] 技术分析...
   BTCUSDT: V8评分=65 V8动作=BUY
   ETHUSDT: V8评分=25 V8动作=SELL
   XRPUSDT: V8评分=35 V8动作=SELL
   SOLUSDT: V8评分=25 V8动作=SELL
   ADAUSDT: V8评分=35 V8动作=SELL

[G12] 策略因子增补...
   BTCUSDT: G12评分=25 综合=49 动作=HOLD
   ETHUSDT: G12评分=37 综合=30 动作=SELL
   XRPUSDT: G12评分=27 综合=32 动作=SELL
   SOLUSDT: G12评分=34 综合=29 动作=SELL
   ADAUSDT: G12评分=28 综合=32 动作=SELL

[风控] 检查持仓...

[交易] 执行...

[统计]
   账户: $10000.00
   盈亏: $+0.00
   交易: 0笔
   胜率: 0.0%
[10:13:29] ✅ 周期 #1 完成
[10:13:29] ⏳ 等待60秒...

======================================================================
🚀 QuantMaster Q@C v9.0.0 - V8核心 + G12增补版
======================================================================
✅ V8核心组件初始化完成
✅ G12策略矩阵已增补 (5策略)
✅ G12因子矩阵已增补 (14因子)
   模式: SIMULATE
   资金: $10,000.00
[10:14:29] 📦 启动 (V8核心+G12增补)

======================================================================
📊 周期 #1 - 10:14:29
======================================================================

[V8] 技术分析...
   BTCUSDT: V8评分=55 V8动作=HOLD
   ETHUSDT: V8评分=25 V8动作=SELL
   XRPUSDT: V8评分=35 V8动作=SELL
   SOLUSDT: V8评分=25 V8动作=SELL
   ADAUSDT: V8评分=35 V8动作=SELL

[G12] 策略因子增补...
   BTCUSDT: G12评分=26 综合=43 动作=HOLD
   ETHUSDT: G12评分=38 综合=30 动作=SELL
   XRPUSDT: G12评分=27 综合=32 动作=SELL
   SOLUSDT: G12评分=36 综合=29 动作=SELL
   ADAUSDT: G12评分=28 综合=32 动作=SELL

[风控] 检查持仓...

[交易] 执行...

[统计]
   账户: $10000.00
   盈亏: $+0.00
   交易: 0笔
   胜率: 0.0%
[10:14:31] ✅ 周期 #1 完成
[10:14:31] ⏳ 等待60秒...

======================================================================
🚀 QuantMaster Q@C v9.0.0 - V8核心 + G12增补版
======================================================================
✅ V8核心组件初始化完成
✅ G12策略矩阵已增补 (5策略)
✅ G12因子矩阵已增补 (14因子)
   模式: SIMULATE
   资金: $10,000.00
[10:15:31] 📦 启动 (V8核心+G12增补)

======================================================================
📊 周期 #1 - 10:15:31
======================================================================

[V8] 技术分析...
   BTCUSDT: V8评分=55 V8动作=HOLD
   ETHUSDT: V8评分=25 V8动作=SELL
   XRPUSDT: V8评分=35 V8动作=SELL
   SOLUSDT: V8评分=25 V8动作=SELL
   ADAUSDT: V8评分=35 V8动作=SELL

[G12] 策略因子增补...
   BTCUSDT: G12评分=26 综合=43 动作=HOLD
   ETHUSDT: G12评分=40 综合=31 动作=SELL
   XRPUSDT: G12评分=29 综合=33 动作=SELL
   SOLUSDT: G12评分=37 综合=30 动作=SELL
   ADAUSDT: G12评分=30 综合=33 动作=SELL

[风控] 检查持仓...

[交易] 执行...

[统计]
   账户: $10000.00
   盈亏: $+0.00
   交易: 0笔
   胜率: 0.0%
[10:15:32] ✅ 周期 #1 完成
[10:15:32] ⏳ 等待60秒...

======================================================================
🚀 QuantMaster Q@C v9.0.0 - V8核心 + G12增补版
======================================================================
✅ V8核心组件初始化完成
✅ G12策略矩阵已增补 (5策略)
✅ G12因子矩阵已增补 (14因子)
   模式: SIMULATE
   资金: $10,000.00
[10:16:32] 📦 启动 (V8核心+G12增补)

======================================================================
📊 周期 #1 - 10:16:32
======================================================================

[V8] 技术分析...
   BTCUSDT: V8评分=65 V8动作=BUY
   ETHUSDT: V8评分=25 V8动作=SELL
   XRPUSDT: V8评分=35 V8动作=SELL
   SOLUSDT: V8评分=25 V8动作=SELL
   ADAUSDT: V8评分=35 V8动作=SELL

[G12] 策略因子增补...
   BTCUSDT: G12评分=25 综合=49 动作=HOLD
   ETHUSDT: G12评分=38 综合=30 动作=SELL
   XRPUSDT: G12评分=28 综合=32 动作=SELL
   SOLUSDT: G12评分=36 综合=29 动作=SELL
   ADAUSDT: G12评分=29 综合=33 动作=SELL

[风控] 检查持仓...

[交易] 执行...

[统计]
   账户: $10000.00
   盈亏: $+0.00
   交易: 0笔
   胜率: 0.0%
[10:16:33] ✅ 周期 #1 完成
[10:16:33] ⏳ 等待60秒...

======================================================================
🚀 QuantMaster Q@C v9.0.0 - V8核心 + G12增补版
======================================================================
✅ V8核心组件初始化完成
✅ G12策略矩阵已增补 (5策略)
✅ G12因子矩阵已增补 (14因子)
   模式: SIMULATE
   资金: $10,000.00
[10:17:33] 📦 启动 (V8核心+G12增补)

======================================================================
📊 周期 #1 - 10:17:33
======================================================================

[V8] 技术分析...
   BTCUSDT: V8评分=65 V8动作=BUY
   ETHUSDT: V8评分=25 V8动作=SELL
   XRPUSDT: V8评分=35 V8动作=SELL
   SOLUSDT: V8评分=25 V8动作=SELL
   ADAUSDT: V8评分=35 V8动作=SELL

[G12] 策略因子增补...
   BTCUSDT: G12评分=25 综合=49 动作=HOLD
   ETHUSDT: G12评分=38 综合=30 动作=SELL
   XRPUSDT: G12评分=28 综合=32 动作=SELL
   SOLUSDT: G12评分=36 综合=29 动作=SELL
   ADAUSDT: G12评分=29 综合=33 动作=SELL

[风控] 检查持仓...

[交易] 执行...

[统计]
   账户: $10000.00
   盈亏: $+0.00
   交易: 0笔
   胜率: 0.0%
[10:17:34] ✅ 周期 #1 完成
[10:17:34] ⏳ 等待60秒...

======================================================================
🚀 QuantMaster Q@C v9.0.0 - V8核心 + G12增补版
======================================================================
✅ V8核心组件初始化完成
✅ G12策略矩阵已增补 (5策略)
✅ G12因子矩阵已增补 (14因子)
   模式: SIMULATE
   资金: $10,000.00
[10:18:35] 📦 启动 (V8核心+G12增补)

======================================================================
📊 周期 #1 - 10:18:35
======================================================================

[V8] 技术分析...
   BTCUSDT: V8评分=65 V8动作=BUY
   ETHUSDT: V8评分=25 V8动作=SELL
   XRPUSDT: V8评分=35 V8动作=SELL
   SOLUSDT: V8评分=25 V8动作=SELL
   ADAUSDT: V8评分=35 V8动作=SELL

[G12] 策略因子增补...
   BTCUSDT: G12评分=25 综合=49 动作=HOLD
   ETHUSDT: G12评分=38 综合=30 动作=SELL
   XRPUSDT: G12评分=28 综合=32 动作=SELL
   SOLUSDT: G12评分=36 综合=30 动作=SELL
   ADAUSDT: G12评分=29 综合=33 动作=SELL

[风控] 检查持仓...

[交易] 执行...

[统计]
   账户: $10000.00
   盈亏: $+0.00
   交易: 0笔
   胜率: 0.0%
[10:18:36] ✅ 周期 #1 完成
[10:18:36] ⏳ 等待60秒...

======================================================================
🚀 QuantMaster Q@C v9.0.0 - V8核心 + G12增补版
======================================================================
✅ V8核心组件初始化完成
✅ G12策略矩阵已增补 (5策略)
✅ G12因子矩阵已增补 (14因子)
   模式: SIMULATE
   资金: $10,000.00
[10:19:36] 📦 启动 (V8核心+G12增补)

======================================================================
📊 周期 #1 - 10:19:36
======================================================================

[V8] 技术分析...
   BTCUSDT: V8评分=65 V8动作=BUY
   XRPUSDT: V8评分=35 V8动作=SELL
   SOLUSDT: V8评分=25 V8动作=SELL
   ADAUSDT: V8评分=35 V8动作=SELL

[G12] 策略因子增补...
   BTCUSDT: G12评分=24 综合=49 动作=HOLD
   XRPUSDT: G12评分=28 综合=32 动作=SELL
   SOLUSDT: G12评分=36 综合=29 动作=SELL
   ADAUSDT: G12评分=29 综合=32 动作=SELL

[风控] 检查持仓...

[交易] 执行...

[统计]
   账户: $10000.00
   盈亏: $+0.00
   交易: 0笔
   胜率: 0.0%
[10:19:37] ✅ 周期 #1 完成
[10:19:37] ⏳ 等待60秒...

======================================================================
🚀 QuantMaster Q@C v9.0.0 - V8核心 + G12增补版
======================================================================
✅ V8核心组件初始化完成
✅ G12策略矩阵已增补 (5策略)
✅ G12因子矩阵已增补 (14因子)
   模式: SIMULATE
   资金: $10,000.00
[10:20:37] 📦 启动 (V8核心+G12增补)

======================================================================
📊 周期 #1 - 10:20:37
======================================================================

[V8] 技术分析...
   BTCUSDT: V8评分=55 V8动作=HOLD
   ETHUSDT: V8评分=25 V8动作=SELL
   XRPUSDT: V8评分=35 V8动作=SELL
   SOLUSDT: V8评分=25 V8动作=SELL
   ADAUSDT: V8评分=35 V8动作=SELL

[G12] 策略因子增补...
   BTCUSDT: G12评分=25 综合=43 动作=HOLD
   ETHUSDT: G12评分=40 综合=31 动作=SELL
   XRPUSDT: G12评分=29 综合=32 动作=SELL
   SOLUSDT: G12评分=38 综合=30 动作=SELL
   ADAUSDT: G12评分=31 综合=33 动作=SELL

[风控] 检查持仓...

[交易] 执行...

[统计]
   账户: $10000.00
   盈亏: $+0.00
   交易: 0笔
   胜率: 0.0%
[10:20:38] ✅ 周期 #1 完成
[10:20:38] ⏳ 等待60秒...

======================================================================
🚀 QuantMaster Q@C v9.0.0 - V8核心 + G12增补版
======================================================================
✅ V8核心组件初始化完成
✅ G12策略矩阵已增补 (5策略)
✅ G12因子矩阵已增补 (14因子)
   模式: SIMULATE
   资金: $10,000.00
[10:21:39] 📦 启动 (V8核心+G12增补)

======================================================================
📊 周期 #1 - 10:21:39
======================================================================

[V8] 技术分析...
   BTCUSDT: V8评分=55 V8动作=HOLD
   ETHUSDT: V8评分=25 V8动作=SELL
   XRPUSDT: V8评分=35 V8动作=SELL
   SOLUSDT: V8评分=25 V8动作=SELL
   ADAUSDT: V8评分=35 V8动作=SELL

[G12] 策略因子增补...
   BTCUSDT: G12评分=27 综合=44 动作=HOLD
   ETHUSDT: G12评分=43 综合=32 动作=SELL
   XRPUSDT: G12评分=30 综合=33 动作=SELL
   SOLUSDT: G12评分=40 综合=31 动作=SELL
   ADAUSDT: G12评分=33 综合=34 动作=SELL

[风控] 检查持仓...

[交易] 执行...

[统计]
   账户: $10000.00
   盈亏: $+0.00
   交易: 0笔
   胜率: 0.0%
[10:21:40] ✅ 周期 #1 完成
[10:21:40] ⏳ 等待60秒...

======================================================================
🚀 QuantMaster Q@C v9.0.0 - V8核心 + G12增补版
======================================================================
✅ V8核心组件初始化完成
✅ G12策略矩阵已增补 (5策略)
✅ G12因子矩阵已增补 (14因子)
   模式: SIMULATE
   资金: $10,000.00
[10:22:40] 📦 启动 (V8核心+G12增补)

======================================================================
📊 周期 #1 - 10:22:40
======================================================================

[V8] 技术分析...
   BTCUSDT: V8评分=55 V8动作=HOLD
   ETHUSDT: V8评分=25 V8动作=SELL
   XRPUSDT: V8评分=25 V8动作=SELL
   SOLUSDT: V8评分=25 V8动作=SELL
   ADAUSDT: V8评分=25 V8动作=SELL

[G12] 策略因子增补...
   BTCUSDT: G12评分=28 综合=44 动作=HOLD
   ETHUSDT: G12评分=44 综合=33 动作=SELL
   XRPUSDT: G12评分=32 综合=28 动作=SELL
   SOLUSDT: G12评分=42 综合=32 动作=SELL
   ADAUSDT: G12评分=35 综合=29 动作=SELL

[风控] 检查持仓...

[交易] 执行...

[统计]
   账户: $10000.00
   盈亏: $+0.00
   交易: 0笔
   胜率: 0.0%
[10:22:41] ✅ 周期 #1 完成
[10:22:41] ⏳ 等待60秒...

======================================================================
🚀 QuantMaster Q@C v9.0.0 - V8核心 + G12增补版
======================================================================
✅ V8核心组件初始化完成
✅ G12策略矩阵已增补 (5策略)
✅ G12因子矩阵已增补 (14因子)
   模式: SIMULATE
   资金: $10,000.00
[10:23:41] 📦 启动 (V8核心+G12增补)

======================================================================
📊 周期 #1 - 10:23:41
======================================================================

[V8] 技术分析...
   BTCUSDT: V8评分=55 V8动作=HOLD
   ETHUSDT: V8评分=25 V8动作=SELL
   XRPUSDT: V8评分=25 V8动作=SELL
   SOLUSDT: V8评分=25 V8动作=SELL
   ADAUSDT: V8评分=25 V8动作=SELL

[G12] 策略因子增补...
   BTCUSDT: G12评分=28 综合=44 动作=HOLD
   ETHUSDT: G12评分=44 综合=33 动作=SELL
   XRPUSDT: G12评分=32 综合=28 动作=SELL
   SOLUSDT: G12评分=42 综合=32 动作=SELL
   ADAUSDT: G12评分=34 综合=29 动作=SELL

[风控] 检查持仓...

[交易] 执行...

[统计]
   账户: $10000.00
   盈亏: $+0.00
   交易: 0笔
   胜率: 0.0%
[10:23:42] ✅ 周期 #1 完成
[10:23:42] ⏳ 等待60秒...

======================================================================
🚀 QuantMaster Q@C v9.0.0 - V8核心 + G12增补版
======================================================================
✅ V8核心组件初始化完成
✅ G12策略矩阵已增补 (5策略)
✅ G12因子矩阵已增补 (14因子)
   模式: SIMULATE
   资金: $10,000.00
[10:24:43] 📦 启动 (V8核心+G12增补)

======================================================================
📊 周期 #1 - 10:24:43
======================================================================

[V8] 技术分析...
   BTCUSDT: V8评分=55 V8动作=HOLD
   ETHUSDT: V8评分=25 V8动作=SELL
   XRPUSDT: V8评分=25 V8动作=SELL
   SOLUSDT: V8评分=25 V8动作=SELL
   ADAUSDT: V8评分=25 V8动作=SELL

[G12] 策略因子增补...
   BTCUSDT: G12评分=29 综合=45 动作=HOLD
   ETHUSDT: G12评分=47 综合=34 动作=SELL
   XRPUSDT: G12评分=33 综合=28 动作=SELL
   SOLUSDT: G12评分=44 综合=33 动作=SELL
   ADAUSDT: G12评分=36 综合=29 动作=SELL

[风控] 检查持仓...

[交易] 执行...

[统计]
   账户: $10000.00
   盈亏: $+0.00
   交易: 0笔
   胜率: 0.0%
[10:24:44] ✅ 周期 #1 完成
[10:24:44] ⏳ 等待60秒...

======================================================================
🚀 QuantMaster Q@C v9.0.0 - V8核心 + G12增补版
======================================================================
✅ V8核心组件初始化完成
✅ G12策略矩阵已增补 (5策略)
✅ G12因子矩阵已增补 (14因子)
   模式: SIMULATE
   资金: $10,000.00
[10:25:44] 📦 启动 (V8核心+G12增补)

======================================================================
📊 周期 #1 - 10:25:44
======================================================================

[V8] 技术分析...
   BTCUSDT: V8评分=55 V8动作=HOLD
   ETHUSDT: V8评分=25 V8动作=SELL
   XRPUSDT: V8评分=25 V8动作=SELL
   SOLUSDT: V8评分=25 V8动作=SELL
   ADAUSDT: V8评分=25 V8动作=SELL

[G12] 策略因子增补...
   BTCUSDT: G12评分=29 综合=45 动作=HOLD
   ETHUSDT: G12评分=49 综合=35 动作=SELL
   XRPUSDT: G12评分=33 综合=28 动作=SELL
   SOLUSDT: G12评分=44 综合=32 动作=SELL
   ADAUSDT: G12评分=35 综合=29 动作=SELL

[风控] 检查持仓...

[交易] 执行...

[统计]
   账户: $10000.00
   盈亏: $+0.00
   交易: 0笔
   胜率: 0.0%
[10:25:45] ✅ 周期 #1 完成
[10:25:45] ⏳ 等待60秒...

======================================================================
🚀 QuantMaster Q@C v9.0.0 - V8核心 + G12增补版
======================================================================
✅ V8核心组件初始化完成
✅ G12策略矩阵已增补 (5策略)
✅ G12因子矩阵已增补 (14因子)
   模式: SIMULATE
   资金: $10,000.00
[10:26:45] 📦 启动 (V8核心+G12增补)

======================================================================
📊 周期 #1 - 10:26:45
======================================================================

[V8] 技术分析...
   BTCUSDT: V8评分=55 V8动作=HOLD
   ETHUSDT: V8评分=25 V8动作=SELL
   XRPUSDT: V8评分=25 V8动作=SELL
   SOLUSDT: V8评分=25 V8动作=SELL
   ADAUSDT: V8评分=25 V8动作=SELL

[G12] 策略因子增补...
   BTCUSDT: G12评分=30 综合=45 动作=HOLD
   ETHUSDT: G12评分=49 综合=35 动作=SELL
   XRPUSDT: G12评分=34 综合=28 动作=SELL
   SOLUSDT: G12评分=44 综合=33 动作=SELL
   ADAUSDT: G12评分=36 综合=29 动作=SELL

[风控] 检查持仓...

[交易] 执行...

[统计]
   账户: $10000.00
   盈亏: $+0.00
   交易: 0笔
   胜率: 0.0%
[10:26:47] ✅ 周期 #1 完成
[10:26:47] ⏳ 等待60秒...

======================================================================
🚀 QuantMaster Q@C v9.0.0 - V8核心 + G12增补版
======================================================================
✅ V8核心组件初始化完成
✅ G12策略矩阵已增补 (5策略)
✅ G12因子矩阵已增补 (14因子)
   模式: SIMULATE
   资金: $10,000.00
[10:27:47] 📦 启动 (V8核心+G12增补)

======================================================================
📊 周期 #1 - 10:27:47
======================================================================

[V8] 技术分析...
   BTCUSDT: V8评分=55 V8动作=HOLD
   ETHUSDT: V8评分=25 V8动作=SELL
   XRPUSDT: V8评分=25 V8动作=SELL
   SOLUSDT: V8评分=25 V8动作=SELL
   ADAUSDT: V8评分=25 V8动作=SELL

[G12] 策略因子增补...
   BTCUSDT: G12评分=30 综合=45 动作=HOLD
   ETHUSDT: G12评分=50 综合=35 动作=SELL
   XRPUSDT: G12评分=35 综合=29 动作=SELL
   SOLUSDT: G12评分=45 综合=33 动作=SELL
   ADAUSDT: G12评分=35 综合=29 动作=SELL

[风控] 检查持仓...

[交易] 执行...

[统计]
   账户: $10000.00
   盈亏: $+0.00
   交易: 0笔
   胜率: 0.0%
[10:27:48] ✅ 周期 #1 完成
[10:27:48] ⏳ 等待60秒...

======================================================================
🚀 QuantMaster Q@C v9.0.0 - V8核心 + G12增补版
======================================================================
✅ V8核心组件初始化完成
✅ G12策略矩阵已增补 (5策略)
✅ G12因子矩阵已增补 (14因子)
   模式: SIMULATE
   资金: $10,000.00
[10:28:48] 📦 启动 (V8核心+G12增补)

======================================================================
📊 周期 #1 - 10:28:48
======================================================================

[V8] 技术分析...
   BTCUSDT: V8评分=25 V8动作=SELL
   ETHUSDT: V8评分=25 V8动作=SELL
   SOLUSDT: V8评分=25 V8动作=SELL
   ADAUSDT: V8评分=25 V8动作=SELL

[G12] 策略因子增补...
   BTCUSDT: G12评分=33 综合=28 动作=SELL
   ETHUSDT: G12评分=52 综合=36 动作=SELL
   SOLUSDT: G12评分=47 综合=34 动作=SELL
   ADAUSDT: G12评分=36 综合=29 动作=SELL

[风控] 检查持仓...

[交易] 执行...

[统计]
   账户: $10000.00
   盈亏: $+0.00
   交易: 0笔
   胜率: 0.0%
[10:28:50] ✅ 周期 #1 完成
[10:28:50] ⏳ 等待60秒...

======================================================================
🚀 QuantMaster Q@C v9.0.0 - V8核心 + G12增补版
======================================================================
✅ V8核心组件初始化完成
✅ G12策略矩阵已增补 (5策略)
✅ G12因子矩阵已增补 (14因子)
   模式: SIMULATE
   资金: $10,000.00
[10:29:50] 📦 启动 (V8核心+G12增补)

======================================================================
📊 周期 #1 - 10:29:50
======================================================================

[V8] 技术分析...
   BTCUSDT: V8评分=25 V8动作=SELL
   ETHUSDT: V8评分=25 V8动作=SELL
   XRPUSDT: V8评分=25 V8动作=SELL
   SOLUSDT: V8评分=25 V8动作=SELL
   ADAUSDT: V8评分=25 V8动作=SELL

[G12] 策略因子增补...
   BTCUSDT: G12评分=33 综合=28 动作=SELL
   ETHUSDT: G12评分=52 综合=36 动作=SELL
   XRPUSDT: G12评分=36 综合=29 动作=SELL
   SOLUSDT: G12评分=47 综合=34 动作=SELL
   ADAUSDT: G12评分=35 综合=29 动作=SELL

[风控] 检查持仓...

[交易] 执行...

[统计]
   账户: $10000.00
   盈亏: $+0.00
   交易: 0笔
   胜率: 0.0%
[10:29:51] ✅ 周期 #1 完成
[10:29:51] ⏳ 等待60秒...

======================================================================
🚀 QuantMaster Q@C v9.0.0 - V8核心 + G12增补版
======================================================================
✅ V8核心组件初始化完成
✅ G12策略矩阵已增补 (5策略)
✅ G12因子矩阵已增补 (14因子)
   模式: SIMULATE
   资金: $10,000.00
[10:30:51] 📦 启动 (V8核心+G12增补)

======================================================================
📊 周期 #1 - 10:30:51
======================================================================

[V8] 技术分析...
   BTCUSDT: V8评分=55 V8动作=HOLD
   ETHUSDT: V8评分=25 V8动作=SELL
   XRPUSDT: V8评分=25 V8动作=SELL
   SOLUSDT: V8评分=25 V8动作=SELL
   ADAUSDT: V8评分=25 V8动作=SELL

[G12] 策略因子增补...
   BTCUSDT: G12评分=32 综合=46 动作=HOLD
   ETHUSDT: G12评分=51 综合=35 动作=SELL
   XRPUSDT: G12评分=36 综合=29 动作=SELL
   SOLUSDT: G12评分=46 综合=34 动作=SELL
   ADAUSDT: G12评分=35 综合=29 动作=SELL

[风控] 检查持仓...

[交易] 执行...

[统计]
   账户: $10000.00
   盈亏: $+0.00
   交易: 0笔
   胜率: 0.0%
[10:30:52] ✅ 周期 #1 完成
[10:30:52] ⏳ 等待60秒...
[10:31:38] ✅ 已关闭
