OPC Core loaded - Market/Strategy/Executor/Memory integrated
[05-31 15:11:54] ==================================================
[05-31 15:11:54] OPC Trader - One Powerful Core
[05-31 15:11:54] Momentum: True | TP: 1.0% | SL: 1.5%
[05-31 15:11:54] ==================================================
[05-31 15:11:59] 
[05-31 15:11:59] === OPC周期1 | 总资产:$1407.38 | USDT:$1377.35 | 持仓:0 ===
[05-31 15:12:26] 
[05-31 15:12:26] === OPC周期2 | 总资产:$1407.38 | USDT:$1377.35 | 持仓:0 ===
[05-31 15:12:35] 📥 超卖买入 ETC RSI=33 BB=0.19
[05-31 15:12:37]   ✅ ETC 买入成功 @ $8.2200
[05-31 15:12:37]   💼 ETC | 持仓0s
[05-31 15:12:53] 
[05-31 15:12:53] === OPC周期3 | 总资产:$1407.35 | USDT:$1372.33 | 持仓:1 ===
[05-31 15:13:03] 📥 超卖买入 BTC RSI=16 BB=0.19
[05-31 15:13:04]   ✅ BTC 买入成功 @ $73960.0000
[05-31 15:13:04] 📥 超卖买入 ETH RSI=27 BB=0.16
[05-31 15:13:06]   ✅ ETH 买入成功 @ $2026.1300
[05-31 15:13:06]   💼 ETC | 持仓29s
[05-31 15:13:06]   💼 BTC | 持仓1s
[05-31 15:13:06]   💼 ETH | 持仓0s
[05-31 15:13:22] 
[05-31 15:13:22] === OPC周期4 | 总资产:$1407.99 | USDT:$1362.09 | 持仓:3 ===
[05-31 15:13:32]   💼 ETC | 持仓55s
[05-31 15:13:32]   💼 BTC | 持仓27s
[05-31 15:13:32]   💼 ETH | 持仓25s
[05-31 15:13:47] 
[05-31 15:13:47] === OPC周期5 | 总资产:$1407.99 | USDT:$1362.09 | 持仓:3 ===
[05-31 15:14:00]   💼 ETC | 持仓83s
[05-31 15:14:00]   💼 BTC | 持仓55s
[05-31 15:14:00]   💼 ETH | 持仓54s
[05-31 15:14:16] 
[05-31 15:14:16] === OPC周期6 | 总资产:$1407.97 | USDT:$1362.09 | 持仓:3 ===
[05-31 15:14:30] 📥 超卖买入 SOL RSI=28 BB=0.12
[05-31 15:14:31]   💼 ETC | 持仓114s
[05-31 15:14:31]   💼 BTC | 持仓86s
[05-31 15:14:31]   💼 ETH | 持仓85s
[05-31 15:14:47] 
[05-31 15:14:47] === OPC周期7 | 总资产:$1407.96 | USDT:$1362.09 | 持仓:3 ===
[05-31 15:14:58] 📥 超卖买入 SOL RSI=28 BB=0.12
[05-31 15:15:00]   💼 ETC | 持仓143s
[05-31 15:15:00]   💼 BTC | 持仓115s
[05-31 15:15:00]   💼 ETH | 持仓114s
[05-31 15:15:15] 
[05-31 15:15:15] === OPC周期8 | 总资产:$1407.97 | USDT:$1362.09 | 持仓:3 ===
[05-31 15:15:28]   💼 ETC | 持仓170s
[05-31 15:15:28]   💼 BTC | 持仓143s
[05-31 15:15:28]   💼 ETH | 持仓141s
[05-31 15:15:43] 
[05-31 15:15:43] === OPC周期9 | 总资产:$1407.98 | USDT:$1367.13 | 持仓:3 ===
[05-31 15:15:43] 🚪 ETC 退出: 超时 186s (+0.12%)
[05-31 15:15:57]   💼 BTC | 持仓172s
[05-31 15:15:57]   💼 ETH | 持仓170s
[05-31 15:16:13] 
[05-31 15:16:13] === OPC周期10 | 总资产:$1407.96 | USDT:$1372.15 | 持仓:2 ===
[05-31 15:16:13] 🚪 BTC 退出: 超时 188s (+0.00%)
[05-31 15:16:13] 🚪 ETH 退出: 超时 187s (+0.03%)
[05-31 15:16:41] 
[05-31 15:16:41] === OPC周期11 | 总资产:$1407.95 | USDT:$1377.22 | 持仓:0 ===
[05-31 15:17:05] 
[05-31 15:17:05] === OPC周期12 | 总资产:$1407.95 | USDT:$1377.22 | 持仓:0 ===
[05-31 15:17:35] 
[05-31 15:17:35] === OPC周期13 | 总资产:$1407.96 | USDT:$1377.22 | 持仓:0 ===
[05-31 15:17:59] 
[05-31 15:17:59] === OPC周期14 | 总资产:$1407.97 | USDT:$1377.22 | 持仓:0 ===
[05-31 15:18:25] 
[05-31 15:18:25] === OPC周期15 | 总资产:$1407.97 | USDT:$1377.22 | 持仓:0 ===
[05-31 15:18:51] 
[05-31 15:18:51] === OPC周期16 | 总资产:$1407.96 | USDT:$1377.22 | 持仓:0 ===
[05-31 15:19:20] 
[05-31 15:19:20] === OPC周期17 | 总资产:$1407.97 | USDT:$1377.22 | 持仓:0 ===
[05-31 15:19:44] 
[05-31 15:19:44] === OPC周期18 | 总资产:$1407.96 | USDT:$1377.22 | 持仓:0 ===
[05-31 15:20:13] 
[05-31 15:20:13] === OPC周期19 | 总资产:$1407.96 | USDT:$1377.22 | 持仓:0 ===
[05-31 15:20:42] 
[05-31 15:20:42] === OPC周期20 | 总资产:$1407.96 | USDT:$1377.22 | 持仓:0 ===
[05-31 15:20:53] 📊 统计: 买3 卖2 止盈0 止损0
[05-31 15:20:53] 📈 胜率: 100.0% | 平均PnL: 0.08%
[05-31 15:21:09] 
[05-31 15:21:09] === OPC周期21 | 总资产:$1407.96 | USDT:$1377.22 | 持仓:0 ===
[05-31 15:21:36] 
[05-31 15:21:36] === OPC周期22 | 总资产:$1407.95 | USDT:$1377.22 | 持仓:0 ===
[05-31 15:22:02] 
[05-31 15:22:02] === OPC周期23 | 总资产:$1407.95 | USDT:$1377.22 | 持仓:0 ===
[05-31 15:22:29] 
[05-31 15:22:29] === OPC周期24 | 总资产:$1407.94 | USDT:$1377.22 | 持仓:0 ===
[05-31 15:22:54] 
[05-31 15:22:54] === OPC周期25 | 总资产:$1407.93 | USDT:$1377.22 | 持仓:0 ===
[05-31 15:23:07] 📥 超卖买入 SOL RSI=26 BB=0.19
[05-31 15:23:25] 
[05-31 15:23:25] === OPC周期26 | 总资产:$1407.92 | USDT:$1377.22 | 持仓:0 ===
[05-31 15:23:35] 📥 超卖买入 SOL RSI=25 BB=0.18
[05-31 15:23:37] 📥 超卖买入 LTC RSI=33 BB=0.17
[05-31 15:23:38]   ✅ LTC 买入成功 @ $52.3300
[05-31 15:23:38]   💼 LTC | 持仓0s
[05-31 15:23:55] 
[05-31 15:23:55] === OPC周期27 | 总资产:$1407.95 | USDT:$1372.19 | 持仓:1 ===
[05-31 15:24:05] 📥 超卖买入 BTC RSI=8 BB=0.20
[05-31 15:24:07]   ✅ BTC 买入成功 @ $73906.1300
[05-31 15:24:07] 📥 超卖买入 XRP RSI=17 BB=0.19
[05-31 15:24:09]   💼 LTC | 持仓30s
[05-31 15:24:09]   💼 BTC | 持仓1s
[05-31 15:24:24] 
[05-31 15:24:24] === OPC周期28 | 总资产:$1407.94 | USDT:$1367.02 | 持仓:2 ===
[05-31 15:24:36]   💼 LTC | 持仓57s
[05-31 15:24:36]   💼 BTC | 持仓28s
[05-31 15:24:51] 
[05-31 15:24:51] === OPC周期29 | 总资产:$1407.93 | USDT:$1367.02 | 持仓:2 ===
[05-31 15:25:04] 📥 超卖买入 ADA RSI=34 BB=0.19
[05-31 15:25:06] 📥 超卖买入 SOL RSI=24 BB=0.19
[05-31 15:25:08]   💼 LTC | 持仓89s
[05-31 15:25:08]   💼 BTC | 持仓60s
[05-31 15:25:23] 
[05-31 15:25:23] === OPC周期30 | 总资产:$1407.94 | USDT:$1367.02 | 持仓:2 ===
[05-31 15:25:39] 📥 超卖买入 AVAX RSI=26 BB=0.17
[05-31 15:25:40]   ✅ AVAX 买入成功 @ $8.9870
[05-31 15:25:40]   💼 LTC | 持仓121s
[05-31 15:25:40]   💼 BTC | 持仓92s
[05-31 15:25:40]   💼 AVAX | 持仓0s
[05-31 15:25:56] 
[05-31 15:25:56] === OPC周期31 | 总资产:$1407.94 | USDT:$1361.99 | 持仓:3 ===
