/usr/lib/python3/dist-packages/requests/__init__.py:87: RequestsDependencyWarning: urllib3 (2.6.3) or chardet (4.0.0) doesn't match a supported version!
  warnings.warn("urllib3 ({}) or chardet ({}) doesn't match a supported "
[07:26:27] ============================================================
[07:26:27] 🌟 G12 上帝视角 v2.0
[07:26:27]    主动全域扫码 → 科学评估 → 自主决策 → 自动实施
[07:26:27] ============================================================
[07:26:27] 
🌟 【全域扫描】
[07:26:30]   现货总资产: $570.30
[07:26:30]   USDT现金: $0.00
[07:26:31]   合约总资产: $29.99
[07:26:31] 
🔬 【科学评估】
[07:26:33]   币种评分排名:
[07:26:33]     1. 🔴 SOL: STRONG_SELL RSI:63 评分:39.8 $5.23
[07:26:33]     2. 🔴 ETH: STRONG_SELL RSI:66 评分:37.6 $7.16
[07:26:33]     3. 🔴 LINK: STRONG_SELL RSI:62 评分:33.5 $390.58
[07:26:33]     4. 🟡 DOGE: HOLD RSI:44 评分:32.5 $2.49
[07:26:33]     5. 🔴 XRP: STRONG_SELL RSI:59 评分:32.0 $110.39
[07:26:33] 
📊 【决策评估】
[07:26:33]   建议变现: LINK ($390.58)
[07:26:33]     原因: RSI:62 BB:0.22 风险:HIGH
[07:26:33]     净变现: $389.80
[07:26:33]     持有潜力: $7.81
[07:26:33] 
🤖 【自主决策】
[07:26:33] 
⚡ 【自动实施】
[07:26:33]   执行: CONVERT
[07:26:33]     原因: USDT不足($0.00),变现LINK
[07:26:33]     仿真: 卖出 18.8320 LINK
[07:26:33]     费用: $0.20 滑点: $0.20
[07:26:34]     ❌ 失败
[07:26:34] 
迭代 #420 完成 | 执行: 1个
[07:26:34] ============================================================
/usr/lib/python3/dist-packages/requests/__init__.py:87: RequestsDependencyWarning: urllib3 (2.6.3) or chardet (4.0.0) doesn't match a supported version!
  warnings.warn("urllib3 ({}) or chardet ({}) doesn't match a supported "
[08:07:04] ============================================================
[08:07:04] 🌟 G12 上帝视角 v2.0
[08:07:04]    主动全域扫码 → 科学评估 → 自主决策 → 自动实施
[08:07:04] ============================================================
[08:07:04] 
🌟 【全域扫描】
[08:07:07]   现货总资产: $442.84
[08:07:07]   USDT现金: $0.00
[08:07:08]   合约总资产: $29.99
[08:07:08] 
🔬 【科学评估】
[08:07:10]   币种评分排名:
[08:07:10]     1. 🟢 DOGE: STRONG_BUY RSI:18 评分:69.6 $8.86
[08:07:10]     2. 🟢 LINK: STRONG_BUY RSI:21 评分:65.2 $311.56
[08:07:10]     3. 🟢 ETH: BUY RSI:32 评分:49.2 $7.16
[08:07:10]     4. 🟢 BTC: BUY RSI:30 评分:48.7 $13.13
[08:07:10]     5. 🟢 ADA: BUY RSI:32 评分:48.0 $8.65
[08:07:10] 
📊 【决策评估】
[08:07:10]   建议变现: XRP ($88.27)
[08:07:10]     原因: RSI:42 BB:0.18 风险:HIGH
[08:07:10]     净变现: $88.09
[08:07:10]     持有潜力: $1.77
[08:07:10] 
🤖 【自主决策】
[08:07:10] 
⚡ 【自动实施】
[08:07:10]   执行: CONVERT
[08:07:10]     原因: USDT不足($0.00),变现XRP
[08:07:11]     仿真: 卖出 31.0900 XRP
[08:07:11]     费用: $0.04 滑点: $0.04
[08:07:11]     ❌ 失败
[08:07:11] 
迭代 #429 完成 | 执行: 1个
[08:07:11] ============================================================
