/usr/lib/python3/dist-packages/requests/__init__.py:87: RequestsDependencyWarning: urllib3 (2.6.3) or chardet (4.0.0) doesn't match a supported version!
  warnings.warn("urllib3 ({}) or chardet ({}) doesn't match a supported "
[07:26:27] ============================================================
[07:26:27] G12+ Trader [LIVE模式] v4.0
[07:26:27] ============================================================
[07:26:28] 
📊 账户余额 (USDT: 25.23)
[07:26:28] 
📊 布林带收口检测:
[07:26:28]   🔴 XRP: 比率0.21x 位置38% $1.42
[07:26:29]   🔴 DOGE: 比率0.27x 位置17% $0.11
[07:26:29]   🔴 ADA: 比率0.17x 位置19% $0.27
[07:26:30]   🔴 SOL: 比率0.08x 位置32% $93.17
[07:26:30]   🔴 ETH: 比率0.24x 位置72% $2326.58
[07:26:31]   🔴 BTC: 比率0.20x 位置66% $80671.68
[07:26:31] 
📊 动能排名:
[07:26:34]   1. 🟢 SOL: +1.26%
[07:26:34]   2. 🟢 ETH: +0.85%
[07:26:34]   3. 🟢 BTC: +0.60%
[07:26:34]   4. 🟢 LINK: +0.29%
[07:26:34]   5. 🟢 XRP: +0.13%
[07:26:34] 
🎯 交易信号:
[07:26:34] 
⚡ LONG: ADA @ $0.27
[07:26:34]    原因: 收口0.17x+低位19%
[07:26:37] 
============================================================
[07:26:37] 执行: 0笔 | 信号: 1个 | 余额: $25.23
[07:26:37] ============================================================
/usr/lib/python3/dist-packages/requests/__init__.py:87: RequestsDependencyWarning: urllib3 (2.6.3) or chardet (4.0.0) doesn't match a supported version!
  warnings.warn("urllib3 ({}) or chardet ({}) doesn't match a supported "
[08:07:04] ============================================================
[08:07:04] G12+ Trader [LIVE模式] v4.0
[08:07:04] ============================================================
[08:07:05] 
📊 账户余额 (USDT: 16.44)
[08:07:05] 
📊 布林带收口检测:
[08:07:05]   🔴 XRP: 比率0.19x 位置34% $1.42
[08:07:06]   🔴 DOGE: 比率0.27x 位置12% $0.11
[08:07:06]   🔴 ADA: 比率0.17x 位置16% $0.27
[08:07:07]   🔴 SOL: 比率0.08x 位置16% $92.97
[08:07:07]   🔴 ETH: 比率0.23x 位置65% $2324.91
[08:07:08]   🔴 BTC: 比率0.20x 位置61% $80645.57
[08:07:08] 
📊 动能排名:
[08:07:11]   1. 🟢 ETH: +0.71%
[08:07:11]   2. 🟢 SOL: +0.53%
[08:07:11]   3. 🟢 BTC: +0.51%
[08:07:11]   4. 🔴 XRP: -0.39%
[08:07:11]   5. 🔴 LINK: -0.86%
[08:07:11] 
🎯 交易信号:
[08:07:12] 
⚡ LONG: ADA @ $0.27
[08:07:12]    原因: 收口0.17x+低位16%
[08:07:14] 
⚡ LONG: SOL @ $92.97
[08:07:14]    原因: 收口0.08x+低位16%
[08:07:17] 
============================================================
[08:07:17] 执行: 0笔 | 信号: 2个 | 余额: $16.44
[08:07:17] ============================================================
