/usr/lib/python3/dist-packages/requests/__init__.py:87: RequestsDependencyWarning: urllib3 (2.6.3) or chardet (4.0.0) doesn't match a supported version!
  warnings.warn("urllib3 ({}) or chardet ({}) doesn't match a supported "
G16 v2.0 持续运行模式 (每5分钟)
======================================================================
G16 v2.0 智能调仓系统
现货 ↔ 全仓 自主转移
======================================================================

📊 账户概览
  现货: $568.86
  全仓: $0.00
  合约: $29.99

🔍 信号分析
  🟡 BTC    RSI: 51.7 MOM:  +0.5% BB:   63% 评分: +10 NEUTRAL
  🟡 ETH    RSI: 63.4 MOM:  +0.7% BB:   69% 评分: -15 NEUTRAL
  🟡 SOL    RSI: 61.3 MOM:  +0.7% BB:   28% 评分:  -5 NEUTRAL
  🟡 XRP    RSI: 59.9 MOM:  -0.3% BB:   38% 评分:  -5 NEUTRAL
  🟢 ADA    RSI: 50.0 MOM:  -1.8% BB:   15% 评分: +20 BUY
  🟢 DOGE   RSI: 43.2 MOM:  -0.8% BB:   15% 评分: +35 BUY
  🟡 LINK   RSI: 59.1 MOM:  -0.7% BB:   22% 评分: -15 NEUTRAL

⚖️ 调仓决策
  📈→ ADA: SPOT→TO→MARGIN 30.495282
      原因: BUY RSI:50.0 MOM:-1.8%
  📈→ DOGE: SPOT→TO→MARGIN 2.349918
      原因: BUY RSI:43.2 MOM:-0.8%

🚀 执行转移
  ❌ ADA: 现货→全仓 30.495282
      错误: Illegal characters found in a parameter.
  ❌ DOGE: 现货→全仓 2.349918
      错误: Illegal characters found in a parameter.

📈 合约信号
  ⏸️ 无合约持仓

等待5分钟...
