/usr/lib/python3/dist-packages/requests/__init__.py:87: RequestsDependencyWarning: urllib3 (2.6.3) or chardet (4.0.0) doesn't match a supported version!
  warnings.warn("urllib3 ({}) or chardet ({}) doesn't match a supported "
======================================================================
G19 Ultra - 1000智能体演化系统
配置: 1000智能体 x 10代 x 7币种
======================================================================

加载数据...
  BTC: 720条
  ETH: 720条
  SOL: 720条
  XRP: 720条
  ADA: 720条
  DOGE: 720条
  LINK: 720条

BTC: 1000智能体 x 10代演化中...
  Gen 1: 最佳=+16.55%
  Gen 3: 最佳=+16.94%
  Gen 5: 最佳=+16.94%
  Gen 7: 最佳=+16.94%
  Gen 9: 最佳=+16.94%
  最终: +16.94%

ETH: 1000智能体 x 10代演化中...
  Gen 1: 最佳=+16.66%
  Gen 3: 最佳=+17.36%
  Gen 5: 最佳=+17.36%
  Gen 7: 最佳=+17.36%
  Gen 9: 最佳=+17.36%
  最终: +17.36%

SOL: 1000智能体 x 10代演化中...
  Gen 1: 最佳=+17.71%
  Gen 3: 最佳=+18.13%
  Gen 5: 最佳=+18.13%
  Gen 7: 最佳=+18.13%
  Gen 9: 最佳=+18.13%
  最终: +18.13%

XRP: 1000智能体 x 10代演化中...
  Gen 1: 最佳=+12.91%
  Gen 3: 最佳=+13.88%
  Gen 5: 最佳=+13.88%
  Gen 7: 最佳=+13.88%
  Gen 9: 最佳=+13.88%
  最终: +13.88%

ADA: 1000智能体 x 10代演化中...
  Gen 1: 最佳=+13.13%
  Gen 3: 最佳=+13.91%
  Gen 5: 最佳=+13.91%
  Gen 7: 最佳=+13.91%
  Gen 9: 最佳=+13.91%
  最终: +13.91%

DOGE: 1000智能体 x 10代演化中...
  Gen 1: 最佳=+25.72%
  Gen 3: 最佳=+31.04%
  Gen 5: 最佳=+31.04%
  Gen 7: 最佳=+31.04%
  Gen 9: 最佳=+31.04%
  最终: +31.04%

LINK: 1000智能体 x 10代演化中...
  Gen 1: 最佳=+31.58%
  Gen 3: 最佳=+32.23%
  Gen 5: 最佳=+32.23%
  Gen 7: 最佳=+32.23%
  Gen 9: 最佳=+32.23%
  最终: +32.23%

======================================================================
【跨币种调配 (MiroFish)】
======================================================================
  LINK  :  22.5% | RSI 44/77 | TP 6% | +32.2%
  DOGE  :  21.6% | RSI 45/80 | TP 7% | +31.0%
  SOL   :  12.6% | RSI 45/76 | TP 8% | +18.1%
  ETH   :  12.1% | RSI 29/79 | TP 5% | +17.4%
  BTC   :  11.8% | RSI 45/79 | TP 9% | +16.9%
  ADA   :   9.7% | RSI 43/63 | TP 8% | +13.9%
  XRP   :   9.7% | RSI 24/77 | TP 17% | +13.9%

✅ G19 1000智能体演化完成!
