================================================================================
G20 Pro Max - 动能增强版
================================================================================

[资金] USDT: $629.14

[扫描] 多策略共振分析...
  🟡 BTC: RSI=78/50 MACD=95.56 评分=60 -> HOLD
  🟡 ETH: RSI=75/50 MACD=2.20 评分=60 -> HOLD
  🟡 SOL: RSI=72/50 MACD=0.35 评分=60 -> HOLD
  🟡 XRP: RSI=92/50 MACD=0.01 评分=60 -> HOLD
  🟡 ADA: RSI=89/50 MACD=0.00 评分=50 -> HOLD
  🟡 DOGE: RSI=65/50 MACD=-0.00 评分=60 -> HOLD
  🟡 LINK: RSI=81/50 MACD=0.07 评分=60 -> HOLD
  🟡 AVAX: RSI=78/50 MACD=0.05 评分=60 -> HOLD
  🟡 DOT: RSI=79/50 MACD=0.01 评分=50 -> HOLD
  🟡 UNI: RSI=72/50 MACD=0.15 评分=60 -> HOLD

[决策] 信号排序:

[状态] 无买入信号或资金不足

================================================================================
================================================================================
G20 Pro Max - 动能增强版
================================================================================

[资金] USDT: $629.14

[扫描] 多策略共振分析...
  🟡 BTC: RSI=81/50 MACD=96.83 评分=60 -> HOLD
  🟡 ETH: RSI=75/50 MACD=2.22 评分=60 -> HOLD
  🟡 SOL: RSI=73/50 MACD=0.35 评分=60 -> HOLD
  🟡 XRP: RSI=92/50 MACD=0.01 评分=60 -> HOLD
  🟡 ADA: RSI=89/50 MACD=0.00 评分=50 -> HOLD
  🟡 DOGE: RSI=67/50 MACD=-0.00 评分=60 -> HOLD
  🟡 LINK: RSI=81/50 MACD=0.07 评分=60 -> HOLD
  🟡 AVAX: RSI=78/50 MACD=0.05 评分=60 -> HOLD
  🟡 DOT: RSI=79/50 MACD=0.01 评分=50 -> HOLD
  🟡 UNI: RSI=71/50 MACD=0.15 评分=60 -> HOLD

[决策] 信号排序:

[状态] 无买入信号或资金不足

================================================================================
================================================================================
G20 Pro Max - 动能增强版
================================================================================

[资金] USDT: $637.27

[扫描] 多策略共振分析...
  🟡 BTC: RSI=81/50 MACD=121.17 评分=60 -> HOLD
  🟡 ETH: RSI=76/50 MACD=2.87 评分=60 -> HOLD
  🟡 SOL: RSI=72/50 MACD=0.42 评分=60 -> HOLD
  🟡 XRP: RSI=93/50 MACD=0.01 评分=60 -> HOLD
  🟡 ADA: RSI=90/50 MACD=0.00 评分=50 -> HOLD
  🟡 DOGE: RSI=71/50 MACD=-0.00 评分=40 -> HOLD
  🟡 LINK: RSI=82/50 MACD=0.09 评分=60 -> HOLD
  🟡 AVAX: RSI=80/50 MACD=0.06 评分=60 -> HOLD
  🟡 DOT: RSI=80/50 MACD=0.01 评分=50 -> HOLD
  🟡 UNI: RSI=71/50 MACD=0.15 评分=60 -> HOLD

[决策] 信号排序:

[状态] 无买入信号或资金不足

================================================================================
================================================================================
G20 Pro Max - 动能增强版
================================================================================

[资金] USDT: $637.27

[扫描] 多策略共振分析...
  🟡 BTC: RSI=70/50 MACD=114.11 评分=60 -> HOLD
  🟢 ETH: RSI=70/50 MACD=2.69 评分=80 -> BUY
  🟡 SOL: RSI=72/50 MACD=0.42 评分=60 -> HOLD
  🟡 XRP: RSI=93/50 MACD=0.01 评分=60 -> HOLD
  🟡 ADA: RSI=90/50 MACD=0.00 评分=50 -> HOLD
  🟡 DOGE: RSI=67/50 MACD=-0.00 评分=60 -> HOLD
  🟡 LINK: RSI=77/50 MACD=0.09 评分=60 -> HOLD
  🟡 AVAX: RSI=74/50 MACD=0.06 评分=60 -> HOLD
  🟡 DOT: RSI=78/50 MACD=0.01 评分=50 -> HOLD

[决策] 信号排序:
  1. ETH: 评分=80 RSI=70

[执行] 分配$573.54到Top3信号:
  买入 ETH: $573.54 -> 0.2444 @ $2346.5100
    ✅ 成功! 订单ID: 46463266035

================================================================================
================================================================================
G20 Pro Max - 动能增强版
================================================================================

[资金] USDT: $493.03

[扫描] 多策略共振分析...
  🟡 BTC: RSI=76/50 MACD=117.61 评分=60 -> HOLD
  🟡 ETH: RSI=76/50 MACD=2.88 评分=60 -> HOLD
  🟡 SOL: RSI=73/50 MACD=0.42 评分=60 -> HOLD
  🟡 XRP: RSI=93/50 MACD=0.01 评分=60 -> HOLD
  🟡 ADA: RSI=90/50 MACD=0.00 评分=50 -> HOLD
  🟡 DOGE: RSI=74/50 MACD=-0.00 评分=40 -> HOLD
  🟡 LINK: RSI=80/50 MACD=0.09 评分=60 -> HOLD
  🟡 AVAX: RSI=78/50 MACD=0.06 评分=60 -> HOLD
  🟡 DOT: RSI=81/50 MACD=0.01 评分=50 -> HOLD
  🟢 UNI: RSI=68/50 MACD=0.15 评分=70 -> BUY

[决策] 信号排序:
  1. UNI: 评分=70 RSI=68

[执行] 分配$443.73到Top3信号:
  买入 UNI: $443.73 -> 110.988 @ $3.9980
    ❌ 失败: {'error': 'HTTP Error 400: Bad Request'}

================================================================================
================================================================================
G20 Pro Max - 动能增强版
================================================================================

[资金] USDT: $636.28

[扫描] 多策略共振分析...
  🟡 BTC: RSI=81/50 MACD=120.69 评分=60 -> HOLD
  🟡 ETH: RSI=77/50 MACD=3.00 评分=60 -> HOLD
  🟡 SOL: RSI=76/50 MACD=0.45 评分=60 -> HOLD
  🟡 XRP: RSI=94/50 MACD=0.01 评分=60 -> HOLD
  🟡 ADA: RSI=90/50 MACD=0.00 评分=60 -> HOLD
  🟡 DOGE: RSI=77/50 MACD=-0.00 评分=40 -> HOLD
  🟡 LINK: RSI=82/50 MACD=0.09 评分=60 -> HOLD
  🟡 AVAX: RSI=81/50 MACD=0.07 评分=60 -> HOLD
  🟡 DOT: RSI=82/50 MACD=0.01 评分=50 -> HOLD
  🟡 UNI: RSI=70/50 MACD=0.15 评分=60 -> HOLD

[决策] 信号排序:

[状态] 无买入信号或资金不足

================================================================================
================================================================================
G20 Pro Max - 动能增强版
================================================================================

[资金] USDT: $636.28

[扫描] 多策略共振分析...
  🟡 BTC: RSI=80/50 MACD=120.42 评分=60 -> HOLD
  🟡 ETH: RSI=78/50 MACD=3.07 评分=60 -> HOLD
  🟡 SOL: RSI=76/50 MACD=0.45 评分=60 -> HOLD
  🟡 XRP: RSI=94/50 MACD=0.01 评分=60 -> HOLD
  🟡 ADA: RSI=91/50 MACD=0.00 评分=60 -> HOLD
  🟡 DOGE: RSI=77/50 MACD=-0.00 评分=40 -> HOLD
  🟡 LINK: RSI=82/50 MACD=0.09 评分=60 -> HOLD
  🟡 AVAX: RSI=82/50 MACD=0.07 评分=60 -> HOLD
  🟡 DOT: RSI=83/50 MACD=0.01 评分=50 -> HOLD
  🟢 UNI: RSI=70/50 MACD=0.15 评分=80 -> BUY

[决策] 信号排序:
  1. UNI: 评分=80 RSI=70

[执行] 分配$572.65到Top3信号:
  买入 UNI: $572.65 -> 142.3449 @ $4.0230
    ❌ 失败: {'error': 'HTTP Error 400: Bad Request'}

================================================================================
================================================================================
G20 Pro Max - 动能增强版
================================================================================

[资金] USDT: $636.28

[扫描] 多策略共振分析...
  🟡 BTC: RSI=78/50 MACD=119.32 评分=60 -> HOLD
  🟡 ETH: RSI=79/50 MACD=3.13 评分=60 -> HOLD
  🟡 SOL: RSI=77/50 MACD=0.45 评分=60 -> HOLD
  🟡 XRP: RSI=94/50 MACD=0.01 评分=60 -> HOLD
  🟡 ADA: RSI=91/50 MACD=0.00 评分=60 -> HOLD
  🟡 DOGE: RSI=78/50 MACD=-0.00 评分=40 -> HOLD
  🟡 LINK: RSI=83/50 MACD=0.09 评分=60 -> HOLD
  🟡 AVAX: RSI=83/50 MACD=0.07 评分=60 -> HOLD
  🟡 DOT: RSI=83/50 MACD=0.01 评分=50 -> HOLD
  🟢 UNI: RSI=69/50 MACD=0.15 评分=80 -> BUY

[决策] 信号排序:
  1. UNI: 评分=80 RSI=69

[执行] 分配$572.65到Top3信号:
  买入 UNI: $572.65 -> 142.522 @ $4.0180
    ❌ 失败: {'error': 'HTTP Error 400: Bad Request'}

================================================================================
================================================================================
G20 Pro Max - 动能增强版
================================================================================

[资金] USDT: $636.28

[扫描] 多策略共振分析...
  🟡 BTC: RSI=75/50 MACD=117.33 评分=60 -> HOLD
  🟡 ETH: RSI=77/50 MACD=3.02 评分=60 -> HOLD
  🟡 SOL: RSI=76/50 MACD=0.45 评分=60 -> HOLD
  🟡 XRP: RSI=94/50 MACD=0.01 评分=60 -> HOLD
  🟡 ADA: RSI=91/50 MACD=0.00 评分=60 -> HOLD
  🟡 DOGE: RSI=77/50 MACD=-0.00 评分=40 -> HOLD
  🟡 LINK: RSI=82/50 MACD=0.09 评分=60 -> HOLD
  🟡 AVAX: RSI=81/50 MACD=0.07 评分=60 -> HOLD
  🟡 DOT: RSI=82/50 MACD=0.01 评分=50 -> HOLD
  🟢 UNI: RSI=69/50 MACD=0.15 评分=80 -> BUY

[决策] 信号排序:
  1. UNI: 评分=80 RSI=69

[执行] 分配$572.65到Top3信号:
  买入 UNI: $572.65 -> 142.593 @ $4.0160
    ❌ 失败: {'error': 'HTTP Error 400: Bad Request'}

================================================================================
================================================================================
G20 Pro Max - 动能增强版
================================================================================

[资金] USDT: $636.28

[扫描] 多策略共振分析...
  🟡 BTC: RSI=78/50 MACD=119.20 评分=60 -> HOLD
  🟡 ETH: RSI=78/50 MACD=3.04 评分=60 -> HOLD
  🟡 SOL: RSI=77/50 MACD=0.45 评分=60 -> HOLD
  🟡 XRP: RSI=94/50 MACD=0.01 评分=60 -> HOLD
  🟡 ADA: RSI=91/50 MACD=0.00 评分=60 -> HOLD
  🟡 DOGE: RSI=77/50 MACD=-0.00 评分=40 -> HOLD
  🟡 LINK: RSI=82/50 MACD=0.09 评分=60 -> HOLD
  🟡 AVAX: RSI=81/50 MACD=0.07 评分=60 -> HOLD
  🟡 DOT: RSI=82/50 MACD=0.01 评分=50 -> HOLD
  🟡 UNI: RSI=70/50 MACD=0.15 评分=60 -> HOLD

[决策] 信号排序:

[状态] 无买入信号或资金不足

================================================================================
================================================================================
G20 Pro Max - 动能增强版
================================================================================

[资金] USDT: $636.28

[扫描] 多策略共振分析...
  🟡 BTC: RSI=81/50 MACD=121.95 评分=60 -> HOLD
  🟡 ETH: RSI=79/50 MACD=3.17 评分=60 -> HOLD
  🟡 SOL: RSI=76/50 MACD=0.45 评分=60 -> HOLD
  🟡 XRP: RSI=94/50 MACD=0.01 评分=60 -> HOLD
  🟡 ADA: RSI=91/50 MACD=0.00 评分=60 -> HOLD
  🟡 DOGE: RSI=76/50 MACD=-0.00 评分=40 -> HOLD
  🟡 LINK: RSI=83/50 MACD=0.09 评分=60 -> HOLD
  🟡 AVAX: RSI=81/50 MACD=0.07 评分=60 -> HOLD
  🟡 DOT: RSI=82/50 MACD=0.01 评分=50 -> HOLD
  🟡 UNI: RSI=71/50 MACD=0.15 评分=60 -> HOLD

[决策] 信号排序:

[状态] 无买入信号或资金不足

================================================================================
================================================================================
G20 Pro Max - 动能增强版
================================================================================

[资金] USDT: $636.28

[扫描] 多策略共振分析...
  🟡 BTC: RSI=83/50 MACD=126.01 评分=60 -> HOLD
  🟡 ETH: RSI=82/50 MACD=3.50 评分=60 -> HOLD
  🟡 SOL: RSI=79/50 MACD=0.47 评分=60 -> HOLD
  🟡 XRP: RSI=95/50 MACD=0.01 评分=60 -> HOLD
  🟡 ADA: RSI=91/50 MACD=0.00 评分=60 -> HOLD
  🟡 DOGE: RSI=77/50 MACD=-0.00 评分=40 -> HOLD
  🟡 LINK: RSI=84/50 MACD=0.09 评分=60 -> HOLD
  🟡 AVAX: RSI=82/50 MACD=0.07 评分=60 -> HOLD
  🟡 DOT: RSI=83/50 MACD=0.01 评分=50 -> HOLD
  🟡 UNI: RSI=72/50 MACD=0.15 评分=60 -> HOLD

[决策] 信号排序:

[状态] 无买入信号或资金不足

================================================================================
================================================================================
G20 Pro Max - 动能增强版
================================================================================

[资金] USDT: $636.28

[扫描] 多策略共振分析...
  🟡 BTC: RSI=81/50 MACD=152.44 评分=60 -> HOLD
  🟡 ETH: RSI=81/50 MACD=4.69 评分=60 -> HOLD
  🟡 SOL: RSI=78/50 MACD=0.59 评分=60 -> HOLD
  🟡 XRP: RSI=91/50 MACD=0.01 评分=60 -> HOLD
  🟡 ADA: RSI=89/50 MACD=0.00 评分=60 -> HOLD
  🟡 DOGE: RSI=75/50 MACD=0.00 评分=50 -> HOLD
  🟡 LINK: RSI=82/50 MACD=0.11 评分=60 -> HOLD
  🟡 AVAX: RSI=81/50 MACD=0.08 评分=60 -> HOLD
  🟡 DOT: RSI=82/50 MACD=0.01 评分=50 -> HOLD
  🟢 UNI: RSI=70/50 MACD=0.14 评分=80 -> BUY

[决策] 信号排序:
  1. UNI: 评分=80 RSI=70

[执行] 分配$572.65到Top3信号:
  买入 UNI: $572.65 -> 141.7459 @ $4.0400
    ❌ 失败: {'error': 'HTTP Error 400: Bad Request'}

================================================================================
================================================================================
G20 Pro Max - 动能增强版
================================================================================

[资金] USDT: $636.28

[扫描] 多策略共振分析...
  🟡 BTC: RSI=83/50 MACD=153.56 评分=60 -> HOLD
  🟡 ETH: RSI=82/50 MACD=4.76 评分=60 -> HOLD
  🟡 SOL: RSI=77/50 MACD=0.58 评分=60 -> HOLD
  🟡 XRP: RSI=94/50 MACD=0.01 评分=60 -> HOLD
  🟡 ADA: RSI=91/50 MACD=0.00 评分=60 -> HOLD
  🟡 DOGE: RSI=80/50 MACD=0.00 评分=50 -> HOLD
  🟡 LINK: RSI=82/50 MACD=0.11 评分=60 -> HOLD
  🟡 AVAX: RSI=81/50 MACD=0.08 评分=60 -> HOLD
  🟡 DOT: RSI=82/50 MACD=0.01 评分=50 -> HOLD
  🟢 UNI: RSI=69/50 MACD=0.14 评分=80 -> BUY

[决策] 信号排序:
  1. UNI: 评分=80 RSI=69

[执行] 分配$572.65到Top3信号:
  买入 UNI: $572.65 -> 141.9215 @ $4.0350
    ❌ 失败: {'error': 'HTTP Error 400: Bad Request'}

================================================================================
================================================================================
G20 Pro Max - 动能增强版
================================================================================

[资金] USDT: $636.28

[扫描] 多策略共振分析...
  🟡 BTC: RSI=80/50 MACD=151.79 评分=60 -> HOLD
  🟡 ETH: RSI=82/50 MACD=4.71 评分=60 -> HOLD
  🟡 SOL: RSI=77/50 MACD=0.59 评分=60 -> HOLD
  🟡 XRP: RSI=92/50 MACD=0.01 评分=60 -> HOLD
  🟡 ADA: RSI=91/50 MACD=0.00 评分=60 -> HOLD
  🟡 DOGE: RSI=79/50 MACD=0.00 评分=50 -> HOLD
  🟡 LINK: RSI=78/50 MACD=0.10 评分=60 -> HOLD
  🟡 AVAX: RSI=81/50 MACD=0.08 评分=60 -> HOLD
  🟡 DOT: RSI=81/50 MACD=0.01 评分=50 -> HOLD
  🟢 UNI: RSI=68/50 MACD=0.14 评分=70 -> BUY

[决策] 信号排序:
  1. UNI: 评分=70 RSI=68

[执行] 分配$572.65到Top3信号:
  买入 UNI: $572.65 -> 142.3095 @ $4.0240
    ❌ 失败: {'error': 'HTTP Error 400: Bad Request'}

================================================================================
================================================================================
G20 Pro Max - 动能增强版
================================================================================

[资金] USDT: $636.28

[扫描] 多策略共振分析...
  🟡 BTC: RSI=80/50 MACD=151.71 评分=60 -> HOLD
  🟡 ETH: RSI=82/50 MACD=4.73 评分=60 -> HOLD
  🟡 SOL: RSI=81/50 MACD=0.60 评分=60 -> HOLD
  🟡 XRP: RSI=89/50 MACD=0.01 评分=60 -> HOLD
  🟡 ADA: RSI=88/50 MACD=0.00 评分=60 -> HOLD
  🟡 DOGE: RSI=79/50 MACD=0.00 评分=50 -> HOLD
  🟡 LINK: RSI=79/50 MACD=0.10 评分=60 -> HOLD
  🟡 AVAX: RSI=81/50 MACD=0.08 评分=60 -> HOLD
  🟡 DOT: RSI=81/50 MACD=0.01 评分=50 -> HOLD
  🟢 UNI: RSI=68/50 MACD=0.14 评分=80 -> BUY

[决策] 信号排序:
  1. UNI: 评分=80 RSI=68

[执行] 分配$572.65到Top3信号:
================================================================================
G20 Pro Max - 动能增强版
================================================================================

[资金] USDT: $636.28

[扫描] 多策略共振分析...
  🟡 BTC: RSI=77/50 MACD=150.15 评分=60 -> HOLD
  🟡 ETH: RSI=80/50 MACD=4.66 评分=60 -> HOLD
  🟡 SOL: RSI=81/50 MACD=0.60 评分=60 -> HOLD
  🟡 XRP: RSI=90/50 MACD=0.01 评分=60 -> HOLD
  🟡 ADA: RSI=91/50 MACD=0.00 评分=60 -> HOLD
  🟡 DOGE: RSI=80/50 MACD=0.00 评分=50 -> HOLD
  🟡 LINK: RSI=82/50 MACD=0.11 评分=60 -> HOLD
  🟡 AVAX: RSI=83/50 MACD=0.08 评分=60 -> HOLD
  🟡 DOT: RSI=84/50 MACD=0.01 评分=50 -> HOLD
  🟢 UNI: RSI=69/50 MACD=0.14 评分=80 -> BUY

[决策] 信号排序:
  1. UNI: 评分=80 RSI=69

[执行] 分配$572.65到Top3信号:
  买入 UNI: $572.65 -> 142.0271 @ $4.0320
    ❌ 失败: {'error': 'HTTP Error 400: Bad Request'}

================================================================================
================================================================================
G20 Pro Max - 动能增强版
================================================================================

[资金] USDT: $636.28

[扫描] 多策略共振分析...
  🟡 BTC: RSI=77/50 MACD=150.30 评分=60 -> HOLD
  🟡 ETH: RSI=82/50 MACD=4.71 评分=60 -> HOLD
  🟡 SOL: RSI=82/50 MACD=0.61 评分=60 -> HOLD
  🟡 XRP: RSI=92/50 MACD=0.01 评分=60 -> HOLD
  🟡 ADA: RSI=91/50 MACD=0.00 评分=60 -> HOLD
  🟡 DOGE: RSI=81/50 MACD=0.00 评分=50 -> HOLD
  🟡 LINK: RSI=83/50 MACD=0.11 评分=60 -> HOLD
  🟡 AVAX: RSI=84/50 MACD=0.08 评分=60 -> HOLD
  🟡 DOT: RSI=84/50 MACD=0.01 评分=50 -> HOLD
  🟢 UNI: RSI=68/50 MACD=0.14 评分=80 -> BUY

[决策] 信号排序:
  1. UNI: 评分=80 RSI=68

[执行] 分配$572.65到Top3信号:
  买入 UNI: $572.65 -> 142.2741 @ $4.0250
    ❌ 失败: {'error': 'HTTP Error 400: Bad Request'}

================================================================================
================================================================================
G20 Pro Max - 动能增强版
================================================================================

[资金] USDT: $636.28

[扫描] 多策略共振分析...
  🟡 BTC: RSI=79/50 MACD=151.20 评分=60 -> HOLD
  🟡 ETH: RSI=81/50 MACD=4.68 评分=60 -> HOLD
  🟡 SOL: RSI=82/50 MACD=0.61 评分=60 -> HOLD
  🟡 XRP: RSI=91/50 MACD=0.01 评分=60 -> HOLD
  🟡 ADA: RSI=91/50 MACD=0.00 评分=60 -> HOLD
  🟡 DOGE: RSI=81/50 MACD=0.00 评分=50 -> HOLD
  🟡 LINK: RSI=84/50 MACD=0.11 评分=60 -> HOLD
  🟡 AVAX: RSI=84/50 MACD=0.08 评分=60 -> HOLD
  🟡 DOT: RSI=84/50 MACD=0.01 评分=50 -> HOLD
  🟢 UNI: RSI=69/50 MACD=0.14 评分=80 -> BUY

[决策] 信号排序:
  1. UNI: 评分=80 RSI=69

[执行] 分配$572.65到Top3信号:
  买入 UNI: $572.65 -> 141.9215 @ $4.0350
    ❌ 失败: {'error': 'HTTP Error 400: Bad Request'}

================================================================================
================================================================================
G20 Pro Max - 动能增强版
================================================================================

[资金] USDT: $636.28

[扫描] 多策略共振分析...
  🟡 BTC: RSI=73/50 MACD=147.37 评分=60 -> HOLD
  🟡 ETH: RSI=75/50 MACD=4.47 评分=60 -> HOLD
  🟡 SOL: RSI=81/50 MACD=0.60 评分=60 -> HOLD
  🟡 XRP: RSI=86/50 MACD=0.01 评分=60 -> HOLD
  🟡 ADA: RSI=91/50 MACD=0.00 评分=60 -> HOLD
  🟡 DOGE: RSI=79/50 MACD=0.00 评分=50 -> HOLD
  🟡 LINK: RSI=83/50 MACD=0.11 评分=60 -> HOLD
  🟡 AVAX: RSI=83/50 MACD=0.08 评分=60 -> HOLD
  🟡 DOT: RSI=84/50 MACD=0.01 评分=50 -> HOLD
  🟢 UNI: RSI=69/50 MACD=0.14 评分=80 -> BUY

[决策] 信号排序:
  1. UNI: 评分=80 RSI=69

[执行] 分配$572.65到Top3信号:
  买入 UNI: $572.65 -> 141.9215 @ $4.0350
    ❌ 失败: {'error': 'HTTP Error 400: Bad Request'}

================================================================================
================================================================================
G20 Pro Max - 动能增强版
================================================================================

[资金] USDT: $636.28

[扫描] 多策略共振分析...
  🟡 BTC: RSI=72/50 MACD=146.47 评分=60 -> HOLD
  🟡 ETH: RSI=75/50 MACD=4.46 评分=60 -> HOLD
  🟡 SOL: RSI=82/50 MACD=0.61 评分=60 -> HOLD
  🟡 XRP: RSI=84/50 MACD=0.01 评分=60 -> HOLD
  🟡 ADA: RSI=92/50 MACD=0.00 评分=60 -> HOLD
  🟡 DOGE: RSI=81/50 MACD=0.00 评分=50 -> HOLD
  🟡 LINK: RSI=84/50 MACD=0.11 评分=60 -> HOLD
  🟡 AVAX: RSI=84/50 MACD=0.09 评分=60 -> HOLD
  🟡 DOT: RSI=85/50 MACD=0.01 评分=50 -> HOLD
  🟢 UNI: RSI=70/50 MACD=0.14 评分=80 -> BUY

[决策] 信号排序:
  1. UNI: 评分=80 RSI=70

[执行] 分配$572.65到Top3信号:
  买入 UNI: $572.65 -> 141.8161 @ $4.0380
    ❌ 失败: {'error': 'HTTP Error 400: Bad Request'}

================================================================================
================================================================================
G20 Pro Max - 动能增强版
================================================================================

[资金] USDT: $636.28

[扫描] 多策略共振分析...
  🟢 BTC: RSI=69/50 MACD=144.32 评分=80 -> BUY
  🟡 ETH: RSI=73/50 MACD=4.39 评分=60 -> HOLD
  🟡 SOL: RSI=81/50 MACD=0.60 评分=60 -> HOLD
  🟡 XRP: RSI=80/50 MACD=0.01 评分=60 -> HOLD
  🟡 ADA: RSI=90/50 MACD=0.00 评分=60 -> HOLD
  🟡 DOGE: RSI=78/50 MACD=0.00 评分=50 -> HOLD
  🟡 LINK: RSI=82/50 MACD=0.11 评分=60 -> HOLD
  🟡 AVAX: RSI=83/50 MACD=0.08 评分=60 -> HOLD
  🟡 DOT: RSI=84/50 MACD=0.01 评分=50 -> HOLD
  🟢 UNI: RSI=69/50 MACD=0.14 评分=80 -> BUY

[决策] 信号排序:
  1. BTC: 评分=80 RSI=69
  2. UNI: 评分=80 RSI=69

[执行] 分配$572.65到Top3信号:
  买入 BTC: $286.33 -> 0.0035 @ $81257.9600
    ✅ 成功! 订单ID: 61626043212
  买入 UNI: $286.33 -> 70.9608 @ $4.0350
    ❌ 失败: {'error': 'HTTP Error 400: Bad Request'}

================================================================================
================================================================================
G20 Pro Max - 动能增强版
================================================================================

[资金] USDT: $498.62

[扫描] 多策略共振分析...
  🟢 BTC: RSI=69/50 MACD=144.25 评分=80 -> BUY
  🟡 ETH: RSI=74/50 MACD=4.43 评分=60 -> HOLD
  🟡 SOL: RSI=81/50 MACD=0.60 评分=60 -> HOLD
  🟡 XRP: RSI=80/50 MACD=0.01 评分=60 -> HOLD
  🟡 ADA: RSI=91/50 MACD=0.00 评分=60 -> HOLD
  🟡 DOGE: RSI=79/50 MACD=0.00 评分=50 -> HOLD
  🟡 LINK: RSI=81/50 MACD=0.10 评分=60 -> HOLD
  🟡 AVAX: RSI=84/50 MACD=0.08 评分=60 -> HOLD
  🟡 DOT: RSI=85/50 MACD=0.01 评分=50 -> HOLD
  🟢 UNI: RSI=69/50 MACD=0.14 评分=80 -> BUY

[决策] 信号排序:
  1. BTC: 评分=80 RSI=69
  2. UNI: 评分=80 RSI=69

[执行] 分配$448.76到Top3信号:
  买入 BTC: $224.38 -> 0.0028 @ $81265.9800
    ✅ 成功! 订单ID: 61626126681
  买入 UNI: $224.38 -> 55.5805 @ $4.0370
    ❌ 失败: {'error': 'HTTP Error 400: Bad Request'}

================================================================================
================================================================================
G20 Pro Max - 动能增强版
================================================================================

[资金] USDT: $342.38

[扫描] 多策略共振分析...
  🟢 BTC: RSI=70/50 MACD=144.55 评分=80 -> BUY
  🟡 ETH: RSI=74/50 MACD=4.45 评分=60 -> HOLD
  🟡 SOL: RSI=80/50 MACD=0.59 评分=60 -> HOLD
  🟡 XRP: RSI=80/50 MACD=0.01 评分=60 -> HOLD
  🟡 ADA: RSI=91/50 MACD=0.00 评分=60 -> HOLD
  🟡 DOGE: RSI=79/50 MACD=0.00 评分=50 -> HOLD
  🟡 LINK: RSI=83/50 MACD=0.11 评分=60 -> HOLD
  🟡 AVAX: RSI=84/50 MACD=0.09 评分=60 -> HOLD
  🟡 DOT: RSI=85/50 MACD=0.01 评分=50 -> HOLD
  🟢 UNI: RSI=69/50 MACD=0.14 评分=80 -> BUY

[决策] 信号排序:
  1. BTC: 评分=80 RSI=70
  2. UNI: 评分=80 RSI=69

[执行] 分配$308.14到Top3信号:
  买入 BTC: $154.07 -> 0.0019 @ $81263.1600
    ✅ 成功! 订单ID: 61626192290
  买入 UNI: $154.07 -> 38.1741 @ $4.0360
    ❌ 失败: {'error': 'HTTP Error 400: Bad Request'}

================================================================================
================================================================================
G20 Pro Max - 动能增强版
================================================================================

[资金] USDT: $489.00

[扫描] 多策略共振分析...
  🟢 BTC: RSI=67/50 MACD=166.38 评分=80 -> BUY
  🟢 ETH: RSI=68/50 MACD=5.64 评分=80 -> BUY
  🟡 SOL: RSI=72/50 MACD=0.69 评分=60 -> HOLD
  🟡 XRP: RSI=73/50 MACD=0.02 评分=60 -> HOLD
  🟡 ADA: RSI=86/50 MACD=0.00 评分=60 -> HOLD
  🟢 DOGE: RSI=70/50 MACD=0.00 评分=70 -> BUY
  🟡 LINK: RSI=76/50 MACD=0.12 评分=60 -> HOLD
  🟡 AVAX: RSI=78/50 MACD=0.10 评分=60 -> HOLD
  🟡 DOT: RSI=80/50 MACD=0.02 评分=50 -> HOLD
  🟢 UNI: RSI=60/50 MACD=0.13 评分=80 -> BUY

[决策] 信号排序:
  1. BTC: 评分=80 RSI=67
  2. ETH: 评分=80 RSI=68
  3. UNI: 评分=80 RSI=60
  4. DOGE: 评分=70 RSI=70

[执行] 分配$440.10到Top3信号:
  买入 BTC: $146.70 -> 0.0018 @ $81164.8900
    ✅ 成功! 订单ID: 61626329537
  买入 ETH: $146.70 -> 0.0624 @ $2352.1900
    ❌ 失败: {'error': 'HTTP Error 400: Bad Request'}
  买入 UNI: $146.70 -> 36.438 @ $4.0260
    ❌ 失败: {'error': 'HTTP Error 400: Bad Request'}

================================================================================
================================================================================
G20 Pro Max - 动能增强版
================================================================================

[资金] USDT: $160.10

[扫描] 多策略共振分析...
  🟡 BTC: RSI=72/50 MACD=170.48 评分=60 -> HOLD
  🟡 ETH: RSI=71/50 MACD=5.75 评分=60 -> HOLD
  🟡 SOL: RSI=75/50 MACD=0.70 评分=60 -> HOLD
  🟡 XRP: RSI=74/50 MACD=0.02 评分=60 -> HOLD
  🟡 ADA: RSI=89/50 MACD=0.00 评分=60 -> HOLD
  🟡 DOGE: RSI=76/50 MACD=0.00 评分=50 -> HOLD
  🟡 LINK: RSI=80/50 MACD=0.12 评分=60 -> HOLD
  🟡 AVAX: RSI=80/50 MACD=0.11 评分=60 -> HOLD
  🟡 DOT: RSI=83/50 MACD=0.02 评分=50 -> HOLD
  🟢 UNI: RSI=61/50 MACD=0.13 评分=80 -> BUY

[决策] 信号排序:
  1. UNI: 评分=80 RSI=61

[执行] 分配$144.09到Top3信号:
  买入 UNI: $144.09 -> 35.719 @ $4.0340
    ❌ 失败: {'error': 'HTTP Error 400: Bad Request'}

================================================================================
================================================================================
G20 Pro Max - 动能增强版
================================================================================

[资金] USDT: $187.65

[扫描] 多策略共振分析...
  🟡 BTC: RSI=75/50 MACD=175.80 评分=60 -> HOLD
  🟡 ETH: RSI=76/50 MACD=5.94 评分=60 -> HOLD
  🟡 SOL: RSI=78/50 MACD=0.71 评分=60 -> HOLD
  🟡 XRP: RSI=76/50 MACD=0.02 评分=60 -> HOLD
  🟡 ADA: RSI=90/50 MACD=0.00 评分=60 -> HOLD
  🟡 DOGE: RSI=81/50 MACD=0.00 评分=50 -> HOLD
  🟡 LINK: RSI=83/50 MACD=0.12 评分=60 -> HOLD
  🟡 AVAX: RSI=83/50 MACD=0.11 评分=60 -> HOLD
  🟡 DOT: RSI=85/50 MACD=0.02 评分=50 -> HOLD
  🟢 UNI: RSI=61/50 MACD=0.13 评分=80 -> BUY

[决策] 信号排序:
  1. UNI: 评分=80 RSI=61

[执行] 分配$168.89到Top3信号:
  买入 UNI: $168.89 -> 41.8136 @ $4.0390
    ❌ 失败: {'error': 'HTTP Error 400: Bad Request'}

================================================================================
================================================================================
G20 Pro Max - 动能增强版
================================================================================

[资金] USDT: $604.62

[扫描] 多策略共振分析...
  🟡 BTC: RSI=77/50 MACD=178.82 评分=60 -> HOLD
  🟡 ETH: RSI=76/50 MACD=6.05 评分=60 -> HOLD
  🟡 SOL: RSI=79/50 MACD=0.71 评分=60 -> HOLD
  🟡 XRP: RSI=76/50 MACD=0.02 评分=60 -> HOLD
  🟡 ADA: RSI=93/50 MACD=0.00 评分=60 -> HOLD
  🟡 DOGE: RSI=82/50 MACD=0.00 评分=50 -> HOLD
  🟡 LINK: RSI=83/50 MACD=0.12 评分=60 -> HOLD
  🟡 DOT: RSI=85/50 MACD=0.02 评分=50 -> HOLD
  🟢 UNI: RSI=62/50 MACD=0.13 评分=80 -> BUY

[决策] 信号排序:
  1. UNI: 评分=80 RSI=62

[执行] 分配$544.15到Top3信号:
  买入 UNI: $544.15 -> 134.3923 @ $4.0490
    ❌ 失败: {'error': 'HTTP Error 400: Bad Request'}

================================================================================
================================================================================
G20 Pro Max - 动能增强版
================================================================================

[资金] USDT: $618.45

[扫描] 多策略共振分析...
  🟡 BTC: RSI=77/50 MACD=179.97 评分=60 -> HOLD
  🟡 ETH: RSI=77/50 MACD=6.15 评分=60 -> HOLD
  🟡 SOL: RSI=80/50 MACD=0.72 评分=60 -> HOLD
  🟡 XRP: RSI=79/50 MACD=0.02 评分=60 -> HOLD
  🟡 ADA: RSI=93/50 MACD=0.00 评分=60 -> HOLD
  🟡 DOGE: RSI=82/50 MACD=0.00 评分=50 -> HOLD
  🟡 LINK: RSI=84/50 MACD=0.12 评分=60 -> HOLD
  🟡 AVAX: RSI=85/50 MACD=0.11 评分=60 -> HOLD
  🟡 DOT: RSI=85/50 MACD=0.02 评分=50 -> HOLD
  🟢 UNI: RSI=63/50 MACD=0.13 评分=80 -> BUY

[决策] 信号排序:
  1. UNI: 评分=80 RSI=63

[执行] 分配$556.60到Top3信号:
  买入 UNI: $556.60 -> 136.9932 @ $4.0630
    ❌ 失败: {'error': 'HTTP Error 400: Bad Request'}

================================================================================
================================================================================
G20 Pro Max - 动能增强版
================================================================================

[资金] USDT: $618.45

[扫描] 多策略共振分析...
  🟡 BTC: RSI=77/50 MACD=181.05 评分=60 -> HOLD
  🟡 ETH: RSI=78/50 MACD=6.25 评分=60 -> HOLD
  🟡 SOL: RSI=82/50 MACD=0.74 评分=60 -> HOLD
  🟡 XRP: RSI=80/50 MACD=0.02 评分=60 -> HOLD
  🟡 ADA: RSI=93/50 MACD=0.00 评分=60 -> HOLD
  🟡 DOGE: RSI=82/50 MACD=0.00 评分=50 -> HOLD
  🟡 LINK: RSI=85/50 MACD=0.13 评分=60 -> HOLD
  🟡 AVAX: RSI=85/50 MACD=0.11 评分=60 -> HOLD
  🟡 DOT: RSI=85/50 MACD=0.02 评分=50 -> HOLD
  🟢 UNI: RSI=63/50 MACD=0.13 评分=80 -> BUY

[决策] 信号排序:
  1. UNI: 评分=80 RSI=63

[执行] 分配$556.60到Top3信号:
  买入 UNI: $556.60 -> 136.9932 @ $4.0630
    ❌ 失败: {'error': 'HTTP Error 400: Bad Request'}

================================================================================
================================================================================
G20 Pro Max - 动能增强版
================================================================================

[资金] USDT: $618.45

[扫描] 多策略共振分析...
  🟡 BTC: RSI=77/50 MACD=179.24 评分=60 -> HOLD
  🟡 ETH: RSI=78/50 MACD=6.21 评分=60 -> HOLD
  🟡 SOL: RSI=81/50 MACD=0.73 评分=60 -> HOLD
  🟡 XRP: RSI=80/50 MACD=0.02 评分=60 -> HOLD
  🟡 ADA: RSI=93/50 MACD=0.00 评分=60 -> HOLD
  🟡 DOGE: RSI=82/50 MACD=0.00 评分=50 -> HOLD
  🟡 LINK: RSI=85/50 MACD=0.13 评分=60 -> HOLD
  🟡 AVAX: RSI=85/50 MACD=0.11 评分=60 -> HOLD
  🟡 DOT: RSI=85/50 MACD=0.02 评分=50 -> HOLD
  🟢 UNI: RSI=62/50 MACD=0.13 评分=80 -> BUY

[决策] 信号排序:
  1. UNI: 评分=80 RSI=62

[执行] 分配$556.60到Top3信号:
  买入 UNI: $556.60 -> 137.1282 @ $4.0590
    ❌ 失败: {'error': 'HTTP Error 400: Bad Request'}

================================================================================
================================================================================
G20 Pro Max - 动能增强版
================================================================================

[资金] USDT: $618.45

[扫描] 多策略共振分析...
  🟡 BTC: RSI=76/50 MACD=177.71 评分=60 -> HOLD
  🟡 ETH: RSI=77/50 MACD=6.12 评分=60 -> HOLD
  🟡 SOL: RSI=80/50 MACD=0.72 评分=60 -> HOLD
  🟡 XRP: RSI=80/50 MACD=0.02 评分=60 -> HOLD
  🟡 ADA: RSI=94/50 MACD=0.00 评分=60 -> HOLD
  🟡 DOGE: RSI=82/50 MACD=0.00 评分=50 -> HOLD
  🟡 LINK: RSI=84/50 MACD=0.12 评分=60 -> HOLD
  🟡 AVAX: RSI=85/50 MACD=0.11 评分=60 -> HOLD
  🟡 DOT: RSI=86/50 MACD=0.02 评分=50 -> HOLD
  🟢 UNI: RSI=62/50 MACD=0.13 评分=80 -> BUY

[决策] 信号排序:
  1. UNI: 评分=80 RSI=62

[执行] 分配$556.60到Top3信号:
  买入 UNI: $556.60 -> 137.0944 @ $4.0600
    ❌ 失败: {'error': 'HTTP Error 400: Bad Request'}

================================================================================
================================================================================
G20 Pro Max - 动能增强版
================================================================================

[资金] USDT: $618.45

[扫描] 多策略共振分析...
  🟡 BTC: RSI=77/50 MACD=179.05 评分=60 -> HOLD
  🟡 ETH: RSI=78/50 MACD=6.23 评分=60 -> HOLD
  🟡 SOL: RSI=81/50 MACD=0.72 评分=60 -> HOLD
  🟡 XRP: RSI=80/50 MACD=0.02 评分=60 -> HOLD
  🟡 ADA: RSI=93/50 MACD=0.00 评分=60 -> HOLD
  🟡 DOGE: RSI=81/50 MACD=0.00 评分=50 -> HOLD
  🟡 LINK: RSI=84/50 MACD=0.12 评分=60 -> HOLD
  🟡 AVAX: RSI=85/50 MACD=0.11 评分=60 -> HOLD
  🟡 DOT: RSI=85/50 MACD=0.02 评分=50 -> HOLD
  🟢 UNI: RSI=62/50 MACD=0.13 评分=80 -> BUY

[决策] 信号排序:
  1. UNI: 评分=80 RSI=62

[执行] 分配$556.60到Top3信号:
  买入 UNI: $556.60 -> 137.0269 @ $4.0620
    ❌ 失败: {'error': 'HTTP Error 400: Bad Request'}

================================================================================
================================================================================
G20 Pro Max - 动能增强版
================================================================================

[资金] USDT: $618.45

[扫描] 多策略共振分析...
  🟡 BTC: RSI=76/50 MACD=177.15 评分=60 -> HOLD
  🟡 ETH: RSI=77/50 MACD=6.13 评分=60 -> HOLD
  🟡 SOL: RSI=80/50 MACD=0.72 评分=60 -> HOLD
  🟡 XRP: RSI=80/50 MACD=0.02 评分=60 -> HOLD
  🟡 ADA: RSI=93/50 MACD=0.00 评分=60 -> HOLD
  🟡 DOGE: RSI=81/50 MACD=0.00 评分=50 -> HOLD
  🟡 LINK: RSI=84/50 MACD=0.12 评分=60 -> HOLD
  🟡 AVAX: RSI=84/50 MACD=0.11 评分=60 -> HOLD
  🟡 DOT: RSI=85/50 MACD=0.02 评分=50 -> HOLD
  🟢 UNI: RSI=63/50 MACD=0.13 评分=80 -> BUY

[决策] 信号排序:
  1. UNI: 评分=80 RSI=63

[执行] 分配$556.60到Top3信号:
  买入 UNI: $556.60 -> 136.9595 @ $4.0640
    ❌ 失败: {'error': 'HTTP Error 400: Bad Request'}

================================================================================
================================================================================
G20 Pro Max - 动能增强版
================================================================================

[资金] USDT: $618.45

[扫描] 多策略共振分析...
  🟡 BTC: RSI=75/50 MACD=175.27 评分=60 -> HOLD
  🟡 ETH: RSI=77/50 MACD=6.10 评分=60 -> HOLD
  🟡 SOL: RSI=78/50 MACD=0.71 评分=60 -> HOLD
  🟡 XRP: RSI=78/50 MACD=0.02 评分=60 -> HOLD
  🟡 ADA: RSI=93/50 MACD=0.00 评分=60 -> HOLD
  🟡 DOGE: RSI=79/50 MACD=0.00 评分=50 -> HOLD
  🟡 LINK: RSI=84/50 MACD=0.12 评分=60 -> HOLD
  🟡 AVAX: RSI=84/50 MACD=0.11 评分=60 -> HOLD
  🟡 DOT: RSI=85/50 MACD=0.02 评分=50 -> HOLD
  🟢 UNI: RSI=62/50 MACD=0.13 评分=80 -> BUY

[决策] 信号排序:
  1. UNI: 评分=80 RSI=62

[执行] 分配$556.60到Top3信号:
  买入 UNI: $556.60 -> 137.1282 @ $4.0590
    ❌ 失败: {'error': 'HTTP Error 400: Bad Request'}

================================================================================
================================================================================
G20 Pro Max - 动能增强版
================================================================================

[资金] USDT: $618.45

[扫描] 多策略共振分析...
  🟡 BTC: RSI=76/50 MACD=209.55 评分=60 -> HOLD
  🟡 ETH: RSI=78/50 MACD=7.88 评分=60 -> HOLD
  🟡 SOL: RSI=80/50 MACD=0.80 评分=60 -> HOLD
  🟡 XRP: RSI=80/50 MACD=0.02 评分=60 -> HOLD
  🟡 ADA: RSI=94/50 MACD=0.00 评分=60 -> HOLD
  🟡 DOGE: RSI=81/50 MACD=0.00 评分=50 -> HOLD
  🟡 LINK: RSI=84/50 MACD=0.14 评分=60 -> HOLD
  🟡 AVAX: RSI=83/50 MACD=0.12 评分=60 -> HOLD
  🟡 DOT: RSI=85/50 MACD=0.02 评分=60 -> HOLD
  🟢 UNI: RSI=57/50 MACD=0.12 评分=80 -> BUY

[决策] 信号排序:
  1. UNI: 评分=80 RSI=57

[执行] 分配$556.60到Top3信号:
  买入 UNI: $556.60 -> 137.2634 @ $4.0550
    ❌ 失败: {'error': 'HTTP Error 400: Bad Request'}

================================================================================
================================================================================
G20 Pro Max - 动能增强版
================================================================================

[资金] USDT: $618.45

[扫描] 多策略共振分析...
  🟡 BTC: RSI=75/50 MACD=208.95 评分=60 -> HOLD
  🟡 ETH: RSI=78/50 MACD=7.97 评分=60 -> HOLD
  🟡 SOL: RSI=80/50 MACD=0.80 评分=60 -> HOLD
  🟡 XRP: RSI=80/50 MACD=0.02 评分=60 -> HOLD
  🟡 ADA: RSI=94/50 MACD=0.00 评分=60 -> HOLD
  🟡 DOGE: RSI=82/50 MACD=0.00 评分=50 -> HOLD
  🟡 LINK: RSI=83/50 MACD=0.14 评分=60 -> HOLD
  🟡 AVAX: RSI=83/50 MACD=0.12 评分=60 -> HOLD
  🟡 DOT: RSI=83/50 MACD=0.02 评分=60 -> HOLD
  🟢 UNI: RSI=57/50 MACD=0.12 评分=80 -> BUY

[决策] 信号排序:
  1. UNI: 评分=80 RSI=57

[执行] 分配$556.60到Top3信号:
  买入 UNI: $556.60 -> 137.2296 @ $4.0560
    ❌ 失败: {'error': 'HTTP Error 400: Bad Request'}

================================================================================
================================================================================
G20 Pro Max - 动能增强版
================================================================================

[资金] USDT: $618.45

[扫描] 多策略共振分析...
  🟡 BTC: RSI=76/50 MACD=209.81 评分=60 -> HOLD
  🟡 ETH: RSI=78/50 MACD=7.96 评分=60 -> HOLD
  🟡 SOL: RSI=80/50 MACD=0.80 评分=60 -> HOLD
  🟡 XRP: RSI=80/50 MACD=0.02 评分=60 -> HOLD
  🟡 ADA: RSI=94/50 MACD=0.00 评分=60 -> HOLD
  🟡 DOGE: RSI=82/50 MACD=0.00 评分=50 -> HOLD
  🟡 LINK: RSI=84/50 MACD=0.14 评分=60 -> HOLD
  🟡 AVAX: RSI=84/50 MACD=0.12 评分=60 -> HOLD
  🟡 DOT: RSI=85/50 MACD=0.02 评分=60 -> HOLD
  🟢 UNI: RSI=58/50 MACD=0.12 评分=80 -> BUY

[决策] 信号排序:
  1. UNI: 评分=80 RSI=58

[执行] 分配$556.60到Top3信号:
  买入 UNI: $556.60 -> 137.0269 @ $4.0620
    ❌ 失败: {'error': 'HTTP Error 400: Bad Request'}

================================================================================
================================================================================
G20 Pro Max - 动能增强版
================================================================================

[资金] USDT: $0.00

[扫描] 多策略共振分析...
  🟢 BTC: RSI=65/50 MACD=199.29 评分=80 -> BUY
  🟢 ETH: RSI=67/50 MACD=7.38 评分=80 -> BUY
  🟡 SOL: RSI=72/50 MACD=0.78 评分=60 -> HOLD
  🟡 XRP: RSI=74/50 MACD=0.02 评分=60 -> HOLD
  🟡 ADA: RSI=87/50 MACD=0.00 评分=60 -> HOLD
  🟡 DOGE: RSI=73/50 MACD=0.00 评分=50 -> HOLD
  🟡 LINK: RSI=76/50 MACD=0.13 评分=60 -> HOLD
  🟡 AVAX: RSI=79/50 MACD=0.12 评分=60 -> HOLD
  🟡 DOT: RSI=78/50 MACD=0.02 评分=60 -> HOLD
  🟢 UNI: RSI=54/50 MACD=0.11 评分=80 -> BUY

[决策] 信号排序:
  1. BTC: 评分=80 RSI=65
  2. ETH: 评分=80 RSI=67
  3. UNI: 评分=80 RSI=54

[状态] 无买入信号或资金不足

================================================================================
================================================================================
G20 Pro Max - 动能增强版
================================================================================

[资金] USDT: $391.82

[扫描] 多策略共振分析...
  🟢 BTC: RSI=64/50 MACD=198.22 评分=80 -> BUY
  🟢 ETH: RSI=68/50 MACD=7.41 评分=80 -> BUY
  🟡 SOL: RSI=72/50 MACD=0.78 评分=60 -> HOLD
  🟡 XRP: RSI=75/50 MACD=0.02 评分=60 -> HOLD
  🟡 ADA: RSI=87/50 MACD=0.00 评分=60 -> HOLD
  🟡 DOGE: RSI=72/50 MACD=0.00 评分=50 -> HOLD
  🟡 AVAX: RSI=79/50 MACD=0.12 评分=60 -> HOLD
  🟡 DOT: RSI=78/50 MACD=0.02 评分=60 -> HOLD
  🟢 UNI: RSI=54/50 MACD=0.11 评分=80 -> BUY

[决策] 信号排序:
  1. BTC: 评分=80 RSI=64
  2. ETH: 评分=80 RSI=68
  3. UNI: 评分=80 RSI=54

[执行] 分配$352.64到Top3信号:
  买入 BTC: $117.55 -> 0.0014 @ $81186.1500
    ✅ 成功! 订单ID: 61628084198
  买入 ETH: $117.55 -> 0.0499 @ $2355.8000
    ✅ 成功! 订单ID: 46466319747
  买入 UNI: $117.55 -> 29.1676 @ $4.0300
    ❌ 失败: {'error': 'HTTP Error 400: Bad Request'}

================================================================================
================================================================================
G20 Pro Max - 动能增强版
================================================================================

[资金] USDT: $171.10

[扫描] 多策略共振分析...
  🟢 BTC: RSI=62/50 MACD=196.03 评分=80 -> BUY
  🟢 ETH: RSI=66/50 MACD=7.32 评分=80 -> BUY
  🟡 SOL: RSI=70/50 MACD=0.77 评分=60 -> HOLD
  🟡 XRP: RSI=73/50 MACD=0.02 评分=60 -> HOLD
  🟡 ADA: RSI=84/50 MACD=0.00 评分=60 -> HOLD
  🟢 DOGE: RSI=67/50 MACD=0.00 评分=70 -> BUY
  🟡 LINK: RSI=74/50 MACD=0.13 评分=60 -> HOLD
  🟡 AVAX: RSI=74/50 MACD=0.12 评分=60 -> HOLD
  🟡 DOT: RSI=76/50 MACD=0.02 评分=60 -> HOLD
  🟢 UNI: RSI=53/50 MACD=0.11 评分=80 -> BUY

[决策] 信号排序:
  1. BTC: 评分=80 RSI=62
  2. ETH: 评分=80 RSI=66
  3. UNI: 评分=80 RSI=53
  4. DOGE: 评分=70 RSI=67

[执行] 分配$153.99到Top3信号:
  买入 BTC: $51.33 -> 0.0006 @ $81135.0600
    ✅ 成功! 订单ID: 61628238273
  买入 ETH: $51.33 -> 0.0218 @ $2353.5800
    ✅ 成功! 订单ID: 46466443070
  买入 UNI: $51.33 -> 12.7715 @ $4.0190
    ❌ 失败: {'error': 'HTTP Error 400: Bad Request'}

================================================================================
================================================================================
G20 Pro Max - 动能增强版
================================================================================

[资金] USDT: $92.02

[扫描] 多策略共振分析...
  🟢 BTC: RSI=60/50 MACD=192.71 评分=80 -> BUY
  🟢 ETH: RSI=63/50 MACD=7.14 评分=80 -> BUY
  🟢 SOL: RSI=67/50 MACD=0.76 评分=80 -> BUY
  🟢 XRP: RSI=70/50 MACD=0.02 评分=80 -> BUY
  🟡 ADA: RSI=81/50 MACD=0.00 评分=60 -> HOLD
  🟢 DOGE: RSI=62/50 MACD=0.00 评分=70 -> BUY
  🟡 LINK: RSI=71/50 MACD=0.13 评分=60 -> HOLD
  🟡 AVAX: RSI=71/50 MACD=0.12 评分=60 -> HOLD
  🟡 DOT: RSI=72/50 MACD=0.02 评分=60 -> HOLD
  🟢 UNI: RSI=52/50 MACD=0.11 评分=80 -> BUY

[决策] 信号排序:
  1. BTC: 评分=80 RSI=60
  2. ETH: 评分=80 RSI=63
  3. SOL: 评分=80 RSI=67
  4. XRP: 评分=80 RSI=70
  5. UNI: 评分=80 RSI=52

[执行] 分配$82.82到Top3信号:
  买入 BTC: $27.61 -> 0.0003 @ $81070.7100
    ✅ 成功! 订单ID: 61628359781
  买入 ETH: $27.61 -> 0.0118 @ $2349.4400
    ✅ 成功! 订单ID: 46466555100
  买入 SOL: $27.61 -> 0.2893 @ $95.4200
    ❌ 失败: {'error': 'HTTP Error 400: Bad Request'}

================================================================================
================================================================================
G20 Pro Max - 动能增强版
================================================================================

[资金] USDT: $53.67

[扫描] 多策略共振分析...
  🟢 BTC: RSI=58/50 MACD=191.20 评分=80 -> BUY
  🟢 ETH: RSI=59/50 MACD=6.90 评分=80 -> BUY
  🟢 SOL: RSI=66/50 MACD=0.75 评分=80 -> BUY
  🟢 XRP: RSI=69/50 MACD=0.02 评分=80 -> BUY
  🟡 ADA: RSI=78/50 MACD=0.00 评分=60 -> HOLD
  🟢 DOGE: RSI=61/50 MACD=0.00 评分=70 -> BUY
  🟢 LINK: RSI=69/50 MACD=0.13 评分=80 -> BUY
  🟢 AVAX: RSI=68/50 MACD=0.12 评分=80 -> BUY
  🟢 DOT: RSI=69/50 MACD=0.02 评分=80 -> BUY
  🟢 UNI: RSI=51/50 MACD=0.11 评分=80 -> BUY

[决策] 信号排序:
  1. BTC: 评分=80 RSI=58
  2. ETH: 评分=80 RSI=59
  3. SOL: 评分=80 RSI=66
  4. XRP: 评分=80 RSI=69
  5. LINK: 评分=80 RSI=69

[执行] 分配$48.30到Top3信号:
  买入 BTC: $16.10 -> 0.0002 @ $81058.1100
    ✅ 成功! 订单ID: 61628655272
  买入 ETH: $16.10 -> 0.0069 @ $2345.8000
    ✅ 成功! 订单ID: 46466769716
  买入 SOL: $16.10 -> 0.1687 @ $95.4400
    ❌ 失败: {'error': 'HTTP Error 400: Bad Request'}

================================================================================
================================================================================
G20 Pro Max - 动能增强版
================================================================================

[资金] USDT: $28.25

[扫描] 多策略共振分析...
  🟢 BTC: RSI=58/50 MACD=190.99 评分=80 -> BUY
  🟢 ETH: RSI=60/50 MACD=6.98 评分=80 -> BUY
  🟢 SOL: RSI=66/50 MACD=0.75 评分=80 -> BUY
  🟢 XRP: RSI=68/50 MACD=0.02 评分=80 -> BUY
  🟡 ADA: RSI=78/50 MACD=0.00 评分=60 -> HOLD
  🟢 DOGE: RSI=58/50 MACD=0.00 评分=70 -> BUY
  🟢 LINK: RSI=68/50 MACD=0.13 评分=80 -> BUY
  🟢 AVAX: RSI=67/50 MACD=0.11 评分=80 -> BUY
  🟢 DOT: RSI=67/50 MACD=0.02 评分=80 -> BUY
  🟢 UNI: RSI=50/50 MACD=0.11 评分=80 -> BUY

[决策] 信号排序:
  1. BTC: 评分=80 RSI=58
  2. ETH: 评分=80 RSI=60
  3. SOL: 评分=80 RSI=66
  4. XRP: 评分=80 RSI=68
  5. LINK: 评分=80 RSI=68

[执行] 分配$25.43到Top3信号:
  买入 BTC: $8.48 -> 0.0001 @ $81019.6400
    ✅ 成功! 订单ID: 61628818031
  买入 ETH: $8.48 -> 0.0036 @ $2345.5300
    ✅ 成功! 订单ID: 46466893339
  买入 SOL: $8.48 -> 0.0889 @ $95.3500
    ❌ 失败: {'error': 'HTTP Error 400: Bad Request'}

================================================================================
================================================================================
G20 Pro Max - 动能增强版
================================================================================

[资金] USDT: $467.19

[扫描] 多策略共振分析...
  🟢 BTC: RSI=48/50 MACD=175.17 评分=70 -> BUY
  🟢 ETH: RSI=51/50 MACD=6.28 评分=80 -> BUY
  🟢 SOL: RSI=59/50 MACD=0.72 评分=80 -> BUY
  🟢 XRP: RSI=62/50 MACD=0.02 评分=80 -> BUY
  🟢 ADA: RSI=70/50 MACD=0.00 评分=80 -> BUY
  🟡 DOGE: RSI=50/50 MACD=0.00 评分=60 -> HOLD
  🟢 LINK: RSI=61/50 MACD=0.13 评分=80 -> BUY
  🟢 AVAX: RSI=59/50 MACD=0.11 评分=80 -> BUY
  🟢 DOT: RSI=60/50 MACD=0.02 评分=70 -> BUY
  🟢 UNI: RSI=47/50 MACD=0.11 评分=80 -> BUY

[决策] 信号排序:
  1. ETH: 评分=80 RSI=51
  2. SOL: 评分=80 RSI=59
  3. XRP: 评分=80 RSI=62
  4. ADA: 评分=80 RSI=70
  5. LINK: 评分=80 RSI=61

[执行] 分配$420.47到Top3信号:
  买入 ETH: $140.16 -> 0.0601 @ $2331.3100
    ✅ 成功! 订单ID: 46467259941
  买入 SOL: $140.16 -> 1.4805 @ $94.6700
    ❌ 失败: {'error': 'HTTP Error 400: Bad Request'}
  买入 XRP: $140.16 -> 96.2624 @ $1.4560
    ❌ 失败: {'error': 'HTTP Error 400: Bad Request'}

================================================================================
================================================================================
G20 Pro Max - 动能增强版
================================================================================

[资金] USDT: $434.31

[扫描] 多策略共振分析...
  🟢 BTC: RSI=48/50 MACD=173.64 评分=70 -> BUY
  🟢 ETH: RSI=49/50 MACD=6.13 评分=80 -> BUY
  🟢 SOL: RSI=58/50 MACD=0.71 评分=80 -> BUY
  🟢 XRP: RSI=61/50 MACD=0.02 评分=80 -> BUY
  🟢 ADA: RSI=66/50 MACD=0.00 评分=80 -> BUY
  🟡 DOGE: RSI=47/50 MACD=0.00 评分=60 -> HOLD
  🟢 LINK: RSI=58/50 MACD=0.12 评分=80 -> BUY
  🟢 AVAX: RSI=57/50 MACD=0.11 评分=80 -> BUY
  🟢 DOT: RSI=58/50 MACD=0.02 评分=70 -> BUY
  🟢 UNI: RSI=46/50 MACD=0.11 评分=80 -> BUY

[决策] 信号排序:
  1. ETH: 评分=80 RSI=49
  2. SOL: 评分=80 RSI=58
  3. XRP: 评分=80 RSI=61
  4. ADA: 评分=80 RSI=66
  5. LINK: 评分=80 RSI=58

[执行] 分配$390.88到Top3信号:
  买入 ETH: $130.29 -> 0.056 @ $2325.8300
    ✅ 成功! 订单ID: 46467804745
  买入 SOL: $130.29 -> 1.3798 @ $94.4300
    ❌ 失败: {'error': 'HTTP Error 400: Bad Request'}
  买入 XRP: $130.29 -> 89.8388 @ $1.4503
    ❌ 失败: {'error': 'HTTP Error 400: Bad Request'}

================================================================================
================================================================================
G20 Pro Max - 动能增强版
================================================================================

[资金] USDT: $250.34

[扫描] 多策略共振分析...
  🟢 BTC: RSI=49/50 MACD=175.92 评分=70 -> BUY
  🟢 ETH: RSI=50/50 MACD=6.22 评分=80 -> BUY
  🟢 SOL: RSI=58/50 MACD=0.71 评分=80 -> BUY
  🟢 XRP: RSI=61/50 MACD=0.02 评分=80 -> BUY
  🟢 ADA: RSI=65/50 MACD=0.00 评分=80 -> BUY
  🟡 DOGE: RSI=47/50 MACD=0.00 评分=60 -> HOLD
  🟢 LINK: RSI=59/50 MACD=0.12 评分=80 -> BUY
  🟢 AVAX: RSI=57/50 MACD=0.11 评分=80 -> BUY
  🟢 DOT: RSI=58/50 MACD=0.02 评分=70 -> BUY
  🟢 UNI: RSI=46/50 MACD=0.11 评分=80 -> BUY

[决策] 信号排序:
  1. ETH: 评分=80 RSI=50
  2. SOL: 评分=80 RSI=58
  3. XRP: 评分=80 RSI=61
  4. ADA: 评分=80 RSI=65
  5. LINK: 评分=80 RSI=59

[执行] 分配$225.31到Top3信号:
  买入 ETH: $75.10 -> 0.0322 @ $2329.5800
    ✅ 成功! 订单ID: 46468008996
  买入 SOL: $75.10 -> 0.7948 @ $94.4900
    ❌ 失败: {'error': 'HTTP Error 400: Bad Request'}
  买入 XRP: $75.10 -> 51.7596 @ $1.4510
    ❌ 失败: {'error': 'HTTP Error 400: Bad Request'}

================================================================================
================================================================================
G20 Pro Max - 动能增强版
================================================================================

[资金] USDT: $113.23

[扫描] 多策略共振分析...
  🟢 BTC: RSI=55/50 MACD=189.02 评分=80 -> BUY
  🟢 ETH: RSI=53/50 MACD=6.53 评分=80 -> BUY
  🟢 SOL: RSI=60/50 MACD=0.71 评分=80 -> BUY
  🟢 XRP: RSI=61/50 MACD=0.02 评分=80 -> BUY
  🟢 ADA: RSI=64/50 MACD=0.00 评分=80 -> BUY
  🟢 DOGE: RSI=48/50 MACD=0.00 评分=70 -> BUY
  🟢 LINK: RSI=58/50 MACD=0.12 评分=80 -> BUY
  🟢 AVAX: RSI=60/50 MACD=0.11 评分=80 -> BUY
  🟢 DOT: RSI=57/50 MACD=0.02 评分=80 -> BUY
  🟢 UNI: RSI=44/50 MACD=0.10 评分=90 -> BUY

[决策] 信号排序:
  1. UNI: 评分=90 RSI=44
  2. BTC: 评分=80 RSI=55
  3. ETH: 评分=80 RSI=53
  4. SOL: 评分=80 RSI=60
  5. XRP: 评分=80 RSI=61

[执行] 分配$101.90到Top3信号:
  买入 UNI: $36.69 -> 9.3419 @ $3.9270
    ❌ 失败: {'error': 'HTTP Error 400: Bad Request'}
  买入 BTC: $32.61 -> 0.0004 @ $80933.9900
    ✅ 成功! 订单ID: 61630300022
  买入 ETH: $32.61 -> 0.014 @ $2332.8800
    ✅ 成功! 订单ID: 46468210431

================================================================================
================================================================================
G20 Pro Max - 动能增强版
================================================================================

[资金] USDT: $73.95

[扫描] 多策略共振分析...
  🟢 BTC: RSI=53/50 MACD=184.95 评分=80 -> BUY
  🟢 ETH: RSI=53/50 MACD=6.59 评分=80 -> BUY
  🟢 SOL: RSI=61/50 MACD=0.72 评分=80 -> BUY
  🟢 XRP: RSI=61/50 MACD=0.02 评分=80 -> BUY
  🟢 ADA: RSI=64/50 MACD=0.00 评分=80 -> BUY
  🟢 DOGE: RSI=49/50 MACD=0.00 评分=70 -> BUY
  🟢 LINK: RSI=57/50 MACD=0.12 评分=80 -> BUY
  🟢 AVAX: RSI=60/50 MACD=0.11 评分=80 -> BUY
  🟢 DOT: RSI=57/50 MACD=0.02 评分=80 -> BUY
  🟢 UNI: RSI=43/50 MACD=0.10 评分=80 -> BUY

[决策] 信号排序:
  1. BTC: 评分=80 RSI=53
  2. ETH: 评分=80 RSI=53
  3. SOL: 评分=80 RSI=61
  4. XRP: 评分=80 RSI=61
  5. ADA: 评分=80 RSI=64

[执行] 分配$66.55到Top3信号:
  买入 BTC: $22.18 -> 0.0003 @ $80835.2100
    ✅ 成功! 订单ID: 61630529684
  买入 ETH: $22.18 -> 0.0095 @ $2334.0000
    ✅ 成功! 订单ID: 46468389135
  买入 SOL: $22.18 -> 0.233 @ $95.1900
    ✅ 成功! 订单ID: 17060465596

================================================================================
================================================================================
G20 Pro Max - 动能增强版
================================================================================

[资金] USDT: $21.87

[扫描] 多策略共振分析...
  🟢 BTC: RSI=48/50 MACD=175.65 评分=70 -> BUY
  🟢 ETH: RSI=50/50 MACD=6.27 评分=80 -> BUY
  🟢 SOL: RSI=59/50 MACD=0.70 评分=80 -> BUY
  🟢 XRP: RSI=59/50 MACD=0.02 评分=80 -> BUY
  🟢 ADA: RSI=62/50 MACD=0.00 评分=80 -> BUY
  🟡 DOGE: RSI=47/50 MACD=0.00 评分=60 -> HOLD
  🟢 LINK: RSI=54/50 MACD=0.12 评分=80 -> BUY
  🟢 AVAX: RSI=57/50 MACD=0.11 评分=80 -> BUY
  🟢 DOT: RSI=54/50 MACD=0.02 评分=70 -> BUY
  🟢 UNI: RSI=43/50 MACD=0.10 评分=80 -> BUY

[决策] 信号排序:
  1. ETH: 评分=80 RSI=50
  2. SOL: 评分=80 RSI=59
  3. XRP: 评分=80 RSI=59
  4. ADA: 评分=80 RSI=62
  5. LINK: 评分=80 RSI=54

[执行] 分配$19.68到Top3信号:
  买入 ETH: $6.56 -> 0.0028 @ $2327.9600
    ✅ 成功! 订单ID: 46468573856
  买入 SOL: $6.56 -> 0.0692 @ $94.8000
    ❌ 失败: {'error': 'HTTP Error 400: Bad Request'}
  买入 XRP: $6.56 -> 4.5275 @ $1.4490
    ❌ 失败: {'error': 'HTTP Error 400: Bad Request'}

================================================================================
================================================================================
G20 Pro Max - 动能增强版
================================================================================

[资金] USDT: $41.07

[扫描] 多策略共振分析...
  🟢 BTC: RSI=51/50 MACD=181.66 评分=70 -> BUY
  🟢 ETH: RSI=51/50 MACD=6.42 评分=80 -> BUY
  🟢 SOL: RSI=60/50 MACD=0.71 评分=80 -> BUY
  🟢 XRP: RSI=61/50 MACD=0.02 评分=80 -> BUY
  🟢 ADA: RSI=64/50 MACD=0.00 评分=80 -> BUY
  🟢 DOGE: RSI=49/50 MACD=0.00 评分=70 -> BUY
  🟢 LINK: RSI=57/50 MACD=0.12 评分=80 -> BUY
  🟢 AVAX: RSI=59/50 MACD=0.11 评分=80 -> BUY
  🟢 UNI: RSI=44/50 MACD=0.10 评分=90 -> BUY

[决策] 信号排序:
  1. UNI: 评分=90 RSI=44
  2. ETH: 评分=80 RSI=51
  3. SOL: 评分=80 RSI=60
  4. XRP: 评分=80 RSI=61
  5. ADA: 评分=80 RSI=64

[执行] 分配$36.96到Top3信号:
  买入 UNI: $13.31 -> 3.3904 @ $3.9250
    ❌ 失败: {'error': 'HTTP Error 400: Bad Request'}
  买入 ETH: $11.83 -> 0.0051 @ $2329.7500
    ✅ 成功! 订单ID: 46468732536
  买入 SOL: $11.83 -> 0.1245 @ $94.9800
    ❌ 失败: {'error': 'HTTP Error 400: Bad Request'}

================================================================================
================================================================================
G20 Pro Max - 动能增强版
================================================================================

[资金] USDT: $17.31

[扫描] 多策略共振分析...
  🟢 BTC: RSI=51/50 MACD=181.85 评分=70 -> BUY
  🟢 ETH: RSI=52/50 MACD=6.52 评分=80 -> BUY
  🟢 SOL: RSI=61/50 MACD=0.72 评分=80 -> BUY
  🟢 XRP: RSI=61/50 MACD=0.02 评分=80 -> BUY
  🟢 ADA: RSI=64/50 MACD=0.00 评分=80 -> BUY
  🟢 DOGE: RSI=49/50 MACD=0.00 评分=70 -> BUY
  🟢 LINK: RSI=57/50 MACD=0.12 评分=80 -> BUY
  🟢 AVAX: RSI=60/50 MACD=0.11 评分=80 -> BUY
  🟢 DOT: RSI=57/50 MACD=0.02 评分=80 -> BUY
  🟢 UNI: RSI=44/50 MACD=0.10 评分=90 -> BUY

[决策] 信号排序:
  1. UNI: 评分=90 RSI=44
  2. ETH: 评分=80 RSI=52
  3. SOL: 评分=80 RSI=61
  4. XRP: 评分=80 RSI=61
  5. ADA: 评分=80 RSI=64

[状态] 无买入信号或资金不足

================================================================================
================================================================================
G20 Pro Max - 动能增强版
================================================================================

[资金] USDT: $17.31

[扫描] 多策略共振分析...
  🟢 BTC: RSI=52/50 MACD=183.84 评分=80 -> BUY
  🟢 ETH: RSI=53/50 MACD=6.61 评分=80 -> BUY
  🟢 SOL: RSI=62/50 MACD=0.72 评分=80 -> BUY
  🟢 ADA: RSI=65/50 MACD=0.00 评分=80 -> BUY
  🟢 DOGE: RSI=50/50 MACD=0.00 评分=70 -> BUY
  🟢 LINK: RSI=58/50 MACD=0.12 评分=80 -> BUY
  🟢 AVAX: RSI=61/50 MACD=0.11 评分=80 -> BUY
  🟢 DOT: RSI=58/50 MACD=0.02 评分=80 -> BUY
  🟢 UNI: RSI=46/50 MACD=0.10 评分=80 -> BUY

[决策] 信号排序:
  1. BTC: 评分=80 RSI=52
  2. ETH: 评分=80 RSI=53
  3. SOL: 评分=80 RSI=62
  4. ADA: 评分=80 RSI=65
  5. LINK: 评分=80 RSI=58

[状态] 无买入信号或资金不足

================================================================================
================================================================================
G20 Pro Max - 动能增强版
================================================================================

[资金] USDT: $17.31

[扫描] 多策略共振分析...
  🟢 BTC: RSI=53/50 MACD=185.46 评分=80 -> BUY
  🟢 ETH: RSI=54/50 MACD=6.66 评分=80 -> BUY
  🟢 SOL: RSI=63/50 MACD=0.73 评分=80 -> BUY
  🟢 XRP: RSI=63/50 MACD=0.02 评分=80 -> BUY
  🟢 ADA: RSI=66/50 MACD=0.00 评分=80 -> BUY
  🟢 DOGE: RSI=51/50 MACD=0.00 评分=70 -> BUY
  🟢 LINK: RSI=59/50 MACD=0.12 评分=80 -> BUY
  🟢 AVAX: RSI=62/50 MACD=0.12 评分=80 -> BUY
  🟢 DOT: RSI=58/50 MACD=0.02 评分=80 -> BUY
  🟢 UNI: RSI=46/50 MACD=0.10 评分=80 -> BUY

[决策] 信号排序:
  1. BTC: 评分=80 RSI=53
  2. ETH: 评分=80 RSI=54
  3. SOL: 评分=80 RSI=63
  4. XRP: 评分=80 RSI=63
  5. ADA: 评分=80 RSI=66

[状态] 无买入信号或资金不足

================================================================================
================================================================================
G20 Pro Max - 动能增强版
================================================================================

[资金] USDT: $17.31

[扫描] 多策略共振分析...
  🟢 BTC: RSI=51/50 MACD=182.24 评分=70 -> BUY
  🟢 ETH: RSI=51/50 MACD=6.42 评分=80 -> BUY
  🟢 SOL: RSI=61/50 MACD=0.72 评分=80 -> BUY
  🟢 XRP: RSI=62/50 MACD=0.02 评分=80 -> BUY
  🟢 ADA: RSI=65/50 MACD=0.00 评分=80 -> BUY
  🟢 DOGE: RSI=50/50 MACD=0.00 评分=70 -> BUY
  🟢 LINK: RSI=57/50 MACD=0.12 评分=80 -> BUY
  🟢 AVAX: RSI=61/50 MACD=0.11 评分=80 -> BUY
  🟢 DOT: RSI=58/50 MACD=0.02 评分=80 -> BUY
  🟢 UNI: RSI=45/50 MACD=0.10 评分=90 -> BUY

[决策] 信号排序:
  1. UNI: 评分=90 RSI=45
  2. ETH: 评分=80 RSI=51
  3. SOL: 评分=80 RSI=61
  4. XRP: 评分=80 RSI=62
  5. ADA: 评分=80 RSI=65

[状态] 无买入信号或资金不足

================================================================================
================================================================================
G20 Pro Max - 动能增强版
================================================================================

[资金] USDT: $17.31

[扫描] 多策略共振分析...
  🟢 BTC: RSI=53/50 MACD=184.96 评分=80 -> BUY
  🟢 ETH: RSI=53/50 MACD=6.63 评分=80 -> BUY
  🟢 SOL: RSI=62/50 MACD=0.73 评分=80 -> BUY
  🟢 XRP: RSI=63/50 MACD=0.02 评分=80 -> BUY
  🟢 ADA: RSI=66/50 MACD=0.00 评分=80 -> BUY
  🟢 DOGE: RSI=50/50 MACD=0.00 评分=70 -> BUY
  🟢 LINK: RSI=60/50 MACD=0.12 评分=80 -> BUY
  🟢 AVAX: RSI=62/50 MACD=0.12 评分=80 -> BUY
  🟢 DOT: RSI=59/50 MACD=0.02 评分=80 -> BUY
  🟢 UNI: RSI=46/50 MACD=0.10 评分=80 -> BUY

[决策] 信号排序:
  1. BTC: 评分=80 RSI=53
  2. ETH: 评分=80 RSI=53
  3. SOL: 评分=80 RSI=62
  4. XRP: 评分=80 RSI=63
  5. ADA: 评分=80 RSI=66

[状态] 无买入信号或资金不足

================================================================================
================================================================================
G20 Pro Max - 动能增强版
================================================================================

[资金] USDT: $17.31

[扫描] 多策略共振分析...
  🟢 BTC: RSI=53/50 MACD=184.99 评分=80 -> BUY
  🟢 ETH: RSI=54/50 MACD=6.64 评分=80 -> BUY
  🟢 SOL: RSI=62/50 MACD=0.73 评分=80 -> BUY
  🟢 XRP: RSI=63/50 MACD=0.02 评分=80 -> BUY
  🟢 ADA: RSI=66/50 MACD=0.00 评分=80 -> BUY
  🟢 DOGE: RSI=50/50 MACD=0.00 评分=70 -> BUY
  🟢 LINK: RSI=60/50 MACD=0.12 评分=80 -> BUY
  🟢 AVAX: RSI=62/50 MACD=0.12 评分=80 -> BUY
  🟢 DOT: RSI=59/50 MACD=0.02 评分=80 -> BUY
  🟢 UNI: RSI=47/50 MACD=0.10 评分=80 -> BUY

[决策] 信号排序:
  1. BTC: 评分=80 RSI=53
  2. ETH: 评分=80 RSI=54
  3. SOL: 评分=80 RSI=62
  4. XRP: 评分=80 RSI=63
  5. ADA: 评分=80 RSI=66

[状态] 无买入信号或资金不足

================================================================================
================================================================================
G20 Pro Max - 动能增强版
================================================================================

[资金] USDT: $17.31

[扫描] 多策略共振分析...
  🟢 BTC: RSI=51/50 MACD=181.21 评分=70 -> BUY
  🟢 ETH: RSI=53/50 MACD=6.54 评分=80 -> BUY
  🟢 SOL: RSI=62/50 MACD=0.73 评分=80 -> BUY
  🟢 XRP: RSI=62/50 MACD=0.02 评分=80 -> BUY
  🟢 ADA: RSI=65/50 MACD=0.00 评分=80 -> BUY
  🟢 DOGE: RSI=49/50 MACD=0.00 评分=70 -> BUY
  🟢 LINK: RSI=58/50 MACD=0.12 评分=80 -> BUY
  🟢 AVAX: RSI=61/50 MACD=0.11 评分=80 -> BUY
  🟢 DOT: RSI=58/50 MACD=0.02 评分=80 -> BUY
  🟢 UNI: RSI=44/50 MACD=0.10 评分=90 -> BUY

[决策] 信号排序:
  1. UNI: 评分=90 RSI=44
  2. ETH: 评分=80 RSI=53
  3. SOL: 评分=80 RSI=62
  4. XRP: 评分=80 RSI=62
  5. ADA: 评分=80 RSI=65

[状态] 无买入信号或资金不足

================================================================================
================================================================================
G20 Pro Max - 动能增强版
================================================================================

[资金] USDT: $17.31

[扫描] 多策略共振分析...
  🟢 BTC: RSI=67/50 MACD=224.30 评分=80 -> BUY
  🟢 ETH: RSI=63/50 MACD=8.36 评分=80 -> BUY
  🟢 SOL: RSI=62/50 MACD=0.79 评分=80 -> BUY
  🟢 XRP: RSI=63/50 MACD=0.02 评分=80 -> BUY
  🟢 ADA: RSI=65/50 MACD=0.00 评分=80 -> BUY
  🟢 DOGE: RSI=60/50 MACD=0.00 评分=70 -> BUY
  🟢 LINK: RSI=60/50 MACD=0.13 评分=80 -> BUY
  🟢 AVAX: RSI=61/50 MACD=0.12 评分=80 -> BUY
  🟢 DOT: RSI=58/50 MACD=0.02 评分=80 -> BUY
  🟢 UNI: RSI=48/50 MACD=0.09 评分=80 -> BUY

[决策] 信号排序:
  1. BTC: 评分=80 RSI=67
  2. ETH: 评分=80 RSI=63
  3. SOL: 评分=80 RSI=62
  4. XRP: 评分=80 RSI=63
  5. ADA: 评分=80 RSI=65

[状态] 无买入信号或资金不足

================================================================================
================================================================================
G20 Pro Max - 动能增强版
================================================================================

[资金] USDT: $17.31

[扫描] 多策略共振分析...
  🟢 BTC: RSI=67/50 MACD=221.40 评分=80 -> BUY
  🟢 ETH: RSI=63/50 MACD=8.41 评分=80 -> BUY
  🟢 SOL: RSI=62/50 MACD=0.79 评分=80 -> BUY
  🟢 XRP: RSI=63/50 MACD=0.02 评分=80 -> BUY
  🟢 ADA: RSI=65/50 MACD=0.00 评分=80 -> BUY
  🟢 DOGE: RSI=61/50 MACD=0.00 评分=70 -> BUY
  🟢 LINK: RSI=61/50 MACD=0.13 评分=80 -> BUY
  🟢 AVAX: RSI=61/50 MACD=0.12 评分=80 -> BUY
  🟢 DOT: RSI=58/50 MACD=0.02 评分=80 -> BUY
  🟢 UNI: RSI=48/50 MACD=0.09 评分=70 -> BUY

[决策] 信号排序:
  1. BTC: 评分=80 RSI=67
  2. ETH: 评分=80 RSI=63
  3. SOL: 评分=80 RSI=62
  4. XRP: 评分=80 RSI=63
  5. ADA: 评分=80 RSI=65

[状态] 无买入信号或资金不足

================================================================================
================================================================================
G20 Pro Max - 动能增强版
================================================================================

[资金] USDT: $17.31

[扫描] 多策略共振分析...
  🟢 BTC: RSI=68/50 MACD=225.51 评分=80 -> BUY
  🟢 ETH: RSI=65/50 MACD=8.69 评分=80 -> BUY
  🟢 SOL: RSI=63/50 MACD=0.79 评分=80 -> BUY
  🟢 XRP: RSI=64/50 MACD=0.02 评分=80 -> BUY
  🟢 ADA: RSI=66/50 MACD=0.00 评分=80 -> BUY
  🟢 DOGE: RSI=62/50 MACD=0.00 评分=70 -> BUY
  🟢 LINK: RSI=62/50 MACD=0.13 评分=80 -> BUY
  🟢 AVAX: RSI=62/50 MACD=0.12 评分=80 -> BUY
  🟢 DOT: RSI=59/50 MACD=0.02 评分=80 -> BUY
  🟢 UNI: RSI=49/50 MACD=0.09 评分=80 -> BUY

[决策] 信号排序:
  1. BTC: 评分=80 RSI=68
  2. ETH: 评分=80 RSI=65
  3. SOL: 评分=80 RSI=63
  4. XRP: 评分=80 RSI=64
  5. ADA: 评分=80 RSI=66

[状态] 无买入信号或资金不足

================================================================================
================================================================================
G20 Pro Max - 动能增强版
================================================================================

[资金] USDT: $17.31

[扫描] 多策略共振分析...
  🟢 BTC: RSI=68/50 MACD=228.64 评分=80 -> BUY
  🟢 ETH: RSI=65/50 MACD=8.65 评分=80 -> BUY
  🟢 SOL: RSI=63/50 MACD=0.79 评分=80 -> BUY
  🟢 XRP: RSI=64/50 MACD=0.02 评分=80 -> BUY
  🟢 ADA: RSI=66/50 MACD=0.00 评分=80 -> BUY
  🟢 DOGE: RSI=61/50 MACD=0.00 评分=70 -> BUY
  🟢 LINK: RSI=61/50 MACD=0.13 评分=80 -> BUY
  🟢 AVAX: RSI=62/50 MACD=0.12 评分=80 -> BUY
  🟢 DOT: RSI=59/50 MACD=0.02 评分=80 -> BUY
  🟢 UNI: RSI=48/50 MACD=0.09 评分=80 -> BUY

[决策] 信号排序:
  1. BTC: 评分=80 RSI=68
  2. ETH: 评分=80 RSI=65
  3. SOL: 评分=80 RSI=63
  4. XRP: 评分=80 RSI=64
  5. ADA: 评分=80 RSI=66

[状态] 无买入信号或资金不足

================================================================================
================================================================================
G20 Pro Max - 动能增强版
================================================================================

[资金] USDT: $17.31

[扫描] 多策略共振分析...
  🟡 BTC: RSI=71/50 MACD=291.81 评分=60 -> HOLD
  🟢 ETH: RSI=67/50 MACD=11.64 评分=80 -> BUY
  🟢 SOL: RSI=63/50 MACD=0.93 评分=80 -> BUY
  🟢 XRP: RSI=64/50 MACD=0.02 评分=80 -> BUY
  🟢 ADA: RSI=69/50 MACD=0.01 评分=80 -> BUY
  🟢 DOGE: RSI=66/50 MACD=0.00 评分=70 -> BUY
  🟢 LINK: RSI=60/50 MACD=0.14 评分=80 -> BUY
  🟢 AVAX: RSI=63/50 MACD=0.14 评分=80 -> BUY
  🟢 DOT: RSI=60/50 MACD=0.02 评分=80 -> BUY
  🟢 UNI: RSI=51/50 MACD=0.09 评分=70 -> BUY

[决策] 信号排序:
  1. ETH: 评分=80 RSI=67
  2. SOL: 评分=80 RSI=63
  3. XRP: 评分=80 RSI=64
  4. ADA: 评分=80 RSI=69
  5. LINK: 评分=80 RSI=60

[状态] 无买入信号或资金不足

================================================================================
================================================================================
G20 Pro Max - 动能增强版
================================================================================

[资金] USDT: $17.31

[扫描] 多策略共振分析...
  🟡 BTC: RSI=71/50 MACD=293.88 评分=60 -> HOLD
  🟢 ETH: RSI=67/50 MACD=11.51 评分=80 -> BUY
  🟢 SOL: RSI=63/50 MACD=0.92 评分=80 -> BUY
  🟢 ADA: RSI=68/50 MACD=0.01 评分=80 -> BUY
  🟢 DOGE: RSI=65/50 MACD=0.00 评分=70 -> BUY
  🟢 LINK: RSI=59/50 MACD=0.14 评分=80 -> BUY
  🟢 AVAX: RSI=64/50 MACD=0.14 评分=80 -> BUY
  🟢 DOT: RSI=60/50 MACD=0.02 评分=80 -> BUY
  🟢 UNI: RSI=52/50 MACD=0.09 评分=70 -> BUY

[决策] 信号排序:
  1. ETH: 评分=80 RSI=67
  2. SOL: 评分=80 RSI=63
  3. ADA: 评分=80 RSI=68
  4. LINK: 评分=80 RSI=59
  5. AVAX: 评分=80 RSI=64

[状态] 无买入信号或资金不足

================================================================================
================================================================================
G20 Pro Max - 动能增强版
================================================================================

[资金] USDT: $17.31

[扫描] 多策略共振分析...
  🟡 BTC: RSI=72/50 MACD=296.53 评分=60 -> HOLD
  🟢 ETH: RSI=68/50 MACD=11.65 评分=80 -> BUY
  🟢 SOL: RSI=63/50 MACD=0.93 评分=80 -> BUY
  🟢 XRP: RSI=64/50 MACD=0.02 评分=80 -> BUY
  🟢 ADA: RSI=69/50 MACD=0.01 评分=80 -> BUY
  🟢 DOGE: RSI=66/50 MACD=0.00 评分=70 -> BUY
  🟢 LINK: RSI=60/50 MACD=0.14 评分=80 -> BUY
  🟢 AVAX: RSI=64/50 MACD=0.14 评分=80 -> BUY
  🟢 DOT: RSI=60/50 MACD=0.02 评分=80 -> BUY
  🟢 UNI: RSI=52/50 MACD=0.09 评分=70 -> BUY

[决策] 信号排序:
  1. ETH: 评分=80 RSI=68
  2. SOL: 评分=80 RSI=63
  3. XRP: 评分=80 RSI=64
  4. ADA: 评分=80 RSI=69
  5. LINK: 评分=80 RSI=60

[状态] 无买入信号或资金不足

================================================================================
================================================================================
G20 Pro Max - 动能增强版
================================================================================

[资金] USDT: $17.31

[扫描] 多策略共振分析...
  🟡 BTC: RSI=72/50 MACD=299.49 评分=60 -> HOLD
  🟢 ETH: RSI=67/50 MACD=11.63 评分=80 -> BUY
  🟢 SOL: RSI=62/50 MACD=0.92 评分=80 -> BUY
  🟢 XRP: RSI=64/50 MACD=0.02 评分=80 -> BUY
  🟢 ADA: RSI=69/50 MACD=0.01 评分=80 -> BUY
  🟢 DOGE: RSI=66/50 MACD=0.00 评分=70 -> BUY
  🟢 LINK: RSI=60/50 MACD=0.14 评分=80 -> BUY
  🟢 AVAX: RSI=63/50 MACD=0.14 评分=80 -> BUY
  🟢 DOT: RSI=60/50 MACD=0.02 评分=80 -> BUY
  🟢 UNI: RSI=52/50 MACD=0.09 评分=70 -> BUY

[决策] 信号排序:
  1. ETH: 评分=80 RSI=67
  2. SOL: 评分=80 RSI=62
  3. XRP: 评分=80 RSI=64
  4. ADA: 评分=80 RSI=69
  5. LINK: 评分=80 RSI=60

[状态] 无买入信号或资金不足

================================================================================
================================================================================
G20 Pro Max - 动能增强版
================================================================================

[资金] USDT: $17.31

[扫描] 多策略共振分析...
  🟡 BTC: RSI=71/50 MACD=291.90 评分=60 -> HOLD
  🟢 ETH: RSI=66/50 MACD=11.38 评分=80 -> BUY
  🟢 SOL: RSI=61/50 MACD=0.91 评分=80 -> BUY
  🟢 XRP: RSI=62/50 MACD=0.02 评分=80 -> BUY
  🟢 ADA: RSI=66/50 MACD=0.01 评分=80 -> BUY
  🟢 DOGE: RSI=64/50 MACD=0.00 评分=70 -> BUY
  🟢 LINK: RSI=58/50 MACD=0.13 评分=80 -> BUY
  🟢 AVAX: RSI=61/50 MACD=0.14 评分=80 -> BUY
  🟢 DOT: RSI=58/50 MACD=0.02 评分=80 -> BUY
  🟢 UNI: RSI=51/50 MACD=0.09 评分=70 -> BUY

[决策] 信号排序:
  1. ETH: 评分=80 RSI=66
  2. SOL: 评分=80 RSI=61
  3. XRP: 评分=80 RSI=62
  4. ADA: 评分=80 RSI=66
  5. LINK: 评分=80 RSI=58

[状态] 无买入信号或资金不足

================================================================================
================================================================================
G20 Pro Max - 动能增强版
================================================================================

[资金] USDT: $17.31

[扫描] 多策略共振分析...
  🟡 BTC: RSI=71/50 MACD=294.05 评分=60 -> HOLD
  🟢 ETH: RSI=66/50 MACD=11.39 评分=80 -> BUY
  🟢 SOL: RSI=63/50 MACD=0.92 评分=80 -> BUY
  🟢 XRP: RSI=63/50 MACD=0.02 评分=80 -> BUY
  🟢 ADA: RSI=68/50 MACD=0.01 评分=80 -> BUY
  🟢 DOGE: RSI=66/50 MACD=0.00 评分=70 -> BUY
  🟢 LINK: RSI=59/50 MACD=0.14 评分=80 -> BUY
  🟢 AVAX: RSI=62/50 MACD=0.14 评分=80 -> BUY
  🟢 DOT: RSI=58/50 MACD=0.02 评分=80 -> BUY
  🟢 UNI: RSI=52/50 MACD=0.09 评分=70 -> BUY

[决策] 信号排序:
  1. ETH: 评分=80 RSI=66
  2. SOL: 评分=80 RSI=63
  3. XRP: 评分=80 RSI=63
  4. ADA: 评分=80 RSI=68
  5. LINK: 评分=80 RSI=59

[状态] 无买入信号或资金不足

================================================================================
================================================================================
G20 Pro Max - 动能增强版
================================================================================

[资金] USDT: $17.31

[扫描] 多策略共振分析...
  🟡 BTC: RSI=71/50 MACD=290.43 评分=60 -> HOLD
  🟢 ETH: RSI=66/50 MACD=11.40 评分=80 -> BUY
  🟢 SOL: RSI=63/50 MACD=0.92 评分=80 -> BUY
  🟢 XRP: RSI=63/50 MACD=0.02 评分=80 -> BUY
  🟢 ADA: RSI=67/50 MACD=0.01 评分=80 -> BUY
  🟢 DOGE: RSI=65/50 MACD=0.00 评分=70 -> BUY
  🟢 LINK: RSI=58/50 MACD=0.13 评分=80 -> BUY
  🟢 AVAX: RSI=62/50 MACD=0.14 评分=80 -> BUY
  🟢 DOT: RSI=58/50 MACD=0.02 评分=80 -> BUY
  🟢 UNI: RSI=51/50 MACD=0.09 评分=70 -> BUY

[决策] 信号排序:
  1. ETH: 评分=80 RSI=66
  2. SOL: 评分=80 RSI=63
  3. XRP: 评分=80 RSI=63
  4. ADA: 评分=80 RSI=67
  5. LINK: 评分=80 RSI=58

[状态] 无买入信号或资金不足

================================================================================
================================================================================
G20 Pro Max - 动能增强版
================================================================================

[资金] USDT: $377.17

[扫描] 多策略共振分析...
  🟡 BTC: RSI=71/50 MACD=293.59 评分=60 -> HOLD
  🟢 ETH: RSI=67/50 MACD=11.61 评分=80 -> BUY
  🟢 SOL: RSI=64/50 MACD=0.94 评分=80 -> BUY
  🟢 XRP: RSI=64/50 MACD=0.02 评分=80 -> BUY
  🟢 ADA: RSI=69/50 MACD=0.01 评分=80 -> BUY
  🟢 DOGE: RSI=67/50 MACD=0.00 评分=70 -> BUY
  🟢 LINK: RSI=60/50 MACD=0.14 评分=80 -> BUY
  🟢 AVAX: RSI=63/50 MACD=0.14 评分=80 -> BUY
  🟢 DOT: RSI=60/50 MACD=0.02 评分=80 -> BUY
  🟢 UNI: RSI=52/50 MACD=0.09 评分=70 -> BUY

[决策] 信号排序:
  1. ETH: 评分=80 RSI=67
  2. SOL: 评分=80 RSI=64
  3. XRP: 评分=80 RSI=64
  4. ADA: 评分=80 RSI=69
  5. LINK: 评分=80 RSI=60

[执行] 分配$339.45到Top3信号:
  买入 ETH: $113.15 -> 0.0476 @ $2378.9400
    ✅ 成功! 订单ID: 46473839409
  买入 SOL: $113.15 -> 1.1705 @ $96.6700
    ❌ 失败: {'error': 'HTTP Error 400: Bad Request'}
  买入 XRP: $113.15 -> 76.7022 @ $1.4752
    ❌ 失败: {'error': 'HTTP Error 400: Bad Request'}

================================================================================
================================================================================
G20 Pro Max - 动能增强版
================================================================================

[资金] USDT: $0.00

[扫描] 多策略共振分析...
  🟡 BTC: RSI=71/50 MACD=295.23 评分=60 -> HOLD
  🟢 ETH: RSI=67/50 MACD=11.52 评分=80 -> BUY
  🟢 SOL: RSI=64/50 MACD=0.93 评分=80 -> BUY
  🟢 XRP: RSI=64/50 MACD=0.02 评分=80 -> BUY
  🟢 ADA: RSI=69/50 MACD=0.01 评分=80 -> BUY
  🟢 DOGE: RSI=67/50 MACD=0.00 评分=70 -> BUY
  🟢 LINK: RSI=60/50 MACD=0.14 评分=80 -> BUY
  🟢 AVAX: RSI=63/50 MACD=0.14 评分=80 -> BUY
  🟢 DOT: RSI=60/50 MACD=0.02 评分=80 -> BUY
  🟢 UNI: RSI=52/50 MACD=0.09 评分=70 -> BUY

[决策] 信号排序:
  1. ETH: 评分=80 RSI=67
  2. SOL: 评分=80 RSI=64
  3. XRP: 评分=80 RSI=64
  4. ADA: 评分=80 RSI=69
  5. LINK: 评分=80 RSI=60

[状态] 无买入信号或资金不足

================================================================================
================================================================================
G20 Pro Max - 动能增强版
================================================================================

[资金] USDT: $648.63

[扫描] 多策略共振分析...
  🟡 BTC: RSI=72/50 MACD=295.68 评分=60 -> HOLD
  🟢 ETH: RSI=67/50 MACD=11.49 评分=80 -> BUY
  🟢 SOL: RSI=64/50 MACD=0.93 评分=80 -> BUY
  🟢 XRP: RSI=64/50 MACD=0.02 评分=80 -> BUY
  🟢 ADA: RSI=69/50 MACD=0.01 评分=80 -> BUY
  🟢 DOGE: RSI=68/50 MACD=0.00 评分=70 -> BUY
  🟢 LINK: RSI=60/50 MACD=0.14 评分=80 -> BUY
  🟢 AVAX: RSI=63/50 MACD=0.14 评分=80 -> BUY
  🟢 DOT: RSI=60/50 MACD=0.02 评分=80 -> BUY
  🟢 UNI: RSI=52/50 MACD=0.09 评分=70 -> BUY

[决策] 信号排序:
  1. ETH: 评分=80 RSI=67
  2. SOL: 评分=80 RSI=64
  3. XRP: 评分=80 RSI=64
  4. ADA: 评分=80 RSI=69
  5. LINK: 评分=80 RSI=60

[执行] 分配$583.77到Top3信号:
  买入 ETH: $194.59 -> 0.0819 @ $2376.1900
    ✅ 成功! 订单ID: 46474097156
  买入 SOL: $194.59 -> 2.0152 @ $96.5600
    ❌ 失败: {'error': 'HTTP Error 400: Bad Request'}
  买入 XRP: $194.59 -> 131.9338 @ $1.4749
    ❌ 失败: {'error': 'HTTP Error 400: Bad Request'}

================================================================================
================================================================================
G20 Pro Max - 动能增强版
================================================================================

[资金] USDT: $610.39

[扫描] 多策略共振分析...
  🟡 BTC: RSI=71/50 MACD=290.60 评分=60 -> HOLD
  🟢 ETH: RSI=66/50 MACD=11.38 评分=80 -> BUY
  🟢 SOL: RSI=63/50 MACD=0.93 评分=80 -> BUY
  🟢 XRP: RSI=64/50 MACD=0.02 评分=80 -> BUY
  🟢 ADA: RSI=68/50 MACD=0.01 评分=80 -> BUY
  🟢 DOGE: RSI=67/50 MACD=0.00 评分=70 -> BUY
  🟢 LINK: RSI=60/50 MACD=0.14 评分=80 -> BUY
  🟢 AVAX: RSI=62/50 MACD=0.14 评分=80 -> BUY
  🟢 DOT: RSI=59/50 MACD=0.02 评分=80 -> BUY
  🟢 UNI: RSI=51/50 MACD=0.09 评分=70 -> BUY

[决策] 信号排序:
  1. ETH: 评分=80 RSI=66
  2. SOL: 评分=80 RSI=63
  3. XRP: 评分=80 RSI=64
  4. ADA: 评分=80 RSI=68
  5. LINK: 评分=80 RSI=60

[执行] 分配$549.35到Top3信号:
  买入 ETH: $183.12 -> 0.0771 @ $2373.8900
    ✅ 成功! 订单ID: 46474219095
  买入 SOL: $183.12 -> 1.8974 @ $96.5100
    ❌ 失败: {'error': 'HTTP Error 400: Bad Request'}
  买入 XRP: $183.12 -> 124.2228 @ $1.4741
    ❌ 失败: {'error': 'HTTP Error 400: Bad Request'}

================================================================================
================================================================================
G20 Pro Max - 动能增强版
================================================================================

[资金] USDT: $606.03

[扫描] 多策略共振分析...
  🟢 BTC: RSI=70/50 MACD=286.98 评分=80 -> BUY
  🟢 ETH: RSI=64/50 MACD=11.20 评分=80 -> BUY
  🟢 SOL: RSI=63/50 MACD=0.93 评分=80 -> BUY
  🟢 XRP: RSI=64/50 MACD=0.02 评分=80 -> BUY
  🟢 ADA: RSI=68/50 MACD=0.01 评分=80 -> BUY
  🟢 DOGE: RSI=68/50 MACD=0.00 评分=70 -> BUY
  🟢 LINK: RSI=58/50 MACD=0.13 评分=80 -> BUY
  🟢 AVAX: RSI=61/50 MACD=0.14 评分=80 -> BUY
  🟢 DOT: RSI=59/50 MACD=0.02 评分=80 -> BUY
  🟢 UNI: RSI=51/50 MACD=0.09 评分=70 -> BUY

[决策] 信号排序:
  1. BTC: 评分=80 RSI=70
  2. ETH: 评分=80 RSI=64
  3. SOL: 评分=80 RSI=63
  4. XRP: 评分=80 RSI=64
  5. ADA: 评分=80 RSI=68

[执行] 分配$545.43到Top3信号:
  买入 BTC: $181.81 -> 0.0022 @ $82151.7000
    ✅ 成功! 订单ID: 61638586156
  买入 ETH: $181.81 -> 0.0767 @ $2370.0200
    ✅ 成功! 订单ID: 46474345119
  买入 SOL: $181.81 -> 1.8844 @ $96.4800
    ❌ 失败: {'error': 'HTTP Error 400: Bad Request'}

================================================================================
================================================================================
G20 Pro Max - 动能增强版
================================================================================

[资金] USDT: $425.85

[扫描] 多策略共振分析...
  🟢 BTC: RSI=70/50 MACD=342.41 评分=80 -> BUY
  🟢 ETH: RSI=66/50 MACD=13.64 评分=80 -> BUY
  🟢 SOL: RSI=67/50 MACD=1.07 评分=80 -> BUY
  🟢 XRP: RSI=64/50 MACD=0.02 评分=80 -> BUY
  🟢 ADA: RSI=66/50 MACD=0.01 评分=80 -> BUY
  🟢 DOGE: RSI=67/50 MACD=0.00 评分=70 -> BUY
  🟢 LINK: RSI=61/50 MACD=0.14 评分=80 -> BUY
  🟢 AVAX: RSI=61/50 MACD=0.15 评分=80 -> BUY
  🟢 DOT: RSI=59/50 MACD=0.02 评分=80 -> BUY
  🟢 UNI: RSI=56/50 MACD=0.08 评分=70 -> BUY

[决策] 信号排序:
  1. BTC: 评分=80 RSI=70
  2. ETH: 评分=80 RSI=66
  3. SOL: 评分=80 RSI=67
  4. XRP: 评分=80 RSI=64
  5. ADA: 评分=80 RSI=66

[执行] 分配$383.27到Top3信号:
  买入 BTC: $127.76 -> 0.0016 @ $82215.4000
    ✅ 成功! 订单ID: 61638833938
  买入 ETH: $127.76 -> 0.0539 @ $2372.0400
    ✅ 成功! 订单ID: 46474508920
  买入 SOL: $127.76 -> 1.3228 @ $96.5800
    ❌ 失败: {'error': 'HTTP Error 400: Bad Request'}

================================================================================
================================================================================
G20 Pro Max - 动能增强版
================================================================================

[资金] USDT: $231.91

[扫描] 多策略共振分析...
  🟢 BTC: RSI=66/50 MACD=332.03 评分=80 -> BUY
  🟢 ETH: RSI=65/50 MACD=13.44 评分=80 -> BUY
  🟢 SOL: RSI=66/50 MACD=1.07 评分=80 -> BUY
  🟢 XRP: RSI=64/50 MACD=0.02 评分=80 -> BUY
  🟢 ADA: RSI=65/50 MACD=0.01 评分=80 -> BUY
  🟢 DOGE: RSI=64/50 MACD=0.00 评分=70 -> BUY
  🟢 LINK: RSI=59/50 MACD=0.14 评分=80 -> BUY
  🟢 AVAX: RSI=58/50 MACD=0.14 评分=80 -> BUY
  🟢 DOT: RSI=57/50 MACD=0.02 评分=80 -> BUY
  🟢 UNI: RSI=55/50 MACD=0.08 评分=70 -> BUY

[决策] 信号排序:
  1. BTC: 评分=80 RSI=66
  2. ETH: 评分=80 RSI=65
  3. SOL: 评分=80 RSI=66
  4. XRP: 评分=80 RSI=64
  5. ADA: 评分=80 RSI=65

[执行] 分配$208.72到Top3信号:
  买入 BTC: $69.57 -> 0.0008 @ $81967.3900
    ✅ 成功! 订单ID: 61639068956
  买入 ETH: $69.57 -> 0.0294 @ $2366.7200
    ✅ 成功! 订单ID: 46474662373
  买入 SOL: $69.57 -> 0.7221 @ $96.3500
    ❌ 失败: {'error': '<urlopen error [SSL: UNEXPECTED_EOF_WHILE_READING] EOF occurred in violation of protocol (_ssl.c:1007)>'}

================================================================================
================================================================================
G20 Pro Max - 动能增强版
================================================================================

[资金] USDT: $92.62

[扫描] 多策略共振分析...
  🟢 BTC: RSI=65/50 MACD=329.82 评分=80 -> BUY
  🟢 ETH: RSI=64/50 MACD=13.39 评分=80 -> BUY
  🟢 SOL: RSI=65/50 MACD=1.06 评分=80 -> BUY
  🟢 XRP: RSI=63/50 MACD=0.02 评分=80 -> BUY
  🟢 ADA: RSI=65/50 MACD=0.01 评分=80 -> BUY
  🟢 DOGE: RSI=63/50 MACD=0.00 评分=70 -> BUY
  🟢 LINK: RSI=60/50 MACD=0.14 评分=80 -> BUY
  🟢 AVAX: RSI=59/50 MACD=0.14 评分=80 -> BUY
  🟢 DOT: RSI=58/50 MACD=0.02 评分=80 -> BUY
  🟢 UNI: RSI=55/50 MACD=0.08 评分=70 -> BUY

[决策] 信号排序:
  1. BTC: 评分=80 RSI=65
  2. ETH: 评分=80 RSI=64
  3. SOL: 评分=80 RSI=65
  4. XRP: 评分=80 RSI=63
  5. ADA: 评分=80 RSI=65

[执行] 分配$83.36到Top3信号:
  买入 BTC: $27.79 -> 0.0003 @ $81932.0400
    ✅ 成功! 订单ID: 61639264548
  买入 ETH: $27.79 -> 0.0117 @ $2366.5300
    ✅ 成功! 订单ID: 46474803071
  买入 SOL: $27.79 -> 0.2888 @ $96.2300
    ❌ 失败: {'error': 'HTTP Error 400: Bad Request'}

================================================================================
================================================================================
G20 Pro Max - 动能增强版
================================================================================

[资金] USDT: $377.43

[扫描] 多策略共振分析...
  🟢 BTC: RSI=62/50 MACD=322.00 评分=80 -> BUY
  🟢 ETH: RSI=60/50 MACD=12.92 评分=80 -> BUY
  🟢 SOL: RSI=64/50 MACD=1.05 评分=80 -> BUY
  🟢 XRP: RSI=61/50 MACD=0.02 评分=80 -> BUY
  🟢 ADA: RSI=61/50 MACD=0.01 评分=80 -> BUY
  🟢 DOGE: RSI=58/50 MACD=0.00 评分=70 -> BUY
  🟢 LINK: RSI=57/50 MACD=0.14 评分=80 -> BUY
  🟢 AVAX: RSI=57/50 MACD=0.14 评分=80 -> BUY
  🟢 DOT: RSI=56/50 MACD=0.02 评分=80 -> BUY
  🟢 UNI: RSI=53/50 MACD=0.08 评分=70 -> BUY

[决策] 信号排序:
  1. BTC: 评分=80 RSI=62
  2. ETH: 评分=80 RSI=60
  3. SOL: 评分=80 RSI=64
  4. XRP: 评分=80 RSI=61
  5. ADA: 评分=80 RSI=61

[执行] 分配$339.69到Top3信号:
  买入 BTC: $113.23 -> 0.0014 @ $81761.5300
    ✅ 成功! 订单ID: 61639621735
  买入 ETH: $113.23 -> 0.0481 @ $2356.0300
    ✅ 成功! 订单ID: 46475125432
  买入 SOL: $113.23 -> 1.1789 @ $96.0500
    ❌ 失败: {'error': 'HTTP Error 400: Bad Request'}

================================================================================
================================================================================
G20 Pro Max - 动能增强版
================================================================================

[资金] USDT: $341.96

[扫描] 多策略共振分析...
  🟢 BTC: RSI=61/50 MACD=319.87 评分=80 -> BUY
  🟢 ETH: RSI=60/50 MACD=12.92 评分=80 -> BUY
  🟢 SOL: RSI=65/50 MACD=1.06 评分=80 -> BUY
  🟢 XRP: RSI=61/50 MACD=0.02 评分=80 -> BUY
  🟢 ADA: RSI=62/50 MACD=0.01 评分=80 -> BUY
  🟢 DOGE: RSI=59/50 MACD=0.00 评分=70 -> BUY
  🟢 LINK: RSI=57/50 MACD=0.14 评分=80 -> BUY
  🟢 AVAX: RSI=58/50 MACD=0.14 评分=80 -> BUY
  🟢 DOT: RSI=56/50 MACD=0.02 评分=80 -> BUY
  🟢 UNI: RSI=52/50 MACD=0.08 评分=70 -> BUY

[决策] 信号排序:
  1. BTC: 评分=80 RSI=61
  2. ETH: 评分=80 RSI=60
  3. SOL: 评分=80 RSI=65
  4. XRP: 评分=80 RSI=61
  5. ADA: 评分=80 RSI=62

[执行] 分配$307.76到Top3信号:
  买入 BTC: $102.59 -> 0.0013 @ $81729.8400
    ✅ 成功! 订单ID: 61640008698
  买入 ETH: $102.59 -> 0.0435 @ $2356.4200
    ✅ 成功! 订单ID: 46475397245
  买入 SOL: $102.59 -> 1.0665 @ $96.1900
    ❌ 失败: {'error': 'HTTP Error 400: Bad Request'}

================================================================================
================================================================================
G20 Pro Max - 动能增强版
================================================================================

[资金] USDT: $180.40

[扫描] 多策略共振分析...
  🟢 BTC: RSI=60/50 MACD=317.71 评分=80 -> BUY
  🟢 ETH: RSI=59/50 MACD=12.87 评分=80 -> BUY
  🟢 SOL: RSI=64/50 MACD=1.06 评分=80 -> BUY
  🟢 XRP: RSI=60/50 MACD=0.02 评分=80 -> BUY
  🟢 ADA: RSI=61/50 MACD=0.01 评分=80 -> BUY
  🟢 DOGE: RSI=59/50 MACD=0.00 评分=70 -> BUY
  🟢 LINK: RSI=57/50 MACD=0.14 评分=80 -> BUY
  🟢 AVAX: RSI=58/50 MACD=0.14 评分=80 -> BUY
  🟢 DOT: RSI=55/50 MACD=0.02 评分=80 -> BUY
  🟢 UNI: RSI=53/50 MACD=0.08 评分=70 -> BUY

[决策] 信号排序:
  1. BTC: 评分=80 RSI=60
  2. ETH: 评分=80 RSI=59
  3. SOL: 评分=80 RSI=64
  4. XRP: 评分=80 RSI=60
  5. ADA: 评分=80 RSI=61

[执行] 分配$162.36到Top3信号:
  买入 BTC: $54.12 -> 0.0007 @ $81679.6400
    ✅ 成功! 订单ID: 61640210915
  买入 ETH: $54.12 -> 0.023 @ $2355.2900
    ✅ 成功! 订单ID: 46475524070
  买入 SOL: $54.12 -> 0.5628 @ $96.1600
    ❌ 失败: {'error': 'HTTP Error 400: Bad Request'}

================================================================================
================================================================================
G20 Pro Max - 动能增强版
================================================================================

[资金] USDT: $366.76

[扫描] 多策略共振分析...
  🟢 BTC: RSI=62/50 MACD=321.50 评分=80 -> BUY
  🟢 ETH: RSI=62/50 MACD=13.13 评分=80 -> BUY
  🟢 SOL: RSI=67/50 MACD=1.07 评分=80 -> BUY
  🟢 XRP: RSI=61/50 MACD=0.02 评分=80 -> BUY
  🟢 ADA: RSI=64/50 MACD=0.01 评分=80 -> BUY
  🟢 DOGE: RSI=60/50 MACD=0.00 评分=70 -> BUY
  🟢 LINK: RSI=60/50 MACD=0.14 评分=80 -> BUY
  🟢 AVAX: RSI=60/50 MACD=0.14 评分=80 -> BUY
  🟢 DOT: RSI=57/50 MACD=0.02 评分=80 -> BUY
  🟢 UNI: RSI=54/50 MACD=0.08 评分=70 -> BUY

[决策] 信号排序:
  1. BTC: 评分=80 RSI=62
  2. ETH: 评分=80 RSI=62
  3. SOL: 评分=80 RSI=67
  4. XRP: 评分=80 RSI=61
  5. ADA: 评分=80 RSI=64

[执行] 分配$330.08到Top3信号:
  买入 BTC: $110.03 -> 0.0013 @ $81763.0500
    ✅ 成功! 订单ID: 61640423134
  买入 ETH: $110.03 -> 0.0466 @ $2360.9900
    ✅ 成功! 订单ID: 46475658402
  买入 SOL: $110.03 -> 1.1409 @ $96.4400
    ❌ 失败: {'error': 'HTTP Error 400: Bad Request'}

================================================================================
================================================================================
G20 Pro Max - 动能增强版
================================================================================

[资金] USDT: $429.68

[扫描] 多策略共振分析...
  🟢 BTC: RSI=61/50 MACD=319.66 评分=80 -> BUY
  🟢 ETH: RSI=61/50 MACD=13.01 评分=80 -> BUY
  🟢 SOL: RSI=66/50 MACD=1.07 评分=80 -> BUY
  🟢 XRP: RSI=61/50 MACD=0.02 评分=80 -> BUY
  🟢 ADA: RSI=64/50 MACD=0.01 评分=80 -> BUY
  🟢 DOGE: RSI=59/50 MACD=0.00 评分=70 -> BUY
  🟢 LINK: RSI=60/50 MACD=0.14 评分=80 -> BUY
  🟢 AVAX: RSI=60/50 MACD=0.14 评分=80 -> BUY
  🟢 DOT: RSI=57/50 MACD=0.02 评分=80 -> BUY
  🟢 UNI: RSI=53/50 MACD=0.08 评分=70 -> BUY

[决策] 信号排序:
  1. BTC: 评分=80 RSI=61
  2. ETH: 评分=80 RSI=61
  3. SOL: 评分=80 RSI=66
  4. XRP: 评分=80 RSI=61
  5. ADA: 评分=80 RSI=64

[执行] 分配$386.72到Top3信号:
  买入 BTC: $128.91 -> 0.0016 @ $81723.9900
    ✅ 成功! 订单ID: 61640587579
  买入 ETH: $128.91 -> 0.0546 @ $2359.1900
    ✅ 成功! 订单ID: 46475763636
  买入 SOL: $128.91 -> 1.3366 @ $96.4400
    ❌ 失败: {'error': 'HTTP Error 400: Bad Request'}

================================================================================
