
[09:32:53] G23 资金费率监控
  合约余额: $0.00
  持仓: 0/3
  ⚪ BTC: 费率+0.0046% -> 观望
  ⚪ ETH: 费率+0.0070% -> 观望
  ⚪ SOL: 费率+0.0095% -> 观望
  ⚪ DOGE: 费率+0.0100% -> 观望
  ⚪ LINK: 费率+0.0100% -> 观望
  ⚪ XRP: 费率+0.0100% -> 观望
  ⚪ ADA: 费率+0.0100% -> 观望
  ⚪ AVAX: 费率+0.0100% -> 观望

  仓位检查:


[09:37:59] G23 资金费率监控
  合约余额: $0.00
  持仓: 0/3
  ⚪ BTC: 费率+0.0045% -> 观望
  ⚪ ETH: 费率+0.0074% -> 观望
  ⚪ SOL: 费率+0.0095% -> 观望
  ⚪ DOGE: 费率+0.0100% -> 观望
  ⚪ LINK: 费率+0.0100% -> 观望
  ⚪ XRP: 费率+0.0100% -> 观望
  ⚪ ADA: 费率+0.0100% -> 观望
  ⚪ AVAX: 费率+0.0100% -> 观望

  仓位检查:


[09:43:05] G23 资金费率监控
  合约余额: $0.00
  持仓: 0/3
  ⚪ BTC: 费率+0.0045% -> 观望
  ⚪ ETH: 费率+0.0074% -> 观望
  ⚪ SOL: 费率+0.0095% -> 观望
  ⚪ DOGE: 费率+0.0100% -> 观望
  ⚪ LINK: 费率+0.0100% -> 观望
  ⚪ XRP: 费率+0.0100% -> 观望
  ⚪ ADA: 费率+0.0100% -> 观望
  ⚪ AVAX: 费率+0.0100% -> 观望

  仓位检查:


[09:48:11] G23 资金费率监控
  合约余额: $0.00
  持仓: 0/3
  ⚪ BTC: 费率+0.0044% -> 观望
  ⚪ ETH: 费率+0.0072% -> 观望
  ⚪ SOL: 费率+0.0093% -> 观望
  ⚪ DOGE: 费率+0.0100% -> 观望
  ⚪ LINK: 费率+0.0100% -> 观望
  ⚪ XRP: 费率+0.0100% -> 观望
  ⚪ ADA: 费率+0.0098% -> 观望
  ⚪ AVAX: 费率+0.0100% -> 观望

  仓位检查:


[09:53:18] G23 资金费率监控
  合约余额: $0.00
  持仓: 0/3
  ⚪ BTC: 费率+0.0043% -> 观望
  ⚪ ETH: 费率+0.0074% -> 观望
  ⚪ SOL: 费率+0.0095% -> 观望
  ⚪ DOGE: 费率+0.0100% -> 观望
  ⚪ LINK: 费率+0.0100% -> 观望
  ⚪ XRP: 费率+0.0100% -> 观望
  ⚪ ADA: 费率+0.0098% -> 观望
  ⚪ AVAX: 费率+0.0100% -> 观望

  仓位检查:


[09:58:24] G23 资金费率监控
  合约余额: $0.00
  持仓: 0/3
  ⚪ BTC: 费率+0.0043% -> 观望
  ⚪ ETH: 费率+0.0072% -> 观望
  ⚪ SOL: 费率+0.0094% -> 观望
  ⚪ DOGE: 费率+0.0100% -> 观望
  ⚪ LINK: 费率+0.0100% -> 观望
  ⚪ XRP: 费率+0.0100% -> 观望
  ⚪ ADA: 费率+0.0098% -> 观望
  ⚪ AVAX: 费率+0.0100% -> 观望

  仓位检查:


[10:03:30] G23 资金费率监控
  合约余额: $0.00
  持仓: 0/3
  ⚪ BTC: 费率+0.0042% -> 观望
  ⚪ ETH: 费率+0.0072% -> 观望
  ⚪ SOL: 费率+0.0093% -> 观望
  ⚪ DOGE: 费率+0.0100% -> 观望
  ⚪ LINK: 费率+0.0100% -> 观望
  ⚪ XRP: 费率+0.0100% -> 观望
  ⚪ ADA: 费率+0.0100% -> 观望
  ⚪ AVAX: 费率+0.0100% -> 观望

  仓位检查:


[10:08:36] G23 资金费率监控
  合约余额: $0.00
  持仓: 0/3
  ⚪ BTC: 费率+0.0041% -> 观望
  ⚪ ETH: 费率+0.0071% -> 观望
  ⚪ SOL: 费率+0.0091% -> 观望
  ⚪ DOGE: 费率+0.0100% -> 观望
  ⚪ LINK: 费率+0.0100% -> 观望
  ⚪ XRP: 费率+0.0100% -> 观望
  ⚪ ADA: 费率+0.0100% -> 观望
  ⚪ AVAX: 费率+0.0094% -> 观望

  仓位检查:


[10:13:43] G23 资金费率监控
  合约余额: $0.00
  持仓: 0/3
  ⚪ BTC: 费率+0.0039% -> 观望
  ⚪ ETH: 费率+0.0071% -> 观望
  ⚪ SOL: 费率+0.0089% -> 观望
  ⚪ DOGE: 费率+0.0100% -> 观望
  ⚪ LINK: 费率+0.0100% -> 观望
  ⚪ XRP: 费率+0.0100% -> 观望
  ⚪ ADA: 费率+0.0097% -> 观望
  ⚪ AVAX: 费率+0.0092% -> 观望

  仓位检查:


[10:18:49] G23 资金费率监控
  合约余额: $0.00
  持仓: 0/3
  ⚪ BTC: 费率+0.0037% -> 观望
  ⚪ ETH: 费率+0.0070% -> 观望
  ⚪ SOL: 费率+0.0086% -> 观望
  ⚪ DOGE: 费率+0.0100% -> 观望
  ⚪ LINK: 费率+0.0100% -> 观望
  ⚪ XRP: 费率+0.0100% -> 观望
  ⚪ ADA: 费率+0.0095% -> 观望
  ⚪ AVAX: 费率+0.0089% -> 观望

  仓位检查:


[10:23:55] G23 资金费率监控
  合约余额: $0.00
  持仓: 0/3
  ⚪ BTC: 费率+0.0036% -> 观望
  ⚪ ETH: 费率+0.0069% -> 观望
  ⚪ SOL: 费率+0.0085% -> 观望
  ⚪ DOGE: 费率+0.0100% -> 观望
  ⚪ LINK: 费率+0.0100% -> 观望
  ⚪ XRP: 费率+0.0100% -> 观望
  ⚪ ADA: 费率+0.0094% -> 观望
  ❌ AVAX: <urlopen error [SSL: UNEXPECTED_EOF_WHILE_READING] EOF occurred in violation of protocol (_ssl.c:1007)>

  仓位检查:


[10:29:01] G23 资金费率监控
  合约余额: $0.00
  持仓: 0/3
  ⚪ BTC: 费率+0.0036% -> 观望
  ⚪ ETH: 费率+0.0069% -> 观望
  ⚪ SOL: 费率+0.0083% -> 观望
  ⚪ DOGE: 费率+0.0100% -> 观望
  ⚪ LINK: 费率+0.0100% -> 观望
  ⚪ XRP: 费率+0.0100% -> 观望
  ⚪ ADA: 费率+0.0093% -> 观望
  ⚪ AVAX: 费率+0.0077% -> 观望

  仓位检查:


[10:34:07] G23 资金费率监控
  合约余额: $0.00
  持仓: 0/3
  ⚪ BTC: 费率+0.0035% -> 观望
  ⚪ ETH: 费率+0.0067% -> 观望
  ⚪ SOL: 费率+0.0081% -> 观望
  ⚪ DOGE: 费率+0.0100% -> 观望
  ⚪ LINK: 费率+0.0100% -> 观望
  ⚪ XRP: 费率+0.0100% -> 观望
  ⚪ ADA: 费率+0.0092% -> 观望
  ⚪ AVAX: 费率+0.0071% -> 观望

  仓位检查:


[10:39:14] G23 资金费率监控
  合约余额: $0.00
  持仓: 0/3
  ⚪ BTC: 费率+0.0035% -> 观望
  ⚪ ETH: 费率+0.0066% -> 观望
  ⚪ SOL: 费率+0.0080% -> 观望
  ⚪ DOGE: 费率+0.0100% -> 观望
  ⚪ LINK: 费率+0.0100% -> 观望
  ⚪ XRP: 费率+0.0100% -> 观望
  ⚪ ADA: 费率+0.0093% -> 观望
  ⚪ AVAX: 费率+0.0073% -> 观望

  仓位检查:


[10:44:20] G23 资金费率监控
  合约余额: $0.00
  持仓: 0/3
  ⚪ BTC: 费率+0.0034% -> 观望
  ⚪ ETH: 费率+0.0065% -> 观望
  ⚪ SOL: 费率+0.0078% -> 观望
  ⚪ DOGE: 费率+0.0100% -> 观望
  ⚪ LINK: 费率+0.0100% -> 观望
  ⚪ XRP: 费率+0.0100% -> 观望
  ⚪ ADA: 费率+0.0091% -> 观望
  ⚪ AVAX: 费率+0.0068% -> 观望

  仓位检查:


[10:49:27] G23 资金费率监控
  合约余额: $0.00
  持仓: 0/3
  ⚪ BTC: 费率+0.0034% -> 观望
  ⚪ ETH: 费率+0.0065% -> 观望
  ⚪ SOL: 费率+0.0076% -> 观望
  ⚪ DOGE: 费率+0.0100% -> 观望
  ⚪ LINK: 费率+0.0100% -> 观望
  ⚪ XRP: 费率+0.0100% -> 观望
  ⚪ ADA: 费率+0.0089% -> 观望
  ⚪ AVAX: 费率+0.0066% -> 观望

  仓位检查:


[10:54:33] G23 资金费率监控
  合约余额: $0.00
  持仓: 0/3
  ⚪ BTC: 费率+0.0034% -> 观望
  ⚪ ETH: 费率+0.0065% -> 观望
  ⚪ SOL: 费率+0.0077% -> 观望
  ⚪ DOGE: 费率+0.0100% -> 观望
  ⚪ LINK: 费率+0.0100% -> 观望
  ⚪ XRP: 费率+0.0100% -> 观望
  ⚪ ADA: 费率+0.0089% -> 观望
  ⚪ AVAX: 费率+0.0064% -> 观望

  仓位检查:


[10:59:40] G23 资金费率监控
  合约余额: $0.00
  持仓: 0/3
  ⚪ BTC: 费率+0.0033% -> 观望
  ⚪ ETH: 费率+0.0065% -> 观望
  ⚪ SOL: 费率+0.0077% -> 观望
  ⚪ DOGE: 费率+0.0100% -> 观望
  ⚪ LINK: 费率+0.0100% -> 观望
  ❌ XRP: <urlopen error [SSL: UNEXPECTED_EOF_WHILE_READING] EOF occurred in violation of protocol (_ssl.c:1007)>
  ⚪ ADA: 费率+0.0087% -> 观望
  ⚪ AVAX: 费率+0.0060% -> 观望

  仓位检查:


[11:04:45] G23 资金费率监控
  合约余额: $0.00
  持仓: 0/3
  ⚪ BTC: 费率+0.0032% -> 观望
  ⚪ ETH: 费率+0.0064% -> 观望
  ⚪ SOL: 费率+0.0076% -> 观望
  ⚪ DOGE: 费率+0.0100% -> 观望
  ⚪ LINK: 费率+0.0100% -> 观望
  ⚪ XRP: 费率+0.0100% -> 观望
  ⚪ ADA: 费率+0.0087% -> 观望
  ⚪ AVAX: 费率+0.0056% -> 观望

  仓位检查:


[11:09:52] G23 资金费率监控
  合约余额: $0.00
  持仓: 0/3
  ⚪ BTC: 费率+0.0030% -> 观望
  ⚪ ETH: 费率+0.0062% -> 观望
  ⚪ SOL: 费率+0.0074% -> 观望
  ⚪ DOGE: 费率+0.0100% -> 观望
  ⚪ LINK: 费率+0.0100% -> 观望
  ⚪ XRP: 费率+0.0100% -> 观望
  ⚪ ADA: 费率+0.0084% -> 观望
  ⚪ AVAX: 费率+0.0055% -> 观望

  仓位检查:


[11:14:58] G23 资金费率监控
  合约余额: $0.00
  持仓: 0/3
  ⚪ BTC: 费率+0.0028% -> 观望
  ⚪ ETH: 费率+0.0061% -> 观望
  ⚪ SOL: 费率+0.0074% -> 观望
  ⚪ DOGE: 费率+0.0100% -> 观望
  ⚪ LINK: 费率+0.0100% -> 观望
  ⚪ XRP: 费率+0.0100% -> 观望
  ⚪ ADA: 费率+0.0082% -> 观望
  ⚪ AVAX: 费率+0.0052% -> 观望

  仓位检查:


[11:20:05] G23 资金费率监控
  合约余额: $0.00
  持仓: 0/3
  ⚪ BTC: 费率+0.0024% -> 观望
  ⚪ ETH: 费率+0.0059% -> 观望
  ⚪ SOL: 费率+0.0075% -> 观望
  ⚪ DOGE: 费率+0.0100% -> 观望
  ⚪ LINK: 费率+0.0100% -> 观望
  ⚪ XRP: 费率+0.0100% -> 观望
  ⚪ ADA: 费率+0.0084% -> 观望
  ⚪ AVAX: 费率+0.0049% -> 观望

  仓位检查:


[11:25:11] G23 资金费率监控
  合约余额: $0.00
  持仓: 0/3
  ⚪ BTC: 费率+0.0022% -> 观望
  ⚪ ETH: 费率+0.0057% -> 观望
  ⚪ SOL: 费率+0.0074% -> 观望
  ⚪ DOGE: 费率+0.0100% -> 观望
  ⚪ LINK: 费率+0.0100% -> 观望
  ⚪ XRP: 费率+0.0100% -> 观望
  ⚪ ADA: 费率+0.0085% -> 观望
  ⚪ AVAX: 费率+0.0044% -> 观望

  仓位检查:


[11:30:17] G23 资金费率监控
  合约余额: $0.00
  持仓: 0/3
  ⚪ BTC: 费率+0.0021% -> 观望
  ❌ ETH: <urlopen error [SSL: UNEXPECTED_EOF_WHILE_READING] EOF occurred in violation of protocol (_ssl.c:1007)>
  ⚪ SOL: 费率+0.0074% -> 观望
  ⚪ DOGE: 费率+0.0100% -> 观望
  ⚪ LINK: 费率+0.0100% -> 观望
  ⚪ XRP: 费率+0.0100% -> 观望
  ⚪ ADA: 费率+0.0085% -> 观望
  ⚪ AVAX: 费率+0.0045% -> 观望

  仓位检查:


[11:35:23] G23 资金费率监控
  合约余额: $0.00
  持仓: 0/3
  ⚪ BTC: 费率+0.0020% -> 观望
  ⚪ ETH: 费率+0.0055% -> 观望
  ⚪ SOL: 费率+0.0074% -> 观望
  ⚪ DOGE: 费率+0.0100% -> 观望
  ⚪ LINK: 费率+0.0100% -> 观望
  ⚪ XRP: 费率+0.0100% -> 观望
  ⚪ ADA: 费率+0.0085% -> 观望
  ⚪ AVAX: 费率+0.0043% -> 观望

  仓位检查:


[11:40:29] G23 资金费率监控
  合约余额: $0.00
  持仓: 0/3
  ⚪ BTC: 费率+0.0018% -> 观望
  ⚪ ETH: 费率+0.0053% -> 观望
  ⚪ SOL: 费率+0.0073% -> 观望
  ⚪ DOGE: 费率+0.0100% -> 观望
  ⚪ LINK: 费率+0.0100% -> 观望
  ⚪ XRP: 费率+0.0100% -> 观望
  ⚪ ADA: 费率+0.0084% -> 观望
  ⚪ AVAX: 费率+0.0042% -> 观望

  仓位检查:


[11:45:35] G23 资金费率监控
  合约余额: $0.00
  持仓: 0/3
  ⚪ BTC: 费率+0.0019% -> 观望
  ⚪ ETH: 费率+0.0054% -> 观望
  ⚪ SOL: 费率+0.0075% -> 观望
  ⚪ DOGE: 费率+0.0100% -> 观望
  ⚪ LINK: 费率+0.0100% -> 观望
  ⚪ XRP: 费率+0.0100% -> 观望
  ⚪ ADA: 费率+0.0083% -> 观望
  ⚪ AVAX: 费率+0.0046% -> 观望

  仓位检查:


[11:50:41] G23 资金费率监控
  合约余额: $0.00
  持仓: 0/3
  ⚪ BTC: 费率+0.0018% -> 观望
  ⚪ ETH: 费率+0.0053% -> 观望
  ⚪ SOL: 费率+0.0075% -> 观望
  ⚪ DOGE: 费率+0.0100% -> 观望
  ⚪ LINK: 费率+0.0100% -> 观望
  ⚪ XRP: 费率+0.0100% -> 观望
  ⚪ ADA: 费率+0.0081% -> 观望
  ⚪ AVAX: 费率+0.0046% -> 观望

  仓位检查:


[11:55:48] G23 资金费率监控
  合约余额: $0.00
  持仓: 0/3
  ⚪ BTC: 费率+0.0018% -> 观望
  ⚪ ETH: 费率+0.0052% -> 观望
  ⚪ SOL: 费率+0.0075% -> 观望
  ⚪ DOGE: 费率+0.0100% -> 观望
  ⚪ LINK: 费率+0.0100% -> 观望
  ⚪ XRP: 费率+0.0100% -> 观望
  ⚪ ADA: 费率+0.0077% -> 观望
  ⚪ AVAX: 费率+0.0043% -> 观望

  仓位检查:


[12:00:54] G23 资金费率监控
  合约余额: $0.00
  持仓: 0/3
  ⚪ BTC: 费率+0.0017% -> 观望
  ⚪ ETH: 费率+0.0050% -> 观望
  ⚪ SOL: 费率+0.0074% -> 观望
  ⚪ DOGE: 费率+0.0100% -> 观望
  ⚪ LINK: 费率+0.0100% -> 观望
  ⚪ XRP: 费率+0.0100% -> 观望
  ⚪ ADA: 费率+0.0074% -> 观望
  ⚪ AVAX: 费率+0.0045% -> 观望

  仓位检查:


[12:06:00] G23 资金费率监控
  合约余额: $0.00
  持仓: 0/3
  ⚪ BTC: 费率+0.0016% -> 观望
  ⚪ ETH: 费率+0.0049% -> 观望
  ⚪ SOL: 费率+0.0072% -> 观望
  ⚪ DOGE: 费率+0.0100% -> 观望
  ⚪ LINK: 费率+0.0100% -> 观望
  ⚪ XRP: 费率+0.0100% -> 观望
  ⚪ ADA: 费率+0.0069% -> 观望
  ⚪ AVAX: 费率+0.0039% -> 观望

  仓位检查:


[12:11:07] G23 资金费率监控
  合约余额: $0.00
  持仓: 0/3
  ⚪ BTC: 费率+0.0016% -> 观望
  ⚪ ETH: 费率+0.0049% -> 观望
  ⚪ SOL: 费率+0.0070% -> 观望
  ⚪ DOGE: 费率+0.0100% -> 观望
  ⚪ LINK: 费率+0.0100% -> 观望
  ⚪ XRP: 费率+0.0100% -> 观望
  ⚪ ADA: 费率+0.0067% -> 观望
  ⚪ AVAX: 费率+0.0034% -> 观望

  仓位检查:


[12:16:13] G23 资金费率监控
  合约余额: $0.00
  持仓: 0/3
  ⚪ BTC: 费率+0.0015% -> 观望
  ⚪ ETH: 费率+0.0049% -> 观望
  ⚪ SOL: 费率+0.0069% -> 观望
  ⚪ DOGE: 费率+0.0100% -> 观望
  ⚪ LINK: 费率+0.0100% -> 观望
  ⚪ XRP: 费率+0.0100% -> 观望
  ⚪ ADA: 费率+0.0065% -> 观望
  ⚪ AVAX: 费率+0.0033% -> 观望

  仓位检查:


[12:21:20] G23 资金费率监控
  合约余额: $0.00
  持仓: 0/3
  ⚪ BTC: 费率+0.0015% -> 观望
  ⚪ ETH: 费率+0.0047% -> 观望
  ⚪ SOL: 费率+0.0069% -> 观望
  ⚪ DOGE: 费率+0.0100% -> 观望
  ⚪ LINK: 费率+0.0100% -> 观望
  ⚪ XRP: 费率+0.0100% -> 观望
  ⚪ ADA: 费率+0.0064% -> 观望
  ⚪ AVAX: 费率+0.0034% -> 观望

  仓位检查:


[12:26:27] G23 资金费率监控
  合约余额: $0.00
  持仓: 0/3
  ⚪ BTC: 费率+0.0015% -> 观望
  ⚪ ETH: 费率+0.0046% -> 观望
  ⚪ SOL: 费率+0.0070% -> 观望
  ⚪ DOGE: 费率+0.0100% -> 观望
  ⚪ LINK: 费率+0.0100% -> 观望
  ⚪ XRP: 费率+0.0100% -> 观望
  ⚪ ADA: 费率+0.0066% -> 观望
  ⚪ AVAX: 费率+0.0035% -> 观望

  仓位检查:


[12:31:34] G23 资金费率监控
  合约余额: $0.00
  持仓: 0/3
  ⚪ BTC: 费率+0.0015% -> 观望
  ⚪ ETH: 费率+0.0044% -> 观望
  ⚪ SOL: 费率+0.0070% -> 观望
  ⚪ DOGE: 费率+0.0100% -> 观望
  ⚪ LINK: 费率+0.0100% -> 观望
  ⚪ XRP: 费率+0.0100% -> 观望
  ⚪ ADA: 费率+0.0066% -> 观望
  ⚪ AVAX: 费率+0.0029% -> 观望

  仓位检查:


[12:36:42] G23 资金费率监控
  合约余额: $0.00
  持仓: 0/3
  ⚪ BTC: 费率+0.0016% -> 观望
  ⚪ ETH: 费率+0.0043% -> 观望
  ⚪ SOL: 费率+0.0070% -> 观望
  ⚪ DOGE: 费率+0.0100% -> 观望
  ⚪ LINK: 费率+0.0100% -> 观望
  ⚪ XRP: 费率+0.0100% -> 观望
  ⚪ ADA: 费率+0.0067% -> 观望
  ⚪ AVAX: 费率+0.0026% -> 观望

  仓位检查:


[12:41:50] G23 资金费率监控
  合约余额: $0.00
  持仓: 0/3
  ⚪ BTC: 费率+0.0016% -> 观望
  ⚪ ETH: 费率+0.0040% -> 观望
  ⚪ SOL: 费率+0.0069% -> 观望
  ⚪ DOGE: 费率+0.0100% -> 观望
  ⚪ LINK: 费率+0.0100% -> 观望
  ⚪ XRP: 费率+0.0100% -> 观望
  ⚪ ADA: 费率+0.0065% -> 观望
  ⚪ AVAX: 费率+0.0023% -> 观望

  仓位检查:


[12:46:58] G23 资金费率监控
  合约余额: $0.00
  持仓: 0/3
  ⚪ BTC: 费率+0.0016% -> 观望
  ⚪ ETH: 费率+0.0040% -> 观望
  ⚪ SOL: 费率+0.0068% -> 观望
  ⚪ DOGE: 费率+0.0100% -> 观望
  ⚪ LINK: 费率+0.0100% -> 观望
  ⚪ XRP: 费率+0.0100% -> 观望
  ⚪ ADA: 费率+0.0064% -> 观望
  ⚪ AVAX: 费率+0.0017% -> 观望

  仓位检查:


[12:52:05] G23 资金费率监控
  合约余额: $0.00
  持仓: 0/3
  ⚪ BTC: 费率+0.0015% -> 观望
  ⚪ ETH: 费率+0.0037% -> 观望
  ⚪ SOL: 费率+0.0065% -> 观望
  ⚪ DOGE: 费率+0.0100% -> 观望
  ⚪ LINK: 费率+0.0100% -> 观望
  ⚪ XRP: 费率+0.0100% -> 观望
  ⚪ ADA: 费率+0.0062% -> 观望
  ⚪ AVAX: 费率+0.0012% -> 观望

  仓位检查:


[12:57:13] G23 资金费率监控
  合约余额: $0.00
  持仓: 0/3
  ⚪ BTC: 费率+0.0015% -> 观望
  ⚪ ETH: 费率+0.0040% -> 观望
  ⚪ SOL: 费率+0.0064% -> 观望
  ⚪ DOGE: 费率+0.0100% -> 观望
  ⚪ LINK: 费率+0.0100% -> 观望
  ⚪ XRP: 费率+0.0100% -> 观望
  ⚪ ADA: 费率+0.0060% -> 观望
  ⚪ AVAX: 费率+0.0008% -> 观望

  仓位检查:


[13:02:20] G23 资金费率监控
  合约余额: $0.00
  持仓: 0/3
  ⚪ BTC: 费率+0.0015% -> 观望
  ⚪ ETH: 费率+0.0038% -> 观望
  ⚪ SOL: 费率+0.0061% -> 观望
  ⚪ DOGE: 费率+0.0100% -> 观望
  ⚪ LINK: 费率+0.0100% -> 观望
  ⚪ XRP: 费率+0.0100% -> 观望
  ⚪ ADA: 费率+0.0058% -> 观望
  ⚪ AVAX: 费率+0.0002% -> 观望

  仓位检查:


[13:07:26] G23 资金费率监控
  合约余额: $0.00
  持仓: 0/3
  ⚪ BTC: 费率+0.0016% -> 观望
  ⚪ ETH: 费率+0.0038% -> 观望
  ⚪ SOL: 费率+0.0061% -> 观望
  ⚪ DOGE: 费率+0.0100% -> 观望
  ⚪ LINK: 费率+0.0100% -> 观望
  ⚪ XRP: 费率+0.0100% -> 观望
  ⚪ ADA: 费率+0.0056% -> 观望
  ⚪ AVAX: 费率-0.0002% -> 观望

  仓位检查:


[13:12:33] G23 资金费率监控
  合约余额: $0.00
  持仓: 0/3
  ⚪ BTC: 费率+0.0016% -> 观望
  ⚪ ETH: 费率+0.0035% -> 观望
  ⚪ SOL: 费率+0.0060% -> 观望
  ⚪ DOGE: 费率+0.0100% -> 观望
  ⚪ LINK: 费率+0.0100% -> 观望
  ⚪ XRP: 费率+0.0100% -> 观望
  ⚪ ADA: 费率+0.0054% -> 观望
  ⚪ AVAX: 费率-0.0007% -> 观望

  仓位检查:


[13:17:39] G23 资金费率监控
  合约余额: $0.00
  持仓: 0/3
  ⚪ BTC: 费率+0.0017% -> 观望
  ⚪ ETH: 费率+0.0033% -> 观望
  ⚪ SOL: 费率+0.0059% -> 观望
  ⚪ DOGE: 费率+0.0000% -> 观望
  ⚪ LINK: 费率+0.0100% -> 观望
  ⚪ XRP: 费率+0.0100% -> 观望
  ⚪ ADA: 费率+0.0051% -> 观望
  ⚪ AVAX: 费率-0.0009% -> 观望

  仓位检查:


[13:22:45] G23 资金费率监控
  合约余额: $0.00
  持仓: 0/3
  ⚪ BTC: 费率+0.0017% -> 观望
  ⚪ ETH: 费率+0.0032% -> 观望
  ⚪ SOL: 费率+0.0059% -> 观望
  ⚪ DOGE: 费率+0.0100% -> 观望
  ⚪ LINK: 费率+0.0100% -> 观望
  ⚪ XRP: 费率+0.0099% -> 观望
  ⚪ ADA: 费率+0.0051% -> 观望
  ⚪ AVAX: 费率-0.0008% -> 观望

  仓位检查:


[13:27:51] G23 资金费率监控
  合约余额: $0.00
  持仓: 0/3
  ⚪ BTC: 费率+0.0018% -> 观望
  ⚪ ETH: 费率+0.0031% -> 观望
  ⚪ SOL: 费率+0.0057% -> 观望
  ⚪ DOGE: 费率+0.0100% -> 观望
  ⚪ LINK: 费率+0.0100% -> 观望
  ⚪ XRP: 费率+0.0095% -> 观望
  ⚪ ADA: 费率+0.0047% -> 观望
  ⚪ AVAX: 费率-0.0007% -> 观望

  仓位检查:


[13:32:57] G23 资金费率监控
  合约余额: $0.00
  持仓: 0/3
  ⚪ BTC: 费率+0.0019% -> 观望
  ⚪ ETH: 费率+0.0032% -> 观望
  ⚪ SOL: 费率+0.0057% -> 观望
  ⚪ DOGE: 费率+0.0100% -> 观望
  ⚪ LINK: 费率+0.0100% -> 观望
  ⚪ XRP: 费率+0.0093% -> 观望
  ⚪ ADA: 费率+0.0044% -> 观望
  ⚪ AVAX: 费率-0.0011% -> 观望

  仓位检查:


[13:38:04] G23 资金费率监控
  合约余额: $0.00
  持仓: 0/3
  ⚪ BTC: 费率+0.0020% -> 观望
  ⚪ ETH: 费率+0.0031% -> 观望
  ⚪ SOL: 费率+0.0059% -> 观望
  ⚪ DOGE: 费率+0.0100% -> 观望
  ⚪ LINK: 费率+0.0100% -> 观望
  ⚪ XRP: 费率+0.0090% -> 观望
  ⚪ ADA: 费率+0.0045% -> 观望
  ⚪ AVAX: 费率-0.0012% -> 观望

  仓位检查:


[13:43:11] G23 资金费率监控
  合约余额: $0.00
  持仓: 0/3
  ⚪ BTC: 费率+0.0020% -> 观望
  ⚪ ETH: 费率+0.0028% -> 观望
  ⚪ SOL: 费率+0.0057% -> 观望
  ⚪ DOGE: 费率+0.0100% -> 观望
  ⚪ LINK: 费率+0.0100% -> 观望
  ⚪ XRP: 费率+0.0088% -> 观望
  ⚪ ADA: 费率+0.0043% -> 观望
  ⚪ AVAX: 费率-0.0021% -> 观望

  仓位检查:


[13:48:17] G23 资金费率监控
  合约余额: $0.00
  持仓: 0/3
  ⚪ BTC: 费率+0.0019% -> 观望
  ⚪ ETH: 费率+0.0026% -> 观望
  ⚪ SOL: 费率+0.0056% -> 观望
  ⚪ DOGE: 费率+0.0100% -> 观望
  ⚪ LINK: 费率+0.0100% -> 观望
  ⚪ XRP: 费率+0.0086% -> 观望
  ⚪ ADA: 费率+0.0041% -> 观望
  ⚪ AVAX: 费率-0.0024% -> 观望

  仓位检查:


[13:53:24] G23 资金费率监控
  合约余额: $0.00
  持仓: 0/3
  ⚪ BTC: 费率+0.0021% -> 观望
  ⚪ ETH: 费率+0.0025% -> 观望
  ⚪ SOL: 费率+0.0055% -> 观望
  ❌ DOGE: <urlopen error [SSL: UNEXPECTED_EOF_WHILE_READING] EOF occurred in violation of protocol (_ssl.c:1007)>
  ⚪ LINK: 费率+0.0100% -> 观望
  ⚪ XRP: 费率+0.0083% -> 观望
  ⚪ ADA: 费率+0.0040% -> 观望
  ⚪ AVAX: 费率-0.0026% -> 观望

  仓位检查:


[13:58:30] G23 资金费率监控
  合约余额: $0.00
  持仓: 0/3
  ⚪ BTC: 费率+0.0021% -> 观望
  ⚪ ETH: 费率+0.0024% -> 观望
  ⚪ SOL: 费率+0.0056% -> 观望
  ⚪ DOGE: 费率+0.0100% -> 观望
  ⚪ LINK: 费率+0.0100% -> 观望
  ⚪ XRP: 费率+0.0080% -> 观望
  ⚪ ADA: 费率+0.0039% -> 观望
  ⚪ AVAX: 费率-0.0030% -> 观望

  仓位检查:


[14:03:37] G23 资金费率监控
  合约余额: $0.00
  持仓: 0/3
  ⚪ BTC: 费率+0.0021% -> 观望
  ⚪ ETH: 费率+0.0022% -> 观望
  ⚪ SOL: 费率+0.0055% -> 观望
  ⚪ DOGE: 费率+0.0100% -> 观望
  ⚪ LINK: 费率+0.0100% -> 观望
  ⚪ XRP: 费率+0.0076% -> 观望
  ⚪ ADA: 费率+0.0038% -> 观望
  ⚪ AVAX: 费率-0.0036% -> 观望

  仓位检查:


[14:08:43] G23 资金费率监控
  合约余额: $0.00
  持仓: 0/3
  ⚪ BTC: 费率+0.0022% -> 观望
  ⚪ ETH: 费率+0.0022% -> 观望
  ⚪ SOL: 费率+0.0055% -> 观望
  ⚪ DOGE: 费率+0.0100% -> 观望
  ⚪ LINK: 费率+0.0100% -> 观望
  ⚪ XRP: 费率+0.0074% -> 观望
  ⚪ ADA: 费率+0.0038% -> 观望
  ⚪ AVAX: 费率-0.0038% -> 观望

  仓位检查:


[14:13:50] G23 资金费率监控
  合约余额: $0.00
  持仓: 0/3
  ⚪ BTC: 费率+0.0023% -> 观望
  ⚪ ETH: 费率+0.0023% -> 观望
  ⚪ SOL: 费率+0.0057% -> 观望
  ⚪ DOGE: 费率+0.0100% -> 观望
  ⚪ LINK: 费率+0.0100% -> 观望
  ⚪ XRP: 费率+0.0072% -> 观望
  ⚪ ADA: 费率+0.0040% -> 观望
  ⚪ AVAX: 费率-0.0036% -> 观望

  仓位检查:


[14:18:56] G23 资金费率监控
  合约余额: $0.00
  持仓: 0/3
  ⚪ BTC: 费率+0.0023% -> 观望
  ⚪ ETH: 费率+0.0022% -> 观望
  ⚪ SOL: 费率+0.0056% -> 观望
  ⚪ DOGE: 费率+0.0100% -> 观望
  ⚪ LINK: 费率+0.0100% -> 观望
  ⚪ XRP: 费率+0.0069% -> 观望
  ⚪ ADA: 费率+0.0040% -> 观望
  ⚪ AVAX: 费率-0.0046% -> 观望

  仓位检查:


[14:24:02] G23 资金费率监控
  合约余额: $0.00
  持仓: 0/3
  ⚪ BTC: 费率+0.0025% -> 观望
  ⚪ ETH: 费率+0.0022% -> 观望
  ⚪ SOL: 费率+0.0058% -> 观望
  ⚪ DOGE: 费率+0.0100% -> 观望
  ⚪ LINK: 费率+0.0100% -> 观望
  ⚪ XRP: 费率+0.0067% -> 观望
  ⚪ ADA: 费率+0.0040% -> 观望
  ⚪ AVAX: 费率-0.0046% -> 观望

  仓位检查:


[14:29:09] G23 资金费率监控
  合约余额: $0.00
  持仓: 0/3
  ⚪ BTC: 费率+0.0025% -> 观望
  ⚪ ETH: 费率+0.0022% -> 观望
  ⚪ SOL: 费率+0.0058% -> 观望
  ⚪ DOGE: 费率+0.0100% -> 观望
  ⚪ LINK: 费率+0.0100% -> 观望
  ⚪ XRP: 费率+0.0066% -> 观望
  ⚪ ADA: 费率+0.0040% -> 观望
  ⚪ AVAX: 费率-0.0050% -> 观望

  仓位检查:


[14:34:16] G23 资金费率监控
  合约余额: $0.00
  持仓: 0/3
  ⚪ BTC: 费率+0.0025% -> 观望
  ⚪ ETH: 费率+0.0020% -> 观望
  ⚪ SOL: 费率+0.0057% -> 观望
  ⚪ DOGE: 费率+0.0100% -> 观望
  ⚪ LINK: 费率+0.0100% -> 观望
  ⚪ XRP: 费率+0.0063% -> 观望
  ⚪ ADA: 费率+0.0038% -> 观望
  ⚪ AVAX: 费率-0.0054% -> 观望

  仓位检查:


[14:39:22] G23 资金费率监控
  合约余额: $0.00
  持仓: 0/3
  ⚪ BTC: 费率+0.0024% -> 观望
  ⚪ ETH: 费率+0.0016% -> 观望
  ⚪ SOL: 费率+0.0055% -> 观望
  ⚪ DOGE: 费率+0.0100% -> 观望
  ⚪ LINK: 费率+0.0100% -> 观望
  ⚪ XRP: 费率+0.0062% -> 观望
  ⚪ ADA: 费率+0.0037% -> 观望
  ⚪ AVAX: 费率-0.0059% -> 观望

  仓位检查:


[14:44:29] G23 资金费率监控
  合约余额: $0.00
  持仓: 0/3
  ⚪ BTC: 费率+0.0024% -> 观望
  ⚪ ETH: 费率+0.0015% -> 观望
  ⚪ SOL: 费率+0.0053% -> 观望
  ⚪ DOGE: 费率+0.0100% -> 观望
  ⚪ LINK: 费率+0.0100% -> 观望
  ⚪ XRP: 费率+0.0059% -> 观望
  ⚪ ADA: 费率+0.0036% -> 观望
  ⚪ AVAX: 费率-0.0059% -> 观望

  仓位检查:


[14:49:35] G23 资金费率监控
  合约余额: $0.00
  持仓: 0/3
  ⚪ BTC: 费率+0.0024% -> 观望
  ⚪ ETH: 费率+0.0015% -> 观望
  ⚪ SOL: 费率+0.0052% -> 观望
  ⚪ DOGE: 费率+0.0100% -> 观望
  ⚪ LINK: 费率+0.0100% -> 观望
  ⚪ XRP: 费率+0.0057% -> 观望
  ⚪ ADA: 费率+0.0034% -> 观望
  ⚪ AVAX: 费率-0.0062% -> 观望

  仓位检查:


[14:54:41] G23 资金费率监控
  合约余额: $0.00
  持仓: 0/3
  ⚪ BTC: 费率+0.0024% -> 观望
  ⚪ ETH: 费率+0.0014% -> 观望
  ⚪ SOL: 费率+0.0052% -> 观望
  ⚪ DOGE: 费率+0.0100% -> 观望
  ⚪ LINK: 费率+0.0100% -> 观望
