G25.2 Pro - 收益最大化版

============================================================
[2026-05-11 15:31:08] G25.2 Pro 收益最大化
============================================================
USDT: $649.74 | 持仓: ['PUMP']

[扫描]
  🟢 TRUMP: RSI=32.9 动量=-1.1% 信心=12%
  🟢 PENGU: RSI=29.6 动量=-0.8% 信心=41%
  🟢 TURBO: RSI=29.2 动量=-0.5% 信心=22%
  🟢 PUMP: RSI=28.3 动量=-1.9% 信心=45%

[仿真]
  ✅ TRUMP: 仿真胜率80% 预期收益+11.8%
  ✅ PENGU: 仿真胜率70% 预期收益+10.3%
  ✅ TURBO: 仿真胜率55% 预期收益+10.8%
  ✅ PUMP: 仿真胜率55% 预期收益+9.8%

[决策]
  🟢 买入 PUMP
     RSI=28.3 信心=45%
     仓位=8% 数量=24693 金额=$51.98
     预期收益: +9.8%
     ✅ 成功! 订单ID: 682695274
