[05-12 13:39:26] ============================================================
[05-12 13:39:26] G27 Oracle 自动交易启动 ⚠️
[05-12 13:39:26] 扫描间隔: 30秒
[05-12 13:39:26] ============================================================
[05-12 13:39:27] [扫描] USDT余额: $14.20
[05-12 13:39:29]   ETH: ADD (RSI:33.3 动量:-0.94%)
[05-12 13:39:30]   UNI: ADD (RSI:36.3 动量:-1.64%)
[05-12 13:39:30]   LINK: HOLD (RSI:41.7 动量:-0.47%)
[05-12 13:39:31]   BOME: HOLD (RSI:56.7 动量:+0.48%)
[05-12 13:39:32]   NEIRO: HOLD (RSI:54.7 动量:+1.17%)
[05-12 13:39:32]   TURBO: HOLD (RSI:52.0 动量:+0.15%)
[05-12 13:39:34] API错误: HTTP Error 400: Bad Request
[05-12 13:39:34] 下单失败: HTTP Error 400: Bad Request
[05-12 13:39:34]   PUMP: BUY (RSI:34.4 动量:-4.00%)
[05-12 13:40:04] [扫描] USDT余额: $14.20
[05-12 13:40:05]   ETH: ADD (RSI:34.4 动量:-0.89%)
[05-12 13:40:06]   UNI: ADD (RSI:36.9 动量:-1.54%)
[05-12 13:40:07]   LINK: HOLD (RSI:42.9 动量:-0.38%)
[05-12 13:40:08]   BOME: HOLD (RSI:58.6 动量:+0.80%)
[05-12 13:40:08]   NEIRO: HOLD (RSI:55.4 动量:+1.29%)
[05-12 13:40:09]   TURBO: HOLD (RSI:52.4 动量:+0.00%)
[05-12 13:40:09]   PUMP: HOLD (RSI:35.5 动量:-3.86%)
[05-12 13:40:40] [扫描] USDT余额: $14.20
[05-12 13:40:41]   ETH: ADD (RSI:34.0 动量:-0.91%)
[05-12 13:40:42]   UNI: ADD (RSI:36.7 动量:-1.57%)
[05-12 13:40:42]   LINK: HOLD (RSI:42.9 动量:+0.00%)
[05-12 13:40:43]   BOME: HOLD (RSI:58.6 动量:+0.80%)
[05-12 13:40:43]   NEIRO: HOLD (RSI:54.5 动量:+1.08%)
[05-12 13:40:44]   TURBO: HOLD (RSI:52.0 动量:+0.15%)
[05-12 13:40:45]   PUMP: HOLD (RSI:35.5 动量:-3.86%)
[05-12 13:41:15] [扫描] USDT余额: $14.20
[05-12 13:41:16]   ETH: ADD (RSI:33.9 动量:-0.91%)
[05-12 13:41:17]   UNI: ADD (RSI:36.7 动量:-1.57%)
[05-12 13:41:18]   LINK: HOLD (RSI:41.7 动量:-0.47%)
[05-12 13:41:18]   BOME: HOLD (RSI:57.6 动量:+0.64%)
[05-12 13:41:19]   NEIRO: HOLD (RSI:54.6 动量:+1.14%)
[05-12 13:41:20]   TURBO: HOLD (RSI:52.0 动量:+0.15%)
[05-12 13:41:22] API错误: HTTP Error 400: Bad Request
[05-12 13:41:22] 下单失败: HTTP Error 400: Bad Request
[05-12 13:41:22]   PUMP: BUY (RSI:34.8 动量:-3.95%)
[05-12 13:41:52] [扫描] USDT余额: $14.20
[05-12 13:41:53]   ETH: ADD (RSI:34.5 动量:-0.89%)
[05-12 13:41:54]   UNI: ADD (RSI:36.5 动量:-1.59%)
[05-12 13:41:55]   LINK: HOLD (RSI:41.7 动量:-0.47%)
[05-12 13:41:56]   BOME: HOLD (RSI:57.6 动量:+0.64%)
[05-12 13:41:56]   NEIRO: HOLD (RSI:54.4 动量:+1.10%)
[05-12 13:41:57]   TURBO: HOLD (RSI:52.0 动量:+0.15%)
[05-12 13:41:58]   PUMP: HOLD (RSI:35.1 动量:-3.91%)
[05-12 13:42:28] [扫描] USDT余额: $14.20
[05-12 13:42:29]   ETH: ADD (RSI:34.5 动量:-0.89%)
[05-12 13:42:30]   UNI: ADD (RSI:36.7 动量:-1.57%)
[05-12 13:42:31]   LINK: HOLD (RSI:41.7 动量:-0.47%)
[05-12 13:42:31]   BOME: HOLD (RSI:58.6 动量:+0.80%)
[05-12 13:42:32]   NEIRO: HOLD (RSI:54.6 动量:+1.15%)
[05-12 13:42:32]   TURBO: HOLD (RSI:52.0 动量:+0.15%)
[05-12 13:42:33]   PUMP: HOLD (RSI:35.1 动量:-3.91%)
[05-12 13:43:03] [扫描] USDT余额: $14.20
[05-12 13:43:04]   ETH: ADD (RSI:34.9 动量:-0.87%)
[05-12 13:43:05]   UNI: ADD (RSI:36.7 动量:-1.57%)
[05-12 13:43:06]   LINK: HOLD (RSI:41.7 动量:-0.47%)
[05-12 13:43:07]   BOME: HOLD (RSI:58.6 动量:+0.80%)
[05-12 13:43:07]   NEIRO: HOLD (RSI:55.5 动量:+1.32%)
[05-12 13:43:08]   TURBO: HOLD (RSI:52.0 动量:+0.15%)
[05-12 13:43:09]   PUMP: HOLD (RSI:35.1 动量:-3.91%)
[05-12 13:43:39] [扫描] USDT余额: $14.20
[05-12 13:43:40]   ETH: ADD (RSI:35.4 动量:-0.85%)
[05-12 13:43:41]   UNI: ADD (RSI:37.2 动量:-1.51%)
[05-12 13:43:42]   LINK: HOLD (RSI:41.7 动量:-0.47%)
[05-12 13:43:42]   BOME: HOLD (RSI:58.6 动量:+0.80%)
[05-12 13:43:43]   NEIRO: HOLD (RSI:55.3 动量:+1.27%)
[05-12 13:43:44]   TURBO: HOLD (RSI:53.2 动量:+0.38%)
[05-12 13:43:44]   PUMP: HOLD (RSI:35.1 动量:-3.91%)
[05-12 13:44:15] [扫描] USDT余额: $14.20
[05-12 13:44:16]   ETH: ADD (RSI:35.4 动量:-0.85%)
[05-12 13:44:17]   UNI: ADD (RSI:36.9 动量:-1.54%)
[05-12 13:44:18]   LINK: HOLD (RSI:42.9 动量:-0.38%)
[05-12 13:44:18]   BOME: HOLD (RSI:58.6 动量:+0.80%)
[05-12 13:44:19]   NEIRO: HOLD (RSI:55.1 动量:+1.25%)
[05-12 13:44:19]   TURBO: HOLD (RSI:52.8 动量:+0.30%)
[05-12 13:44:20]   PUMP: HOLD (RSI:35.1 动量:-3.91%)
[05-12 13:44:51] [扫描] USDT余额: $14.20
[05-12 13:44:52]   ETH: ADD (RSI:34.1 动量:-0.90%)
[05-12 13:44:53]   UNI: ADD (RSI:36.3 动量:-1.64%)
[05-12 13:44:54]   LINK: HOLD (RSI:41.7 动量:-0.47%)
[05-12 13:44:54]   BOME: HOLD (RSI:58.6 动量:+0.80%)
[05-12 13:44:55]   NEIRO: HOLD (RSI:54.3 动量:+1.08%)
[05-12 13:44:56]   TURBO: HOLD (RSI:52.0 动量:+0.15%)
[05-12 13:44:57] API错误: HTTP Error 400: Bad Request
[05-12 13:44:57] 下单失败: HTTP Error 400: Bad Request
[05-12 13:44:57]   PUMP: BUY (RSI:34.4 动量:-4.00%)
[05-12 13:45:27] [扫描] USDT余额: $14.20
[05-12 13:45:28]   ETH: ADD (RSI:34.7 动量:-0.88%)
[05-12 13:45:29]   UNI: ADD (RSI:36.9 动量:-1.54%)
[05-12 13:45:30]   LINK: HOLD (RSI:41.7 动量:-0.47%)
[05-12 13:45:30]   BOME: HOLD (RSI:58.6 动量:+0.80%)
[05-12 13:45:31]   NEIRO: HOLD (RSI:55.2 动量:+1.26%)
[05-12 13:45:32]   TURBO: HOLD (RSI:52.4 动量:+0.23%)
[05-12 13:45:33] API错误: HTTP Error 400: Bad Request
[05-12 13:45:33] 下单失败: HTTP Error 400: Bad Request
[05-12 13:45:33]   PUMP: BUY (RSI:34.8 动量:-3.95%)
[05-12 13:46:03] [扫描] USDT余额: $14.20
[05-12 13:46:04]   ETH: ADD (RSI:34.4 动量:-0.90%)
[05-12 13:46:05]   UNI: ADD (RSI:37.2 动量:-1.51%)
[05-12 13:46:06]   LINK: HOLD (RSI:41.7 动量:-0.47%)
[05-12 13:46:06]   BOME: HOLD (RSI:59.6 动量:+0.96%)
[05-12 13:46:07]   NEIRO: HOLD (RSI:55.3 动量:+1.27%)
[05-12 13:46:08]   TURBO: HOLD (RSI:52.4 动量:+0.23%)
[05-12 13:46:09]   PUMP: HOLD (RSI:35.1 动量:-3.91%)
[05-12 13:46:39] [扫描] USDT余额: $14.20
[05-12 13:46:40]   ETH: ADD (RSI:33.9 动量:-0.92%)
[05-12 13:46:41]   UNI: ADD (RSI:36.7 动量:-1.57%)
[05-12 13:46:42]   LINK: HOLD (RSI:41.7 动量:-0.47%)
[05-12 13:46:42]   BOME: HOLD (RSI:59.6 动量:+0.96%)
[05-12 13:46:43]   NEIRO: HOLD (RSI:55.1 动量:+1.24%)
[05-12 13:46:44]   TURBO: HOLD (RSI:52.4 动量:+0.23%)
[05-12 13:46:44]   PUMP: HOLD (RSI:35.1 动量:-3.91%)
[05-12 13:47:15] [扫描] USDT余额: $14.20
[05-12 13:47:16]   ETH: ADD (RSI:33.5 动量:-0.93%)
[05-12 13:47:17]   UNI: ADD (RSI:36.7 动量:-1.57%)
[05-12 13:47:17]   LINK: HOLD (RSI:41.7 动量:-0.47%)
[05-12 13:47:18]   BOME: HOLD (RSI:60.3 动量:+1.12%)
[05-12 13:47:19]   NEIRO: HOLD (RSI:55.8 动量:+1.42%)
[05-12 13:47:20]   TURBO: HOLD (RSI:52.4 动量:+0.23%)
[05-12 13:47:20]   PUMP: HOLD (RSI:35.1 动量:-3.91%)
[05-12 13:47:51] [扫描] USDT余额: $14.20
[05-12 13:47:52]   ETH: ADD (RSI:33.9 动量:-0.91%)
[05-12 13:47:53]   UNI: ADD (RSI:37.2 动量:-1.51%)
[05-12 13:47:53]   LINK: HOLD (RSI:42.9 动量:-0.38%)
[05-12 13:47:54]   BOME: HOLD (RSI:60.3 动量:+1.12%)
[05-12 13:47:55]   NEIRO: HOLD (RSI:56.3 动量:+1.47%)
[05-12 13:47:55]   TURBO: HOLD (RSI:52.8 动量:+0.30%)
[05-12 13:47:56]   PUMP: HOLD (RSI:35.5 动量:-3.86%)
[05-12 13:48:27] [扫描] USDT余额: $14.20
[05-12 13:48:28]   ETH: ADD (RSI:34.2 动量:-0.90%)
[05-12 13:48:29]   UNI: ADD (RSI:37.2 动量:-1.51%)
[05-12 13:48:29]   LINK: HOLD (RSI:42.9 动量:-0.38%)
[05-12 13:48:30]   BOME: HOLD (RSI:60.3 动量:+1.12%)
[05-12 13:48:30]   NEIRO: HOLD (RSI:56.3 动量:+1.48%)
[05-12 13:48:31]   TURBO: HOLD (RSI:52.8 动量:+0.30%)
[05-12 13:48:32]   PUMP: HOLD (RSI:35.5 动量:-3.86%)
[05-12 13:49:02] [扫描] USDT余额: $14.20
[05-12 13:49:03]   ETH: ADD (RSI:34.3 动量:-0.90%)
[05-12 13:49:04]   UNI: ADD (RSI:36.9 动量:-1.54%)
[05-12 13:49:05]   LINK: HOLD (RSI:41.7 动量:-0.47%)
[05-12 13:49:05]   BOME: HOLD (RSI:60.3 动量:+1.12%)
[05-12 13:49:06]   NEIRO: HOLD (RSI:56.1 动量:+1.44%)
[05-12 13:49:07]   TURBO: HOLD (RSI:52.8 动量:+0.30%)
[05-12 13:49:07]   PUMP: HOLD (RSI:35.5 动量:-3.86%)
[05-12 13:49:38] [扫描] USDT余额: $14.20
[05-12 13:49:39]   ETH: ADD (RSI:34.2 动量:-0.90%)
[05-12 13:49:40]   UNI: ADD (RSI:37.4 动量:-1.49%)
[05-12 13:49:40]   LINK: HOLD (RSI:42.9 动量:-0.38%)
[05-12 13:49:41]   BOME: HOLD (RSI:60.3 动量:+1.12%)
[05-12 13:49:42]   NEIRO: HOLD (RSI:55.5 动量:+1.32%)
[05-12 13:49:42]   TURBO: HOLD (RSI:52.8 动量:+0.30%)
[05-12 13:49:43]   PUMP: HOLD (RSI:35.5 动量:-3.86%)
[05-12 13:50:13] [扫描] USDT余额: $14.20
[05-12 13:50:14]   ETH: ADD (RSI:34.6 动量:-0.89%)
[05-12 13:50:15]   UNI: ADD (RSI:37.6 动量:-1.46%)
[05-12 13:50:16]   LINK: HOLD (RSI:42.9 动量:-0.38%)
[05-12 13:50:17]   BOME: HOLD (RSI:59.6 动量:+0.96%)
[05-12 13:50:17]   NEIRO: HOLD (RSI:56.1 动量:+1.44%)
[05-12 13:50:18]   TURBO: HOLD (RSI:52.8 动量:+0.30%)
[05-12 13:50:19]   PUMP: HOLD (RSI:35.5 动量:-3.86%)
[05-12 13:50:49] [扫描] USDT余额: $14.20
[05-12 13:50:50]   ETH: ADD (RSI:33.6 动量:-0.93%)
[05-12 13:50:51]   UNI: ADD (RSI:36.7 动量:-1.57%)
[05-12 13:50:52]   LINK: HOLD (RSI:41.7 动量:-0.47%)
[05-12 13:50:52]   BOME: HOLD (RSI:59.6 动量:+0.96%)
[05-12 13:50:53]   NEIRO: HOLD (RSI:56.0 动量:+1.41%)
[05-12 13:50:54]   TURBO: HOLD (RSI:52.8 动量:+0.30%)
[05-12 13:50:55] API错误: HTTP Error 400: Bad Request
[05-12 13:50:55] 下单失败: HTTP Error 400: Bad Request
[05-12 13:50:55]   PUMP: BUY (RSI:34.8 动量:-3.95%)
[05-12 13:51:25] [扫描] USDT余额: $14.20
[05-12 13:51:26]   ETH: ADD (RSI:32.9 动量:-0.96%)
[05-12 13:51:27]   UNI: ADD (RSI:36.4 动量:-1.62%)
[05-12 13:51:28]   LINK: HOLD (RSI:41.7 动量:-0.47%)
[05-12 13:51:29]   BOME: HOLD (RSI:59.6 动量:+0.96%)
[05-12 13:51:29]   NEIRO: HOLD (RSI:55.0 动量:+1.23%)
[05-12 13:51:30]   TURBO: HOLD (RSI:52.4 动量:+0.23%)
[05-12 13:51:31] API错误: HTTP Error 400: Bad Request
[05-12 13:51:31] 下单失败: HTTP Error 400: Bad Request
[05-12 13:51:31]   PUMP: BUY (RSI:34.4 动量:-4.00%)
[05-12 13:52:02] [扫描] USDT余额: $14.20
[05-12 13:52:03]   ETH: ADD (RSI:33.6 动量:-0.93%)
[05-12 13:52:04]   UNI: ADD (RSI:36.5 动量:-1.59%)
[05-12 13:52:05]   LINK: HOLD (RSI:41.7 动量:-0.47%)
[05-12 13:52:06]   BOME: HOLD (RSI:59.6 动量:+0.96%)
[05-12 13:52:06]   NEIRO: HOLD (RSI:55.1 动量:+1.24%)
[05-12 13:52:07]   TURBO: HOLD (RSI:52.4 动量:+0.23%)
[05-12 13:52:08] API错误: HTTP Error 400: Bad Request
[05-12 13:52:08] 下单失败: HTTP Error 400: Bad Request
[05-12 13:52:08]   PUMP: BUY (RSI:34.4 动量:-4.00%)
[05-12 13:52:39] [扫描] USDT余额: $14.20
[05-12 13:52:40]   ETH: ADD (RSI:33.4 动量:-0.94%)
[05-12 13:52:41]   UNI: ADD (RSI:36.9 动量:-1.54%)
[05-12 13:52:41]   LINK: HOLD (RSI:41.7 动量:-0.47%)
[05-12 13:52:42]   BOME: HOLD (RSI:59.6 动量:+0.96%)
[05-12 13:52:42]   NEIRO: HOLD (RSI:54.7 动量:+1.17%)
[05-12 13:52:43]   TURBO: HOLD (RSI:52.0 动量:+0.15%)
[05-12 13:52:45] API错误: HTTP Error 400: Bad Request
[05-12 13:52:45] 下单失败: HTTP Error 400: Bad Request
[05-12 13:52:45]   PUMP: BUY (RSI:34.2 动量:-4.05%)
[05-12 13:53:15] [扫描] USDT余额: $14.20
[05-12 13:53:16]   ETH: ADD (RSI:33.3 动量:-0.94%)
[05-12 13:53:17]   UNI: ADD (RSI:36.9 动量:-1.54%)
[05-12 13:53:18]   LINK: HOLD (RSI:40.8 动量:-0.57%)
[05-12 13:53:18]   BOME: HOLD (RSI:59.6 动量:+0.96%)
[05-12 13:53:19]   NEIRO: HOLD (RSI:55.0 动量:+1.22%)
[05-12 13:53:19]   TURBO: HOLD (RSI:52.0 动量:+0.15%)
[05-12 13:53:21] API错误: HTTP Error 400: Bad Request
[05-12 13:53:21] 下单失败: HTTP Error 400: Bad Request
[05-12 13:53:21]   PUMP: BUY (RSI:34.2 动量:-4.05%)
[05-12 13:53:51] [扫描] USDT余额: $14.20
[05-12 13:53:52]   ETH: ADD (RSI:34.0 动量:-0.91%)
[05-12 13:53:53]   UNI: ADD (RSI:37.4 动量:-1.49%)
[05-12 13:53:54]   LINK: HOLD (RSI:41.7 动量:-0.47%)
[05-12 13:53:55]   BOME: HOLD (RSI:59.6 动量:+0.96%)
[05-12 13:53:55]   NEIRO: HOLD (RSI:55.7 动量:+1.35%)
[05-12 13:53:56]   TURBO: HOLD (RSI:52.4 动量:+0.23%)
[05-12 13:53:58] API错误: HTTP Error 400: Bad Request
[05-12 13:53:58] 下单失败: HTTP Error 400: Bad Request
[05-12 13:53:58]   PUMP: BUY (RSI:34.4 动量:-4.00%)
[05-12 13:54:28] [扫描] USDT余额: $14.20
[05-12 13:54:29]   ETH: ADD (RSI:33.8 动量:-0.92%)
[05-12 13:54:29]   UNI: HOLD (RSI:50.0 动量:-1.49%)
[05-12 13:54:30]   LINK: HOLD (RSI:41.7 动量:-0.47%)
[05-12 13:54:31]   BOME: HOLD (RSI:60.3 动量:+1.12%)
[05-12 13:54:31]   NEIRO: HOLD (RSI:55.9 动量:+1.39%)
[05-12 13:54:32]   TURBO: HOLD (RSI:52.4 动量:+0.23%)
[05-12 13:54:33] API错误: HTTP Error 400: Bad Request
[05-12 13:54:33] 下单失败: HTTP Error 400: Bad Request
[05-12 13:54:33]   PUMP: BUY (RSI:34.2 动量:-4.05%)
[05-12 13:55:04] [扫描] USDT余额: $14.20
[05-12 13:55:05]   ETH: ADD (RSI:33.6 动量:-0.93%)
[05-12 13:55:06]   UNI: ADD (RSI:37.4 动量:-1.49%)
[05-12 13:55:06]   LINK: HOLD (RSI:40.8 动量:-0.57%)
[05-12 13:55:07]   BOME: HOLD (RSI:60.3 动量:+1.12%)
[05-12 13:55:07]   NEIRO: HOLD (RSI:56.1 动量:+1.43%)
[05-12 13:55:08]   TURBO: HOLD (RSI:52.0 动量:+0.15%)
[05-12 13:55:10] API错误: HTTP Error 400: Bad Request
[05-12 13:55:10] 下单失败: HTTP Error 400: Bad Request
[05-12 13:55:10]   PUMP: BUY (RSI:34.2 动量:-4.05%)
[05-12 13:55:40] [扫描] USDT余额: $14.20
[05-12 13:55:41]   ETH: ADD (RSI:33.7 动量:-0.92%)
[05-12 13:55:42]   UNI: ADD (RSI:37.4 动量:-1.49%)
[05-12 13:55:43]   LINK: HOLD (RSI:41.7 动量:-0.47%)
[05-12 13:55:43]   BOME: HOLD (RSI:59.6 动量:+0.96%)
[05-12 13:55:44]   NEIRO: HOLD (RSI:56.1 动量:+1.43%)
[05-12 13:55:45]   TURBO: HOLD (RSI:52.0 动量:+0.15%)
