G27 Oracle全持仓管理系统启动
======================================================================

======================================================================
🌟 G27 Oracle全持仓管理 [2026-05-12 20:26:20]
======================================================================

持仓: ['ETH', 'BNB', 'USDT', 'LINK', 'ADA', 'SOL', 'BOME', 'TURBO', 'PUMP']
USDT: $62.38

======================================================================
【Oracle 全持仓分析】
======================================================================

==================================================
📊 ETH (Major)
==================================================
  持仓: 0.0372 = $85.10
  RSI: 15.8 (阈值: 40/75)
  24h动量: -1.47%
  仿真胜率: 73.6%
  置信度: +7.60%
  决策: HOLD

==================================================
📊 BNB (Major)
==================================================
  持仓: 0.0073 = $4.85
  RSI: 48.9 (阈值: 35/75)
  24h动量: +1.47%
  仿真胜率: 99.0%
  置信度: +8.33%
  决策: HOLD

==================================================
📊 LINK (Major)
==================================================
  持仓: 11.4200 = $117.74
  RSI: 16.3 (阈值: 35/70)
  24h动量: -2.18%
  仿真胜率: 99.2%
  置信度: +14.77%
  决策: HOLD

==================================================
📊 ADA (Major)
==================================================
  持仓: 71.7000 = $19.68
  RSI: 20.6 (阈值: 30/75)
  24h动量: -2.24%
  仿真胜率: 98.6%
  置信度: +14.77%
  决策: HOLD

==================================================
📊 SOL (Major)
==================================================
  持仓: 1.4099 = $133.94
  RSI: 25.4 (阈值: 35/75)
  24h动量: -0.26%
  仿真胜率: 76.4%
  置信度: +10.10%
  决策: HOLD

==================================================
📊 BOME (Meme)
==================================================
  持仓: 65.0000 = $0.04
  RSI: 23.1 (阈值: 30/75)
  24h动量: -0.65%
  仿真胜率: 100.0%
  置信度: +46.93%
  决策: STRONG_BUY
  执行: BUY failed: HTTP Error 400: Bad Request

==================================================
📊 TURBO (Meme)
==================================================
  持仓: 117141.0000 = $150.53
  RSI: 25.7 (阈值: 35/70)
  24h动量: -2.73%
  仿真胜率: 100.0%
  置信度: +42.25%
  决策: BUY
  执行: BUY failed: HTTP Error 400: Bad Request

==================================================
📊 PUMP (Meme)
==================================================
  持仓: 75517.0000 = $151.11
  RSI: 20.3 (阈值: 35/75)
  24h动量: -4.21%
  仿真胜率: 88.4%
  置信度: +35.33%
  决策: BUY
  执行: BUY failed: HTTP Error 400: Bad Request

======================================================================
【汇总】
======================================================================
处理币种: 8
操作次数: 3
  BOME: STRONG_BUY → BUY failed: HTTP Error 400: Bad Request
  TURBO: BUY → BUY failed: HTTP Error 400: Bad Request
  PUMP: BUY → BUY failed: HTTP Error 400: Bad Request
G27 Oracle全持仓管理系统启动
======================================================================

======================================================================
🌟 G27 Oracle全持仓管理 [2026-05-12 20:26:43]
======================================================================

持仓: ['ETH', 'BNB', 'USDT', 'LINK', 'ADA', 'SOL', 'BOME', 'TURBO', 'PUMP']
USDT: $16.63

======================================================================
【Oracle 全持仓分析】
======================================================================

==================================================
📊 ETH (Major)
==================================================
  持仓: 0.0572 = $130.81
  RSI: 15.8 (阈值: 40/75)
  24h动量: -1.50%
  仿真胜率: 73.0%
  置信度: +8.59%
  决策: HOLD

==================================================
📊 BNB (Major)
==================================================
  持仓: 0.0073 = $4.81
  RSI: 48.9 (阈值: 35/75)
  24h动量: +1.46%
  仿真胜率: 99.8%
  置信度: +8.33%
  决策: HOLD

==================================================
📊 LINK (Major)
==================================================
  持仓: 11.4200 = $117.63
  RSI: 16.3 (阈值: 35/70)
  24h动量: -2.18%
  仿真胜率: 99.4%
  置信度: +15.55%
  决策: HOLD

==================================================
📊 ADA (Major)
==================================================
  持仓: 71.7000 = $19.67
  RSI: 20.6 (阈值: 30/75)
  24h动量: -2.24%
  仿真胜率: 98.2%
  置信度: +14.55%
  决策: HOLD

==================================================
📊 SOL (Major)
==================================================
  持仓: 1.4099 = $133.90
  RSI: 25.4 (阈值: 35/75)
  24h动量: -0.30%
  仿真胜率: 76.8%
  置信度: +10.12%
  决策: HOLD

==================================================
📊 BOME (Meme)
==================================================
  持仓: 65.0000 = $0.04
  RSI: 23.1 (阈值: 30/75)
  24h动量: -0.65%
  仿真胜率: 100.0%
  置信度: +45.53%
  决策: STRONG_BUY
  执行: BUY failed: HTTP Error 400: Bad Request

==================================================
📊 TURBO (Meme)
==================================================
  持仓: 117141.0000 = $150.53
  RSI: 25.7 (阈值: 35/70)
  24h动量: -2.80%
  仿真胜率: 100.0%
  置信度: +42.00%
  决策: BUY
  执行: BUY failed: HTTP Error 400: Bad Request

==================================================
📊 PUMP (Meme)
==================================================
  持仓: 75517.0000 = $151.11
  RSI: 20.3 (阈值: 35/75)
  24h动量: -4.26%
  仿真胜率: 89.2%
  置信度: +36.04%
  决策: BUY
  执行: BUY failed: HTTP Error 400: Bad Request

======================================================================
【汇总】
======================================================================
处理币种: 8
操作次数: 3
  BOME: STRONG_BUY → BUY failed: HTTP Error 400: Bad Request
  TURBO: BUY → BUY failed: HTTP Error 400: Bad Request
  PUMP: BUY → BUY failed: HTTP Error 400: Bad Request
