[05-12 08:56:51] ============================================================
[05-12 08:56:51] G27 Oracle 持续监控启动
[05-12 08:56:51] 扫描间隔: 30秒
[05-12 08:56:51] ============================================================
[05-12 08:57:01] [05-12 08:56:51] 扫描 9币 | 买入信号:0 卖出信号:2 HOLD:7
[05-12 08:57:01]   → BNB: REDUCE (RSI:81.9 动量:+1.84%)
[05-12 08:57:01]   → SOL: REDUCE (RSI:69.5 动量:+1.69%)
[05-12 08:57:14] ============================================================
[05-12 08:57:14] G27 Oracle 持续监控启动
[05-12 08:57:14] 扫描间隔: 30秒
[05-12 08:57:14] ============================================================
[05-12 08:57:39] [05-12 08:57:31] 扫描 9币 | 买入信号:0 卖出信号:2 HOLD:7
[05-12 08:57:39]   → BNB: REDUCE (RSI:80.3 动量:+1.77%)
[05-12 08:57:39]   → SOL: REDUCE (RSI:69.3 动量:+1.64%)
[05-12 08:58:18] [05-12 08:58:09] 扫描 9币 | 买入信号:0 卖出信号:2 HOLD:7
[05-12 08:58:18]   → BNB: REDUCE (RSI:79.8 动量:+1.75%)
[05-12 08:58:18]   → SOL: REDUCE (RSI:69.0 动量:+1.58%)
[05-12 08:58:57] [05-12 08:58:49] 扫描 9币 | 买入信号:0 卖出信号:2 HOLD:7
[05-12 08:58:57]   → BNB: REDUCE (RSI:79.5 动量:+1.73%)
[05-12 08:58:57]   → SOL: REDUCE (RSI:68.8 动量:+1.54%)
[05-12 08:59:36] [05-12 08:59:27] 扫描 9币 | 买入信号:0 卖出信号:2 HOLD:7
[05-12 08:59:36]   → BNB: REDUCE (RSI:79.5 动量:+1.73%)
[05-12 08:59:36]   → SOL: REDUCE (RSI:68.7 动量:+1.51%)
[05-12 09:00:15] [05-12 09:00:06] 扫描 9币 | 买入信号:0 卖出信号:3 HOLD:6
[05-12 09:00:15]   → BNB: REDUCE (RSI:78.3 动量:+2.07%)
[05-12 09:00:15]   → SOL: REDUCE (RSI:67.8 动量:+2.33%)
[05-12 09:00:15]   → NEIRO: REDUCE (RSI:70.5 动量:+1.52%)
[05-12 09:00:54] [05-12 09:00:45] 扫描 9币 | 买入信号:0 卖出信号:3 HOLD:6
[05-12 09:00:54]   → BNB: REDUCE (RSI:78.7 动量:+2.13%)
[05-12 09:00:54]   → SOL: REDUCE (RSI:68.2 动量:+2.39%)
[05-12 09:00:54]   → NEIRO: REDUCE (RSI:71.3 动量:+1.72%)
[05-12 09:01:32] [05-12 09:01:24] 扫描 8币 | 买入信号:0 卖出信号:3 HOLD:5
[05-12 09:01:32]   → BNB: REDUCE (RSI:78.8 动量:+2.16%)
[05-12 09:01:32]   → SOL: REDUCE (RSI:68.5 动量:+2.47%)
[05-12 09:01:32]   → NEIRO: REDUCE (RSI:71.3 动量:+1.71%)
[05-12 09:02:11] [05-12 09:02:02] 扫描 9币 | 买入信号:0 卖出信号:4 HOLD:5
[05-12 09:02:11]   → BNB: REDUCE (RSI:79.0 动量:+2.19%)
[05-12 09:02:11]   → SOL: REDUCE (RSI:68.6 动量:+2.48%)
[05-12 09:02:11]   → BOME: REDUCE (RSI:71.1 动量:+1.76%)
[05-12 09:02:11]   → NEIRO: REDUCE (RSI:71.7 动量:+1.80%)
[05-12 09:02:49] [05-12 09:02:41] 扫描 9币 | 买入信号:0 卖出信号:4 HOLD:5
[05-12 09:02:49]   → BNB: REDUCE (RSI:78.6 动量:+2.12%)
[05-12 09:02:49]   → SOL: REDUCE (RSI:68.4 动量:+2.46%)
[05-12 09:02:49]   → BOME: REDUCE (RSI:71.1 动量:+1.76%)
[05-12 09:02:49]   → NEIRO: REDUCE (RSI:71.7 动量:+1.80%)
[05-12 09:03:28] [05-12 09:03:19] 扫描 9币 | 买入信号:0 卖出信号:4 HOLD:5
[05-12 09:03:28]   → BNB: REDUCE (RSI:78.2 动量:+2.06%)
[05-12 09:03:28]   → SOL: REDUCE (RSI:68.3 动量:+2.41%)
[05-12 09:03:28]   → BOME: REDUCE (RSI:71.1 动量:+1.76%)
[05-12 09:03:28]   → NEIRO: REDUCE (RSI:71.7 动量:+1.81%)
[05-12 09:04:07] [05-12 09:03:58] 扫描 9币 | 买入信号:0 卖出信号:4 HOLD:5
[05-12 09:04:07]   → BNB: REDUCE (RSI:78.3 动量:+2.07%)
[05-12 09:04:07]   → SOL: REDUCE (RSI:68.2 动量:+2.39%)
[05-12 09:04:07]   → BOME: REDUCE (RSI:71.1 动量:+1.76%)
[05-12 09:04:07]   → NEIRO: REDUCE (RSI:71.4 动量:+1.74%)
[05-12 09:04:46] [05-12 09:04:37] 扫描 9币 | 买入信号:0 卖出信号:2 HOLD:7
[05-12 09:04:46]   → BNB: REDUCE (RSI:75.3 动量:+1.91%)
[05-12 09:04:46]   → SOL: REDUCE (RSI:66.2 动量:+2.16%)
[05-12 09:05:24] [05-12 09:05:16] 扫描 9币 | 买入信号:0 卖出信号:2 HOLD:7
[05-12 09:05:24]   → BNB: REDUCE (RSI:73.4 动量:+1.82%)
[05-12 09:05:24]   → SOL: REDUCE (RSI:66.6 动量:+2.21%)
[05-12 09:06:03] [05-12 09:05:54] 扫描 9币 | 买入信号:0 卖出信号:2 HOLD:7
[05-12 09:06:03]   → BNB: REDUCE (RSI:73.8 动量:+1.83%)
[05-12 09:06:03]   → SOL: REDUCE (RSI:66.5 动量:+2.20%)
[05-12 09:06:42] [05-12 09:06:33] 扫描 9币 | 买入信号:0 卖出信号:2 HOLD:7
[05-12 09:06:42]   → BNB: REDUCE (RSI:72.9 动量:+1.79%)
[05-12 09:06:42]   → SOL: REDUCE (RSI:65.5 动量:+2.10%)
[05-12 09:07:21] [05-12 09:07:12] 扫描 9币 | 买入信号:0 卖出信号:2 HOLD:7
[05-12 09:07:21]   → BNB: REDUCE (RSI:73.4 动量:+1.81%)
[05-12 09:07:21]   → SOL: REDUCE (RSI:65.4 动量:+2.09%)
[05-12 09:08:00] [05-12 09:07:51] 扫描 9币 | 买入信号:0 卖出信号:2 HOLD:7
[05-12 09:08:00]   → BNB: REDUCE (RSI:73.9 动量:+1.85%)
[05-12 09:08:00]   → SOL: REDUCE (RSI:65.7 动量:+2.12%)
[05-12 09:08:39] [05-12 09:08:30] 扫描 9币 | 买入信号:0 卖出信号:1 HOLD:8
[05-12 09:08:39]   → BNB: REDUCE (RSI:72.5 动量:+1.77%)
[05-12 09:09:17] [05-12 09:09:09] 扫描 9币 | 买入信号:0 卖出信号:1 HOLD:8
[05-12 09:09:17]   → BNB: REDUCE (RSI:73.1 动量:+1.80%)
[05-12 09:09:56] [05-12 09:09:47] 扫描 9币 | 买入信号:0 卖出信号:1 HOLD:8
[05-12 09:09:56]   → BNB: REDUCE (RSI:72.3 动量:+1.76%)
[05-12 09:10:34] [05-12 09:10:26] 扫描 9币 | 买入信号:0 卖出信号:1 HOLD:8
[05-12 09:10:34]   → BNB: REDUCE (RSI:71.7 动量:+1.73%)
[05-12 09:11:13] [05-12 09:11:04] 扫描 9币 | 买入信号:0 卖出信号:1 HOLD:8
[05-12 09:11:13]   → BNB: REDUCE (RSI:71.7 动量:+1.73%)
[05-12 09:11:52] [05-12 09:11:43] 扫描 9币 | 买入信号:0 卖出信号:1 HOLD:8
[05-12 09:11:52]   → BNB: REDUCE (RSI:72.4 动量:+1.77%)
[05-12 09:12:30] [05-12 09:12:22] 扫描 9币 | 买入信号:0 卖出信号:1 HOLD:8
[05-12 09:12:30]   → BNB: REDUCE (RSI:71.9 动量:+1.74%)
[05-12 09:13:09] [05-12 09:13:00] 扫描 9币 | 买入信号:0 卖出信号:1 HOLD:8
[05-12 09:13:09]   → BNB: REDUCE (RSI:70.8 动量:+1.68%)
[05-12 09:13:49] [05-12 09:13:39] 扫描 9币 | 买入信号:0 卖出信号:1 HOLD:8
[05-12 09:13:49]   → BNB: REDUCE (RSI:71.0 动量:+1.69%)
[05-12 09:14:28] [05-12 09:14:19] 扫描 9币 | 买入信号:0 卖出信号:1 HOLD:8
[05-12 09:14:28]   → BNB: REDUCE (RSI:71.2 动量:+1.70%)
[05-12 09:15:08] [05-12 09:14:58] 扫描 9币 | 买入信号:0 卖出信号:1 HOLD:8
[05-12 09:15:08]   → BNB: REDUCE (RSI:70.8 动量:+1.68%)
[05-12 09:15:49] [05-12 09:15:38] 扫描 8币 | 买入信号:0 卖出信号:1 HOLD:7
[05-12 09:15:49]   → BNB: REDUCE (RSI:69.9 动量:+1.63%)
[05-12 09:16:28] [05-12 09:16:19] 扫描 9币 | 买入信号:0 卖出信号:1 HOLD:8
[05-12 09:16:28]   → BNB: REDUCE (RSI:69.3 动量:+1.61%)
[05-12 09:17:07] [05-12 09:16:58] 扫描 9币 | 买入信号:0 卖出信号:1 HOLD:8
[05-12 09:17:07]   → BNB: REDUCE (RSI:68.5 动量:+1.55%)
[05-12 09:17:45] [05-12 09:17:37] 扫描 9币 | 买入信号:0 卖出信号:1 HOLD:8
[05-12 09:17:45]   → BNB: REDUCE (RSI:70.9 动量:+1.68%)
[05-12 09:18:24] [05-12 09:18:15] 扫描 9币 | 买入信号:0 卖出信号:1 HOLD:8
[05-12 09:18:24]   → BNB: REDUCE (RSI:71.2 动量:+1.70%)
[05-12 09:19:03] [05-12 09:18:54] 扫描 9币 | 买入信号:0 卖出信号:1 HOLD:8
[05-12 09:19:03]   → BNB: REDUCE (RSI:71.1 动量:+1.70%)
[05-12 09:19:41] [05-12 09:19:33] 扫描 9币 | 买入信号:0 卖出信号:1 HOLD:8
[05-12 09:19:41]   → BNB: REDUCE (RSI:72.1 动量:+1.75%)
[05-12 09:20:20] [05-12 09:20:11] 扫描 9币 | 买入信号:0 卖出信号:1 HOLD:8
[05-12 09:20:20]   → BNB: REDUCE (RSI:71.6 动量:+1.72%)
[05-12 09:20:58] [05-12 09:20:50] 扫描 9币 | 买入信号:0 卖出信号:1 HOLD:8
[05-12 09:20:58]   → BNB: REDUCE (RSI:70.9 动量:+1.71%)
[05-12 09:21:36] [05-12 09:21:28] 扫描 8币 | 买入信号:0 卖出信号:1 HOLD:7
[05-12 09:21:36]   → BNB: REDUCE (RSI:69.3 动量:+1.60%)
[05-12 09:22:15] [05-12 09:22:06] 扫描 9币 | 买入信号:0 卖出信号:1 HOLD:8
[05-12 09:22:15]   → BNB: REDUCE (RSI:69.3 动量:+1.60%)
[05-12 09:22:55] [05-12 09:22:45] 扫描 9币 | 买入信号:1 卖出信号:1 HOLD:7
[05-12 09:22:55]   → BNB: REDUCE (RSI:68.6 动量:+1.56%)
[05-12 09:22:55]   → UNI: BUY (RSI:40.0 动量:-2.51%)
[05-12 09:23:33] [05-12 09:23:25] 扫描 9币 | 买入信号:0 卖出信号:1 HOLD:8
[05-12 09:23:33]   → BNB: REDUCE (RSI:69.9 动量:+1.63%)
[05-12 09:24:12] [05-12 09:24:03] 扫描 9币 | 买入信号:0 卖出信号:1 HOLD:8
[05-12 09:24:12]   → BNB: REDUCE (RSI:70.1 动量:+1.64%)
[05-12 09:24:51] [05-12 09:24:42] 扫描 9币 | 买入信号:0 卖出信号:1 HOLD:8
[05-12 09:24:51]   → BNB: REDUCE (RSI:71.4 动量:+1.72%)
[05-12 09:25:30] [05-12 09:25:21] 扫描 9币 | 买入信号:0 卖出信号:1 HOLD:8
[05-12 09:25:30]   → BNB: REDUCE (RSI:72.7 动量:+1.81%)
[05-12 09:26:08] [05-12 09:26:00] 扫描 9币 | 买入信号:0 卖出信号:1 HOLD:8
[05-12 09:26:08]   → BNB: REDUCE (RSI:72.8 动量:+1.79%)
[05-12 09:26:48] [05-12 09:26:38] 扫描 9币 | 买入信号:0 卖出信号:1 HOLD:8
[05-12 09:26:48]   → BNB: REDUCE (RSI:73.0 动量:+1.80%)
[05-12 09:27:26] [05-12 09:27:18] 扫描 9币 | 买入信号:0 卖出信号:1 HOLD:8
[05-12 09:27:26]   → BNB: REDUCE (RSI:72.0 动量:+1.75%)
[05-12 09:28:07] [05-12 09:27:57] 扫描 9币 | 买入信号:0 卖出信号:1 HOLD:8
[05-12 09:28:07]   → BNB: REDUCE (RSI:69.9 动量:+1.63%)
[05-12 09:28:47] [05-12 09:28:38] 扫描 9币 | 买入信号:0 卖出信号:1 HOLD:8
[05-12 09:28:47]   → BNB: REDUCE (RSI:69.5 动量:+1.61%)
[05-12 09:29:26] [05-12 09:29:17] 扫描 9币 | 买入信号:0 卖出信号:1 HOLD:8
[05-12 09:29:26]   → BNB: REDUCE (RSI:69.8 动量:+1.63%)
[05-12 09:30:05] [05-12 09:29:56] 扫描 9币 | 买入信号:0 卖出信号:1 HOLD:8
[05-12 09:30:05]   → BNB: REDUCE (RSI:69.2 动量:+1.59%)
[05-12 09:30:44] [05-12 09:30:35] 扫描 9币 | 买入信号:0 卖出信号:1 HOLD:8
[05-12 09:30:44]   → BNB: REDUCE (RSI:68.5 动量:+1.56%)
[05-12 09:31:23] [05-12 09:31:14] 扫描 9币 | 买入信号:0 卖出信号:1 HOLD:8
[05-12 09:31:23]   → BNB: REDUCE (RSI:68.4 动量:+1.55%)
[05-12 09:32:02] [05-12 09:31:53] 扫描 9币 | 买入信号:0 卖出信号:1 HOLD:8
[05-12 09:32:02]   → BNB: REDUCE (RSI:68.1 动量:+1.53%)
[05-12 09:32:41] [05-12 09:32:32] 扫描 9币 | 买入信号:0 卖出信号:1 HOLD:8
[05-12 09:32:41]   → BNB: REDUCE (RSI:68.3 动量:+1.54%)
[05-12 09:33:20] [05-12 09:33:11] 扫描 9币 | 买入信号:0 卖出信号:1 HOLD:8
[05-12 09:33:20]   → BNB: REDUCE (RSI:67.2 动量:+1.46%)
[05-12 09:33:58] [05-12 09:33:50] 扫描 9币 | 买入信号:1 卖出信号:1 HOLD:7
[05-12 09:33:58]   → BNB: REDUCE (RSI:66.4 动量:+1.43%)
[05-12 09:33:58]   → UNI: BUY (RSI:40.0 动量:-2.51%)
[05-12 09:34:37] [05-12 09:34:28] 扫描 9币 | 买入信号:2 卖出信号:0 HOLD:7
[05-12 09:34:37]   → ETH: ADD (RSI:38.0 动量:-1.28%)
[05-12 09:34:37]   → UNI: BUY (RSI:38.4 动量:-2.84%)
[05-12 09:35:15] [05-12 09:35:07] 扫描 9币 | 买入信号:2 卖出信号:0 HOLD:7
[05-12 09:35:15]   → ETH: ADD (RSI:38.4 动量:-1.24%)
[05-12 09:35:15]   → UNI: BUY (RSI:38.7 动量:-2.76%)
[05-12 09:35:53] [05-12 09:35:45] 扫描 9币 | 买入信号:2 卖出信号:0 HOLD:7
[05-12 09:35:53]   → ETH: ADD (RSI:37.5 动量:-1.33%)
[05-12 09:35:53]   → UNI: BUY (RSI:37.8 动量:-2.96%)
[05-12 09:36:32] [05-12 09:36:23] 扫描 9币 | 买入信号:2 卖出信号:0 HOLD:7
[05-12 09:36:32]   → ETH: ADD (RSI:36.7 动量:-1.38%)
[05-12 09:36:32]   → UNI: BUY (RSI:37.4 动量:-3.04%)
[05-12 09:37:10] [05-12 09:37:02] 扫描 9币 | 买入信号:1 卖出信号:0 HOLD:8
[05-12 09:37:10]   → ETH: ADD (RSI:37.1 动量:-1.36%)
[05-12 09:37:49] [05-12 09:37:40] 扫描 9币 | 买入信号:2 卖出信号:0 HOLD:7
[05-12 09:37:49]   → ETH: ADD (RSI:36.1 动量:-1.47%)
[05-12 09:37:49]   → UNI: BUY (RSI:37.3 动量:-3.06%)
[05-12 09:38:28] [05-12 09:38:19] 扫描 9币 | 买入信号:2 卖出信号:0 HOLD:7
[05-12 09:38:28]   → ETH: ADD (RSI:36.0 动量:-1.48%)
[05-12 09:38:28]   → UNI: BUY (RSI:37.4 动量:-3.04%)
[05-12 09:39:07] [05-12 09:38:58] 扫描 9币 | 买入信号:2 卖出信号:0 HOLD:7
[05-12 09:39:07]   → ETH: ADD (RSI:34.8 动量:-1.61%)
[05-12 09:39:07]   → UNI: BUY (RSI:37.3 动量:-3.06%)
[05-12 09:39:45] [05-12 09:39:37] 扫描 8币 | 买入信号:3 卖出信号:0 HOLD:5
[05-12 09:39:45]   → ETH: ADD (RSI:34.0 动量:-1.71%)
[05-12 09:39:45]   → LINK: ADD (RSI:39.7 动量:-1.23%)
[05-12 09:39:45]   → UNI: BUY (RSI:37.4 动量:-3.04%)
[05-12 09:40:24] [05-12 09:40:15] 扫描 9币 | 买入信号:3 卖出信号:0 HOLD:6
[05-12 09:40:24]   → ETH: ADD (RSI:33.6 动量:-1.76%)
[05-12 09:40:24]   → LINK: ADD (RSI:39.1 动量:-1.32%)
[05-12 09:40:24]   → UNI: BUY (RSI:37.0 动量:-3.14%)
[05-12 09:41:02] [05-12 09:40:54] 扫描 9币 | 买入信号:3 卖出信号:0 HOLD:6
[05-12 09:41:02]   → ETH: ADD (RSI:33.4 动量:-1.78%)
[05-12 09:41:02]   → LINK: ADD (RSI:39.1 动量:-1.32%)
[05-12 09:41:02]   → UNI: BUY (RSI:36.5 动量:-3.24%)
[05-12 09:41:41] [05-12 09:41:32] 扫描 9币 | 买入信号:3 卖出信号:0 HOLD:6
[05-12 09:41:41]   → ETH: BUY (RSI:31.2 动量:-2.07%)
[05-12 09:41:41]   → LINK: ADD (RSI:37.3 动量:-1.61%)
[05-12 09:41:41]   → UNI: BUY (RSI:33.7 动量:-3.95%)
[05-12 09:42:20] [05-12 09:42:11] 扫描 9币 | 买入信号:3 卖出信号:0 HOLD:6
[05-12 09:42:20]   → ETH: ADD (RSI:32.3 动量:-1.92%)
[05-12 09:42:20]   → LINK: ADD (RSI:38.5 动量:-1.42%)
[05-12 09:42:20]   → UNI: BUY (RSI:34.0 动量:-3.88%)
[05-12 09:42:58] [05-12 09:42:50] 扫描 9币 | 买入信号:3 卖出信号:0 HOLD:6
[05-12 09:42:58]   → ETH: ADD (RSI:33.1 动量:-1.82%)
[05-12 09:42:58]   → LINK: ADD (RSI:39.7 动量:-1.23%)
[05-12 09:42:58]   → UNI: BUY (RSI:35.1 动量:-3.60%)
[05-12 09:43:37] [05-12 09:43:28] 扫描 9币 | 买入信号:3 卖出信号:0 HOLD:6
[05-12 09:43:37]   → ETH: ADD (RSI:33.1 动量:-1.82%)
[05-12 09:43:37]   → LINK: ADD (RSI:39.7 动量:-1.23%)
[05-12 09:43:37]   → UNI: BUY (RSI:35.0 动量:-3.62%)
[05-12 09:44:14] [05-12 09:44:07] 扫描 8币 | 买入信号:2 卖出信号:0 HOLD:6
[05-12 09:44:14]   → ETH: ADD (RSI:34.4 动量:-1.66%)
[05-12 09:44:14]   → UNI: BUY (RSI:36.1 动量:-3.37%)
[05-12 09:44:53] [05-12 09:44:44] 扫描 9币 | 买入信号:2 卖出信号:0 HOLD:7
[05-12 09:44:53]   → ETH: ADD (RSI:35.0 动量:-1.59%)
[05-12 09:44:53]   → UNI: BUY (RSI:36.4 动量:-3.27%)
[05-12 09:45:32] [05-12 09:45:23] 扫描 9币 | 买入信号:2 卖出信号:0 HOLD:7
[05-12 09:45:32]   → ETH: ADD (RSI:34.5 动量:-1.65%)
[05-12 09:45:32]   → UNI: BUY (RSI:36.1 动量:-3.34%)
[05-12 09:46:11] [05-12 09:46:02] 扫描 9币 | 买入信号:2 卖出信号:0 HOLD:7
[05-12 09:46:11]   → ETH: ADD (RSI:34.8 动量:-1.61%)
[05-12 09:46:11]   → UNI: BUY (RSI:36.2 动量:-3.32%)
[05-12 09:46:50] [05-12 09:46:41] 扫描 9币 | 买入信号:2 卖出信号:0 HOLD:7
[05-12 09:46:50]   → ETH: ADD (RSI:34.7 动量:-1.62%)
[05-12 09:46:50]   → UNI: BUY (RSI:36.1 动量:-3.34%)
[05-12 09:47:29] [05-12 09:47:20] 扫描 9币 | 买入信号:2 卖出信号:0 HOLD:7
[05-12 09:47:29]   → ETH: ADD (RSI:35.4 动量:-1.54%)
[05-12 09:47:29]   → UNI: BUY (RSI:36.2 动量:-3.32%)
[05-12 09:48:08] [05-12 09:47:59] 扫描 9币 | 买入信号:2 卖出信号:0 HOLD:7
[05-12 09:48:08]   → ETH: ADD (RSI:35.6 动量:-1.52%)
[05-12 09:48:08]   → UNI: BUY (RSI:36.4 动量:-3.27%)
[05-12 09:48:47] [05-12 09:48:38] 扫描 9币 | 买入信号:2 卖出信号:0 HOLD:7
[05-12 09:48:47]   → ETH: ADD (RSI:35.7 动量:-1.51%)
[05-12 09:48:47]   → UNI: BUY (RSI:36.2 动量:-3.32%)
[05-12 09:49:26] [05-12 09:49:17] 扫描 9币 | 买入信号:2 卖出信号:0 HOLD:7
[05-12 09:49:26]   → ETH: ADD (RSI:36.4 动量:-1.44%)
[05-12 09:49:26]   → UNI: BUY (RSI:36.6 动量:-3.22%)
[05-12 09:50:05] [05-12 09:49:56] 扫描 9币 | 买入信号:2 卖出信号:0 HOLD:7
[05-12 09:50:05]   → ETH: ADD (RSI:37.0 动量:-1.38%)
[05-12 09:50:05]   → UNI: BUY (RSI:37.0 动量:-3.17%)
[05-12 09:50:44] [05-12 09:50:35] 扫描 9币 | 买入信号:2 卖出信号:0 HOLD:7
[05-12 09:50:44]   → ETH: ADD (RSI:37.5 动量:-1.34%)
[05-12 09:50:44]   → UNI: BUY (RSI:37.1 动量:-3.12%)
[05-12 09:51:22] [05-12 09:51:14] 扫描 9币 | 买入信号:2 卖出信号:0 HOLD:7
[05-12 09:51:22]   → ETH: ADD (RSI:37.7 动量:-1.30%)
[05-12 09:51:22]   → UNI: BUY (RSI:36.9 动量:-3.17%)
[05-12 09:52:01] [05-12 09:51:52] 扫描 9币 | 买入信号:2 卖出信号:0 HOLD:7
[05-12 09:52:01]   → ETH: ADD (RSI:38.1 动量:-1.27%)
[05-12 09:52:01]   → UNI: BUY (RSI:37.2 动量:-3.09%)
[05-12 09:52:40] [05-12 09:52:31] 扫描 9币 | 买入信号:2 卖出信号:0 HOLD:7
[05-12 09:52:40]   → ETH: ADD (RSI:37.6 动量:-1.32%)
[05-12 09:52:40]   → UNI: BUY (RSI:36.7 动量:-3.19%)
[05-12 09:53:20] [05-12 09:53:10] 扫描 9币 | 买入信号:2 卖出信号:0 HOLD:7
[05-12 09:53:20]   → ETH: ADD (RSI:37.6 动量:-1.31%)
[05-12 09:53:20]   → UNI: BUY (RSI:36.4 动量:-3.27%)
[05-12 09:53:59] [05-12 09:53:50] 扫描 9币 | 买入信号:2 卖出信号:0 HOLD:7
[05-12 09:53:59]   → ETH: ADD (RSI:37.0 动量:-1.38%)
[05-12 09:53:59]   → UNI: BUY (RSI:36.2 动量:-3.32%)
[05-12 09:54:39] [05-12 09:54:29] 扫描 9币 | 买入信号:2 卖出信号:0 HOLD:7
[05-12 09:54:39]   → ETH: ADD (RSI:37.2 动量:-1.36%)
[05-12 09:54:39]   → UNI: BUY (RSI:36.2 动量:-3.32%)
[05-12 09:55:19] [05-12 09:55:09] 扫描 9币 | 买入信号:2 卖出信号:0 HOLD:7
[05-12 09:55:19]   → ETH: ADD (RSI:36.7 动量:-1.41%)
[05-12 09:55:19]   → UNI: BUY (RSI:35.9 动量:-3.39%)
[05-12 09:55:57] [05-12 09:55:49] 扫描 9币 | 买入信号:2 卖出信号:0 HOLD:7
[05-12 09:55:57]   → ETH: ADD (RSI:36.6 动量:-1.41%)
[05-12 09:55:57]   → UNI: BUY (RSI:35.6 动量:-3.47%)
[05-12 09:56:37] [05-12 09:56:27] 扫描 9币 | 买入信号:2 卖出信号:0 HOLD:7
[05-12 09:56:37]   → ETH: ADD (RSI:36.8 动量:-1.39%)
[05-12 09:56:37]   → UNI: BUY (RSI:35.6 动量:-3.42%)
[05-12 09:57:16] [05-12 09:57:07] 扫描 9币 | 买入信号:2 卖出信号:0 HOLD:7
[05-12 09:57:16]   → ETH: ADD (RSI:37.0 动量:-1.37%)
[05-12 09:57:16]   → UNI: BUY (RSI:36.5 动量:-3.24%)
[05-12 09:57:55] [05-12 09:57:46] 扫描 9币 | 买入信号:2 卖出信号:0 HOLD:7
[05-12 09:57:55]   → ETH: ADD (RSI:36.4 动量:-1.44%)
[05-12 09:57:55]   → UNI: BUY (RSI:35.7 动量:-3.44%)
[05-12 09:58:33] [05-12 09:58:25] 扫描 8币 | 买入信号:2 卖出信号:0 HOLD:6
[05-12 09:58:33]   → ETH: ADD (RSI:36.5 动量:-1.42%)
[05-12 09:58:33]   → UNI: BUY (RSI:35.7 动量:-3.44%)
[05-12 09:59:12] [05-12 09:59:03] 扫描 9币 | 买入信号:2 卖出信号:0 HOLD:7
[05-12 09:59:12]   → ETH: ADD (RSI:36.4 动量:-1.44%)
[05-12 09:59:12]   → UNI: BUY (RSI:35.7 动量:-3.47%)
[05-12 09:59:51] [05-12 09:59:42] 扫描 9币 | 买入信号:2 卖出信号:0 HOLD:7
[05-12 09:59:51]   → ETH: ADD (RSI:36.3 动量:-1.45%)
[05-12 09:59:51]   → UNI: BUY (RSI:35.4 动量:-3.52%)
[05-12 10:00:30] [05-12 10:00:21] 扫描 9币 | 买入信号:2 卖出信号:1 HOLD:6
[05-12 10:00:30]   → ETH: ADD (RSI:38.2 动量:-0.90%)
[05-12 10:00:30]   → BNB: REDUCE (RSI:65.6 动量:+1.75%)
[05-12 10:00:30]   → UNI: BUY (RSI:37.5 动量:-3.55%)
[05-12 10:01:10] [05-12 10:01:01] 扫描 9币 | 买入信号:1 卖出信号:1 HOLD:7
[05-12 10:01:10]   → BNB: REDUCE (RSI:66.9 动量:+1.87%)
[05-12 10:01:10]   → UNI: BUY (RSI:38.0 动量:-3.49%)
[05-12 10:01:49] [05-12 10:01:40] 扫描 9币 | 买入信号:1 卖出信号:1 HOLD:7
[05-12 10:01:49]   → BNB: REDUCE (RSI:66.5 动量:+1.83%)
[05-12 10:01:49]   → UNI: BUY (RSI:38.6 动量:-3.39%)
[05-12 10:02:29] [05-12 10:02:19] 扫描 9币 | 买入信号:1 卖出信号:1 HOLD:7
[05-12 10:02:29]   → BNB: REDUCE (RSI:67.0 动量:+1.88%)
[05-12 10:02:29]   → UNI: BUY (RSI:40.0 动量:-3.19%)
[05-12 10:03:07] [05-12 10:02:59] 扫描 9币 | 买入信号:0 卖出信号:1 HOLD:8
[05-12 10:03:07]   → BNB: REDUCE (RSI:67.5 动量:+1.96%)
[05-12 10:03:46] [05-12 10:03:37] 扫描 9币 | 买入信号:0 卖出信号:1 HOLD:8
[05-12 10:03:46]   → BNB: REDUCE (RSI:67.4 动量:+1.94%)
[05-12 10:04:25] [05-12 10:04:16] 扫描 9币 | 买入信号:0 卖出信号:1 HOLD:8
[05-12 10:04:25]   → BNB: REDUCE (RSI:67.6 动量:+1.97%)
[05-12 10:05:04] [05-12 10:04:55] 扫描 9币 | 买入信号:0 卖出信号:1 HOLD:8
[05-12 10:05:04]   → BNB: REDUCE (RSI:67.8 动量:+1.99%)
[05-12 10:05:43] [05-12 10:05:34] 扫描 9币 | 买入信号:0 卖出信号:1 HOLD:8
[05-12 10:05:43]   → BNB: REDUCE (RSI:67.8 动量:+1.99%)
[05-12 10:06:22] [05-12 10:06:13] 扫描 9币 | 买入信号:1 卖出信号:1 HOLD:7
[05-12 10:06:22]   → BNB: REDUCE (RSI:67.5 动量:+1.96%)
[05-12 10:06:22]   → UNI: BUY (RSI:39.5 动量:-3.27%)
[05-12 10:07:01] [05-12 10:06:52] 扫描 9币 | 买入信号:0 卖出信号:1 HOLD:8
[05-12 10:07:01]   → BNB: REDUCE (RSI:68.0 动量:+2.01%)
[05-12 10:07:40] [05-12 10:07:31] 扫描 9币 | 买入信号:0 卖出信号:1 HOLD:8
[05-12 10:07:40]   → BNB: REDUCE (RSI:67.7 动量:+1.99%)
[05-12 10:08:19] [05-12 10:08:10] 扫描 9币 | 买入信号:0 卖出信号:1 HOLD:8
[05-12 10:08:19]   → BNB: REDUCE (RSI:68.0 动量:+2.02%)
[05-12 10:08:59] [05-12 10:08:49] 扫描 9币 | 买入信号:0 卖出信号:1 HOLD:8
[05-12 10:08:59]   → BNB: REDUCE (RSI:67.9 动量:+2.01%)
[05-12 10:09:38] [05-12 10:09:29] 扫描 9币 | 买入信号:0 卖出信号:1 HOLD:8
[05-12 10:09:38]   → BNB: REDUCE (RSI:67.6 动量:+1.97%)
[05-12 10:10:17] [05-12 10:10:08] 扫描 9币 | 买入信号:0 卖出信号:1 HOLD:8
[05-12 10:10:17]   → BNB: REDUCE (RSI:67.5 动量:+1.96%)
[05-12 10:10:55] [05-12 10:10:47] 扫描 9币 | 买入信号:0 卖出信号:1 HOLD:8
[05-12 10:10:55]   → BNB: REDUCE (RSI:67.9 动量:+2.00%)
[05-12 10:11:34] [05-12 10:11:25] 扫描 9币 | 买入信号:0 卖出信号:1 HOLD:8
[05-12 10:11:34]   → BNB: REDUCE (RSI:67.7 动量:+1.98%)
[05-12 10:12:13] [05-12 10:12:04] 扫描 9币 | 买入信号:0 卖出信号:1 HOLD:8
[05-12 10:12:13]   → BNB: REDUCE (RSI:67.8 动量:+1.99%)
[05-12 10:12:52] [05-12 10:12:43] 扫描 9币 | 买入信号:0 卖出信号:1 HOLD:8
[05-12 10:12:52]   → BNB: REDUCE (RSI:67.8 动量:+1.99%)
[05-12 10:13:30] [05-12 10:13:22] 扫描 9币 | 买入信号:0 卖出信号:1 HOLD:8
[05-12 10:13:30]   → BNB: REDUCE (RSI:67.7 动量:+1.98%)
[05-12 10:14:09] [05-12 10:14:00] 扫描 9币 | 买入信号:0 卖出信号:1 HOLD:8
[05-12 10:14:09]   → BNB: REDUCE (RSI:67.7 动量:+1.98%)
[05-12 10:14:48] [05-12 10:14:39] 扫描 9币 | 买入信号:0 卖出信号:1 HOLD:8
[05-12 10:14:48]   → BNB: REDUCE (RSI:67.7 动量:+1.99%)
[05-12 10:15:26] [05-12 10:15:18] 扫描 9币 | 买入信号:0 卖出信号:1 HOLD:8
[05-12 10:15:26]   → BNB: REDUCE (RSI:67.2 动量:+1.92%)
[05-12 10:16:05] [05-12 10:15:56] 扫描 9币 | 买入信号:1 卖出信号:1 HOLD:7
[05-12 10:16:05]   → BNB: REDUCE (RSI:67.0 动量:+1.88%)
[05-12 10:16:05]   → UNI: BUY (RSI:39.3 动量:-3.29%)
[05-12 10:16:44] [05-12 10:16:35] 扫描 9币 | 买入信号:1 卖出信号:1 HOLD:7
[05-12 10:16:44]   → BNB: REDUCE (RSI:66.8 动量:+1.86%)
[05-12 10:16:44]   → UNI: BUY (RSI:38.8 动量:-3.37%)
[05-12 10:17:23] [05-12 10:17:14] 扫描 9币 | 买入信号:2 卖出信号:1 HOLD:6
[05-12 10:17:23]   → ETH: ADD (RSI:38.9 动量:-0.83%)
[05-12 10:17:23]   → BNB: REDUCE (RSI:66.0 动量:+1.78%)
[05-12 10:17:23]   → UNI: ADD (RSI:37.5 动量:+0.00%)
[05-12 10:18:02] [05-12 10:17:53] 扫描 9币 | 买入信号:1 卖出信号:1 HOLD:7
[05-12 10:18:02]   → BNB: REDUCE (RSI:66.5 动量:+1.82%)
[05-12 10:18:02]   → UNI: BUY (RSI:38.4 动量:-3.42%)
[05-12 10:18:41] [05-12 10:18:32] 扫描 9币 | 买入信号:2 卖出信号:1 HOLD:6
[05-12 10:18:41]   → ETH: ADD (RSI:39.1 动量:-0.82%)
[05-12 10:18:41]   → BNB: REDUCE (RSI:65.9 动量:+1.77%)
[05-12 10:18:41]   → UNI: BUY (RSI:37.8 动量:-3.49%)
[05-12 10:19:20] [05-12 10:19:11] 扫描 9币 | 买入信号:2 卖出信号:1 HOLD:6
[05-12 10:19:20]   → ETH: ADD (RSI:38.9 动量:-0.84%)
[05-12 10:19:20]   → BNB: REDUCE (RSI:65.1 动量:+1.72%)
[05-12 10:19:20]   → UNI: BUY (RSI:37.3 动量:-3.60%)
[05-12 10:19:58] [05-12 10:19:50] 扫描 9币 | 买入信号:2 卖出信号:0 HOLD:7
[05-12 10:19:58]   → ETH: ADD (RSI:38.1 动量:-0.91%)
[05-12 10:19:58]   → UNI: BUY (RSI:37.1 动量:-3.60%)
[05-12 10:20:38] [05-12 10:20:29] 扫描 9币 | 买入信号:2 卖出信号:0 HOLD:7
[05-12 10:20:38]   → ETH: ADD (RSI:37.7 动量:-0.95%)
[05-12 10:20:38]   → UNI: BUY (RSI:36.6 动量:-3.70%)
[05-12 10:21:16] [05-12 10:21:08] 扫描 9币 | 买入信号:2 卖出信号:0 HOLD:7
[05-12 10:21:16]   → ETH: ADD (RSI:38.6 动量:-0.87%)
[05-12 10:21:16]   → UNI: BUY (RSI:37.5 动量:-3.55%)
[05-12 10:21:55] [05-12 10:21:46] 扫描 9币 | 买入信号:2 卖出信号:1 HOLD:6
[05-12 10:21:55]   → ETH: ADD (RSI:39.4 动量:-0.80%)
[05-12 10:21:55]   → BNB: REDUCE (RSI:65.4 动量:+1.74%)
[05-12 10:21:55]   → UNI: BUY (RSI:38.2 动量:-3.44%)
[05-12 10:22:34] [05-12 10:22:25] 扫描 9币 | 买入信号:1 卖出信号:1 HOLD:7
[05-12 10:22:34]   → BNB: REDUCE (RSI:65.8 动量:+1.77%)
[05-12 10:22:34]   → UNI: BUY (RSI:39.3 动量:-3.29%)
[05-12 10:23:13] [05-12 10:23:04] 扫描 9币 | 买入信号:2 卖出信号:1 HOLD:6
[05-12 10:23:13]   → ETH: ADD (RSI:40.0 动量:-0.77%)
[05-12 10:23:13]   → BNB: REDUCE (RSI:66.1 动量:+1.78%)
[05-12 10:23:13]   → UNI: BUY (RSI:38.8 动量:-3.37%)
[05-12 10:23:51] [05-12 10:23:43] 扫描 9币 | 买入信号:1 卖出信号:1 HOLD:7
[05-12 10:23:51]   → BNB: REDUCE (RSI:66.3 动量:+1.80%)
[05-12 10:23:51]   → UNI: BUY (RSI:39.1 动量:-3.32%)
[05-12 10:24:29] [05-12 10:24:21] 扫描 8币 | 买入信号:1 卖出信号:1 HOLD:6
[05-12 10:24:29]   → BNB: REDUCE (RSI:66.1 动量:+1.78%)
[05-12 10:24:29]   → UNI: BUY (RSI:39.5 动量:-3.27%)
[05-12 10:25:09] [05-12 10:24:59] 扫描 9币 | 买入信号:1 卖出信号:1 HOLD:7
[05-12 10:25:09]   → BNB: REDUCE (RSI:65.4 动量:+1.74%)
[05-12 10:25:09]   → UNI: BUY (RSI:39.1 动量:-3.32%)
[05-12 10:25:48] [05-12 10:25:39] 扫描 9币 | 买入信号:1 卖出信号:1 HOLD:7
[05-12 10:25:48]   → BNB: REDUCE (RSI:66.1 动量:+1.78%)
[05-12 10:25:48]   → UNI: BUY (RSI:39.5 动量:-3.27%)
[05-12 10:26:27] [05-12 10:26:18] 扫描 9币 | 买入信号:1 卖出信号:1 HOLD:7
[05-12 10:26:27]   → BNB: REDUCE (RSI:65.7 动量:+1.76%)
[05-12 10:26:27]   → UNI: BUY (RSI:38.9 动量:-3.34%)
[05-12 10:27:07] [05-12 10:26:57] 扫描 9币 | 买入信号:1 卖出信号:1 HOLD:7
[05-12 10:27:07]   → BNB: REDUCE (RSI:65.8 动量:+1.76%)
[05-12 10:27:07]   → UNI: BUY (RSI:38.8 动量:-3.37%)
[05-12 10:27:46] [05-12 10:27:37] 扫描 8币 | 买入信号:1 卖出信号:1 HOLD:6
[05-12 10:27:46]   → BNB: REDUCE (RSI:65.5 动量:+1.75%)
[05-12 10:27:46]   → UNI: BUY (RSI:38.6 动量:-3.39%)
[05-12 10:28:25] [05-12 10:28:16] 扫描 9币 | 买入信号:1 卖出信号:1 HOLD:7
[05-12 10:28:25]   → BNB: REDUCE (RSI:65.2 动量:+1.73%)
[05-12 10:28:25]   → UNI: BUY (RSI:38.6 动量:-3.39%)
[05-12 10:29:05] [05-12 10:28:55] 扫描 9币 | 买入信号:1 卖出信号:1 HOLD:7
[05-12 10:29:05]   → BNB: REDUCE (RSI:66.3 动量:+1.80%)
[05-12 10:29:05]   → UNI: BUY (RSI:39.5 动量:-3.27%)
[05-12 10:29:43] [05-12 10:29:35] 扫描 9币 | 买入信号:1 卖出信号:1 HOLD:7
[05-12 10:29:43]   → BNB: REDUCE (RSI:66.2 动量:+1.79%)
[05-12 10:29:43]   → UNI: BUY (RSI:39.7 动量:-3.24%)
[05-12 10:30:22] [05-12 10:30:13] 扫描 9币 | 买入信号:1 卖出信号:1 HOLD:7
[05-12 10:30:22]   → BNB: REDUCE (RSI:66.3 动量:+1.80%)
[05-12 10:30:22]   → UNI: BUY (RSI:40.0 动量:-3.19%)
[05-12 10:31:01] [05-12 10:30:52] 扫描 9币 | 买入信号:1 卖出信号:1 HOLD:7
[05-12 10:31:01]   → BNB: REDUCE (RSI:65.1 动量:+1.72%)
[05-12 10:31:01]   → UNI: BUY (RSI:39.5 动量:-3.27%)
[05-12 10:31:40] [05-12 10:31:31] 扫描 9币 | 买入信号:2 卖出信号:0 HOLD:7
[05-12 10:31:40]   → ETH: ADD (RSI:39.8 动量:-0.78%)
[05-12 10:31:40]   → UNI: BUY (RSI:39.1 动量:-3.32%)
[05-12 10:32:20] [05-12 10:32:11] 扫描 9币 | 买入信号:2 卖出信号:0 HOLD:7
[05-12 10:32:20]   → ETH: ADD (RSI:39.7 动量:-0.79%)
[05-12 10:32:20]   → UNI: BUY (RSI:39.3 动量:-3.29%)
[05-12 10:32:59] [05-12 10:32:50] 扫描 9币 | 买入信号:1 卖出信号:0 HOLD:8
[05-12 10:32:59]   → UNI: BUY (RSI:40.0 动量:-3.19%)
[05-12 10:33:39] [05-12 10:33:29] 扫描 9币 | 买入信号:2 卖出信号:0 HOLD:7
[05-12 10:33:39]   → ETH: ADD (RSI:39.9 动量:-0.77%)
[05-12 10:33:39]   → UNI: BUY (RSI:39.5 动量:-3.27%)
[05-12 10:34:19] [05-12 10:34:09] 扫描 9币 | 买入信号:2 卖出信号:0 HOLD:7
[05-12 10:34:19]   → ETH: ADD (RSI:39.8 动量:-0.78%)
[05-12 10:34:19]   → UNI: BUY (RSI:39.5 动量:-3.27%)
[05-12 10:34:58] [05-12 10:34:50] 扫描 9币 | 买入信号:2 卖出信号:0 HOLD:7
[05-12 10:34:58]   → ETH: ADD (RSI:39.2 动量:-0.81%)
[05-12 10:34:58]   → UNI: BUY (RSI:38.9 动量:-3.34%)
[05-12 10:35:37] [05-12 10:35:28] 扫描 9币 | 买入信号:2 卖出信号:0 HOLD:7
[05-12 10:35:37]   → ETH: ADD (RSI:38.0 动量:-0.91%)
[05-12 10:35:37]   → UNI: BUY (RSI:38.2 动量:-3.44%)
[05-12 10:36:16] [05-12 10:36:07] 扫描 9币 | 买入信号:2 卖出信号:0 HOLD:7
[05-12 10:36:16]   → ETH: ADD (RSI:38.6 动量:-0.86%)
[05-12 10:36:16]   → UNI: BUY (RSI:38.6 动量:-3.39%)
[05-12 10:36:55] [05-12 10:36:46] 扫描 9币 | 买入信号:2 卖出信号:0 HOLD:7
[05-12 10:36:55]   → ETH: ADD (RSI:38.6 动量:-0.87%)
[05-12 10:36:55]   → UNI: BUY (RSI:38.4 动量:-3.42%)
[05-12 10:37:34] [05-12 10:37:25] 扫描 9币 | 买入信号:2 卖出信号:0 HOLD:7
[05-12 10:37:34]   → ETH: ADD (RSI:38.8 动量:-0.85%)
[05-12 10:37:34]   → UNI: BUY (RSI:39.3 动量:-3.29%)
[05-12 10:38:12] [05-12 10:38:04] 扫描 9币 | 买入信号:2 卖出信号:0 HOLD:7
[05-12 10:38:12]   → ETH: ADD (RSI:38.5 动量:-0.87%)
[05-12 10:38:12]   → UNI: BUY (RSI:39.3 动量:-3.29%)
[05-12 10:38:51] [05-12 10:38:42] 扫描 9币 | 买入信号:2 卖出信号:0 HOLD:7
[05-12 10:38:51]   → ETH: ADD (RSI:38.1 动量:-0.91%)
[05-12 10:38:51]   → UNI: BUY (RSI:39.1 动量:-3.32%)
[05-12 10:39:30] [05-12 10:39:21] 扫描 9币 | 买入信号:2 卖出信号:0 HOLD:7
[05-12 10:39:30]   → ETH: ADD (RSI:38.4 动量:-0.88%)
[05-12 10:39:30]   → UNI: BUY (RSI:39.5 动量:-3.24%)
[05-12 10:40:09] [05-12 10:40:00] 扫描 9币 | 买入信号:2 卖出信号:0 HOLD:7
[05-12 10:40:09]   → ETH: ADD (RSI:38.2 动量:-0.90%)
[05-12 10:40:09]   → UNI: BUY (RSI:39.3 动量:-3.29%)
[05-12 10:40:48] [05-12 10:40:39] 扫描 9币 | 买入信号:2 卖出信号:0 HOLD:7
[05-12 10:40:48]   → ETH: ADD (RSI:38.2 动量:-0.90%)
[05-12 10:40:48]   → UNI: BUY (RSI:39.5 动量:-3.27%)
[05-12 10:41:27] [05-12 10:41:18] 扫描 9币 | 买入信号:2 卖出信号:0 HOLD:7
[05-12 10:41:27]   → ETH: ADD (RSI:38.4 动量:-0.88%)
[05-12 10:41:27]   → UNI: BUY (RSI:39.8 动量:-3.22%)
[05-12 10:42:08] [05-12 10:41:57] 扫描 9币 | 买入信号:1 卖出信号:0 HOLD:8
[05-12 10:42:08]   → ETH: ADD (RSI:38.4 动量:-0.88%)
[05-12 10:42:47] [05-12 10:42:38] 扫描 9币 | 买入信号:1 卖出信号:0 HOLD:8
[05-12 10:42:47]   → ETH: ADD (RSI:38.8 动量:-0.85%)
[05-12 10:43:26] [05-12 10:43:17] 扫描 9币 | 买入信号:1 卖出信号:0 HOLD:8
[05-12 10:43:26]   → ETH: ADD (RSI:38.8 动量:-0.85%)
[05-12 10:44:05] [05-12 10:43:56] 扫描 9币 | 买入信号:1 卖出信号:0 HOLD:8
[05-12 10:44:05]   → ETH: ADD (RSI:39.0 动量:-0.82%)
[05-12 10:44:43] [05-12 10:44:35] 扫描 8币 | 买入信号:1 卖出信号:0 HOLD:7
[05-12 10:44:43]   → ETH: ADD (RSI:39.1 动量:-0.82%)
[05-12 10:45:22] [05-12 10:45:13] 扫描 9币 | 买入信号:2 卖出信号:0 HOLD:7
[05-12 10:45:22]   → ETH: ADD (RSI:38.6 动量:-0.87%)
[05-12 10:45:22]   → UNI: BUY (RSI:40.0 动量:-3.19%)
[05-12 10:46:01] [05-12 10:45:52] 扫描 9币 | 买入信号:1 卖出信号:0 HOLD:8
[05-12 10:46:01]   → ETH: ADD (RSI:39.1 动量:-0.83%)
[05-12 10:46:40] [05-12 10:46:31] 扫描 9币 | 买入信号:1 卖出信号:0 HOLD:8
[05-12 10:46:40]   → ETH: ADD (RSI:39.2 动量:-0.81%)
[05-12 10:47:20] [05-12 10:47:10] 扫描 9币 | 买入信号:2 卖出信号:0 HOLD:7
[05-12 10:47:20]   → ETH: ADD (RSI:38.8 动量:-0.85%)
[05-12 10:47:20]   → UNI: BUY (RSI:39.8 动量:-3.22%)
[05-12 10:47:59] [05-12 10:47:50] 扫描 9币 | 买入信号:2 卖出信号:0 HOLD:7
[05-12 10:47:59]   → ETH: ADD (RSI:38.7 动量:-0.86%)
[05-12 10:47:59]   → UNI: BUY (RSI:39.5 动量:-3.27%)
[05-12 10:48:38] [05-12 10:48:29] 扫描 9币 | 买入信号:2 卖出信号:0 HOLD:7
[05-12 10:48:38]   → ETH: ADD (RSI:38.6 动量:-0.86%)
[05-12 10:48:38]   → UNI: BUY (RSI:39.5 动量:-3.27%)
[05-12 10:49:17] [05-12 10:49:08] 扫描 9币 | 买入信号:2 卖出信号:0 HOLD:7
[05-12 10:49:17]   → ETH: ADD (RSI:38.7 动量:-0.85%)
[05-12 10:49:17]   → UNI: ADD (RSI:39.7 动量:+0.00%)
[05-12 10:49:56] [05-12 10:49:47] 扫描 9币 | 买入信号:2 卖出信号:0 HOLD:7
[05-12 10:49:56]   → ETH: ADD (RSI:38.9 动量:-0.83%)
[05-12 10:49:56]   → UNI: BUY (RSI:39.8 动量:-3.22%)
[05-12 10:50:35] [05-12 10:50:26] 扫描 9币 | 买入信号:0 卖出信号:1 HOLD:8
[05-12 10:50:35]   → BNB: REDUCE (RSI:65.1 动量:+1.72%)
[05-12 10:51:15] [05-12 10:51:05] 扫描 9币 | 买入信号:0 卖出信号:1 HOLD:8
[05-12 10:51:15]   → BNB: REDUCE (RSI:65.4 动量:+1.74%)
[05-12 10:51:55] [05-12 10:51:45] 扫描 9币 | 买入信号:0 卖出信号:1 HOLD:8
[05-12 10:51:55]   → BNB: REDUCE (RSI:65.0 动量:+1.71%)
[05-12 10:52:34] [05-12 10:52:25] 扫描 9币 | 买入信号:0 卖出信号:1 HOLD:8
[05-12 10:52:34]   → BNB: REDUCE (RSI:65.5 动量:+1.74%)
[05-12 10:53:12] [05-12 10:53:04] 扫描 9币 | 买入信号:0 卖出信号:1 HOLD:8
[05-12 10:53:12]   → BNB: REDUCE (RSI:65.6 动量:+1.75%)
[05-12 10:53:52] [05-12 10:53:42] 扫描 9币 | 买入信号:0 卖出信号:0 HOLD:9
[05-12 10:54:30] [05-12 10:54:22] 扫描 9币 | 买入信号:0 卖出信号:0 HOLD:9
[05-12 10:55:10] [05-12 10:55:00] 扫描 9币 | 买入信号:0 卖出信号:0 HOLD:9
[05-12 10:55:48] [05-12 10:55:40] 扫描 9币 | 买入信号:0 卖出信号:0 HOLD:9
[05-12 10:56:27] [05-12 10:56:18] 扫描 9币 | 买入信号:0 卖出信号:0 HOLD:9
[05-12 10:57:07] [05-12 10:56:57] 扫描 9币 | 买入信号:0 卖出信号:0 HOLD:9
[05-12 10:57:46] [05-12 10:57:37] 扫描 9币 | 买入信号:0 卖出信号:1 HOLD:8
[05-12 10:57:46]   → BNB: REDUCE (RSI:65.0 动量:+1.71%)
[05-12 10:58:25] [05-12 10:58:16] 扫描 9币 | 买入信号:0 卖出信号:1 HOLD:8
[05-12 10:58:25]   → BNB: REDUCE (RSI:65.0 动量:+1.71%)
[05-12 10:59:04] [05-12 10:58:55] 扫描 9币 | 买入信号:0 卖出信号:0 HOLD:9
[05-12 10:59:44] [05-12 10:59:34] 扫描 9币 | 买入信号:0 卖出信号:0 HOLD:9
[05-12 11:00:24] [05-12 11:00:14] 扫描 9币 | 买入信号:0 卖出信号:1 HOLD:8
[05-12 11:00:24]   → BNB: REDUCE (RSI:65.4 动量:+1.66%)
[05-12 11:01:03] [05-12 11:00:54] 扫描 9币 | 买入信号:0 卖出信号:1 HOLD:8
[05-12 11:01:03]   → BNB: REDUCE (RSI:65.8 动量:+1.70%)
[05-12 11:01:42] [05-12 11:01:33] 扫描 9币 | 买入信号:0 卖出信号:0 HOLD:9
[05-12 11:02:20] [05-12 11:02:12] 扫描 8币 | 买入信号:0 卖出信号:1 HOLD:7
[05-12 11:02:20]   → BNB: REDUCE (RSI:65.7 动量:+1.70%)
[05-12 11:02:59] [05-12 11:02:50] 扫描 9币 | 买入信号:0 卖出信号:1 HOLD:8
[05-12 11:02:59]   → BNB: REDUCE (RSI:65.3 动量:+1.65%)
[05-12 11:03:38] [05-12 11:03:29] 扫描 9币 | 买入信号:0 卖出信号:1 HOLD:8
[05-12 11:03:38]   → BNB: REDUCE (RSI:65.3 动量:+1.65%)
[05-12 11:04:17] [05-12 11:04:08] 扫描 9币 | 买入信号:0 卖出信号:1 HOLD:8
[05-12 11:04:17]   → BNB: REDUCE (RSI:65.3 动量:+1.66%)
[05-12 11:04:56] [05-12 11:04:47] 扫描 9币 | 买入信号:0 卖出信号:1 HOLD:8
[05-12 11:04:56]   → BNB: REDUCE (RSI:65.6 动量:+1.68%)
[05-12 11:05:35] [05-12 11:05:26] 扫描 9币 | 买入信号:0 卖出信号:1 HOLD:8
[05-12 11:05:35]   → BNB: REDUCE (RSI:65.6 动量:+1.68%)
[05-12 11:06:15] [05-12 11:06:05] 扫描 9币 | 买入信号:0 卖出信号:1 HOLD:8
[05-12 11:06:15]   → BNB: REDUCE (RSI:65.7 动量:+1.69%)
[05-12 11:06:53] [05-12 11:06:45] 扫描 8币 | 买入信号:0 卖出信号:1 HOLD:7
[05-12 11:06:53]   → BNB: REDUCE (RSI:65.7 动量:+1.69%)
[05-12 11:07:32] [05-12 11:07:23] 扫描 9币 | 买入信号:0 卖出信号:1 HOLD:8
[05-12 11:07:32]   → BNB: REDUCE (RSI:65.9 动量:+1.71%)
[05-12 11:08:11] [05-12 11:08:02] 扫描 9币 | 买入信号:0 卖出信号:1 HOLD:8
[05-12 11:08:11]   → BNB: REDUCE (RSI:66.0 动量:+1.73%)
[05-12 11:08:50] [05-12 11:08:41] 扫描 9币 | 买入信号:0 卖出信号:1 HOLD:8
[05-12 11:08:50]   → BNB: REDUCE (RSI:65.9 动量:+1.72%)
[05-12 11:09:29] [05-12 11:09:20] 扫描 9币 | 买入信号:0 卖出信号:1 HOLD:8
[05-12 11:09:29]   → BNB: REDUCE (RSI:66.2 动量:+1.76%)
[05-12 11:10:08] [05-12 11:09:59] 扫描 8币 | 买入信号:0 卖出信号:1 HOLD:7
[05-12 11:10:08]   → BNB: REDUCE (RSI:66.1 动量:+1.75%)
[05-12 11:10:47] [05-12 11:10:38] 扫描 9币 | 买入信号:0 卖出信号:1 HOLD:8
[05-12 11:10:47]   → BNB: REDUCE (RSI:66.2 动量:+1.76%)
[05-12 11:11:27] [05-12 11:11:17] 扫描 9币 | 买入信号:0 卖出信号:1 HOLD:8
[05-12 11:11:27]   → BNB: REDUCE (RSI:66.0 动量:+1.73%)
[05-12 11:12:06] [05-12 11:11:57] 扫描 9币 | 买入信号:0 卖出信号:1 HOLD:8
[05-12 11:12:06]   → BNB: REDUCE (RSI:66.0 动量:+1.73%)
[05-12 11:12:44] [05-12 11:12:36] 扫描 9币 | 买入信号:0 卖出信号:1 HOLD:8
[05-12 11:12:44]   → BNB: REDUCE (RSI:65.6 动量:+1.68%)
[05-12 11:13:23] [05-12 11:13:14] 扫描 9币 | 买入信号:0 卖出信号:1 HOLD:8
[05-12 11:13:23]   → BNB: REDUCE (RSI:65.2 动量:+1.65%)
[05-12 11:14:02] [05-12 11:13:53] 扫描 9币 | 买入信号:0 卖出信号:1 HOLD:8
[05-12 11:14:02]   → BNB: REDUCE (RSI:65.2 动量:+1.65%)
[05-12 11:14:42] [05-12 11:14:32] 扫描 9币 | 买入信号:0 卖出信号:1 HOLD:8
[05-12 11:14:42]   → BNB: REDUCE (RSI:65.5 动量:+1.68%)
[05-12 11:15:20] [05-12 11:15:12] 扫描 9币 | 买入信号:0 卖出信号:1 HOLD:8
[05-12 11:15:20]   → BNB: REDUCE (RSI:65.7 动量:+1.69%)
[05-12 11:15:59] [05-12 11:15:50] 扫描 9币 | 买入信号:0 卖出信号:1 HOLD:8
[05-12 11:15:59]   → BNB: REDUCE (RSI:65.5 动量:+1.67%)
[05-12 11:16:38] [05-12 11:16:29] 扫描 9币 | 买入信号:0 卖出信号:1 HOLD:8
[05-12 11:16:38]   → BNB: REDUCE (RSI:65.8 动量:+1.70%)
[05-12 11:17:18] [05-12 11:17:09] 扫描 9币 | 买入信号:0 卖出信号:1 HOLD:8
[05-12 11:17:18]   → BNB: REDUCE (RSI:66.0 动量:+1.73%)
[05-12 11:17:56] [05-12 11:17:48] 扫描 9币 | 买入信号:0 卖出信号:1 HOLD:8
[05-12 11:17:56]   → BNB: REDUCE (RSI:66.1 动量:+1.74%)
[05-12 11:18:35] [05-12 11:18:26] 扫描 9币 | 买入信号:0 卖出信号:1 HOLD:8
[05-12 11:18:35]   → BNB: REDUCE (RSI:66.2 动量:+1.76%)
[05-12 11:19:14] [05-12 11:19:05] 扫描 9币 | 买入信号:0 卖出信号:1 HOLD:8
[05-12 11:19:14]   → BNB: REDUCE (RSI:66.0 动量:+1.73%)
[05-12 11:19:54] [05-12 11:19:44] 扫描 9币 | 买入信号:0 卖出信号:1 HOLD:8
[05-12 11:19:54]   → BNB: REDUCE (RSI:66.1 动量:+1.75%)
[05-12 11:20:33] [05-12 11:20:24] 扫描 9币 | 买入信号:0 卖出信号:1 HOLD:8
[05-12 11:20:33]   → BNB: REDUCE (RSI:66.1 动量:+1.75%)
[05-12 11:21:13] [05-12 11:21:03] 扫描 9币 | 买入信号:0 卖出信号:1 HOLD:8
[05-12 11:21:13]   → BNB: REDUCE (RSI:66.0 动量:+1.74%)
[05-12 11:21:52] [05-12 11:21:43] 扫描 9币 | 买入信号:0 卖出信号:1 HOLD:8
[05-12 11:21:52]   → BNB: REDUCE (RSI:66.3 动量:+1.78%)
[05-12 11:22:32] [05-12 11:22:22] 扫描 9币 | 买入信号:0 卖出信号:1 HOLD:8
[05-12 11:22:32]   → BNB: REDUCE (RSI:66.1 动量:+1.75%)
[05-12 11:23:10] [05-12 11:23:02] 扫描 9币 | 买入信号:0 卖出信号:1 HOLD:8
[05-12 11:23:10]   → BNB: REDUCE (RSI:66.1 动量:+1.75%)
[05-12 11:23:49] [05-12 11:23:41] 扫描 9币 | 买入信号:0 卖出信号:1 HOLD:8
[05-12 11:23:49]   → BNB: REDUCE (RSI:65.8 动量:+1.71%)
[05-12 11:24:28] [05-12 11:24:19] 扫描 9币 | 买入信号:0 卖出信号:1 HOLD:8
[05-12 11:24:28]   → BNB: REDUCE (RSI:65.8 动量:+1.71%)
[05-12 11:25:07] [05-12 11:24:58] 扫描 9币 | 买入信号:0 卖出信号:1 HOLD:8
[05-12 11:25:07]   → BNB: REDUCE (RSI:66.0 动量:+1.73%)
[05-12 11:25:47] [05-12 11:25:37] 扫描 9币 | 买入信号:0 卖出信号:1 HOLD:8
[05-12 11:25:47]   → BNB: REDUCE (RSI:66.0 动量:+1.73%)
[05-12 11:26:26] [05-12 11:26:17] 扫描 9币 | 买入信号:0 卖出信号:1 HOLD:8
[05-12 11:26:26]   → BNB: REDUCE (RSI:66.1 动量:+1.74%)
[05-12 11:27:06] [05-12 11:26:56] 扫描 9币 | 买入信号:0 卖出信号:1 HOLD:8
[05-12 11:27:06]   → BNB: REDUCE (RSI:66.2 动量:+1.76%)
[05-12 11:27:45] [05-12 11:27:36] 扫描 9币 | 买入信号:0 卖出信号:1 HOLD:8
[05-12 11:27:45]   → BNB: REDUCE (RSI:65.8 动量:+1.71%)
[05-12 11:28:24] [05-12 11:28:15] 扫描 9币 | 买入信号:0 卖出信号:1 HOLD:8
[05-12 11:28:24]   → BNB: REDUCE (RSI:65.9 动量:+1.73%)
[05-12 11:29:04] [05-12 11:28:54] 扫描 9币 | 买入信号:0 卖出信号:1 HOLD:8
[05-12 11:29:04]   → BNB: REDUCE (RSI:66.1 动量:+1.75%)
[05-12 11:29:42] [05-12 11:29:34] 扫描 9币 | 买入信号:0 卖出信号:1 HOLD:8
[05-12 11:29:42]   → BNB: REDUCE (RSI:65.9 动量:+1.72%)
[05-12 11:30:21] [05-12 11:30:12] 扫描 9币 | 买入信号:0 卖出信号:1 HOLD:8
[05-12 11:30:21]   → BNB: REDUCE (RSI:65.7 动量:+1.70%)
[05-12 11:31:00] [05-12 11:30:51] 扫描 9币 | 买入信号:0 卖出信号:1 HOLD:8
[05-12 11:31:00]   → BNB: REDUCE (RSI:65.7 动量:+1.70%)
[05-12 11:31:38] [05-12 11:31:30] 扫描 9币 | 买入信号:0 卖出信号:1 HOLD:8
[05-12 11:31:38]   → BNB: REDUCE (RSI:65.6 动量:+1.68%)
[05-12 11:32:17] [05-12 11:32:09] 扫描 9币 | 买入信号:0 卖出信号:1 HOLD:8
[05-12 11:32:17]   → BNB: REDUCE (RSI:65.5 动量:+1.67%)
[05-12 11:32:56] [05-12 11:32:47] 扫描 9币 | 买入信号:0 卖出信号:1 HOLD:8
[05-12 11:32:56]   → BNB: REDUCE (RSI:65.7 动量:+1.69%)
[05-12 11:56:57] ============================================================
[05-12 11:56:57] G27 Oracle 持续监控启动
[05-12 11:56:57] 扫描间隔: 30秒
[05-12 11:56:57] ============================================================
[05-12 11:57:06] [05-12 11:56:57] 扫描 9币 | 买入信号:0 卖出信号:0 HOLD:9
[05-12 11:57:45] [05-12 11:57:36] 扫描 9币 | 买入信号:1 卖出信号:0 HOLD:8
[05-12 11:57:45]   → PUMP: BUY (RSI:34.8 动量:-5.08%)
[05-12 11:58:23] [05-12 11:58:15] 扫描 8币 | 买入信号:0 卖出信号:0 HOLD:8
[05-12 11:59:02] [05-12 11:58:53] 扫描 9币 | 买入信号:1 卖出信号:0 HOLD:8
[05-12 11:59:02]   → PUMP: BUY (RSI:34.9 动量:-5.03%)
[05-12 11:59:41] [05-12 11:59:32] 扫描 9币 | 买入信号:1 卖出信号:0 HOLD:8
[05-12 11:59:41]   → PUMP: BUY (RSI:34.9 动量:-5.03%)
[05-12 12:00:20] [05-12 12:00:11] 扫描 9币 | 买入信号:0 卖出信号:0 HOLD:9
[05-12 12:00:57] [05-12 12:00:50] 扫描 8币 | 买入信号:0 卖出信号:0 HOLD:8
[05-12 12:01:36] [05-12 12:01:28] 扫描 9币 | 买入信号:0 卖出信号:0 HOLD:9
[05-12 12:02:15] [05-12 12:02:06] 扫描 9币 | 买入信号:0 卖出信号:0 HOLD:9
[05-12 12:02:54] [05-12 12:02:45] 扫描 9币 | 买入信号:0 卖出信号:0 HOLD:9
[05-12 12:03:33] [05-12 12:03:24] 扫描 9币 | 买入信号:0 卖出信号:0 HOLD:9
[05-12 12:04:12] [05-12 12:04:03] 扫描 9币 | 买入信号:0 卖出信号:0 HOLD:9
[05-12 12:04:51] [05-12 12:04:42] 扫描 9币 | 买入信号:0 卖出信号:0 HOLD:9
[05-12 12:05:30] [05-12 12:05:21] 扫描 9币 | 买入信号:0 卖出信号:0 HOLD:9
[05-12 12:06:09] [05-12 12:06:00] 扫描 9币 | 买入信号:0 卖出信号:0 HOLD:9
[05-12 12:06:48] [05-12 12:06:39] 扫描 9币 | 买入信号:0 卖出信号:0 HOLD:9
[05-12 12:07:27] [05-12 12:07:18] 扫描 9币 | 买入信号:0 卖出信号:0 HOLD:9
[05-12 12:08:05] [05-12 12:07:57] 扫描 9币 | 买入信号:0 卖出信号:0 HOLD:9
[05-12 12:08:45] [05-12 12:08:35] 扫描 9币 | 买入信号:0 卖出信号:0 HOLD:9
[05-12 12:09:24] [05-12 12:09:15] 扫描 9币 | 买入信号:0 卖出信号:0 HOLD:9
[05-12 12:10:04] [05-12 12:09:54] 扫描 9币 | 买入信号:0 卖出信号:0 HOLD:9
[05-12 12:10:42] [05-12 12:10:34] 扫描 9币 | 买入信号:0 卖出信号:0 HOLD:9
[05-12 12:11:22] [05-12 12:11:12] 扫描 9币 | 买入信号:0 卖出信号:0 HOLD:9
[05-12 12:12:01] [05-12 12:11:52] 扫描 9币 | 买入信号:0 卖出信号:0 HOLD:9
[05-12 12:12:40] [05-12 12:12:31] 扫描 9币 | 买入信号:0 卖出信号:0 HOLD:9
[05-12 12:13:19] [05-12 12:13:10] 扫描 9币 | 买入信号:0 卖出信号:0 HOLD:9
[05-12 12:13:58] [05-12 12:13:49] 扫描 9币 | 买入信号:0 卖出信号:0 HOLD:9
[05-12 12:14:38] [05-12 12:14:28] 扫描 9币 | 买入信号:0 卖出信号:0 HOLD:9
[05-12 12:15:17] [05-12 12:15:08] 扫描 9币 | 买入信号:0 卖出信号:0 HOLD:9
[05-12 12:15:56] [05-12 12:15:47] 扫描 9币 | 买入信号:0 卖出信号:0 HOLD:9
[05-12 12:16:36] [05-12 12:16:26] 扫描 9币 | 买入信号:0 卖出信号:0 HOLD:9
[05-12 12:17:16] [05-12 12:17:06] 扫描 9币 | 买入信号:0 卖出信号:0 HOLD:9
[05-12 12:17:56] [05-12 12:17:46] 扫描 9币 | 买入信号:0 卖出信号:0 HOLD:9
[05-12 12:18:36] [05-12 12:18:26] 扫描 9币 | 买入信号:0 卖出信号:0 HOLD:9
[05-12 12:19:17] [05-12 12:19:06] 扫描 9币 | 买入信号:0 卖出信号:0 HOLD:9
[05-12 12:19:57] [05-12 12:19:47] 扫描 9币 | 买入信号:0 卖出信号:0 HOLD:9
[05-12 12:20:36] [05-12 12:20:27] 扫描 9币 | 买入信号:0 卖出信号:0 HOLD:9
[05-12 12:21:17] [05-12 12:21:06] 扫描 9币 | 买入信号:0 卖出信号:0 HOLD:9
[05-12 12:21:57] [05-12 12:21:47] 扫描 9币 | 买入信号:0 卖出信号:0 HOLD:9
[05-12 12:22:37] [05-12 12:22:27] 扫描 9币 | 买入信号:0 卖出信号:0 HOLD:9
[05-12 12:23:17] [05-12 12:23:07] 扫描 9币 | 买入信号:0 卖出信号:0 HOLD:9
[05-12 12:23:57] [05-12 12:23:47] 扫描 9币 | 买入信号:0 卖出信号:0 HOLD:9
[05-12 12:24:37] [05-12 12:24:27] 扫描 9币 | 买入信号:0 卖出信号:0 HOLD:9
[05-12 12:25:18] [05-12 12:25:07] 扫描 9币 | 买入信号:0 卖出信号:0 HOLD:9
[05-12 12:25:58] [05-12 12:25:48] 扫描 9币 | 买入信号:0 卖出信号:0 HOLD:9
[05-12 12:26:38] [05-12 12:26:28] 扫描 9币 | 买入信号:0 卖出信号:0 HOLD:9
[05-12 12:27:19] [05-12 12:27:08] 扫描 9币 | 买入信号:0 卖出信号:0 HOLD:9
[05-12 12:28:01] [05-12 12:27:49] 扫描 9币 | 买入信号:0 卖出信号:0 HOLD:9
[05-12 12:28:41] [05-12 12:28:31] 扫描 9币 | 买入信号:0 卖出信号:0 HOLD:9
[05-12 12:29:21] [05-12 12:29:11] 扫描 8币 | 买入信号:0 卖出信号:0 HOLD:8
[05-12 12:30:01] [05-12 12:29:51] 扫描 9币 | 买入信号:0 卖出信号:0 HOLD:9
[05-12 12:30:42] [05-12 12:30:31] 扫描 9币 | 买入信号:0 卖出信号:0 HOLD:9
[05-12 12:31:22] [05-12 12:31:12] 扫描 9币 | 买入信号:0 卖出信号:0 HOLD:9
[05-12 12:32:04] [05-12 12:31:52] 扫描 9币 | 买入信号:0 卖出信号:0 HOLD:9
[05-12 12:32:45] [05-12 12:32:34] 扫描 9币 | 买入信号:0 卖出信号:0 HOLD:9
[05-12 12:33:26] [05-12 12:33:15] 扫描 9币 | 买入信号:0 卖出信号:0 HOLD:9
[05-12 12:34:06] [05-12 12:33:56] 扫描 9币 | 买入信号:0 卖出信号:0 HOLD:9
[05-12 12:34:47] [05-12 12:34:36] 扫描 9币 | 买入信号:0 卖出信号:0 HOLD:9
[05-12 12:35:29] [05-12 12:35:17] 扫描 9币 | 买入信号:0 卖出信号:0 HOLD:9
[05-12 12:36:11] [05-12 12:35:59] 扫描 9币 | 买入信号:0 卖出信号:0 HOLD:9
[05-12 12:36:52] [05-12 12:36:41] 扫描 9币 | 买入信号:0 卖出信号:0 HOLD:9
[05-12 12:37:34] [05-12 12:37:22] 扫描 9币 | 买入信号:0 卖出信号:0 HOLD:9
[05-12 12:38:15] [05-12 12:38:04] 扫描 9币 | 买入信号:0 卖出信号:0 HOLD:9
[05-12 12:38:57] [05-12 12:38:45] 扫描 9币 | 买入信号:0 卖出信号:0 HOLD:9
[05-12 12:39:38] [05-12 12:39:27] 扫描 8币 | 买入信号:0 卖出信号:0 HOLD:8
[05-12 12:40:22] [05-12 12:40:09] 扫描 9币 | 买入信号:0 卖出信号:0 HOLD:9
[05-12 12:41:02] [05-12 12:40:52] 扫描 9币 | 买入信号:0 卖出信号:0 HOLD:9
[05-12 12:41:43] [05-12 12:41:32] 扫描 9币 | 买入信号:0 卖出信号:0 HOLD:9
[05-12 12:42:25] [05-12 12:42:13] 扫描 9币 | 买入信号:0 卖出信号:0 HOLD:9
[05-12 12:43:05] [05-12 12:42:55] 扫描 9币 | 买入信号:0 卖出信号:0 HOLD:9
[05-12 12:43:45] [05-12 12:43:35] 扫描 9币 | 买入信号:0 卖出信号:0 HOLD:9
[05-12 12:44:26] [05-12 12:44:15] 扫描 9币 | 买入信号:0 卖出信号:0 HOLD:9
[05-12 12:45:07] [05-12 12:44:56] 扫描 9币 | 买入信号:0 卖出信号:0 HOLD:9
[05-12 12:45:48] [05-12 12:45:37] 扫描 9币 | 买入信号:0 卖出信号:0 HOLD:9
[05-12 12:46:28] [05-12 12:46:18] 扫描 9币 | 买入信号:0 卖出信号:0 HOLD:9
[05-12 12:47:09] [05-12 12:46:58] 扫描 9币 | 买入信号:0 卖出信号:0 HOLD:9
[05-12 12:47:50] [05-12 12:47:39] 扫描 9币 | 买入信号:0 卖出信号:0 HOLD:9
[05-12 12:48:31] [05-12 12:48:20] 扫描 9币 | 买入信号:0 卖出信号:0 HOLD:9
[05-12 12:49:12] [05-12 12:49:01] 扫描 9币 | 买入信号:0 卖出信号:0 HOLD:9
[05-12 12:49:53] [05-12 12:49:42] 扫描 9币 | 买入信号:0 卖出信号:0 HOLD:9
[05-12 12:50:33] [05-12 12:50:23] 扫描 9币 | 买入信号:0 卖出信号:0 HOLD:9
[05-12 12:51:14] [05-12 12:51:03] 扫描 9币 | 买入信号:0 卖出信号:0 HOLD:9
[05-12 12:51:55] [05-12 12:51:44] 扫描 9币 | 买入信号:0 卖出信号:0 HOLD:9
[05-12 12:52:35] [05-12 12:52:25] 扫描 9币 | 买入信号:0 卖出信号:0 HOLD:9
[05-12 12:53:16] [05-12 12:53:05] 扫描 9币 | 买入信号:0 卖出信号:0 HOLD:9
[05-12 12:53:56] [05-12 12:53:46] 扫描 9币 | 买入信号:0 卖出信号:0 HOLD:9
[05-12 12:54:36] [05-12 12:54:26] 扫描 9币 | 买入信号:0 卖出信号:0 HOLD:9
[05-12 12:55:16] [05-12 12:55:06] 扫描 9币 | 买入信号:0 卖出信号:0 HOLD:9
[05-12 12:55:56] [05-12 12:55:46] 扫描 9币 | 买入信号:0 卖出信号:0 HOLD:9
[05-12 12:56:36] [05-12 12:56:26] 扫描 9币 | 买入信号:0 卖出信号:0 HOLD:9
[05-12 12:57:17] [05-12 12:57:07] 扫描 9币 | 买入信号:0 卖出信号:0 HOLD:9
[05-12 12:57:57] [05-12 12:57:47] 扫描 9币 | 买入信号:0 卖出信号:0 HOLD:9
[05-12 12:58:39] [05-12 12:58:27] 扫描 9币 | 买入信号:0 卖出信号:0 HOLD:9
[05-12 12:59:19] [05-12 12:59:09] 扫描 9币 | 买入信号:0 卖出信号:0 HOLD:9
[05-12 12:59:58] [05-12 12:59:49] 扫描 9币 | 买入信号:0 卖出信号:0 HOLD:9
[05-12 13:00:37] [05-12 13:00:28] 扫描 9币 | 买入信号:3 卖出信号:0 HOLD:6
[05-12 13:00:37]   → ETH: ADD (RSI:32.7 动量:-0.97%)
[05-12 13:00:37]   → UNI: ADD (RSI:36.4 动量:-1.62%)
[05-12 13:00:37]   → PUMP: BUY (RSI:34.4 动量:-4.00%)
[05-12 13:01:17] [05-12 13:01:07] 扫描 9币 | 买入信号:3 卖出信号:0 HOLD:6
[05-12 13:01:17]   → ETH: ADD (RSI:33.2 动量:-0.95%)
[05-12 13:01:17]   → UNI: ADD (RSI:37.2 动量:-1.51%)
[05-12 13:01:17]   → PUMP: BUY (RSI:34.8 动量:-3.95%)
[05-12 13:01:56] [05-12 13:01:47] 扫描 9币 | 买入信号:3 卖出信号:0 HOLD:6
[05-12 13:01:56]   → ETH: ADD (RSI:33.7 动量:-0.92%)
[05-12 13:01:56]   → UNI: ADD (RSI:37.6 动量:-1.46%)
[05-12 13:01:56]   → PUMP: BUY (RSI:34.8 动量:-3.95%)
[05-12 13:02:35] [05-12 13:02:26] 扫描 9币 | 买入信号:3 卖出信号:0 HOLD:6
[05-12 13:02:35]   → ETH: ADD (RSI:33.6 动量:-0.93%)
[05-12 13:02:35]   → UNI: ADD (RSI:37.6 动量:-1.46%)
[05-12 13:02:35]   → PUMP: BUY (RSI:34.8 动量:-3.95%)
[05-12 13:03:16] [05-12 13:03:05] 扫描 9币 | 买入信号:2 卖出信号:0 HOLD:7
[05-12 13:03:16]   → ETH: ADD (RSI:33.6 动量:-0.93%)
[05-12 13:03:16]   → UNI: ADD (RSI:37.6 动量:-1.46%)
[05-12 13:03:54] [05-12 13:03:46] 扫描 8币 | 买入信号:1 卖出信号:0 HOLD:7
[05-12 13:03:54]   → ETH: ADD (RSI:33.8 动量:-0.92%)
[05-12 13:04:33] [05-12 13:04:24] 扫描 9币 | 买入信号:2 卖出信号:0 HOLD:7
[05-12 13:04:33]   → ETH: ADD (RSI:33.6 动量:-0.93%)
[05-12 13:04:33]   → UNI: ADD (RSI:37.6 动量:-1.46%)
[05-12 13:05:12] [05-12 13:05:03] 扫描 9币 | 买入信号:2 卖出信号:0 HOLD:7
[05-12 13:05:12]   → ETH: ADD (RSI:34.8 动量:-0.88%)
[05-12 13:05:12]   → UNI: ADD (RSI:37.6 动量:-1.46%)
[05-12 13:05:51] [05-12 13:05:42] 扫描 9币 | 买入信号:2 卖出信号:0 HOLD:7
[05-12 13:05:51]   → ETH: ADD (RSI:35.0 动量:-0.87%)
[05-12 13:05:51]   → UNI: ADD (RSI:38.1 动量:-1.41%)
[05-12 13:06:30] [05-12 13:06:21] 扫描 9币 | 买入信号:2 卖出信号:0 HOLD:7
[05-12 13:06:30]   → ETH: ADD (RSI:34.4 动量:-0.89%)
[05-12 13:06:30]   → UNI: ADD (RSI:37.9 动量:-1.44%)
[05-12 13:07:09] [05-12 13:07:00] 扫描 9币 | 买入信号:2 卖出信号:0 HOLD:7
[05-12 13:07:09]   → ETH: ADD (RSI:34.2 动量:-0.91%)
[05-12 13:07:09]   → UNI: ADD (RSI:38.1 动量:-1.41%)
[05-12 13:07:48] [05-12 13:07:39] 扫描 9币 | 买入信号:2 卖出信号:0 HOLD:7
[05-12 13:07:48]   → ETH: ADD (RSI:33.4 动量:-0.94%)
[05-12 13:07:48]   → UNI: ADD (RSI:37.9 动量:-1.44%)
[05-12 13:08:27] [05-12 13:08:18] 扫描 9币 | 买入信号:2 卖出信号:0 HOLD:7
[05-12 13:08:27]   → ETH: ADD (RSI:33.4 动量:-0.94%)
[05-12 13:08:27]   → UNI: ADD (RSI:37.9 动量:-1.44%)
[05-12 13:09:06] [05-12 13:08:57] 扫描 9币 | 买入信号:2 卖出信号:0 HOLD:7
[05-12 13:09:06]   → ETH: ADD (RSI:33.6 动量:-0.93%)
[05-12 13:09:06]   → UNI: ADD (RSI:37.6 动量:-1.46%)
[05-12 13:09:45] [05-12 13:09:36] 扫描 9币 | 买入信号:3 卖出信号:0 HOLD:6
[05-12 13:09:45]   → ETH: ADD (RSI:33.6 动量:-0.93%)
[05-12 13:09:45]   → UNI: ADD (RSI:37.4 动量:-1.49%)
[05-12 13:09:45]   → PUMP: BUY (RSI:34.4 动量:-4.00%)
[05-12 13:10:24] [05-12 13:10:15] 扫描 8币 | 买入信号:3 卖出信号:0 HOLD:5
[05-12 13:10:24]   → ETH: ADD (RSI:33.0 动量:-0.95%)
[05-12 13:10:24]   → UNI: ADD (RSI:37.9 动量:-1.44%)
[05-12 13:10:24]   → PUMP: BUY (RSI:34.4 动量:-4.00%)
[05-12 13:11:03] [05-12 13:10:54] 扫描 9币 | 买入信号:3 卖出信号:0 HOLD:6
[05-12 13:11:03]   → ETH: ADD (RSI:33.0 动量:-0.95%)
[05-12 13:11:03]   → UNI: ADD (RSI:37.9 动量:-1.44%)
[05-12 13:11:03]   → PUMP: BUY (RSI:34.4 动量:-4.00%)
[05-12 13:11:42] [05-12 13:11:33] 扫描 9币 | 买入信号:3 卖出信号:0 HOLD:6
[05-12 13:11:42]   → ETH: ADD (RSI:32.9 动量:-0.96%)
[05-12 13:11:42]   → UNI: ADD (RSI:37.6 动量:-1.46%)
[05-12 13:11:42]   → PUMP: BUY (RSI:34.4 动量:-4.00%)
[05-12 13:12:21] [05-12 13:12:12] 扫描 9币 | 买入信号:3 卖出信号:0 HOLD:6
[05-12 13:12:21]   → ETH: ADD (RSI:32.6 动量:-0.98%)
[05-12 13:12:21]   → UNI: ADD (RSI:37.4 动量:-1.49%)
[05-12 13:12:21]   → PUMP: BUY (RSI:34.8 动量:-3.95%)
[05-12 13:13:00] [05-12 13:12:52] 扫描 9币 | 买入信号:3 卖出信号:0 HOLD:6
[05-12 13:13:00]   → ETH: ADD (RSI:32.2 动量:-1.01%)
[05-12 13:13:00]   → UNI: ADD (RSI:36.7 动量:-1.57%)
[05-12 13:13:00]   → PUMP: BUY (RSI:34.8 动量:-3.95%)
[05-12 13:13:39] [05-12 13:13:30] 扫描 9币 | 买入信号:3 卖出信号:0 HOLD:6
[05-12 13:13:39]   → ETH: ADD (RSI:32.1 动量:-1.02%)
[05-12 13:13:39]   → UNI: ADD (RSI:36.9 动量:-1.54%)
[05-12 13:13:39]   → PUMP: BUY (RSI:34.8 动量:-3.95%)
[05-12 13:14:18] [05-12 13:14:09] 扫描 9币 | 买入信号:3 卖出信号:0 HOLD:6
[05-12 13:14:18]   → ETH: ADD (RSI:32.3 动量:-1.00%)
[05-12 13:14:18]   → UNI: ADD (RSI:37.4 动量:-1.49%)
[05-12 13:14:18]   → PUMP: BUY (RSI:34.8 动量:-3.95%)
[05-12 13:14:57] [05-12 13:14:48] 扫描 9币 | 买入信号:3 卖出信号:0 HOLD:6
[05-12 13:14:57]   → ETH: ADD (RSI:32.6 动量:-0.98%)
[05-12 13:14:57]   → UNI: ADD (RSI:37.4 动量:-1.49%)
[05-12 13:14:57]   → PUMP: BUY (RSI:34.8 动量:-3.95%)
[05-12 13:15:36] [05-12 13:15:27] 扫描 9币 | 买入信号:2 卖出信号:0 HOLD:7
[05-12 13:15:36]   → ETH: ADD (RSI:33.1 动量:-0.95%)
[05-12 13:15:36]   → UNI: ADD (RSI:38.1 动量:-1.41%)
[05-12 13:16:16] [05-12 13:16:06] 扫描 9币 | 买入信号:2 卖出信号:0 HOLD:7
[05-12 13:16:16]   → ETH: ADD (RSI:33.1 动量:-0.95%)
[05-12 13:16:16]   → UNI: ADD (RSI:37.6 动量:-1.46%)
[05-12 13:16:54] [05-12 13:16:46] 扫描 9币 | 买入信号:2 卖出信号:0 HOLD:7
[05-12 13:16:54]   → ETH: ADD (RSI:32.6 动量:+0.00%)
[05-12 13:16:54]   → UNI: ADD (RSI:37.2 动量:-1.51%)
[05-12 13:17:33] [05-12 13:17:24] 扫描 9币 | 买入信号:2 卖出信号:0 HOLD:7
[05-12 13:17:33]   → ETH: ADD (RSI:32.7 动量:-0.97%)
[05-12 13:17:33]   → UNI: ADD (RSI:36.9 动量:-1.54%)
[05-12 13:18:12] [05-12 13:18:03] 扫描 9币 | 买入信号:2 卖出信号:0 HOLD:7
[05-12 13:18:12]   → ETH: ADD (RSI:33.0 动量:-0.95%)
[05-12 13:18:12]   → UNI: ADD (RSI:37.4 动量:-1.49%)
[05-12 13:18:51] [05-12 13:18:42] 扫描 9币 | 买入信号:2 卖出信号:0 HOLD:7
[05-12 13:18:51]   → ETH: ADD (RSI:33.5 动量:-0.93%)
[05-12 13:18:51]   → UNI: ADD (RSI:38.8 动量:-1.33%)
[05-12 13:19:31] [05-12 13:19:21] 扫描 9币 | 买入信号:2 卖出信号:0 HOLD:7
[05-12 13:19:31]   → ETH: ADD (RSI:33.8 动量:-0.92%)
[05-12 13:19:31]   → UNI: ADD (RSI:39.0 动量:-1.31%)
[05-12 13:20:10] [05-12 13:20:01] 扫描 9币 | 买入信号:2 卖出信号:0 HOLD:7
[05-12 13:20:10]   → ETH: ADD (RSI:33.5 动量:-0.93%)
[05-12 13:20:10]   → UNI: ADD (RSI:37.6 动量:-1.46%)
[05-12 13:20:49] [05-12 13:20:40] 扫描 9币 | 买入信号:2 卖出信号:0 HOLD:7
[05-12 13:20:49]   → ETH: ADD (RSI:34.5 动量:-0.89%)
[05-12 13:20:49]   → UNI: ADD (RSI:37.6 动量:-1.46%)
[05-12 13:21:28] [05-12 13:21:19] 扫描 9币 | 买入信号:2 卖出信号:0 HOLD:7
[05-12 13:21:28]   → ETH: ADD (RSI:34.0 动量:-0.91%)
[05-12 13:21:28]   → UNI: ADD (RSI:37.9 动量:-1.44%)
[05-12 13:22:06] [05-12 13:21:58] 扫描 9币 | 买入信号:2 卖出信号:0 HOLD:7
[05-12 13:22:06]   → ETH: ADD (RSI:34.1 动量:-0.91%)
[05-12 13:22:06]   → UNI: ADD (RSI:38.3 动量:-1.39%)
[05-12 13:22:45] [05-12 13:22:36] 扫描 9币 | 买入信号:2 卖出信号:0 HOLD:7
[05-12 13:22:45]   → ETH: ADD (RSI:34.5 动量:-0.89%)
[05-12 13:22:45]   → UNI: ADD (RSI:38.6 动量:-1.36%)
[05-12 13:23:24] [05-12 13:23:15] 扫描 9币 | 买入信号:2 卖出信号:0 HOLD:7
[05-12 13:23:24]   → ETH: ADD (RSI:34.5 动量:-0.89%)
[05-12 13:23:24]   → UNI: ADD (RSI:38.6 动量:-1.36%)
[05-12 13:24:04] [05-12 13:23:54] 扫描 9币 | 买入信号:2 卖出信号:0 HOLD:7
[05-12 13:24:04]   → ETH: ADD (RSI:34.4 动量:-0.89%)
[05-12 13:24:04]   → UNI: ADD (RSI:38.6 动量:-1.36%)
[05-12 13:24:44] [05-12 13:24:34] 扫描 9币 | 买入信号:2 卖出信号:0 HOLD:7
[05-12 13:24:44]   → ETH: ADD (RSI:34.3 动量:-0.90%)
[05-12 13:24:44]   → UNI: ADD (RSI:38.1 动量:-1.41%)
[05-12 13:25:23] [05-12 13:25:14] 扫描 9币 | 买入信号:2 卖出信号:0 HOLD:7
[05-12 13:25:23]   → ETH: ADD (RSI:34.2 动量:-0.91%)
[05-12 13:25:23]   → UNI: ADD (RSI:38.1 动量:-1.41%)
[05-12 13:26:02] [05-12 13:25:53] 扫描 9币 | 买入信号:2 卖出信号:0 HOLD:7
[05-12 13:26:02]   → ETH: ADD (RSI:34.3 动量:-0.90%)
[05-12 13:26:02]   → UNI: ADD (RSI:38.1 动量:-1.41%)
[05-12 13:26:41] [05-12 13:26:32] 扫描 9币 | 买入信号:1 卖出信号:0 HOLD:8
[05-12 13:26:41]   → ETH: ADD (RSI:35.4 动量:-0.85%)
[05-12 13:27:21] [05-12 13:27:11] 扫描 9币 | 买入信号:2 卖出信号:0 HOLD:7
[05-12 13:27:21]   → ETH: ADD (RSI:35.4 动量:-0.85%)
[05-12 13:27:21]   → UNI: ADD (RSI:38.1 动量:-1.41%)
[05-12 13:27:59] [05-12 13:27:51] 扫描 8币 | 买入信号:1 卖出信号:0 HOLD:7
[05-12 13:27:59]   → ETH: ADD (RSI:35.4 动量:-0.85%)
[05-12 13:28:39] [05-12 13:28:29] 扫描 9币 | 买入信号:2 卖出信号:0 HOLD:7
[05-12 13:28:39]   → ETH: ADD (RSI:35.1 动量:-0.86%)
[05-12 13:28:39]   → UNI: ADD (RSI:37.9 动量:-1.44%)
[05-12 13:29:17] [05-12 13:29:09] 扫描 9币 | 买入信号:2 卖出信号:0 HOLD:7
[05-12 13:29:17]   → ETH: ADD (RSI:34.8 动量:-0.88%)
[05-12 13:29:17]   → UNI: ADD (RSI:37.2 动量:-1.51%)
[05-12 13:29:56] [05-12 13:29:47] 扫描 9币 | 买入信号:2 卖出信号:0 HOLD:7
[05-12 13:29:56]   → ETH: ADD (RSI:34.8 动量:-0.87%)
[05-12 13:29:56]   → UNI: ADD (RSI:37.4 动量:-1.49%)
[05-12 13:30:35] [05-12 13:30:26] 扫描 9币 | 买入信号:2 卖出信号:0 HOLD:7
[05-12 13:30:35]   → ETH: ADD (RSI:35.6 动量:-0.84%)
[05-12 13:30:35]   → UNI: ADD (RSI:37.9 动量:-1.44%)
[05-12 13:31:14] [05-12 13:31:05] 扫描 9币 | 买入信号:2 卖出信号:0 HOLD:7
[05-12 13:31:14]   → ETH: ADD (RSI:35.3 动量:-0.86%)
[05-12 13:31:14]   → UNI: ADD (RSI:38.1 动量:-1.41%)
[05-12 13:31:54] [05-12 13:31:44] 扫描 9币 | 买入信号:2 卖出信号:0 HOLD:7
[05-12 13:31:54]   → ETH: ADD (RSI:35.7 动量:-0.84%)
[05-12 13:31:54]   → UNI: ADD (RSI:38.1 动量:-1.41%)
[05-12 13:32:32] [05-12 13:32:24] 扫描 9币 | 买入信号:2 卖出信号:0 HOLD:7
[05-12 13:32:32]   → ETH: ADD (RSI:35.2 动量:-0.86%)
[05-12 13:32:32]   → UNI: ADD (RSI:37.9 动量:-1.44%)
[05-12 13:33:11] [05-12 13:33:02] 扫描 9币 | 买入信号:3 卖出信号:0 HOLD:6
[05-12 13:33:11]   → ETH: ADD (RSI:34.6 动量:-0.89%)
[05-12 13:33:11]   → UNI: ADD (RSI:37.4 动量:-1.49%)
[05-12 13:33:11]   → PUMP: BUY (RSI:34.8 动量:-3.95%)
[05-12 13:33:51] [05-12 13:33:41] 扫描 9币 | 买入信号:3 卖出信号:0 HOLD:6
[05-12 13:33:51]   → ETH: ADD (RSI:34.0 动量:-0.91%)
[05-12 13:33:51]   → UNI: ADD (RSI:37.4 动量:-1.49%)
[05-12 13:33:51]   → PUMP: BUY (RSI:34.2 动量:-4.05%)
[05-12 13:34:29] [05-12 13:34:21] 扫描 9币 | 买入信号:3 卖出信号:0 HOLD:6
[05-12 13:34:29]   → ETH: ADD (RSI:33.3 动量:-0.94%)
[05-12 13:34:29]   → UNI: ADD (RSI:37.4 动量:-1.49%)
[05-12 13:34:29]   → PUMP: BUY (RSI:33.9 动量:-4.14%)
[05-12 13:35:09] [05-12 13:34:59] 扫描 9币 | 买入信号:3 卖出信号:0 HOLD:6
[05-12 13:35:09]   → ETH: ADD (RSI:32.3 动量:-1.00%)
[05-12 13:35:09]   → UNI: ADD (RSI:35.3 动量:-1.82%)
[05-12 13:35:09]   → PUMP: BUY (RSI:34.1 动量:-4.10%)
[05-12 13:35:48] [05-12 13:35:39] 扫描 9币 | 买入信号:3 卖出信号:0 HOLD:6
[05-12 13:35:48]   → ETH: ADD (RSI:32.5 动量:-0.99%)
[05-12 13:35:48]   → UNI: ADD (RSI:35.4 动量:-1.80%)
[05-12 13:35:48]   → PUMP: BUY (RSI:34.4 动量:-4.00%)
[05-12 13:36:27] [05-12 13:36:18] 扫描 9币 | 买入信号:3 卖出信号:0 HOLD:6
[05-12 13:36:27]   → ETH: ADD (RSI:32.9 动量:-0.96%)
[05-12 13:36:27]   → UNI: ADD (RSI:35.6 动量:-1.77%)
[05-12 13:36:27]   → PUMP: BUY (RSI:34.8 动量:-3.95%)
[05-12 13:37:06] [05-12 13:36:57] 扫描 9币 | 买入信号:3 卖出信号:0 HOLD:6
[05-12 13:37:06]   → ETH: ADD (RSI:32.8 动量:-0.96%)
[05-12 13:37:06]   → UNI: ADD (RSI:35.6 动量:-1.80%)
[05-12 13:37:06]   → PUMP: BUY (RSI:34.4 动量:-4.00%)
[05-12 13:37:46] [05-12 13:37:36] 扫描 9币 | 买入信号:3 卖出信号:0 HOLD:6
[05-12 13:37:46]   → ETH: ADD (RSI:33.4 动量:-0.94%)
[05-12 13:37:46]   → UNI: ADD (RSI:35.7 动量:-1.75%)
[05-12 13:37:46]   → PUMP: BUY (RSI:34.8 动量:-3.95%)
[05-12 13:38:25] [05-12 13:38:16] 扫描 9币 | 买入信号:3 卖出信号:0 HOLD:6
[05-12 13:38:25]   → ETH: ADD (RSI:32.9 动量:-0.96%)
[05-12 13:38:25]   → UNI: ADD (RSI:35.8 动量:-1.72%)
[05-12 13:38:25]   → PUMP: BUY (RSI:34.4 动量:-4.00%)
[05-12 13:39:03] [05-12 13:38:55] 扫描 9币 | 买入信号:3 卖出信号:0 HOLD:6
[05-12 13:39:03]   → ETH: ADD (RSI:33.1 动量:-0.95%)
[05-12 13:39:03]   → UNI: ADD (RSI:36.0 动量:-1.69%)
[05-12 13:39:03]   → PUMP: BUY (RSI:34.1 动量:-4.10%)
[05-12 18:55:38] ============================================================
[05-12 18:55:38] G27 Oracle 持续监控启动
[05-12 18:55:38] 扫描间隔: 30秒
[05-12 18:55:38] ============================================================
[05-12 18:55:48] [05-12 18:55:38] 扫描 9币 | 买入信号:7 卖出信号:0 HOLD:2
[05-12 18:55:48]   → ETH: BUY (RSI:17.3 动量:-2.19%)
[05-12 18:55:48]   → LINK: BUY (RSI:15.7 动量:-2.84%)
[05-12 18:55:48]   → SOL: ADD (RSI:24.3 动量:-0.28%)
[05-12 18:55:48]   → UNI: BUY (RSI:24.1 动量:-3.48%)
[05-12 18:55:48]   → BOME: ADD (RSI:20.3 动量:-1.94%)
[05-12 18:55:48]   → TURBO: BUY (RSI:24.3 动量:-3.10%)
[05-12 18:55:48]   → PUMP: BUY (RSI:17.8 动量:-4.86%)
[05-12 18:56:28] [05-12 18:56:18] 扫描 9币 | 买入信号:7 卖出信号:0 HOLD:2
[05-12 18:56:28]   → ETH: BUY (RSI:17.5 动量:-2.14%)
[05-12 18:56:28]   → LINK: BUY (RSI:15.7 动量:-2.84%)
[05-12 18:56:28]   → SOL: ADD (RSI:24.3 动量:-0.27%)
[05-12 18:56:28]   → UNI: BUY (RSI:24.3 动量:-3.43%)
[05-12 18:56:28]   → BOME: ADD (RSI:20.7 动量:-1.78%)
[05-12 18:56:28]   → TURBO: BUY (RSI:24.8 动量:-2.95%)
[05-12 18:56:28]   → PUMP: BUY (RSI:18.1 动量:-4.71%)
[05-12 18:57:09] [05-12 18:56:58] 扫描 9币 | 买入信号:7 卖出信号:0 HOLD:2
[05-12 18:57:09]   → ETH: BUY (RSI:17.5 动量:-2.15%)
[05-12 18:57:09]   → LINK: BUY (RSI:16.0 动量:-2.74%)
[05-12 18:57:09]   → SOL: ADD (RSI:24.2 动量:-0.30%)
[05-12 18:57:09]   → UNI: BUY (RSI:24.4 动量:-3.40%)
[05-12 18:57:09]   → BOME: ADD (RSI:20.7 动量:-1.78%)
[05-12 18:57:09]   → TURBO: BUY (RSI:24.8 动量:-2.95%)
[05-12 18:57:09]   → PUMP: BUY (RSI:17.9 动量:-4.81%)
[05-12 18:57:50] [05-12 18:57:39] 扫描 9币 | 买入信号:7 卖出信号:0 HOLD:2
[05-12 18:57:50]   → ETH: BUY (RSI:17.6 动量:-2.13%)
[05-12 18:57:50]   → LINK: BUY (RSI:16.0 动量:-2.74%)
[05-12 18:57:50]   → SOL: ADD (RSI:24.2 动量:-0.29%)
[05-12 18:57:50]   → UNI: BUY (RSI:24.8 动量:-3.32%)
[05-12 18:57:50]   → BOME: ADD (RSI:21.1 动量:-1.62%)
[05-12 18:57:50]   → TURBO: BUY (RSI:24.8 动量:-2.95%)
[05-12 18:57:50]   → PUMP: BUY (RSI:17.9 动量:-4.81%)
[05-12 18:58:30] [05-12 18:58:20] 扫描 9币 | 买入信号:7 卖出信号:0 HOLD:2
[05-12 18:58:30]   → ETH: BUY (RSI:17.6 动量:-2.13%)
[05-12 18:58:30]   → LINK: BUY (RSI:16.0 动量:-2.74%)
[05-12 18:58:30]   → SOL: ADD (RSI:24.1 动量:-0.31%)
[05-12 18:58:30]   → UNI: BUY (RSI:24.5 动量:-3.38%)
[05-12 18:58:30]   → BOME: ADD (RSI:21.4 动量:-1.46%)
[05-12 18:58:30]   → TURBO: BUY (RSI:25.0 动量:-2.87%)
[05-12 18:58:30]   → PUMP: BUY (RSI:18.1 动量:-4.76%)
[05-12 18:59:11] [05-12 18:59:00] 扫描 9币 | 买入信号:7 卖出信号:0 HOLD:2
[05-12 18:59:11]   → ETH: BUY (RSI:17.6 动量:-2.13%)
[05-12 18:59:11]   → LINK: BUY (RSI:16.0 动量:-2.74%)
[05-12 18:59:11]   → SOL: ADD (RSI:24.4 动量:-0.26%)
[05-12 18:59:11]   → UNI: BUY (RSI:24.6 动量:-3.35%)
[05-12 18:59:11]   → BOME: ADD (RSI:21.4 动量:-1.46%)
[05-12 18:59:11]   → TURBO: BUY (RSI:25.0 动量:-2.87%)
[05-12 18:59:11]   → PUMP: BUY (RSI:18.1 动量:-4.76%)
[05-12 18:59:51] [05-12 18:59:41] 扫描 9币 | 买入信号:7 卖出信号:0 HOLD:2
[05-12 18:59:51]   → ETH: BUY (RSI:17.6 动量:-2.13%)
[05-12 18:59:51]   → LINK: BUY (RSI:16.0 动量:-2.74%)
[05-12 18:59:51]   → SOL: ADD (RSI:24.3 动量:-0.28%)
[05-12 18:59:51]   → UNI: BUY (RSI:24.7 动量:-3.32%)
[05-12 18:59:51]   → BOME: ADD (RSI:21.1 动量:-1.62%)
[05-12 18:59:51]   → TURBO: BUY (RSI:25.0 动量:-2.87%)
[05-12 18:59:51]   → PUMP: BUY (RSI:18.2 动量:-4.71%)
[05-12 19:00:32] [05-12 19:00:21] 扫描 9币 | 买入信号:7 卖出信号:0 HOLD:2
[05-12 19:00:32]   → ETH: ADD (RSI:15.2 动量:-1.85%)
[05-12 19:00:32]   → LINK: BUY (RSI:16.7 动量:-2.28%)
[05-12 19:00:32]   → SOL: ADD (RSI:25.6 动量:+0.21%)
[05-12 19:00:32]   → UNI: BUY (RSI:26.2 动量:-2.85%)
[05-12 19:00:32]   → BOME: ADD (RSI:23.1 动量:-0.98%)
[05-12 19:00:32]   → TURBO: BUY (RSI:26.9 动量:-2.28%)
[05-12 19:00:32]   → PUMP: BUY (RSI:18.7 动量:-3.80%)
[05-12 19:01:13] [05-12 19:01:02] 扫描 9币 | 买入信号:7 卖出信号:0 HOLD:2
[05-12 19:01:13]   → ETH: ADD (RSI:15.2 动量:-1.85%)
[05-12 19:01:13]   → LINK: BUY (RSI:17.0 动量:-2.19%)
[05-12 19:01:13]   → SOL: ADD (RSI:25.6 动量:+0.21%)
[05-12 19:01:13]   → UNI: BUY (RSI:25.8 动量:-2.93%)
[05-12 19:01:13]   → BOME: ADD (RSI:23.1 动量:-0.98%)
[05-12 19:01:13]   → TURBO: BUY (RSI:26.9 动量:-2.28%)
[05-12 19:01:13]   → PUMP: BUY (RSI:18.5 动量:-3.85%)
[05-12 19:01:52] [05-12 19:01:43] 扫描 8币 | 买入信号:6 卖出信号:0 HOLD:2
[05-12 19:01:52]   → ETH: ADD (RSI:14.9 动量:-1.86%)
[05-12 19:01:52]   → LINK: BUY (RSI:16.7 动量:-2.28%)
[05-12 19:01:52]   → SOL: ADD (RSI:25.3 动量:+0.16%)
[05-12 19:01:52]   → UNI: BUY (RSI:25.3 动量:-3.01%)
[05-12 19:01:52]   → BOME: ADD (RSI:22.6 动量:-1.14%)
[05-12 19:01:52]   → PUMP: BUY (RSI:18.2 动量:-3.99%)
[05-12 19:02:32] [05-12 19:02:23] 扫描 8币 | 买入信号:6 卖出信号:0 HOLD:2
[05-12 19:02:32]   → ETH: ADD (RSI:14.7 动量:-1.91%)
[05-12 19:02:32]   → LINK: BUY (RSI:16.7 动量:-2.28%)
[05-12 19:02:32]   → SOL: ADD (RSI:25.0 动量:+0.11%)
[05-12 19:02:32]   → BOME: ADD (RSI:22.2 动量:-1.30%)
[05-12 19:02:32]   → TURBO: BUY (RSI:26.0 动量:-2.43%)
[05-12 19:02:32]   → PUMP: BUY (RSI:18.1 动量:-4.04%)
[05-12 19:03:12] [05-12 19:03:02] 扫描 9币 | 买入信号:7 卖出信号:0 HOLD:2
[05-12 19:03:12]   → ETH: ADD (RSI:14.8 动量:-1.89%)
[05-12 19:03:12]   → LINK: BUY (RSI:16.3 动量:-2.38%)
[05-12 19:03:12]   → SOL: ADD (RSI:25.1 动量:+0.12%)
[05-12 19:03:12]   → UNI: BUY (RSI:24.2 动量:-3.31%)
[05-12 19:03:12]   → BOME: ADD (RSI:22.2 动量:-1.30%)
[05-12 19:03:12]   → TURBO: BUY (RSI:26.0 动量:-2.43%)
[05-12 19:03:12]   → PUMP: BUY (RSI:18.1 动量:-4.04%)
[05-12 19:03:53] [05-12 19:03:42] 扫描 9币 | 买入信号:7 卖出信号:0 HOLD:2
[05-12 19:03:53]   → ETH: ADD (RSI:15.2 动量:-1.85%)
[05-12 19:03:53]   → LINK: BUY (RSI:16.3 动量:-2.38%)
[05-12 19:03:53]   → SOL: ADD (RSI:25.5 动量:+0.20%)
[05-12 19:03:53]   → UNI: BUY (RSI:24.6 动量:-3.19%)
[05-12 19:03:53]   → BOME: ADD (RSI:22.2 动量:-1.30%)
[05-12 19:03:53]   → TURBO: BUY (RSI:26.2 动量:-2.35%)
[05-12 19:03:53]   → PUMP: BUY (RSI:18.3 动量:-3.94%)
[05-12 19:04:33] [05-12 19:04:23] 扫描 9币 | 买入信号:7 卖出信号:0 HOLD:2
[05-12 19:04:33]   → ETH: ADD (RSI:15.2 动量:-1.85%)
[05-12 19:04:33]   → LINK: BUY (RSI:16.7 动量:-2.28%)
[05-12 19:04:33]   → SOL: ADD (RSI:25.3 动量:+0.16%)
[05-12 19:04:33]   → UNI: BUY (RSI:24.5 动量:-3.21%)
[05-12 19:04:33]   → BOME: ADD (RSI:22.6 动量:-1.14%)
[05-12 19:04:33]   → TURBO: BUY (RSI:26.2 动量:-2.35%)
[05-12 19:04:33]   → PUMP: BUY (RSI:18.2 动量:-3.99%)
[05-12 19:05:14] [05-12 19:05:03] 扫描 9币 | 买入信号:7 卖出信号:0 HOLD:2
[05-12 19:05:14]   → ETH: ADD (RSI:14.8 动量:-1.89%)
[05-12 19:05:14]   → LINK: BUY (RSI:16.3 动量:-2.38%)
[05-12 19:05:14]   → SOL: ADD (RSI:24.9 动量:+0.08%)
[05-12 19:05:14]   → UNI: BUY (RSI:23.7 动量:-3.42%)
[05-12 19:05:14]   → BOME: ADD (RSI:21.8 动量:-1.47%)
[05-12 19:05:14]   → TURBO: BUY (RSI:25.2 动量:-2.66%)
[05-12 19:05:14]   → PUMP: BUY (RSI:17.9 动量:-4.09%)
[05-12 19:05:55] [05-12 19:05:44] 扫描 9币 | 买入信号:7 卖出信号:0 HOLD:2
[05-12 19:05:55]   → ETH: ADD (RSI:14.4 动量:-1.98%)
[05-12 19:05:55]   → LINK: BUY (RSI:15.7 动量:-2.57%)
[05-12 19:05:55]   → SOL: ADD (RSI:24.3 动量:-0.05%)
[05-12 19:05:55]   → UNI: BUY (RSI:23.5 动量:-3.47%)
[05-12 19:05:55]   → BOME: ADD (RSI:21.8 动量:-1.47%)
[05-12 19:05:55]   → TURBO: BUY (RSI:25.2 动量:-2.66%)
[05-12 19:05:55]   → PUMP: BUY (RSI:17.7 动量:-4.18%)
[05-12 19:06:35] [05-12 19:06:25] 扫描 9币 | 买入信号:7 卖出信号:0 HOLD:2
[05-12 19:06:35]   → ETH: ADD (RSI:14.3 动量:-2.00%)
[05-12 19:06:35]   → LINK: BUY (RSI:15.7 动量:-2.57%)
[05-12 19:06:35]   → SOL: ADD (RSI:24.3 动量:-0.04%)
[05-12 19:06:35]   → UNI: BUY (RSI:23.3 动量:-3.52%)
[05-12 19:06:35]   → BOME: ADD (RSI:21.4 动量:-1.63%)
[05-12 19:06:35]   → TURBO: BUY (RSI:25.2 动量:-2.66%)
[05-12 19:06:35]   → PUMP: BUY (RSI:17.8 动量:-4.13%)
[05-12 19:07:16] [05-12 19:07:05] 扫描 9币 | 买入信号:7 卖出信号:0 HOLD:2
[05-12 19:07:16]   → ETH: BUY (RSI:14.2 动量:-2.02%)
[05-12 19:07:16]   → LINK: BUY (RSI:16.0 动量:-2.47%)
[05-12 19:07:16]   → SOL: ADD (RSI:24.2 动量:-0.06%)
[05-12 19:07:16]   → UNI: BUY (RSI:23.7 动量:-3.42%)
[05-12 19:07:16]   → BOME: ADD (RSI:21.8 动量:-1.47%)
[05-12 19:07:16]   → TURBO: BUY (RSI:25.5 动量:-2.58%)
[05-12 19:07:16]   → PUMP: BUY (RSI:17.9 动量:-4.09%)
[05-12 19:07:57] [05-12 19:07:46] 扫描 9币 | 买入信号:7 卖出信号:0 HOLD:2
[05-12 19:07:57]   → ETH: BUY (RSI:14.1 动量:-2.05%)
[05-12 19:07:57]   → LINK: BUY (RSI:16.0 动量:-2.47%)
[05-12 19:07:57]   → SOL: ADD (RSI:24.2 动量:-0.07%)
[05-12 19:07:57]   → UNI: BUY (RSI:23.6 动量:-3.44%)
[05-12 19:07:57]   → BOME: ADD (RSI:21.8 动量:-1.47%)
[05-12 19:07:57]   → TURBO: BUY (RSI:25.5 动量:-2.58%)
[05-12 19:07:57]   → PUMP: BUY (RSI:17.9 动量:-4.04%)
[05-12 19:08:37] [05-12 19:08:27] 扫描 9币 | 买入信号:7 卖出信号:0 HOLD:2
[05-12 19:08:37]   → ETH: BUY (RSI:14.0 动量:-2.08%)
[05-12 19:08:37]   → LINK: BUY (RSI:16.3 动量:-2.47%)
[05-12 19:08:37]   → SOL: ADD (RSI:24.6 动量:+0.01%)
[05-12 19:08:37]   → UNI: BUY (RSI:23.6 动量:-3.44%)
[05-12 19:08:37]   → BOME: ADD (RSI:21.8 动量:-1.47%)
[05-12 19:08:37]   → TURBO: BUY (RSI:25.7 动量:-2.51%)
[05-12 19:08:37]   → PUMP: BUY (RSI:18.3 动量:-3.94%)
[05-12 19:09:19] [05-12 19:09:07] 扫描 9币 | 买入信号:7 卖出信号:0 HOLD:2
[05-12 19:09:19]   → ETH: ADD (RSI:14.6 动量:-1.93%)
[05-12 19:09:19]   → LINK: BUY (RSI:16.7 动量:-2.28%)
[05-12 19:09:19]   → SOL: ADD (RSI:25.1 动量:+0.13%)
[05-12 19:09:19]   → UNI: BUY (RSI:24.1 动量:-3.31%)
[05-12 19:09:19]   → BOME: ADD (RSI:22.2 动量:-1.30%)
[05-12 19:09:19]   → TURBO: BUY (RSI:26.0 动量:-2.43%)
[05-12 19:09:19]   → PUMP: BUY (RSI:18.5 动量:-3.85%)
[05-12 19:09:59] [05-12 19:09:49] 扫描 9币 | 买入信号:7 卖出信号:0 HOLD:2
[05-12 19:09:59]   → ETH: ADD (RSI:14.5 动量:-1.96%)
[05-12 19:09:59]   → LINK: BUY (RSI:16.7 动量:-2.28%)
[05-12 19:09:59]   → SOL: ADD (RSI:25.0 动量:+0.11%)
[05-12 19:09:59]   → UNI: BUY (RSI:24.0 动量:-3.34%)
[05-12 19:09:59]   → BOME: ADD (RSI:21.8 动量:-1.47%)
[05-12 19:09:59]   → TURBO: BUY (RSI:26.0 动量:-2.43%)
[05-12 19:09:59]   → PUMP: BUY (RSI:18.7 动量:-3.80%)
[05-12 19:10:39] [05-12 19:10:29] 扫描 9币 | 买入信号:7 卖出信号:0 HOLD:2
[05-12 19:10:39]   → ETH: ADD (RSI:14.9 动量:-1.87%)
[05-12 19:10:39]   → LINK: BUY (RSI:17.0 动量:-2.19%)
[05-12 19:10:39]   → SOL: ADD (RSI:25.4 动量:+0.19%)
[05-12 19:10:39]   → UNI: BUY (RSI:24.8 动量:-3.13%)
[05-12 19:10:39]   → BOME: ADD (RSI:22.6 动量:-1.14%)
[05-12 19:10:39]   → TURBO: BUY (RSI:27.6 动量:-2.20%)
[05-12 19:10:39]   → PUMP: BUY (RSI:21.3 动量:-3.56%)
