G28 收益最大化 + 资产流转管理系统启动

======================================================================
🌟 G28 收益最大化 + 资产流转管理 [2026-05-11 23:44:32]
======================================================================

当前持仓: ['ETH', 'BNB', 'USDT', 'LINK', 'SOL', 'UNI', 'BOME', 'NEIRO', 'TURBO', 'PUMP']
USDT: $164.83

======================================================================
【流动性管理分析】
======================================================================

总资产: $738.83

持仓详情:
  🟣    BOME: 505265.0000 = $313.77 (42.5%) [流动性:3]
  💰    USDT: 164.8280 = $164.83 (22.3%) [流动性:10]
  🟣    PUMP: 49317.0000 = $102.92 (13.9%) [流动性:4]
  🟣   TURBO: 56541.0000 = $74.69 (10.1%) [流动性:3]
  📈     ETH: 0.0133 = $30.95 (4.2%) [流动性:9]
  📈    LINK: 1.7700 = $18.67 (2.5%) [流动性:7]
  🟣   NEIRO: 94506.0000 = $9.45 (1.3%) [流动性:3]
  📈     UNI: 2.2500 = $8.74 (1.2%) [流动性:6]
  📈     BNB: 0.0118 = $7.81 (1.1%) [流动性:6]
  📈     SOL: 0.0729 = $7.00 (0.9%) [流动性:8]

======================================================================
【收益潜力排名 TOP5】
======================================================================
  1. 🟣    MEME 潜力: 50 RSI: 29.4 动量: -2.38%
  2. 📈    LINK 潜力: 50 RSI: 30.6 动量: -1.49%
  3. 🟣   TURBO 潜力: 50 RSI: 22.9 动量: -3.37%
  4. 📈     ETH 潜力: 50 RSI: 27.8 动量: -0.95%
  5. 🟣    PUMP 潜力: 50 RSI: 20.8 动量: -5.70%

======================================================================
【资产流转决策】
======================================================================

计划变现: $0.00

======================================================================
【G28 周期完成】
======================================================================
