[05-12 13:55:49] ======================================================================
[05-12 13:55:49] G28 资金调配编排器启动
[05-12 13:55:49] ======================================================================
[05-12 13:56:03] ======================================================================
[05-12 13:56:03] G28 资金调配编排器启动
[05-12 13:56:03] ======================================================================
[05-12 13:56:17] ======================================================================
[05-12 13:56:17] G28 资金调配编排器启动
[05-12 13:56:17] ======================================================================
[05-12 13:56:58] ======================================================================
[05-12 13:56:58] G28 资金调配编排器启动
[05-12 13:56:58] ======================================================================
[05-12 13:57:10] ======================================================================
[05-12 13:57:10] G28 资金调配编排器启动
[05-12 13:57:10] ======================================================================
[05-12 13:57:21] ======================================================================
[05-12 13:57:21] G28 资金调配编排器启动
[05-12 13:57:21] ======================================================================
[05-12 13:57:43] ======================================================================
[05-12 13:57:43] G28 资金调配编排器启动
[05-12 13:57:43] ======================================================================
[05-12 13:57:50] 
============================================================
[05-12 13:57:50] ⏰ 13:57:50 | 总资产: $1987.75
[05-12 13:57:50]   📊 现货: $14.20
[05-12 13:57:50]   📈 全仓: $0.00
[05-12 13:57:50]   📉 合约: $29.99
[05-12 13:57:50]   🎯 机会分析:
[05-12 13:57:50]      现货: 占比0.7% 评分0.30
[05-12 13:57:50]      全仓: 占比0.0% 评分0.20
[05-12 13:57:50]      合约: 占比1.5% 评分0.30
[05-12 13:57:50]   全仓LINK: 112.27 (建议减少)
[05-12 13:57:51]   ETH: ADD (RSI:33.7 动量:-0.92%)
[05-12 13:57:52]   UNI: HOLD (RSI:37.9 动量:-1.44%)
[05-12 13:57:53]   BOME: HOLD (RSI:59.6 动量:+0.96%)
[05-12 13:57:54]   TURBO: HOLD (RSI:52.0 动量:+0.15%)
[05-12 13:57:55]   PUMP: HOLD (RSI:35.1 动量:-3.91%)
[05-12 13:57:56]   NEIRO: HOLD (RSI:50.0 动量:+1.34%)
[05-12 13:57:57]   LINK: HOLD (RSI:41.7 动量:-0.47%)
[05-12 13:57:58]   SOL: HOLD (RSI:48.7 动量:+1.20%)
[05-12 13:57:59]   BNB: HOLD (RSI:53.6 动量:+1.78%)
[05-12 13:59:06] 
============================================================
[05-12 13:59:06] ⏰ 13:59:06 | 总资产: $1986.99
[05-12 13:59:06]   📊 现货: $14.20
[05-12 13:59:06]   📈 全仓: $0.00
[05-12 13:59:06]   📉 合约: $29.99
[05-12 13:59:06]   🎯 机会分析:
[05-12 13:59:06]      现货: 占比0.7% 评分0.30
[05-12 13:59:06]      全仓: 占比0.0% 评分0.20
[05-12 13:59:06]      合约: 占比1.5% 评分0.30
[05-12 13:59:06]   全仓LINK: 112.27 (建议减少)
[05-12 13:59:07]   ETH: ADD (RSI:33.0 动量:-0.96%)
[05-12 13:59:08]   UNI: HOLD (RSI:37.4 动量:-1.49%)
[05-12 13:59:10]   BOME: HOLD (RSI:60.3 动量:+1.12%)
[05-12 13:59:11]   TURBO: HOLD (RSI:52.4 动量:+0.23%)
[05-12 13:59:11]   PUMP: BUY (RSI:34.4 动量:-4.00%)
[05-12 13:59:12]   NEIRO: HOLD (RSI:55.8 动量:+1.37%)
[05-12 13:59:13]   LINK: HOLD (RSI:40.8 动量:-0.57%)
[05-12 13:59:14]   SOL: HOLD (RSI:48.6 动量:+1.18%)
[05-12 13:59:15]   BNB: HOLD (RSI:52.9 动量:+1.73%)
[05-12 14:00:22] 
============================================================
[05-12 14:00:22] ⏰ 14:00:22 | 总资产: $1984.97
[05-12 14:00:22]   📊 现货: $14.20
[05-12 14:00:22]   📈 全仓: $0.00
[05-12 14:00:22]   📉 合约: $29.99
[05-12 14:00:22]   🎯 机会分析:
[05-12 14:00:22]      现货: 占比0.7% 评分0.30
[05-12 14:00:22]      全仓: 占比0.0% 评分0.20
[05-12 14:00:22]      合约: 占比1.5% 评分0.30
[05-12 14:00:22]   全仓LINK: 112.27 (建议减少)
[05-12 14:00:23]   ETH: ADD (RSI:33.9 动量:-0.91%)
[05-12 14:00:25]   UNI: HOLD (RSI:38.3 动量:-1.77%)
[05-12 14:00:26]   BOME: HOLD (RSI:54.9 动量:+1.28%)
[05-12 14:00:27]   TURBO: HOLD (RSI:47.4 动量:+0.46%)
[05-12 14:00:28]   PUMP: BUY (RSI:26.6 动量:-3.60%)
[05-12 14:00:29]   NEIRO: HOLD (RSI:53.1 动量:+1.62%)
[05-12 14:00:30]   LINK: HOLD (RSI:40.0 动量:-0.47%)
[05-12 14:00:31]   SOL: HOLD (RSI:42.7 动量:+1.24%)
[05-12 14:00:32]   BNB: HOLD (RSI:51.9 动量:+1.80%)
[05-12 14:01:39] 
============================================================
[05-12 14:01:39] ⏰ 14:01:39 | 总资产: $1984.99
[05-12 14:01:39]   📊 现货: $14.20
[05-12 14:01:39]   📈 全仓: $0.00
[05-12 14:01:39]   📉 合约: $29.99
[05-12 14:01:39]   🎯 机会分析:
[05-12 14:01:39]      现货: 占比0.7% 评分0.30
[05-12 14:01:39]      全仓: 占比0.0% 评分0.20
[05-12 14:01:39]      合约: 占比1.5% 评分0.30
[05-12 14:01:39]   全仓LINK: 112.27 (建议减少)
[05-12 14:01:40]   ETH: ADD (RSI:34.9 动量:-0.85%)
[05-12 14:01:41]   UNI: HOLD (RSI:39.1 动量:-1.67%)
[05-12 14:01:42]   BOME: HOLD (RSI:54.9 动量:+1.28%)
[05-12 14:01:43]   TURBO: HOLD (RSI:47.4 动量:+0.46%)
[05-12 14:01:44]   PUMP: BUY (RSI:27.1 动量:-3.46%)
[05-12 14:01:45]   NEIRO: HOLD (RSI:53.9 动量:+1.77%)
[05-12 14:01:46]   LINK: HOLD (RSI:40.8 动量:-0.38%)
[05-12 14:01:47]   SOL: HOLD (RSI:43.6 动量:+1.35%)
[05-12 14:01:48]   BNB: HOLD (RSI:53.0 动量:+1.88%)
[05-12 14:02:55] 
============================================================
[05-12 14:02:55] ⏰ 14:02:55 | 总资产: $1986.26
[05-12 14:02:55]   📊 现货: $14.20
[05-12 14:02:55]   📈 全仓: $0.00
[05-12 14:02:55]   📉 合约: $29.99
[05-12 14:02:55]   🎯 机会分析:
[05-12 14:02:55]      现货: 占比0.7% 评分0.30
[05-12 14:02:55]      全仓: 占比0.0% 评分0.20
[05-12 14:02:55]      合约: 占比1.5% 评分0.30
[05-12 14:02:55]   全仓LINK: 112.27 (建议减少)
[05-12 14:02:56]   ETH: HOLD (RSI:35.3 动量:-0.83%)
[05-12 14:02:56]   UNI: HOLD (RSI:38.9 动量:-1.69%)
[05-12 14:02:57]   BOME: HOLD (RSI:54.9 动量:+1.28%)
[05-12 14:02:58]   TURBO: HOLD (RSI:47.4 动量:+0.46%)
[05-12 14:02:59]   PUMP: BUY (RSI:26.9 动量:-3.51%)
[05-12 14:03:00]   NEIRO: HOLD (RSI:53.1 动量:+1.66%)
[05-12 14:03:01]   LINK: HOLD (RSI:40.8 动量:-0.38%)
[05-12 14:03:02]   SOL: HOLD (RSI:44.2 动量:+1.43%)
[05-12 14:03:03]   BNB: HOLD (RSI:53.3 动量:+1.90%)
[05-12 14:04:11] 
============================================================
[05-12 14:04:11] ⏰ 14:04:11 | 总资产: $1987.34
[05-12 14:04:11]   📊 现货: $14.20
[05-12 14:04:11]   📈 全仓: $0.00
[05-12 14:04:11]   📉 合约: $29.99
[05-12 14:04:11]   🎯 机会分析:
[05-12 14:04:11]      现货: 占比0.7% 评分0.30
[05-12 14:04:11]      全仓: 占比0.0% 评分0.20
[05-12 14:04:11]      合约: 占比1.5% 评分0.30
[05-12 14:04:11]   全仓LINK: 112.27 (建议减少)
[05-12 14:04:12]   ETH: HOLD (RSI:35.4 动量:-0.83%)
[05-12 14:04:13]   UNI: HOLD (RSI:39.6 动量:-1.61%)
[05-12 14:04:14]   BOME: HOLD (RSI:54.9 动量:+1.28%)
[05-12 14:04:15]   TURBO: HOLD (RSI:47.0 动量:+0.38%)
[05-12 14:04:16]   PUMP: BUY (RSI:26.8 动量:-3.55%)
[05-12 14:04:17]   NEIRO: HOLD (RSI:54.3 动量:+1.81%)
[05-12 14:04:18]   LINK: HOLD (RSI:42.0 动量:-0.28%)
[05-12 14:04:19]   SOL: HOLD (RSI:44.4 动量:+1.44%)
[05-12 14:04:20]   BNB: HOLD (RSI:53.8 动量:+1.94%)
[05-12 14:05:27] 
============================================================
[05-12 14:05:27] ⏰ 14:05:27 | 总资产: $1986.09
[05-12 14:05:27]   📊 现货: $14.20
[05-12 14:05:27]   📈 全仓: $0.00
[05-12 14:05:27]   📉 合约: $29.99
[05-12 14:05:27]   🎯 机会分析:
[05-12 14:05:27]      现货: 占比0.7% 评分0.30
[05-12 14:05:27]      全仓: 占比0.0% 评分0.20
[05-12 14:05:27]      合约: 占比1.5% 评分0.30
[05-12 14:05:27]   全仓LINK: 112.27 (建议减少)
[05-12 14:05:28]   ETH: ADD (RSI:34.5 动量:-0.86%)
[05-12 14:05:29]   UNI: HOLD (RSI:39.6 动量:-1.61%)
[05-12 14:05:30]   BOME: HOLD (RSI:54.9 动量:+1.28%)
[05-12 14:05:31]   TURBO: HOLD (RSI:47.0 动量:+0.38%)
[05-12 14:05:32]   PUMP: BUY (RSI:26.8 动量:-3.55%)
[05-12 14:05:33]   NEIRO: HOLD (RSI:53.2 动量:+1.63%)
[05-12 14:05:34]   LINK: HOLD (RSI:40.8 动量:-0.38%)
[05-12 14:05:35]   SOL: HOLD (RSI:43.9 动量:+1.38%)
[05-12 14:05:36]   BNB: HOLD (RSI:53.5 动量:+1.92%)
[05-12 14:06:43] 
============================================================
[05-12 14:06:43] ⏰ 14:06:43 | 总资产: $1985.70
[05-12 14:06:43]   📊 现货: $14.20
[05-12 14:06:43]   📈 全仓: $0.00
[05-12 14:06:43]   📉 合约: $29.99
[05-12 14:06:43]   🎯 机会分析:
[05-12 14:06:43]      现货: 占比0.7% 评分0.30
[05-12 14:06:43]      全仓: 占比0.0% 评分0.20
[05-12 14:06:43]      合约: 占比1.5% 评分0.30
[05-12 14:06:43]   全仓LINK: 112.27 (建议减少)
[05-12 14:06:44]   ETH: HOLD (RSI:35.1 动量:-0.84%)
[05-12 14:06:45]   UNI: HOLD (RSI:40.1 动量:-1.56%)
[05-12 14:06:46]   BOME: HOLD (RSI:53.8 动量:+1.12%)
[05-12 14:06:47]   TURBO: HOLD (RSI:47.0 动量:+0.38%)
[05-12 14:06:48]   PUMP: BUY (RSI:26.9 动量:-3.51%)
[05-12 14:06:49]   NEIRO: HOLD (RSI:53.6 动量:+1.70%)
[05-12 14:06:50]   LINK: HOLD (RSI:40.8 动量:-0.38%)
[05-12 14:06:51]   SOL: HOLD (RSI:43.7 动量:+1.36%)
[05-12 14:06:52]   BNB: HOLD (RSI:54.2 动量:+1.97%)
[05-12 14:07:59] 
============================================================
[05-12 14:07:59] ⏰ 14:07:59 | 总资产: $1985.74
[05-12 14:07:59]   📊 现货: $14.20
[05-12 14:07:59]   📈 全仓: $0.00
[05-12 14:07:59]   📉 合约: $29.99
[05-12 14:07:59]   🎯 机会分析:
[05-12 14:07:59]      现货: 占比0.7% 评分0.30
[05-12 14:07:59]      全仓: 占比0.0% 评分0.20
[05-12 14:07:59]      合约: 占比1.5% 评分0.30
[05-12 14:07:59]   全仓LINK: 112.27 (建议减少)
[05-12 14:08:00]   ETH: HOLD (RSI:35.1 动量:-0.84%)
[05-12 14:08:01]   UNI: HOLD (RSI:40.1 动量:-1.56%)
[05-12 14:08:02]   BOME: HOLD (RSI:53.8 动量:+1.12%)
[05-12 14:08:04]   TURBO: HOLD (RSI:47.4 动量:+0.46%)
[05-12 14:08:05]   PUMP: BUY (RSI:26.9 动量:-3.51%)
[05-12 14:08:06]   NEIRO: HOLD (RSI:53.6 动量:+1.69%)
[05-12 14:08:08]   LINK: HOLD (RSI:40.8 动量:-0.38%)
[05-12 14:08:09]   SOL: HOLD (RSI:44.1 动量:+1.41%)
[05-12 14:08:11]   BNB: HOLD (RSI:53.7 动量:+1.93%)
[05-12 14:09:19] 
============================================================
[05-12 14:09:19] ⏰ 14:09:19 | 总资产: $1984.49
[05-12 14:09:19]   📊 现货: $14.20
[05-12 14:09:19]   📈 全仓: $0.00
[05-12 14:09:19]   📉 合约: $29.99
[05-12 14:09:19]   🎯 机会分析:
[05-12 14:09:19]      现货: 占比0.7% 评分0.30
[05-12 14:09:19]      全仓: 占比0.0% 评分0.20
[05-12 14:09:19]      合约: 占比1.5% 评分0.30
[05-12 14:09:19]   全仓LINK: 112.27 (建议减少)
[05-12 14:09:20]   ETH: HOLD (RSI:35.0 动量:-0.84%)
[05-12 14:09:21]   UNI: HOLD (RSI:39.8 动量:-1.59%)
[05-12 14:09:22]   BOME: HOLD (RSI:53.8 动量:+1.12%)
[05-12 14:09:23]   TURBO: HOLD (RSI:47.0 动量:+0.38%)
[05-12 14:09:24]   PUMP: BUY (RSI:26.8 动量:-3.55%)
[05-12 14:09:25]   NEIRO: HOLD (RSI:52.9 动量:+1.59%)
[05-12 14:09:26]   LINK: HOLD (RSI:40.0 动量:-0.47%)
[05-12 14:09:27]   SOL: HOLD (RSI:43.9 动量:+1.38%)
[05-12 14:09:28]   BNB: HOLD (RSI:53.8 动量:+1.94%)
[05-12 14:10:37] 
============================================================
[05-12 14:10:37] ⏰ 14:10:37 | 总资产: $1984.03
[05-12 14:10:37]   📊 现货: $4.02
[05-12 14:10:37]   📈 全仓: $0.00
[05-12 14:10:37]   📉 合约: $29.99
[05-12 14:10:37]   🎯 机会分析:
[05-12 14:10:37]      现货: 占比0.2% 评分0.30
[05-12 14:10:37]      全仓: 占比0.0% 评分0.20
[05-12 14:10:37]      合约: 占比1.5% 评分0.30
[05-12 14:10:37]   全仓LINK: 112.27 (建议减少)
[05-12 14:10:38]   ETH: HOLD (RSI:35.6 动量:-0.82%)
[05-12 14:10:39]   UNI: HOLD (RSI:39.6 动量:-1.61%)
[05-12 14:10:40]   BOME: HOLD (RSI:52.8 动量:+0.96%)
[05-12 14:10:41]   TURBO: HOLD (RSI:47.0 动量:+0.38%)
[05-12 14:10:42]   PUMP: BUY (RSI:27.1 动量:-3.46%)
[05-12 14:10:43]   NEIRO: HOLD (RSI:53.7 动量:+1.72%)
[05-12 14:10:44]   LINK: HOLD (RSI:40.0 动量:-0.47%)
[05-12 14:10:45]   SOL: HOLD (RSI:44.2 动量:+1.42%)
[05-12 14:10:46]   BNB: HOLD (RSI:53.8 动量:+1.94%)
[05-12 14:11:53] 
============================================================
[05-12 14:11:53] ⏰ 14:11:53 | 总资产: $1984.19
[05-12 14:11:53]   📊 现货: $4.02
[05-12 14:11:53]   📈 全仓: $0.00
[05-12 14:11:53]   📉 合约: $29.99
[05-12 14:11:53]   🎯 机会分析:
[05-12 14:11:53]      现货: 占比0.2% 评分0.30
[05-12 14:11:53]      全仓: 占比0.0% 评分0.20
[05-12 14:11:53]      合约: 占比1.5% 评分0.30
[05-12 14:11:53]   全仓LINK: 112.27 (建议减少)
[05-12 14:11:54]   ETH: HOLD (RSI:35.4 动量:-0.83%)
[05-12 14:11:55]   UNI: HOLD (RSI:40.1 动量:-1.56%)
[05-12 14:11:56]   BOME: HOLD (RSI:52.8 动量:+0.96%)
[05-12 14:11:57]   TURBO: HOLD (RSI:47.0 动量:+0.38%)
[05-12 14:11:58]   PUMP: BUY (RSI:27.5 动量:-3.41%)
[05-12 14:11:59]   NEIRO: HOLD (RSI:53.8 动量:+1.73%)
[05-12 14:12:00]   LINK: HOLD (RSI:40.0 动量:-0.47%)
[05-12 14:12:01]   SOL: HOLD (RSI:44.0 动量:+1.40%)
[05-12 14:12:02]   BNB: HOLD (RSI:53.3 动量:+1.90%)
[05-12 14:13:09] 
============================================================
[05-12 14:13:09] ⏰ 14:13:09 | 总资产: $1984.71
[05-12 14:13:09]   📊 现货: $4.02
[05-12 14:13:09]   📈 全仓: $0.00
[05-12 14:13:09]   📉 合约: $29.99
[05-12 14:13:09]   🎯 机会分析:
[05-12 14:13:09]      现货: 占比0.2% 评分0.30
[05-12 14:13:09]      全仓: 占比0.0% 评分0.20
[05-12 14:13:09]      合约: 占比1.5% 评分0.30
[05-12 14:13:09]   全仓LINK: 112.27 (建议减少)
[05-12 14:13:10]   ETH: HOLD (RSI:35.6 动量:-0.82%)
[05-12 14:13:11]   UNI: HOLD (RSI:39.8 动量:-1.59%)
[05-12 14:13:12]   BOME: HOLD (RSI:53.8 动量:+1.12%)
[05-12 14:13:13]   TURBO: HOLD (RSI:47.0 动量:+0.38%)
[05-12 14:13:14]   PUMP: BUY (RSI:27.5 动量:-3.41%)
[05-12 14:13:14]   NEIRO: HOLD (RSI:53.6 动量:+1.70%)
[05-12 14:13:16]   LINK: HOLD (RSI:40.0 动量:-0.47%)
[05-12 14:13:17]   SOL: HOLD (RSI:44.3 动量:+1.43%)
[05-12 14:13:18]   BNB: HOLD (RSI:53.0 动量:+1.88%)
[05-12 14:14:25] 
============================================================
[05-12 14:14:25] ⏰ 14:14:25 | 总资产: $1985.78
[05-12 14:14:25]   📊 现货: $4.02
[05-12 14:14:25]   📈 全仓: $0.00
[05-12 14:14:25]   📉 合约: $29.99
[05-12 14:14:25]   🎯 机会分析:
[05-12 14:14:25]      现货: 占比0.2% 评分0.30
[05-12 14:14:25]      全仓: 占比0.0% 评分0.20
[05-12 14:14:25]      合约: 占比1.5% 评分0.30
[05-12 14:14:25]   全仓LINK: 112.27 (建议减少)
[05-12 14:14:26]   ETH: HOLD (RSI:35.6 动量:-0.82%)
[05-12 14:14:27]   UNI: HOLD (RSI:39.4 动量:-1.64%)
[05-12 14:14:28]   BOME: HOLD (RSI:53.8 动量:+1.12%)
[05-12 14:14:29]   TURBO: HOLD (RSI:46.6 动量:+0.30%)
[05-12 14:14:30]   PUMP: BUY (RSI:27.5 动量:-3.41%)
[05-12 14:14:31]   NEIRO: HOLD (RSI:52.8 动量:+1.56%)
[05-12 14:14:32]   LINK: HOLD (RSI:40.8 动量:-0.38%)
[05-12 14:14:33]   SOL: HOLD (RSI:44.1 动量:+1.41%)
[05-12 14:14:34]   BNB: HOLD (RSI:52.9 动量:+1.87%)
