[05-12 14:59:58] ======================================================================
[05-12 14:59:58] G28 完整自动交易系统 v4.0 ⚠️ AUTO MODE
[05-12 14:59:58] 功能: 自动交易 + 失败处理 + 智能转换 + 杠杆
[05-12 14:59:58] ======================================================================
[05-12 15:00:10] ======================================================================
[05-12 15:00:10] G28 完整自动交易系统 v4.0 ⚠️ AUTO MODE
[05-12 15:00:10] 功能: 自动交易 + 失败处理 + 智能转换 + 杠杆
[05-12 15:00:10] ======================================================================
[05-12 15:00:13] 
======================================================================
[05-12 15:00:13] ⏰ 15:00:13 | 总资产: $766.24
[05-12 15:00:13]   现货: $4.02 | 合约: $29.99
[05-12 15:00:14]   🔮 BTC: BUY (RSI:21.4 动量:+0.30%)
[05-12 15:00:15]   🔮 ETH: BUY (RSI:23.2 动量:-1.16%)
[05-12 15:00:16]      BNB: HOLD (RSI:45.0 动量:+1.43%)
[05-12 15:00:17]   🔮 LINK: BUY (RSI:31.2 动量:-0.95%)
[05-12 15:00:18]   🔮 SOL: BUY (RSI:35.9 动量:+1.48%)
[05-12 15:00:19]   🔮 UNI: STRONG_BUY (RSI:34.8 动量:-2.42%)
[05-12 15:00:20]      BOME: HOLD (RSI:37.7 动量:+0.32%)
[05-12 15:00:21]      TURBO: HOLD (RSI:39.1 动量:+0.00%)
[05-12 15:00:22]   🔮 PUMP: STRONG_BUY (RSI:27.8 动量:-2.87%)
[05-12 15:00:23]      NEIRO: HOLD (RSI:51.2 动量:+2.89%)
[05-12 15:00:23]   📋 执行: UNI STRONG_BUY
[05-12 15:00:27] ⚠️ UNI 交易失败: insufficient balance
[05-12 15:00:27] 💡 资金不足，启用智能决策程序...
[05-12 15:00:46] 📋 建议: 卖出 total (评分:0.0) → 买入 PUMP (评分:90.0)
[05-12 15:00:46] 💡 尝试启用杠杆...
[05-12 15:00:46]   📋 执行: PUMP STRONG_BUY
[05-12 15:00:49] ⚠️ PUMP 交易失败: insufficient balance
[05-12 15:00:49] 💡 资金不足，启用智能决策程序...
[05-12 15:01:08] 📋 建议: 卖出 total (评分:0.0) → 买入 PUMP (评分:90.0)
[05-12 15:01:08] 💡 尝试启用杠杆...
[05-12 15:02:12] 
======================================================================
[05-12 15:02:12] ⏰ 15:02:12 | 总资产: $764.84
[05-12 15:02:12]   现货: $4.02 | 合约: $29.99
[05-12 15:02:13]   🔮 BTC: BUY (RSI:21.2 动量:+0.28%)
[05-12 15:02:14]   🔮 ETH: BUY (RSI:23.1 动量:-1.17%)
[05-12 15:02:15]      BNB: HOLD (RSI:44.9 动量:+1.40%)
[05-12 15:02:16]   🔮 LINK: BUY (RSI:30.0 动量:-1.14%)
[05-12 15:02:17]   🔮 SOL: BUY (RSI:35.5 动量:+1.40%)
[05-12 15:02:18]   🔮 UNI: STRONG_BUY (RSI:34.3 动量:-2.50%)
[05-12 15:02:19]      BOME: HOLD (RSI:36.4 动量:+0.00%)
[05-12 15:02:20]      TURBO: HOLD (RSI:38.4 动量:-0.15%)
[05-12 15:02:21]   🔮 PUMP: STRONG_BUY (RSI:27.1 动量:-3.06%)
[05-12 15:02:22]      NEIRO: HOLD (RSI:47.4 动量:+2.25%)
[05-12 15:02:22]   📋 执行: UNI STRONG_BUY
[05-12 15:02:26] ⚠️ UNI 交易失败: insufficient balance
[05-12 15:02:26] 💡 资金不足，启用智能决策程序...
[05-12 15:02:44] 📋 建议: 卖出 total (评分:0.0) → 买入 PUMP (评分:89.9)
[05-12 15:02:44] 💡 尝试启用杠杆...
[05-12 15:02:44]   📋 执行: PUMP STRONG_BUY
[05-12 15:02:47] ⚠️ PUMP 交易失败: insufficient balance
[05-12 15:02:47] 💡 资金不足，启用智能决策程序...
[05-12 15:03:06] 📋 建议: 卖出 total (评分:0.0) → 买入 PUMP (评分:99.8)
[05-12 15:03:06] 💡 尝试启用杠杆...
[05-12 15:04:11] 
======================================================================
[05-12 15:04:11] ⏰ 15:04:11 | 总资产: $762.22
[05-12 15:04:11]   现货: $4.02 | 合约: $29.99
[05-12 15:04:12]   🔮 BTC: BUY (RSI:20.4 动量:+0.20%)
[05-12 15:04:14]   🔮 ETH: BUY (RSI:21.1 动量:-1.42%)
[05-12 15:04:15]      BNB: HOLD (RSI:44.0 动量:+1.33%)
[05-12 15:04:16]   🔮 LINK: BUY (RSI:28.3 动量:-1.42%)
[05-12 15:04:17]   🔮 SOL: BUY (RSI:35.1 动量:+1.33%)
[05-12 15:04:18]   🔮 UNI: STRONG_BUY (RSI:32.8 动量:-2.78%)
[05-12 15:04:19]   🔮 BOME: BUY (RSI:34.5 动量:-0.48%)
[05-12 15:04:20]      TURBO: HOLD (RSI:37.1 动量:-0.46%)
[05-12 15:04:21]   🔮 PUMP: STRONG_BUY (RSI:26.3 动量:-3.30%)
[05-12 15:04:22]      NEIRO: HOLD (RSI:45.3 动量:+1.85%)
[05-12 15:04:22]   📋 执行: UNI STRONG_BUY
[05-12 15:04:26] ⚠️ UNI 交易失败: insufficient balance
[05-12 15:04:26] 💡 资金不足，启用智能决策程序...
[05-12 15:04:45] 📋 建议: 卖出 total (评分:0.0) → 买入 PUMP (评分:99.8)
[05-12 15:04:45] 💡 尝试启用杠杆...
[05-12 15:04:45]   📋 执行: PUMP STRONG_BUY
[05-12 15:04:48] ⚠️ PUMP 交易失败: insufficient balance
[05-12 15:04:48] 💡 资金不足，启用智能决策程序...
[05-12 15:05:07] 📋 建议: 卖出 total (评分:0.0) → 买入 PUMP (评分:99.8)
[05-12 15:05:07] 💡 尝试启用杠杆...
[05-12 15:06:11] 
======================================================================
[05-12 15:06:11] ⏰ 15:06:11 | 总资产: $761.14
[05-12 15:06:11]   现货: $4.02 | 合约: $29.99
[05-12 15:06:12]   🔮 BTC: BUY (RSI:19.9 动量:+0.15%)
[05-12 15:06:13]   🔮 ETH: BUY (RSI:20.8 动量:-1.47%)
[05-12 15:06:14]      BNB: HOLD (RSI:43.1 动量:+1.26%)
[05-12 15:06:15]   🔮 LINK: BUY (RSI:27.8 动量:-1.52%)
[05-12 15:06:16]   🔮 SOL: BUY (RSI:34.1 动量:+1.15%)
[05-12 15:06:17]   🔮 UNI: STRONG_BUY (RSI:32.1 动量:-2.93%)
[05-12 15:06:19]   🔮 BOME: BUY (RSI:33.9 动量:-0.64%)
[05-12 15:06:20]      TURBO: HOLD (RSI:35.8 动量:-0.76%)
[05-12 15:06:21]   🔮 PUMP: STRONG_BUY (RSI:25.7 动量:-3.49%)
[05-12 15:06:22]      NEIRO: HOLD (RSI:42.9 动量:+1.36%)
[05-12 15:06:22]   📋 执行: UNI STRONG_BUY
[05-12 15:06:25] ⚠️ UNI 交易失败: insufficient balance
[05-12 15:06:25] 💡 资金不足，启用智能决策程序...
[05-12 15:06:46] 📋 建议: 卖出 total (评分:0.0) → 买入 PUMP (评分:99.8)
[05-12 15:06:46] 💡 尝试启用杠杆...
[05-12 15:06:46]   📋 执行: PUMP STRONG_BUY
[05-12 15:06:50] ⚠️ PUMP 交易失败: insufficient balance
[05-12 15:06:50] 💡 资金不足，启用智能决策程序...
[05-12 15:07:10] 📋 建议: 卖出 total (评分:0.0) → 买入 PUMP (评分:99.8)
[05-12 15:07:10] 💡 尝试启用杠杆...
[05-12 15:08:15] 
======================================================================
[05-12 15:08:15] ⏰ 15:08:15 | 总资产: $761.13
[05-12 15:08:15]   现货: $4.02 | 合约: $29.99
[05-12 15:08:16]   🔮 BTC: BUY (RSI:20.4 动量:+0.21%)
[05-12 15:08:17]   🔮 ETH: BUY (RSI:21.1 动量:-1.42%)
[05-12 15:08:18]      BNB: HOLD (RSI:43.6 动量:+1.30%)
[05-12 15:08:19]   🔮 LINK: BUY (RSI:28.8 动量:-1.33%)
[05-12 15:08:20]   🔮 SOL: BUY (RSI:34.8 动量:+1.28%)
[05-12 15:08:21]   🔮 UNI: STRONG_BUY (RSI:32.3 动量:-2.88%)
[05-12 15:08:22]   🔮 BOME: BUY (RSI:33.9 动量:-0.64%)
[05-12 15:08:23]      TURBO: HOLD (RSI:36.8 动量:-0.53%)
[05-12 15:08:24]   🔮 PUMP: STRONG_BUY (RSI:26.6 动量:-3.20%)
[05-12 15:08:25]      NEIRO: HOLD (RSI:44.9 动量:+1.78%)
[05-12 15:08:25]   📋 执行: UNI STRONG_BUY
[05-12 15:08:29] ⚠️ UNI 交易失败: insufficient balance
[05-12 15:08:29] 💡 资金不足，启用智能决策程序...
[05-12 15:08:47] 📋 建议: 卖出 total (评分:0.0) → 买入 PUMP (评分:99.9)
[05-12 15:08:47] 💡 尝试启用杠杆...
[05-12 15:08:47]   📋 执行: PUMP STRONG_BUY
[05-12 15:08:50] ⚠️ PUMP 交易失败: insufficient balance
[05-12 15:08:50] 💡 资金不足，启用智能决策程序...
[05-12 15:09:09] 📋 建议: 卖出 total (评分:0.0) → 买入 PUMP (评分:99.9)
[05-12 15:09:09] 💡 尝试启用杠杆...
[05-12 15:10:13] 
======================================================================
[05-12 15:10:13] ⏰ 15:10:13 | 总资产: $763.82
[05-12 15:10:13]   现货: $4.02 | 合约: $29.99
[05-12 15:10:14]   🔮 BTC: BUY (RSI:20.9 动量:+0.25%)
[05-12 15:10:15]   🔮 ETH: BUY (RSI:21.8 动量:-1.33%)
[05-12 15:10:16]      BNB: HOLD (RSI:43.9 动量:+1.33%)
[05-12 15:10:17]   🔮 LINK: BUY (RSI:29.4 动量:-1.23%)
[05-12 15:10:18]   🔮 SOL: BUY (RSI:35.1 动量:+1.33%)
[05-12 15:10:19]   🔮 UNI: STRONG_BUY (RSI:32.9 动量:-2.75%)
[05-12 15:10:20]      BOME: HOLD (RSI:35.7 动量:-0.16%)
[05-12 15:10:21]      TURBO: HOLD (RSI:37.7 动量:-0.30%)
[05-12 15:10:22]   🔮 PUMP: STRONG_BUY (RSI:27.1 动量:-3.06%)
[05-12 15:10:23]      NEIRO: HOLD (RSI:45.3 动量:+1.86%)
[05-12 15:10:23]   📋 执行: UNI STRONG_BUY
[05-12 15:10:27] ⚠️ UNI 交易失败: insufficient balance
[05-12 15:10:27] 💡 资金不足，启用智能决策程序...
[05-12 15:10:45] 📋 建议: 卖出 total (评分:0.0) → 买入 PUMP (评分:100.0)
[05-12 15:10:45] 💡 尝试启用杠杆...
[05-12 15:10:45]   📋 执行: PUMP STRONG_BUY
[05-12 15:10:48] ⚠️ PUMP 交易失败: insufficient balance
[05-12 15:10:48] 💡 资金不足，启用智能决策程序...
[05-12 15:11:06] 📋 建议: 卖出 total (评分:0.0) → 买入 PUMP (评分:90.0)
[05-12 15:11:06] 💡 尝试启用杠杆...
[05-12 15:12:10] 
======================================================================
[05-12 15:12:10] ⏰ 15:12:10 | 总资产: $764.33
[05-12 15:12:10]   现货: $3.35 | 合约: $29.99
[05-12 15:12:11]   🔮 BTC: BUY (RSI:23.5 动量:+0.37%)
[05-12 15:12:12]   🔮 ETH: BUY (RSI:23.1 动量:-1.17%)
[05-12 15:12:12]      BNB: HOLD (RSI:45.7 动量:+1.46%)
[05-12 15:12:13]   🔮 LINK: BUY (RSI:30.0 动量:-1.14%)
[05-12 15:12:15]   🔮 SOL: BUY (RSI:35.8 动量:+1.46%)
[05-12 15:12:16]   🔮 UNI: STRONG_BUY (RSI:33.9 动量:-2.58%)
[05-12 15:12:17]      BOME: HOLD (RSI:35.7 动量:-0.16%)
[05-12 15:12:19]      TURBO: HOLD (RSI:38.7 动量:-0.08%)
[05-12 15:12:20]   🔮 PUMP: STRONG_BUY (RSI:27.8 动量:-2.87%)
[05-12 15:12:21]      NEIRO: HOLD (RSI:46.7 动量:+2.11%)
[05-12 15:12:21]   📋 执行: UNI STRONG_BUY
[05-12 15:12:24] ⚠️ UNI 交易失败: insufficient balance
[05-12 15:12:24] 💡 资金不足，启用智能决策程序...
[05-12 15:12:42] 📋 建议: 卖出 total (评分:0.0) → 买入 PUMP (评分:90.1)
[05-12 15:12:42] 💡 尝试启用杠杆...
[05-12 15:12:42]   📋 执行: PUMP STRONG_BUY
[05-12 15:12:46] ⚠️ PUMP 交易失败: insufficient balance
[05-12 15:12:46] 💡 资金不足，启用智能决策程序...
[05-12 15:13:04] 📋 建议: 卖出 total (评分:0.0) → 买入 PUMP (评分:90.1)
[05-12 15:13:04] 💡 尝试启用杠杆...
[05-12 15:14:08] 
======================================================================
[05-12 15:14:08] ⏰ 15:14:08 | 总资产: $764.48
[05-12 15:14:08]   现货: $3.35 | 合约: $29.99
[05-12 15:14:09]   🔮 BTC: BUY (RSI:24.1 动量:+0.38%)
[05-12 15:14:10]   🔮 ETH: BUY (RSI:23.3 动量:-1.15%)
[05-12 15:14:11]      BNB: HOLD (RSI:45.6 动量:+1.45%)
[05-12 15:14:12]   🔮 LINK: BUY (RSI:30.0 动量:-1.14%)
[05-12 15:14:13]   🔮 SOL: BUY (RSI:36.0 动量:+1.49%)
[05-12 15:14:14]   🔮 UNI: STRONG_BUY (RSI:33.9 动量:-2.58%)
[05-12 15:14:15]      BOME: HOLD (RSI:36.4 动量:+0.00%)
[05-12 15:14:17]      TURBO: HOLD (RSI:39.4 动量:+0.08%)
[05-12 15:14:18]   🔮 PUMP: STRONG_BUY (RSI:27.8 动量:-2.87%)
[05-12 15:14:19]      NEIRO: HOLD (RSI:47.8 动量:+2.32%)
[05-12 15:14:19]   📋 执行: UNI STRONG_BUY
[05-12 15:14:22] ⚠️ UNI 交易失败: insufficient balance
[05-12 15:14:22] 💡 资金不足，启用智能决策程序...
[05-12 15:14:41] 📋 建议: 卖出 total (评分:0.0) → 买入 PUMP (评分:90.1)
[05-12 15:14:41] 💡 尝试启用杠杆...
[05-12 15:14:41]   📋 执行: PUMP STRONG_BUY
[05-12 15:14:45] ⚠️ PUMP 交易失败: insufficient balance
[05-12 15:14:45] 💡 资金不足，启用智能决策程序...
[05-12 15:15:02] 📋 建议: 卖出 total (评分:0.0) → 买入 PUMP (评分:90.1)
[05-12 15:15:02] 💡 尝试启用杠杆...
[05-12 15:16:06] 
======================================================================
[05-12 15:16:06] ⏰ 15:16:06 | 总资产: $764.52
[05-12 15:16:06]   现货: $3.35 | 合约: $29.99
[05-12 15:16:07]   🔮 BTC: BUY (RSI:21.2 动量:+0.28%)
[05-12 15:16:08]   🔮 ETH: BUY (RSI:22.7 动量:-1.22%)
[05-12 15:16:09]      BNB: HOLD (RSI:44.8 动量:+1.40%)
[05-12 15:16:10]   🔮 LINK: BUY (RSI:30.0 动量:-1.14%)
[05-12 15:16:11]   🔮 SOL: BUY (RSI:35.8 动量:+1.47%)
[05-12 15:16:12]   🔮 UNI: STRONG_BUY (RSI:33.7 动量:-2.60%)
[05-12 15:16:14]      BOME: HOLD (RSI:36.4 动量:+0.00%)
[05-12 15:16:15]      TURBO: HOLD (RSI:38.7 动量:-0.08%)
[05-12 15:16:16]   🔮 PUMP: STRONG_BUY (RSI:27.6 动量:-2.91%)
[05-12 15:16:17]      NEIRO: HOLD (RSI:47.8 动量:+2.31%)
[05-12 15:16:17]   📋 执行: UNI STRONG_BUY
[05-12 15:16:20] ⚠️ UNI 交易失败: insufficient balance
[05-12 15:16:20] 💡 资金不足，启用智能决策程序...
[05-12 15:16:38] 📋 建议: 卖出 total (评分:0.0) → 买入 PUMP (评分:90.1)
[05-12 15:16:38] 💡 尝试启用杠杆...
[05-12 15:16:38]   📋 执行: PUMP STRONG_BUY
[05-12 15:16:42] ⚠️ PUMP 交易失败: insufficient balance
[05-12 15:16:42] 💡 资金不足，启用智能决策程序...
[05-12 15:17:00] 📋 建议: 卖出 total (评分:0.0) → 买入 PUMP (评分:90.1)
[05-12 15:17:00] 💡 尝试启用杠杆...
[05-12 15:18:04] 
======================================================================
[05-12 15:18:04] ⏰ 15:18:04 | 总资产: $764.44
[05-12 15:18:04]   现货: $3.35 | 合约: $29.99
[05-12 15:18:05]   🔮 BTC: BUY (RSI:21.2 动量:+0.28%)
[05-12 15:18:06]   🔮 ETH: BUY (RSI:22.5 动量:-1.24%)
[05-12 15:18:07]      BNB: HOLD (RSI:44.8 动量:+1.40%)
[05-12 15:18:08]   🔮 LINK: BUY (RSI:30.0 动量:-1.14%)
[05-12 15:18:09]   🔮 SOL: BUY (RSI:35.8 动量:+1.45%)
[05-12 15:18:10]   🔮 UNI: STRONG_BUY (RSI:34.0 动量:-2.55%)
[05-12 15:18:10]      BOME: HOLD (RSI:35.7 动量:+0.00%)
[05-12 15:18:11]      TURBO: HOLD (RSI:39.4 动量:+0.08%)
[05-12 15:18:13]   🔮 PUMP: STRONG_BUY (RSI:28.0 动量:-2.87%)
[05-12 15:18:14]      NEIRO: HOLD (RSI:47.6 动量:+2.28%)
[05-12 15:18:14]   📋 执行: UNI STRONG_BUY
[05-12 15:18:17] ⚠️ UNI 交易失败: insufficient balance
[05-12 15:18:17] 💡 资金不足，启用智能决策程序...
[05-12 15:18:35] 📋 建议: 卖出 total (评分:0.0) → 买入 PUMP (评分:90.1)
[05-12 15:18:35] 💡 尝试启用杠杆...
[05-12 15:18:35]   📋 执行: PUMP STRONG_BUY
[05-12 15:18:38] ⚠️ PUMP 交易失败: insufficient balance
[05-12 15:18:38] 💡 资金不足，启用智能决策程序...
