[05-12 13:47:31] ======================================================================
[05-12 13:47:31] G28 全自动交易系统启动 ⚠️ AUTO MODE
[05-12 13:47:31] 扫描间隔: 60秒
[05-12 13:47:31] 功能: 自动交易 + 账户调配 + 智能分配
[05-12 13:47:31] ======================================================================
[05-12 13:47:32] 初始余额: 现货$14.20 合约$29.99
[05-12 13:47:33] 
==================================================
[05-12 13:47:33] 扫描 13:47:33 | 总资本: $44.20
[05-12 13:48:25] ======================================================================
[05-12 13:48:25] G28 全自动交易系统启动 ⚠️ AUTO MODE
[05-12 13:48:25] 扫描间隔: 60秒
[05-12 13:48:25] 功能: 自动交易 + 账户调配 + 智能分配
[05-12 13:48:25] ======================================================================
[05-12 13:48:26] 初始余额: 现货$14.20 合约$29.99
[05-12 13:48:27] 
==================================================
[05-12 13:48:27] 扫描 13:48:27 | 总资本: $44.20
[05-12 13:48:35] ======================================================================
[05-12 13:48:35] G28 全自动交易系统启动 ⚠️ AUTO MODE
[05-12 13:48:35] 扫描间隔: 60秒
[05-12 13:48:35] 功能: 自动交易 + 账户调配 + 智能分配
[05-12 13:48:35] ======================================================================
[05-12 13:48:37] 初始余额: 现货$14.20 合约$29.99
[05-12 13:48:37] 
==================================================
[05-12 13:48:37] 扫描 13:48:37 | 总资本: $44.20
[05-12 13:48:44]   ETH: BUY (RSI:33.9 动量:-0.92%)
[05-12 13:48:44]   PUMP: HOLD (RSI:35.5 动量:-3.86%)
[05-12 13:48:45] 卖出失败: HTTP Error 400: Bad Request
[05-12 13:48:45]   UNI: BUY (RSI:36.9 动量:-1.54%)
[05-12 13:48:45]   LINK: HOLD (RSI:41.7 动量:-0.47%)
[05-12 13:48:46]   BTC: HOLD (RSI:45.0 动量:+0.53%)
[05-12 13:49:47] 
==================================================
[05-12 13:49:47] 扫描 13:49:47 | 总资本: $44.20
[05-12 13:49:54]   ETH: BUY (RSI:34.3 动量:-0.90%)
[05-12 13:49:55]   PUMP: HOLD (RSI:35.5 动量:-3.86%)
[05-12 13:49:55] 卖出失败: HTTP Error 400: Bad Request
[05-12 13:49:55]   UNI: BUY (RSI:37.4 动量:-1.49%)
[05-12 13:49:56]   LINK: HOLD (RSI:42.9 动量:-0.38%)
[05-12 13:49:56]   BTC: HOLD (RSI:45.1 动量:+0.54%)
[05-12 13:50:57] 
==================================================
[05-12 13:50:57] 扫描 13:50:57 | 总资本: $44.20
[05-12 13:51:04]   ETH: BUY (RSI:33.4 动量:-0.94%)
[05-12 13:51:04]   PUMP: STRONG_BUY (RSI:34.8 动量:-3.95%)
[05-12 13:51:05]   UNI: BUY (RSI:36.7 动量:-1.59%)
[05-12 13:51:05]   LINK: HOLD (RSI:41.7 动量:-0.47%)
[05-12 13:51:05]   BTC: HOLD (RSI:44.6 动量:+0.52%)
[05-12 13:52:06] 
==================================================
[05-12 13:52:06] 扫描 13:52:06 | 总资本: $44.20
[05-12 13:52:13]   ETH: BUY (RSI:33.6 动量:-0.93%)
[05-12 13:52:14]   PUMP: STRONG_BUY (RSI:34.4 动量:-4.00%)
[05-12 13:52:14]   UNI: BUY (RSI:36.5 动量:-1.59%)
[05-12 13:52:14]   LINK: HOLD (RSI:41.7 动量:-0.47%)
[05-12 13:52:14]   BTC: HOLD (RSI:44.5 动量:+0.51%)
[05-12 13:53:15] 
==================================================
[05-12 13:53:15] 扫描 13:53:15 | 总资本: $44.20
[05-12 13:53:23]   ETH: BUY (RSI:33.3 动量:-0.94%)
[05-12 13:53:23]   PUMP: STRONG_BUY (RSI:34.2 动量:-4.05%)
[05-12 13:53:24]   UNI: BUY (RSI:36.9 动量:-1.54%)
[05-12 13:53:24]   LINK: HOLD (RSI:40.8 动量:-0.57%)
[05-12 13:53:24]   BTC: HOLD (RSI:44.1 动量:+0.49%)
[05-12 13:54:25] 
==================================================
[05-12 13:54:25] 扫描 13:54:25 | 总资本: $44.20
[05-12 13:54:32]   ETH: BUY (RSI:33.8 动量:-0.92%)
[05-12 13:54:32]   PUMP: STRONG_BUY (RSI:34.2 动量:-4.05%)
[05-12 13:54:32]   UNI: BUY (RSI:37.4 动量:-1.49%)
[05-12 13:54:33]   LINK: HOLD (RSI:41.7 动量:-0.47%)
[05-12 13:54:33]   BTC: HOLD (RSI:44.5 动量:+0.51%)
[05-12 13:55:34] 
==================================================
[05-12 13:55:34] 扫描 13:55:34 | 总资本: $44.20
[05-12 13:55:41]   ETH: BUY (RSI:33.7 动量:-0.92%)
[05-12 13:55:42]   PUMP: STRONG_BUY (RSI:34.2 动量:-4.05%)
[05-12 13:55:42]   UNI: BUY (RSI:37.4 动量:-1.49%)
[05-12 13:55:42]   LINK: HOLD (RSI:41.7 动量:-0.47%)
[05-12 13:55:43]   BTC: HOLD (RSI:44.5 动量:+0.51%)
[05-12 13:56:44] 
==================================================
[05-12 13:56:44] 扫描 13:56:44 | 总资本: $44.20
[05-12 13:56:51]   ETH: BUY (RSI:34.3 动量:-0.90%)
[05-12 13:56:51]   PUMP: HOLD (RSI:35.5 动量:-3.86%)
[05-12 13:56:51] 卖出失败: HTTP Error 400: Bad Request
[05-12 13:56:52]   UNI: BUY (RSI:37.6 动量:-1.46%)
[05-12 13:56:52]   LINK: HOLD (RSI:42.9 动量:-0.38%)
[05-12 13:56:52]   BTC: HOLD (RSI:45.3 动量:+0.55%)
