[05-12 15:18:51] ======================================================================
[05-12 15:18:51] G28 修复版 v4.1 ⚠️ AUTO MODE
[05-12 15:18:51] ======================================================================
[05-12 15:19:07] ======================================================================
[05-12 15:19:07] G28 修复版 v4.1 ⚠️ AUTO MODE
[05-12 15:19:07] ======================================================================
[05-12 15:19:10] 
⏰ 15:19:10 | 总资产: $734.72 | USDT: $3.35
[05-12 15:19:11]   🔮 BTC: BUY (RSI:21.4 动量:+0.30%)
[05-12 15:19:11]   💡 USDT不足，自动转换...
[05-12 15:19:17] ✅ 自动卖出 BOME: 91900 → 获得 $56.98
[05-12 15:19:20]   🔮 ETH: BUY (RSI:22.7 动量:-1.22%)
[05-12 15:19:21]   🔮 LINK: BUY (RSI:30.0 动量:-1.14%)
[05-12 15:19:23]   🔮 SOL: BUY (RSI:35.8 动量:+1.45%)
[05-12 15:19:24]   🔮 UNI: STRONG_BUY (RSI:34.3 动量:-2.50%)
[05-12 15:19:25]      BOME: HOLD (RSI:35.7 动量:-0.16%)
[05-12 15:19:26]      TURBO: HOLD (RSI:39.8 动量:+0.15%)
[05-12 15:19:27]   🔮 PUMP: STRONG_BUY (RSI:28.8 动量:-2.72%)
[05-12 15:19:28]      NEIRO: HOLD (RSI:47.4 动量:+2.24%)
[05-12 15:20:32] 
⏰ 15:20:32 | 总资产: $735.35 | USDT: $39.14
[05-12 15:20:33]   🔮 BTC: BUY (RSI:22.5 动量:+0.34%)
[05-12 15:20:33]   💡 USDT不足，自动转换...
[05-12 15:20:40] ✅ 自动卖出 TURBO: 13300 → 获得 $17.58
[05-12 15:20:42]   🔮 ETH: BUY (RSI:23.0 动量:-1.19%)
[05-12 15:20:43]   🔮 LINK: BUY (RSI:31.2 动量:-0.95%)
[05-12 15:20:45]   🔮 SOL: BUY (RSI:36.0 动量:+1.49%)
[05-12 15:20:46]   🔮 UNI: STRONG_BUY (RSI:34.1 动量:-2.52%)
[05-12 15:20:47]      BOME: HOLD (RSI:36.4 动量:+0.00%)
[05-12 15:20:48]      TURBO: HOLD (RSI:50.0 动量:+0.38%)
[05-12 15:20:49]   🔮 PUMP: STRONG_BUY (RSI:29.3 动量:-2.68%)
[05-12 15:20:50]      NEIRO: HOLD (RSI:49.1 动量:+2.53%)
[05-12 15:21:53] 
⏰ 15:21:53 | 总资产: $735.09 | USDT: $56.71
[05-12 15:21:54]   🔮 BTC: BUY (RSI:23.1 动量:+0.36%)
[05-12 15:21:56]   🔮 ETH: BUY (RSI:22.7 动量:-1.21%)
[05-12 15:21:57]   🔮 LINK: BUY (RSI:31.2 动量:-0.95%)
[05-12 15:21:58]   🔮 SOL: BUY (RSI:35.8 动量:+1.46%)
[05-12 15:21:59]   🔮 UNI: STRONG_BUY (RSI:33.7 动量:-2.60%)
[05-12 15:22:01]      BOME: HOLD (RSI:36.4 动量:+0.00%)
[05-12 15:22:02]      TURBO: HOLD (RSI:41.4 动量:+0.38%)
[05-12 15:22:03]   🔮 PUMP: STRONG_BUY (RSI:28.4 动量:-2.77%)
[05-12 15:22:04]      NEIRO: HOLD (RSI:48.9 动量:+2.50%)
[05-12 15:23:07] 
⏰ 15:23:07 | 总资产: $735.48 | USDT: $56.71
[05-12 15:23:08]   🔮 BTC: BUY (RSI:23.7 动量:+0.37%)
[05-12 15:23:10]   🔮 ETH: BUY (RSI:22.7 动量:-1.22%)
[05-12 15:23:11]   🔮 LINK: BUY (RSI:30.6 动量:-1.04%)
[05-12 15:23:12]   🔮 SOL: BUY (RSI:35.9 动量:+1.47%)
[05-12 15:23:14]   🔮 UNI: STRONG_BUY (RSI:34.0 动量:-2.55%)
[05-12 15:23:15]      BOME: HOLD (RSI:37.0 动量:+0.16%)
[05-12 15:23:16]      TURBO: HOLD (RSI:41.4 动量:+0.38%)
[05-12 15:23:17]   🔮 PUMP: STRONG_BUY (RSI:28.8 动量:-2.72%)
[05-12 15:23:18]      NEIRO: HOLD (RSI:50.4 动量:+2.75%)
[05-12 15:24:22] 
⏰ 15:24:22 | 总资产: $736.33 | USDT: $56.71
[05-12 15:24:23]   🔮 BTC: BUY (RSI:25.9 动量:+0.43%)
[05-12 15:24:24]   🔮 ETH: BUY (RSI:23.3 动量:-1.15%)
[05-12 15:24:25]   🔮 LINK: BUY (RSI:31.2 动量:-0.95%)
[05-12 15:24:27]   🔮 SOL: BUY (RSI:36.9 动量:+1.57%)
[05-12 15:24:28]   🔮 UNI: STRONG_BUY (RSI:34.3 动量:-2.50%)
[05-12 15:24:30]      BOME: HOLD (RSI:37.7 动量:+0.32%)
[05-12 15:24:31]      TURBO: HOLD (RSI:42.5 动量:+0.53%)
[05-12 15:24:32]   🔮 PUMP: STRONG_BUY (RSI:31.0 动量:-2.48%)
[05-12 15:24:32]      NEIRO: HOLD (RSI:51.8 动量:+2.98%)
[05-12 15:25:36] 
⏰ 15:25:36 | 总资产: $541.12 | USDT: $36.84
[05-12 15:25:37]   🔮 BTC: BUY (RSI:25.7 动量:+0.43%)
[05-12 15:25:37]   💡 USDT不足，自动转换...
[05-12 15:25:43] ✅ 自动卖出 NEIRO: 40800 → 获得 $4.15
[05-12 15:25:45]   🔮 ETH: BUY (RSI:23.7 动量:-1.13%)
[05-12 15:25:45] 错误: float division by zero
[05-12 15:25:58] 
⏰ 15:25:58 | 总资产: $736.37 | USDT: $41.00
[05-12 15:25:59]   🔮 BTC: BUY (RSI:24.9 动量:+0.40%)
[05-12 15:25:59]   💡 USDT不足，自动转换...
[05-12 15:26:05] ✅ 自动卖出 TURBO: 11800 → 获得 $15.60
[05-12 15:26:07]   🔮 ETH: BUY (RSI:23.2 动量:-1.16%)
[05-12 15:26:08]   🔮 LINK: BUY (RSI:32.7 动量:-0.85%)
[05-12 15:26:09]   🔮 SOL: BUY (RSI:36.4 动量:+1.53%)
[05-12 15:26:11]   🔮 UNI: STRONG_BUY (RSI:34.0 动量:-2.55%)
[05-12 15:26:13]      BOME: HOLD (RSI:37.7 动量:+0.32%)
[05-12 15:26:14]      TURBO: HOLD (RSI:41.4 动量:+0.38%)
[05-12 15:26:15]   🔮 PUMP: STRONG_BUY (RSI:31.0 动量:-2.48%)
[05-12 15:26:16]      NEIRO: HOLD (RSI:50.7 动量:+2.80%)
[05-12 15:27:19] 
⏰ 15:27:19 | 总资产: $736.09 | USDT: $56.60
[05-12 15:27:20]   🔮 BTC: BUY (RSI:24.4 动量:+0.39%)
[05-12 15:27:22]   🔮 ETH: BUY (RSI:22.9 动量:-1.19%)
[05-12 15:27:23]   🔮 LINK: BUY (RSI:32.7 动量:-0.85%)
[05-12 15:27:24]   🔮 SOL: BUY (RSI:35.8 动量:+1.45%)
[05-12 15:27:25]   🔮 UNI: STRONG_BUY (RSI:33.9 动量:-2.58%)
[05-12 15:27:27]      BOME: HOLD (RSI:37.7 动量:+0.32%)
[05-12 15:27:28]      TURBO: HOLD (RSI:41.4 动量:+0.38%)
[05-12 15:27:29]   🔮 PUMP: STRONG_BUY (RSI:30.1 动量:-2.58%)
[05-12 15:27:30]      NEIRO: HOLD (RSI:49.1 动量:+2.54%)
[05-12 15:28:34] 
⏰ 15:28:34 | 总资产: $736.00 | USDT: $56.60
[05-12 15:28:34]   🔮 BTC: BUY (RSI:23.4 动量:+0.36%)
[05-12 15:28:36]   🔮 ETH: BUY (RSI:22.7 动量:-1.22%)
[05-12 15:28:37]   🔮 LINK: BUY (RSI:32.7 动量:-0.85%)
[05-12 15:28:38]   🔮 SOL: BUY (RSI:35.6 动量:+1.41%)
[05-12 15:28:40]   🔮 UNI: STRONG_BUY (RSI:33.6 动量:-2.63%)
[05-12 15:28:41]      BOME: HOLD (RSI:37.7 动量:+0.32%)
[05-12 15:28:42]      TURBO: HOLD (RSI:40.4 动量:+0.23%)
[05-12 15:28:43]   🔮 PUMP: STRONG_BUY (RSI:29.7 动量:-2.63%)
[05-12 15:28:44]      NEIRO: HOLD (RSI:49.0 动量:+2.52%)
[05-12 15:29:48] 
⏰ 15:29:48 | 总资产: $735.37 | USDT: $56.60
[05-12 15:29:49]   🔮 BTC: BUY (RSI:21.9 动量:+0.32%)
[05-12 15:29:50]   🔮 ETH: BUY (RSI:22.1 动量:-1.29%)
[05-12 15:29:50]      LINK: HOLD (RSI:50.0 动量:-1.04%)
[05-12 15:29:51]   🔮 SOL: BUY (RSI:35.1 动量:+1.34%)
[05-12 15:29:51] 错误: float division by zero
[05-12 15:30:06] 
⏰ 15:30:06 | 总资产: $735.19 | USDT: $56.60
[05-12 15:30:07]   🔮 BTC: BUY (RSI:21.5 动量:+0.31%)
[05-12 15:30:08]   🔮 ETH: BUY (RSI:22.0 动量:-1.31%)
[05-12 15:30:09]   🔮 LINK: BUY (RSI:30.6 动量:-1.04%)
[05-12 15:30:10]   🔮 SOL: BUY (RSI:34.9 动量:+1.31%)
[05-12 15:30:11]   🔮 UNI: STRONG_BUY (RSI:33.5 动量:-2.65%)
[05-12 15:30:13]      BOME: HOLD (RSI:37.0 动量:+0.16%)
[05-12 15:30:14]      TURBO: HOLD (RSI:39.4 动量:+0.08%)
[05-12 15:30:15]   🔮 PUMP: STRONG_BUY (RSI:28.4 动量:-2.77%)
[05-12 15:30:16]      NEIRO: HOLD (RSI:47.9 动量:+2.33%)
[05-12 15:31:21] 
⏰ 15:31:21 | 总资产: $734.88 | USDT: $36.82
[05-12 15:31:22]   🔮 BTC: BUY (RSI:21.5 动量:+0.31%)
[05-12 15:31:22]   💡 USDT不足，自动转换...
[05-12 15:31:28] ✅ 自动卖出 TURBO: 15300 → 获得 $20.17
[05-12 15:31:29]   🔮 ETH: BUY (RSI:22.4 动量:-1.26%)
[05-12 15:31:30]   🔮 LINK: BUY (RSI:30.6 动量:-1.04%)
[05-12 15:31:32]   🔮 SOL: BUY (RSI:35.1 动量:+1.34%)
[05-12 15:31:33]   🔮 UNI: STRONG_BUY (RSI:34.1 动量:-2.52%)
[05-12 15:31:34]      BOME: HOLD (RSI:36.4 动量:+0.00%)
[05-12 15:31:35]      TURBO: HOLD (RSI:39.1 动量:+0.00%)
[05-12 15:31:36]   🔮 PUMP: STRONG_BUY (RSI:28.8 动量:-2.72%)
[05-12 15:31:37]      NEIRO: HOLD (RSI:48.8 动量:+2.48%)
[05-12 15:32:41] 
⏰ 15:32:41 | 总资产: $734.99 | USDT: $56.97
[05-12 15:32:42]   🔮 BTC: BUY (RSI:23.6 动量:+0.37%)
[05-12 15:32:44]   🔮 ETH: BUY (RSI:22.4 动量:-1.25%)
[05-12 15:32:45]   🔮 LINK: BUY (RSI:31.2 动量:-0.95%)
[05-12 15:32:46]   🔮 SOL: BUY (RSI:35.4 动量:+1.39%)
[05-12 15:32:47]   🔮 UNI: STRONG_BUY (RSI:34.6 动量:-2.45%)
[05-12 15:32:49]      BOME: HOLD (RSI:36.4 动量:+0.00%)
[05-12 15:32:50]      TURBO: HOLD (RSI:39.4 动量:+0.08%)
[05-12 15:32:51]   🔮 PUMP: STRONG_BUY (RSI:28.8 动量:-2.72%)
[05-12 15:32:52]      NEIRO: HOLD (RSI:48.9 动量:+2.50%)
[05-12 15:33:55] 
⏰ 15:33:55 | 总资产: $735.63 | USDT: $56.97
[05-12 15:33:56]   🔮 BTC: BUY (RSI:24.2 动量:+0.38%)
[05-12 15:33:58]   🔮 ETH: BUY (RSI:22.3 动量:-1.27%)
[05-12 15:33:59]   🔮 LINK: BUY (RSI:32.7 动量:-0.85%)
[05-12 15:34:00]   🔮 SOL: BUY (RSI:36.0 动量:+1.48%)
[05-12 15:34:01]   🔮 UNI: STRONG_BUY (RSI:35.6 动量:-2.35%)
[05-12 15:34:03]      BOME: HOLD (RSI:37.0 动量:+0.16%)
[05-12 15:34:04]      TURBO: HOLD (RSI:40.4 动量:+0.23%)
[05-12 15:34:05]   🔮 PUMP: STRONG_BUY (RSI:30.1 动量:-2.58%)
[05-12 15:34:06]      NEIRO: HOLD (RSI:50.3 动量:+2.73%)
[05-12 15:35:10] 
⏰ 15:35:10 | 总资产: $735.46 | USDT: $56.97
[05-12 15:35:11]   🔮 BTC: BUY (RSI:23.4 动量:+0.36%)
[05-12 15:35:12]   🔮 ETH: BUY (RSI:22.2 动量:-1.28%)
[05-12 15:35:13]   🔮 LINK: BUY (RSI:31.2 动量:-0.95%)
[05-12 15:35:15]   🔮 SOL: BUY (RSI:36.3 动量:+1.52%)
[05-12 15:35:16]   🔮 UNI: STRONG_BUY (RSI:36.1 动量:-2.29%)
[05-12 15:35:17]      BOME: HOLD (RSI:37.0 动量:+0.16%)
[05-12 15:35:18]      TURBO: HOLD (RSI:39.4 动量:+0.08%)
[05-12 15:35:19]   🔮 PUMP: STRONG_BUY (RSI:30.1 动量:-2.58%)
[05-12 15:35:20]      NEIRO: HOLD (RSI:49.9 动量:+2.67%)
[05-12 15:36:24] 
⏰ 15:36:24 | 总资产: $735.14 | USDT: $36.95
[05-12 15:36:25]   🔮 BTC: BUY (RSI:21.5 动量:+0.31%)
[05-12 15:36:25]   💡 USDT不足，自动转换...
[05-12 15:36:31] ✅ 自动卖出 BOME: 32300 → 获得 $20.06
[05-12 15:36:33]   🔮 ETH: BUY (RSI:21.7 动量:-1.34%)
[05-12 15:36:34]   🔮 LINK: BUY (RSI:31.2 动量:-0.95%)
[05-12 15:36:35]   🔮 SOL: BUY (RSI:35.9 动量:+1.48%)
[05-12 15:36:36]   🔮 UNI: STRONG_BUY (RSI:35.6 动量:-2.35%)
[05-12 15:36:37]      BOME: HOLD (RSI:35.7 动量:-0.16%)
[05-12 15:36:39]      TURBO: HOLD (RSI:39.1 动量:+0.00%)
[05-12 15:36:41]   🔮 PUMP: STRONG_BUY (RSI:28.8 动量:-2.72%)
[05-12 15:36:41]      NEIRO: HOLD (RSI:48.5 动量:+0.00%)
[05-12 15:37:46] 
⏰ 15:37:46 | 总资产: $734.71 | USDT: $56.98
[05-12 15:37:47]   🔮 BTC: BUY (RSI:21.4 动量:+0.30%)
[05-12 15:37:48]   🔮 ETH: BUY (RSI:21.9 动量:-1.31%)
[05-12 15:37:50]   🔮 LINK: BUY (RSI:31.2 动量:-0.95%)
[05-12 15:37:51]   🔮 SOL: BUY (RSI:36.3 动量:+1.52%)
[05-12 15:37:53]   🔮 UNI: STRONG_BUY (RSI:36.1 动量:-2.29%)
[05-12 15:37:54]      BOME: HOLD (RSI:36.4 动量:+0.00%)
[05-12 15:37:56]      TURBO: HOLD (RSI:39.1 动量:+0.00%)
[05-12 15:37:57]   🔮 PUMP: BUY (RSI:28.8 动量:+0.00%)
[05-12 15:37:58]      NEIRO: HOLD (RSI:48.0 动量:+2.35%)
[05-12 15:39:01] 
⏰ 15:39:01 | 总资产: $734.34 | USDT: $56.98
[05-12 15:39:02]   🔮 BTC: BUY (RSI:21.0 动量:+0.26%)
[05-12 15:39:03]   🔮 ETH: BUY (RSI:21.8 动量:-1.33%)
[05-12 15:39:05]   🔮 LINK: BUY (RSI:31.2 动量:-0.95%)
[05-12 15:39:06]   🔮 SOL: BUY (RSI:35.5 动量:+1.40%)
[05-12 15:39:07]   🔮 UNI: STRONG_BUY (RSI:36.1 动量:-2.29%)
[05-12 15:39:09]      BOME: HOLD (RSI:35.7 动量:-0.16%)
[05-12 15:39:10]      TURBO: HOLD (RSI:38.7 动量:-0.08%)
[05-12 15:39:11]   🔮 PUMP: STRONG_BUY (RSI:28.0 动量:-2.82%)
[05-12 15:39:12]      NEIRO: HOLD (RSI:47.5 动量:+2.27%)
[05-12 15:40:16] 
⏰ 15:40:16 | 总资产: $734.22 | USDT: $56.98
[05-12 15:40:17]   🔮 BTC: BUY (RSI:20.9 动量:+0.26%)
[05-12 15:40:18]   🔮 ETH: BUY (RSI:21.8 动量:-1.33%)
[05-12 15:40:19]   🔮 LINK: BUY (RSI:30.6 动量:-1.04%)
[05-12 15:40:20]   🔮 SOL: BUY (RSI:35.4 动量:+1.39%)
[05-12 15:40:22]   🔮 UNI: STRONG_BUY (RSI:35.4 动量:-2.37%)
[05-12 15:40:23]      BOME: HOLD (RSI:35.7 动量:-0.16%)
[05-12 15:40:24]      TURBO: HOLD (RSI:39.8 动量:+0.15%)
[05-12 15:40:25]   🔮 PUMP: STRONG_BUY (RSI:28.0 动量:-2.82%)
[05-12 15:40:26]      NEIRO: HOLD (RSI:47.5 动量:+2.26%)
[05-12 15:41:30] 
⏰ 15:41:30 | 总资产: $734.01 | USDT: $36.97
[05-12 15:41:31]   🔮 BTC: BUY (RSI:21.1 动量:+0.27%)
[05-12 15:41:31]   💡 USDT不足，自动转换...
[05-12 15:41:37] ✅ 自动卖出 BOME: 32100 → 获得 $19.90
[05-12 15:41:39]   🔮 ETH: BUY (RSI:21.6 动量:-1.36%)
[05-12 15:41:40]   🔮 LINK: BUY (RSI:30.6 动量:-1.04%)
[05-12 15:41:41]   🔮 SOL: BUY (RSI:35.5 动量:+1.40%)
[05-12 15:41:42]   🔮 UNI: STRONG_BUY (RSI:36.1 动量:-2.29%)
[05-12 15:41:44]      BOME: HOLD (RSI:35.1 动量:-0.32%)
[05-12 15:41:45]      TURBO: HOLD (RSI:39.8 动量:+0.15%)
[05-12 15:41:46]   🔮 PUMP: STRONG_BUY (RSI:27.6 动量:-2.91%)
[05-12 15:41:47]      NEIRO: HOLD (RSI:46.4 动量:+2.14%)
[05-12 15:42:51] 
⏰ 15:42:51 | 总资产: $734.03 | USDT: $56.84
[05-12 15:42:52]   🔮 BTC: BUY (RSI:21.1 动量:+0.27%)
[05-12 15:42:53]   🔮 ETH: BUY (RSI:21.8 动量:-1.33%)
[05-12 15:42:54]   🔮 LINK: BUY (RSI:31.2 动量:-0.95%)
[05-12 15:42:56]   🔮 SOL: BUY (RSI:35.6 动量:+1.41%)
[05-12 15:42:57]   🔮 UNI: STRONG_BUY (RSI:36.4 动量:-2.27%)
[05-12 15:42:58]      BOME: HOLD (RSI:35.7 动量:-0.16%)
[05-12 15:42:59]      TURBO: HOLD (RSI:39.1 动量:+0.00%)
[05-12 15:43:00]   🔮 PUMP: STRONG_BUY (RSI:27.8 动量:-2.87%)
[05-12 15:43:01]      NEIRO: HOLD (RSI:46.6 动量:+2.10%)
[05-12 15:44:05] 
⏰ 15:44:05 | 总资产: $733.70 | USDT: $56.84
[05-12 15:44:06]   🔮 BTC: BUY (RSI:20.8 动量:+0.24%)
[05-12 15:44:08]   🔮 ETH: BUY (RSI:21.5 动量:-1.37%)
[05-12 15:44:09]   🔮 LINK: BUY (RSI:31.2 动量:-0.95%)
[05-12 15:44:10]   🔮 SOL: BUY (RSI:35.4 动量:+1.38%)
[05-12 15:44:12]   🔮 UNI: STRONG_BUY (RSI:35.1 动量:-2.40%)
[05-12 15:44:13]      BOME: HOLD (RSI:35.7 动量:-0.16%)
[05-12 15:44:14]      TURBO: HOLD (RSI:38.1 动量:-0.23%)
[05-12 15:44:15]   🔮 PUMP: STRONG_BUY (RSI:27.6 动量:-2.91%)
[05-12 15:44:16]      NEIRO: HOLD (RSI:45.8 动量:+1.95%)
[05-12 15:45:20] 
⏰ 15:45:20 | 总资产: $733.28 | USDT: $36.86
[05-12 15:45:21]   🔮 BTC: BUY (RSI:20.8 动量:+0.24%)
[05-12 15:45:21]   💡 USDT不足，自动转换...
[05-12 15:45:27] ✅ 自动卖出 BOME: 32300 → 获得 $19.99
[05-12 15:45:29]   🔮 ETH: BUY (RSI:21.4 动量:-1.38%)
[05-12 15:45:30]   🔮 LINK: BUY (RSI:30.0 动量:-1.14%)
[05-12 15:45:31]   🔮 SOL: BUY (RSI:35.3 动量:+1.37%)
[05-12 15:45:31] 错误: float division by zero
[05-12 15:45:45] 
⏰ 15:45:45 | 总资产: $733.47 | USDT: $56.85
[05-12 15:45:46]   🔮 BTC: BUY (RSI:20.6 动量:+0.23%)
[05-12 15:45:47]   🔮 ETH: BUY (RSI:21.3 动量:-1.41%)
[05-12 15:45:48]   🔮 LINK: BUY (RSI:30.0 动量:-1.14%)
[05-12 15:45:50]   🔮 SOL: BUY (RSI:34.8 动量:+1.28%)
[05-12 15:45:51]   🔮 UNI: STRONG_BUY (RSI:34.4 动量:-2.47%)
[05-12 15:45:52]   🔮 BOME: BUY (RSI:34.5 动量:-0.48%)
[05-12 15:45:53]      TURBO: HOLD (RSI:37.4 动量:-0.38%)
[05-12 15:45:54]   🔮 PUMP: STRONG_BUY (RSI:27.1 动量:-3.06%)
[05-12 15:45:55]      NEIRO: HOLD (RSI:44.6 动量:+1.71%)
[05-12 15:46:59] 
⏰ 15:46:59 | 总资产: $732.34 | USDT: $56.85
[05-12 15:47:00]   🔮 BTC: BUY (RSI:19.7 动量:+0.13%)
[05-12 15:47:02]   🔮 ETH: BUY (RSI:20.7 动量:-1.48%)
[05-12 15:47:02]   🔮 LINK: BUY (RSI:29.4 动量:-1.23%)
[05-12 15:47:04]   🔮 SOL: BUY (RSI:34.4 动量:+1.21%)
[05-12 15:47:05]   🔮 UNI: STRONG_BUY (RSI:34.0 动量:-2.55%)
[05-12 15:47:07]   🔮 BOME: BUY (RSI:33.9 动量:-0.64%)
[05-12 15:47:08]      TURBO: HOLD (RSI:36.8 动量:-0.53%)
[05-12 15:47:10]   🔮 PUMP: STRONG_BUY (RSI:27.3 动量:-3.01%)
[05-12 15:47:10]      NEIRO: HOLD (RSI:43.6 动量:+1.50%)
[05-12 15:48:14] 
⏰ 15:48:14 | 总资产: $713.38 | USDT: $56.85
[05-12 15:48:15]   🔮 BTC: BUY (RSI:19.8 动量:+0.14%)
[05-12 15:48:16]   🔮 ETH: BUY (RSI:21.0 动量:-1.43%)
[05-12 15:48:18]   🔮 LINK: BUY (RSI:30.0 动量:-1.14%)
[05-12 15:48:19]   🔮 SOL: BUY (RSI:34.7 动量:+1.27%)
[05-12 15:48:20]   🔮 UNI: STRONG_BUY (RSI:34.4 动量:-2.47%)
[05-12 15:48:22]      BOME: HOLD (RSI:35.1 动量:-0.32%)
[05-12 15:48:22]      TURBO: HOLD (RSI:37.7 动量:-0.30%)
[05-12 15:48:24]   🔮 PUMP: STRONG_BUY (RSI:27.8 动量:-2.87%)
[05-12 15:48:25]      NEIRO: HOLD (RSI:45.0 动量:+1.80%)
[05-12 15:49:28] 
⏰ 15:49:28 | 总资产: $732.96 | USDT: $56.85
[05-12 15:49:29]   🔮 BTC: BUY (RSI:19.6 动量:+0.11%)
[05-12 15:49:30]   🔮 ETH: BUY (RSI:20.8 动量:-1.47%)
[05-12 15:49:31]   🔮 LINK: BUY (RSI:30.0 动量:-1.14%)
[05-12 15:49:33]   🔮 SOL: BUY (RSI:35.1 动量:+1.33%)
[05-12 15:49:34]   🔮 UNI: STRONG_BUY (RSI:34.4 动量:-2.47%)
[05-12 15:49:36]   🔮 BOME: BUY (RSI:34.5 动量:-0.48%)
[05-12 15:49:37]      TURBO: HOLD (RSI:37.1 动量:-0.30%)
[05-12 15:49:37]   🔮 PUMP: STRONG_BUY (RSI:27.8 动量:-2.87%)
[05-12 15:49:38]      NEIRO: HOLD (RSI:43.8 动量:+1.56%)
[05-12 15:50:42] 
⏰ 15:50:42 | 总资产: $713.04 | USDT: $36.87
[05-12 15:50:43]   🔮 BTC: BUY (RSI:20.3 动量:+0.19%)
[05-12 15:50:43]   💡 USDT不足，自动转换...
[05-12 15:50:49] ✅ 自动卖出 BOME: 29500 → 获得 $18.29
[05-12 15:50:51]   🔮 ETH: BUY (RSI:21.3 动量:-1.39%)
[05-12 15:50:52]   🔮 LINK: BUY (RSI:30.0 动量:-1.14%)
[05-12 15:50:53]   🔮 SOL: BUY (RSI:35.8 动量:+1.46%)
[05-12 15:50:54]   🔮 UNI: STRONG_BUY (RSI:35.6 动量:-2.35%)
[05-12 15:50:56]      BOME: HOLD (RSI:35.7 动量:-0.16%)
[05-12 15:50:57]      TURBO: HOLD (RSI:38.1 动量:-0.23%)
[05-12 15:50:58]   🔮 PUMP: STRONG_BUY (RSI:31.4 动量:-2.44%)
[05-12 15:50:59]      NEIRO: HOLD (RSI:45.0 动量:+1.80%)
[05-12 15:52:02] 
⏰ 15:52:02 | 总资产: $735.25 | USDT: $55.16
[05-12 15:52:03]   🔮 BTC: BUY (RSI:20.7 动量:+0.23%)
[05-12 15:52:04]   🔮 ETH: BUY (RSI:21.8 动量:-1.33%)
[05-12 15:52:05]   🔮 LINK: BUY (RSI:31.2 动量:-0.95%)
[05-12 15:52:07]   🔮 SOL: BUY (RSI:36.7 动量:+1.58%)
[05-12 15:52:08]   🔮 UNI: STRONG_BUY (RSI:36.4 动量:-2.27%)
[05-12 15:52:09]      BOME: HOLD (RSI:37.0 动量:+0.16%)
[05-12 15:52:10]      TURBO: HOLD (RSI:38.4 动量:-0.15%)
[05-12 15:52:11]   🔮 PUMP: STRONG_BUY (RSI:32.2 动量:-2.34%)
[05-12 15:52:12]      NEIRO: HOLD (RSI:45.4 动量:+1.87%)
[05-12 15:53:16] 
⏰ 15:53:16 | 总资产: $735.11 | USDT: $55.16
[05-12 15:53:17]   🔮 BTC: BUY (RSI:20.8 动量:+0.24%)
[05-12 15:53:18]   🔮 ETH: BUY (RSI:21.9 动量:-1.32%)
[05-12 15:53:19]   🔮 LINK: BUY (RSI:31.2 动量:-0.95%)
[05-12 15:53:21]   🔮 SOL: BUY (RSI:36.4 动量:+1.53%)
[05-12 15:53:23]   🔮 UNI: STRONG_BUY (RSI:36.7 动量:-2.24%)
[05-12 15:53:24]      BOME: HOLD (RSI:36.4 动量:+0.00%)
[05-12 15:53:25]      TURBO: HOLD (RSI:38.4 动量:-0.15%)
[05-12 15:53:26]   🔮 PUMP: STRONG_BUY (RSI:32.2 动量:-2.34%)
[05-12 15:53:27]      NEIRO: HOLD (RSI:45.4 动量:+1.87%)
[05-12 15:54:31] 
⏰ 15:54:31 | 总资产: $560.99 | USDT: $55.16
[05-12 15:54:31]   🔮 BTC: BUY (RSI:20.5 动量:+0.21%)
[05-12 15:54:33]   🔮 ETH: BUY (RSI:21.5 动量:-1.37%)
[05-12 15:54:34]   🔮 LINK: BUY (RSI:31.2 动量:-0.95%)
[05-12 15:54:35]   🔮 SOL: BUY (RSI:35.6 动量:+1.41%)
[05-12 15:54:37]   🔮 UNI: STRONG_BUY (RSI:36.7 动量:-2.24%)
[05-12 15:54:38]      BOME: HOLD (RSI:35.7 动量:-0.16%)
[05-12 15:54:39]      TURBO: HOLD (RSI:37.7 动量:-0.30%)
[05-12 15:54:40]   🔮 PUMP: STRONG_BUY (RSI:31.4 动量:-2.44%)
[05-12 15:54:41]      NEIRO: HOLD (RSI:45.3 动量:+1.85%)
[05-12 15:55:44] 
⏰ 15:55:44 | 总资产: $734.91 | USDT: $35.84
[05-12 15:55:45]   🔮 BTC: BUY (RSI:20.7 动量:+0.23%)
[05-12 15:55:45]   💡 USDT不足，自动转换...
[05-12 15:55:51] ✅ 自动卖出 BOME: 34300 → 获得 $21.27
[05-12 15:55:53]   🔮 ETH: BUY (RSI:21.7 动量:-1.34%)
[05-12 15:55:54]   🔮 LINK: BUY (RSI:31.2 动量:-0.95%)
[05-12 15:55:55]   🔮 SOL: BUY (RSI:35.7 动量:+1.42%)
[05-12 15:55:57]   🔮 UNI: STRONG_BUY (RSI:36.7 动量:-2.24%)
[05-12 15:55:58]      BOME: HOLD (RSI:35.7 动量:-0.16%)
[05-12 15:55:59]      TURBO: HOLD (RSI:37.7 动量:-0.30%)
[05-12 15:56:00]   🔮 PUMP: STRONG_BUY (RSI:32.6 动量:-2.29%)
[05-12 15:56:01]      NEIRO: HOLD (RSI:45.4 动量:+1.88%)
[05-12 15:57:05] 
⏰ 15:57:05 | 总资产: $735.00 | USDT: $57.10
[05-12 15:57:06]   🔮 BTC: BUY (RSI:20.7 动量:+0.23%)
[05-12 15:57:07]   🔮 ETH: BUY (RSI:21.6 动量:-1.35%)
[05-12 15:57:08]   🔮 LINK: BUY (RSI:31.2 动量:-0.95%)
[05-12 15:57:09]   🔮 SOL: BUY (RSI:35.6 动量:+1.41%)
[05-12 15:57:11]   🔮 UNI: STRONG_BUY (RSI:36.4 动量:-2.27%)
[05-12 15:57:12]      BOME: HOLD (RSI:36.4 动量:+0.00%)
[05-12 15:57:13]      TURBO: HOLD (RSI:37.7 动量:-0.30%)
[05-12 15:57:14]   🔮 PUMP: STRONG_BUY (RSI:32.6 动量:-2.29%)
[05-12 15:57:15]      NEIRO: HOLD (RSI:46.1 动量:+2.00%)
[05-12 15:58:19] 
⏰ 15:58:19 | 总资产: $734.34 | USDT: $57.10
[05-12 15:58:20]   🔮 BTC: BUY (RSI:20.1 动量:+0.17%)
[05-12 15:58:20] 错误: float division by zero
[05-12 15:58:34] 
⏰ 15:58:34 | 总资产: $734.07 | USDT: $57.10
[05-12 15:58:34]   🔮 BTC: BUY (RSI:20.0 动量:+0.16%)
[05-12 15:58:36]   🔮 ETH: BUY (RSI:21.1 动量:-1.43%)
[05-12 15:58:37]   🔮 LINK: BUY (RSI:30.6 动量:-1.04%)
[05-12 15:58:38]   🔮 SOL: BUY (RSI:35.1 动量:+1.33%)
[05-12 15:58:40]   🔮 UNI: STRONG_BUY (RSI:34.8 动量:-2.42%)
[05-12 15:58:41]      BOME: HOLD (RSI:35.1 动量:-0.32%)
[05-12 15:58:42]      TURBO: HOLD (RSI:37.4 动量:-0.38%)
[05-12 15:58:43]   🔮 PUMP: STRONG_BUY (RSI:31.0 动量:-2.48%)
[05-12 15:58:44]      NEIRO: HOLD (RSI:44.8 动量:+1.75%)
[05-12 15:59:48] 
⏰ 15:59:48 | 总资产: $733.55 | USDT: $57.10
[05-12 15:59:49]   🔮 BTC: BUY (RSI:19.6 动量:+0.12%)
[05-12 15:59:50]   🔮 ETH: BUY (RSI:20.6 动量:-1.51%)
[05-12 15:59:51]   🔮 LINK: BUY (RSI:30.6 动量:-1.04%)
[05-12 15:59:52]   🔮 SOL: BUY (RSI:34.9 动量:+1.30%)
[05-12 15:59:53]   🔮 UNI: STRONG_BUY (RSI:34.4 动量:-2.47%)
[05-12 15:59:55]      BOME: HOLD (RSI:35.1 动量:-0.32%)
[05-12 15:59:56]      TURBO: HOLD (RSI:37.1 动量:-0.46%)
[05-12 15:59:57]   🔮 PUMP: STRONG_BUY (RSI:29.7 动量:-2.63%)
[05-12 15:59:58]      NEIRO: HOLD (RSI:44.1 动量:+1.61%)
[05-12 16:01:01] 
⏰ 16:01:01 | 总资产: $734.06 | USDT: $37.17
[05-12 16:01:02]   🔮 BTC: BUY (RSI:22.4 动量:-0.07%)
[05-12 16:01:02]   💡 USDT不足，自动转换...
[05-12 16:01:08] ✅ 自动卖出 PUMP: 9600 → 获得 $19.59
[05-12 16:01:10]   🔮 ETH: BUY (RSI:20.9 动量:-1.75%)
[05-12 16:01:11]   🔮 LINK: BUY (RSI:31.9 动量:-1.42%)
[05-12 16:01:13]   🔮 SOL: BUY (RSI:38.7 动量:+0.83%)
[05-12 16:01:14]   🔮 UNI: STRONG_BUY (RSI:37.7 动量:-3.14%)
[05-12 16:01:15]      BOME: HOLD (RSI:39.3 动量:-0.32%)
[05-12 16:01:16]      TURBO: HOLD (RSI:42.2 动量:-0.61%)
[05-12 16:01:17]   🔮 PUMP: STRONG_BUY (RSI:31.9 动量:-3.04%)
[05-12 16:01:18]      NEIRO: HOLD (RSI:51.2 动量:+1.57%)
