[05-12 14:32:43] ======================================================================
[05-12 14:32:43] G28 Oracle 全自动交易系统 v3.0 🔮 ORACLE MODE
[05-12 14:32:43] Monte Carlo: 500 agents
[05-12 14:32:43] 扫描间隔: 60秒
[05-12 14:32:43] ======================================================================
[05-12 14:32:58] ======================================================================
[05-12 14:32:58] G28 Oracle 全自动交易系统 v3.0 🔮 ORACLE MODE
[05-12 14:32:58] Monte Carlo: 500 agents
[05-12 14:32:58] 扫描间隔: 60秒
[05-12 14:32:58] ======================================================================
[05-12 14:33:20] ======================================================================
[05-12 14:33:20] G28 Oracle 全自动交易系统 v3.0 🔮 ORACLE MODE
[05-12 14:33:20] Monte Carlo: 500 agents
[05-12 14:33:20] 扫描间隔: 60秒
[05-12 14:33:20] ======================================================================
[05-12 14:33:24] 
======================================================================
[05-12 14:33:24] ⏰ 14:33:24 | 总资产: $769.74
[05-12 14:33:24]   现货: $4.02 | 合约: $29.99
[05-12 14:34:11] ======================================================================
[05-12 14:34:11] G28 Oracle 全自动交易系统 v3.1 🔮 ORACLE MODE
[05-12 14:34:11] ======================================================================
[05-12 14:34:31] ======================================================================
[05-12 14:34:31] G28 Oracle 全自动交易系统 v3.1 🔮 ORACLE MODE
[05-12 14:34:31] ======================================================================
[05-12 14:34:34] 
⏰ 14:34:34 | 总资产: $739.41 | USDT: $4.02
[05-12 14:34:35]   🔮 BTC: BUY (RSI:38.4 动量:+0.50% 持仓:$0.00)
[05-12 14:34:36]   🔮 ETH: BUY (RSI:33.1 动量:-0.97% 持仓:$181.62)
[05-12 14:34:37]   🔮 BNB: HOLD (RSI:49.7 动量:+1.65% 持仓:$7.55)
[05-12 14:34:38]   🔮 LINK: BUY (RSI:39.2 动量:-0.57% 持仓:$18.53)
[05-12 14:34:39]   🔮 SOL: HOLD (RSI:42.2 动量:+1.17% 持仓:$7.03)
[05-12 14:34:40]   🔮 UNI: BUY (RSI:37.3 动量:-1.95% 持仓:$8.61)
[05-12 14:34:41]   🔮 BOME: HOLD (RSI:50.0 动量:+0.48% 持仓:$317.31)
[05-12 14:34:42]   🔮 TURBO: HOLD (RSI:46.6 动量:+0.30% 持仓:$74.75)
[05-12 14:34:43]   🔮 PUMP: STRONG_BUY (RSI:26.2 动量:-3.74% 持仓:$110.37)
[05-12 14:34:44]   🔮 NEIRO: HOLD (RSI:56.0 动量:+2.14% 持仓:$9.62)
[05-12 14:35:48] 
⏰ 14:35:48 | 总资产: $740.13 | USDT: $4.02
[05-12 14:35:49]   🔮 BTC: BUY (RSI:39.2 动量:+0.55% 持仓:$0.00)
[05-12 14:35:50]   🔮 ETH: BUY (RSI:33.6 动量:-0.93% 持仓:$181.69)
[05-12 14:35:51]   🔮 BNB: HOLD (RSI:50.2 动量:+1.69% 持仓:$7.55)
[05-12 14:35:52]   🔮 LINK: BUY (RSI:40.0 动量:-0.47% 持仓:$18.55)
[05-12 14:35:53]   🔮 SOL: HOLD (RSI:42.7 动量:+1.24% 持仓:$7.03)
[05-12 14:35:54]   🔮 UNI: BUY (RSI:37.7 动量:-1.87% 持仓:$8.61)
[05-12 14:35:55]   🔮 BOME: HOLD (RSI:50.9 动量:+0.64% 持仓:$317.81)
[05-12 14:35:56]   🔮 TURBO: HOLD (RSI:47.4 动量:+0.46% 持仓:$74.86)
[05-12 14:35:57]   🔮 PUMP: STRONG_BUY (RSI:26.3 动量:-3.69% 持仓:$110.43)
[05-12 14:35:58]   🔮 NEIRO: HOLD (RSI:56.8 动量:+2.32% 持仓:$9.64)
[05-12 14:37:02] 
⏰ 14:37:02 | 总资产: $740.33 | USDT: $4.02
[05-12 14:37:02]   🔮 BTC: BUY (RSI:39.3 动量:+0.55% 持仓:$0.00)
[05-12 14:37:03]   🔮 ETH: BUY (RSI:33.3 动量:-0.95% 持仓:$181.65)
[05-12 14:37:05]   🔮 BNB: HOLD (RSI:50.2 动量:+1.69% 持仓:$7.55)
[05-12 14:37:06]   🔮 LINK: BUY (RSI:39.2 动量:-0.57% 持仓:$18.53)
[05-12 14:37:07]   🔮 SOL: HOLD (RSI:42.5 动量:+1.22% 持仓:$7.03)
[05-12 14:37:08]   🔮 UNI: BUY (RSI:37.8 动量:-1.82% 持仓:$8.62)
[05-12 14:37:09]   🔮 BOME: HOLD (RSI:50.9 动量:+0.64% 持仓:$317.81)
[05-12 14:37:10]   🔮 TURBO: HOLD (RSI:47.0 动量:+0.38% 持仓:$74.92)
[05-12 14:37:11]   🔮 PUMP: STRONG_BUY (RSI:26.8 动量:-3.55% 持仓:$110.59)
[05-12 14:37:12]   🔮 NEIRO: HOLD (RSI:56.1 动量:+2.16% 持仓:$9.62)
[05-12 14:38:17] 
⏰ 14:38:17 | 总资产: $739.61 | USDT: $4.02
[05-12 14:38:18]   🔮 BTC: BUY (RSI:38.9 动量:+0.53% 持仓:$0.00)
[05-12 14:38:19]   🔮 ETH: BUY (RSI:32.9 动量:-0.99% 持仓:$181.58)
[05-12 14:38:20]   🔮 BNB: HOLD (RSI:50.2 动量:+1.69% 持仓:$7.55)
[05-12 14:38:21]   🔮 LINK: BUY (RSI:39.2 动量:-0.47% 持仓:$18.55)
[05-12 14:38:22]   🔮 SOL: HOLD (RSI:42.4 动量:+1.19% 持仓:$7.03)
[05-12 14:38:23]   🔮 UNI: BUY (RSI:38.2 动量:-1.79% 持仓:$8.62)
[05-12 14:38:24]   🔮 BOME: HOLD (RSI:50.0 动量:+0.48% 持仓:$317.31)
[05-12 14:38:25]   🔮 TURBO: HOLD (RSI:47.0 动量:+0.38% 持仓:$74.80)
[05-12 14:38:26]   🔮 PUMP: STRONG_BUY (RSI:26.6 动量:-3.60% 持仓:$110.54)
[05-12 14:38:27]   🔮 NEIRO: HOLD (RSI:56.0 动量:+2.14% 持仓:$9.62)
[05-12 14:39:30] 
⏰ 14:39:30 | 总资产: $739.36 | USDT: $4.02
[05-12 14:39:31]   🔮 BTC: BUY (RSI:37.9 动量:+0.47% 持仓:$0.00)
[05-12 14:39:32]   🔮 ETH: BUY (RSI:32.3 动量:-1.03% 持仓:$181.50)
[05-12 14:39:33]   🔮 BNB: HOLD (RSI:49.9 动量:+1.67% 持仓:$7.55)
[05-12 14:39:34]   🔮 LINK: BUY (RSI:38.5 动量:-0.66% 持仓:$18.51)
[05-12 14:39:35]   🔮 SOL: HOLD (RSI:41.9 动量:+1.12% 持仓:$0.00)
[05-12 14:39:36]   🔮 UNI: BUY (RSI:37.1 动量:-1.97% 持仓:$8.60)
[05-12 14:39:37]   🔮 BOME: HOLD (RSI:50.0 动量:+0.48% 持仓:$317.31)
[05-12 14:39:38]   🔮 TURBO: HOLD (RSI:46.6 动量:+0.30% 持仓:$74.75)
[05-12 14:39:39]   🔮 PUMP: STRONG_BUY (RSI:26.5 动量:-3.65% 持仓:$110.48)
[05-12 14:39:40]   🔮 NEIRO: HOLD (RSI:55.7 动量:+2.09% 持仓:$9.62)
[05-12 14:40:43] 
⏰ 14:40:43 | 总资产: $739.63 | USDT: $4.02
[05-12 14:40:44]   🔮 BTC: BUY (RSI:38.2 动量:+0.49% 持仓:$0.00)
[05-12 14:40:45]   🔮 ETH: BUY (RSI:32.8 动量:-0.99% 持仓:$181.57)
[05-12 14:40:46]   🔮 BNB: HOLD (RSI:50.2 动量:+1.69% 持仓:$7.55)
[05-12 14:40:47]   🔮 LINK: BUY (RSI:39.2 动量:-0.57% 持仓:$18.53)
[05-12 14:40:48]   🔮 SOL: HOLD (RSI:42.4 动量:+1.21% 持仓:$7.03)
[05-12 14:40:49]   🔮 UNI: BUY (RSI:37.5 动量:-1.90% 持仓:$8.61)
[05-12 14:40:50]   🔮 BOME: HOLD (RSI:50.0 动量:+0.48% 持仓:$317.31)
[05-12 14:40:51]   🔮 TURBO: HOLD (RSI:46.6 动量:+0.30% 持仓:$74.75)
[05-12 14:40:52]   🔮 PUMP: STRONG_BUY (RSI:26.9 动量:-3.51% 持仓:$110.64)
[05-12 14:40:53]   🔮 NEIRO: HOLD (RSI:56.3 动量:+2.21% 持仓:$9.63)
[05-12 14:41:56] 
⏰ 14:41:56 | 总资产: $739.57 | USDT: $4.02
[05-12 14:41:57]   🔮 BTC: BUY (RSI:37.8 动量:+0.46% 持仓:$0.00)
[05-12 14:41:58]   🔮 ETH: BUY (RSI:32.6 动量:-1.01% 持仓:$181.53)
[05-12 14:41:59]   🔮 BNB: HOLD (RSI:49.9 动量:+1.67% 持仓:$7.55)
[05-12 14:42:00]   🔮 LINK: BUY (RSI:39.2 动量:-0.57% 持仓:$18.53)
[05-12 14:42:01]   🔮 SOL: HOLD (RSI:41.7 动量:+1.10% 持仓:$7.02)
[05-12 14:42:02]   🔮 UNI: BUY (RSI:37.0 动量:-2.00% 持仓:$8.60)
[05-12 14:42:03]   🔮 BOME: HOLD (RSI:50.0 动量:+0.48% 持仓:$317.31)
[05-12 14:42:04]   🔮 TURBO: HOLD (RSI:46.2 动量:+0.23% 持仓:$74.69)
[05-12 14:42:06]   🔮 PUMP: STRONG_BUY (RSI:26.9 动量:-3.51% 持仓:$110.64)
[05-12 14:42:07]   🔮 NEIRO: HOLD (RSI:55.0 动量:+1.95% 持仓:$9.60)
[05-12 14:43:11] 
⏰ 14:43:11 | 总资产: $738.95 | USDT: $4.02
[05-12 14:43:12]   🔮 BTC: BUY (RSI:37.5 动量:+0.45% 持仓:$0.00)
[05-12 14:43:13]   🔮 ETH: BUY (RSI:32.3 动量:-1.04% 持仓:$181.49)
[05-12 14:43:14]   🔮 BNB: HOLD (RSI:49.9 动量:+1.67% 持仓:$7.55)
[05-12 14:43:15]   🔮 LINK: BUY (RSI:38.5 动量:-0.66% 持仓:$18.51)
[05-12 14:43:16]   🔮 SOL: HOLD (RSI:41.6 动量:+1.08% 持仓:$7.02)
[05-12 14:43:17]   🔮 UNI: BUY (RSI:37.3 动量:-1.95% 持仓:$8.61)
[05-12 14:43:18]   🔮 BOME: HOLD (RSI:49.1 动量:+0.32% 持仓:$316.80)
[05-12 14:43:19]   🔮 TURBO: HOLD (RSI:46.2 动量:+0.23% 持仓:$74.69)
[05-12 14:43:20]   🔮 PUMP: STRONG_BUY (RSI:26.9 动量:-3.51% 持仓:$110.64)
[05-12 14:43:21]   🔮 NEIRO: HOLD (RSI:55.1 动量:+1.98% 持仓:$9.60)
[05-12 14:44:25] 
⏰ 14:44:25 | 总资产: $739.02 | USDT: $4.02
[05-12 14:44:26]   🔮 BTC: BUY (RSI:37.2 动量:+0.43% 持仓:$0.00)
[05-12 14:44:27]   🔮 ETH: BUY (RSI:32.4 动量:-1.02% 持仓:$181.51)
[05-12 14:44:28]   🔮 BNB: HOLD (RSI:50.0 动量:+1.67% 持仓:$7.55)
[05-12 14:44:29]   🔮 LINK: BUY (RSI:38.5 动量:-0.66% 持仓:$18.51)
[05-12 14:44:30]   🔮 SOL: HOLD (RSI:41.7 动量:+1.10% 持仓:$7.02)
[05-12 14:44:31]   🔮 UNI: BUY (RSI:37.1 动量:-1.97% 持仓:$8.60)
[05-12 14:44:32]   🔮 BOME: HOLD (RSI:49.1 动量:+0.32% 持仓:$316.80)
[05-12 14:44:33]   🔮 TURBO: HOLD (RSI:46.2 动量:+0.23% 持仓:$74.69)
[05-12 14:44:34]   🔮 PUMP: STRONG_BUY (RSI:27.1 动量:-3.46% 持仓:$110.70)
[05-12 14:44:35]   🔮 NEIRO: HOLD (RSI:55.0 动量:+1.96% 持仓:$9.59)
[05-12 14:45:40] 
⏰ 14:45:40 | 总资产: $738.50 | USDT: $4.02
[05-12 14:45:41]   🔮 BTC: BUY (RSI:37.4 动量:+0.44% 持仓:$0.00)
[05-12 14:45:42]   🔮 ETH: BUY (RSI:32.6 动量:-1.01% 持仓:$181.53)
[05-12 14:45:43]   🔮 BNB: HOLD (RSI:50.1 动量:+1.68% 持仓:$7.55)
[05-12 14:45:44]   🔮 LINK: BUY (RSI:37.7 动量:-0.76% 持仓:$18.50)
[05-12 14:45:45]   🔮 SOL: HOLD (RSI:41.5 动量:+1.08% 持仓:$7.02)
[05-12 14:45:46]   🔮 UNI: BUY (RSI:37.3 动量:-1.95% 持仓:$8.61)
[05-12 14:45:47]   🔮 BOME: HOLD (RSI:48.3 动量:+0.16% 持仓:$316.30)
[05-12 14:45:48]   🔮 TURBO: HOLD (RSI:46.2 动量:+0.23% 持仓:$74.69)
[05-12 14:45:49]   🔮 PUMP: STRONG_BUY (RSI:27.1 动量:-3.46% 持仓:$110.70)
[05-12 14:45:50]   🔮 NEIRO: HOLD (RSI:54.2 动量:+1.80% 持仓:$9.59)
[05-12 14:46:54] 
⏰ 14:46:54 | 总资产: $738.80 | USDT: $4.02
[05-12 14:46:55]   🔮 BTC: BUY (RSI:37.9 动量:+0.47% 持仓:$0.00)
[05-12 14:46:56]   🔮 ETH: BUY (RSI:32.9 动量:-0.98% 持仓:$181.59)
[05-12 14:46:57]   🔮 BNB: HOLD (RSI:50.8 动量:+1.73% 持仓:$7.56)
[05-12 14:46:58]   🔮 LINK: BUY (RSI:39.2 动量:-0.57% 持仓:$18.53)
[05-12 14:46:59]   🔮 SOL: HOLD (RSI:41.9 动量:+1.12% 持仓:$7.03)
[05-12 14:47:00]   🔮 UNI: BUY (RSI:37.5 动量:-1.90% 持仓:$8.61)
[05-12 14:47:01]   🔮 BOME: HOLD (RSI:48.3 动量:+0.16% 持仓:$316.30)
[05-12 14:47:02]   🔮 TURBO: HOLD (RSI:46.2 动量:+0.23% 持仓:$74.69)
[05-12 14:47:03]   🔮 PUMP: STRONG_BUY (RSI:28.4 动量:-3.32% 持仓:$110.86)
[05-12 14:47:04]   🔮 NEIRO: HOLD (RSI:53.1 动量:+1.61% 持仓:$9.57)
[05-12 14:48:08] 
⏰ 14:48:08 | 总资产: $738.84 | USDT: $4.02
[05-12 14:48:09]   🔮 BTC: BUY (RSI:37.9 动量:+0.47% 持仓:$0.00)
[05-12 14:48:10]   🔮 ETH: BUY (RSI:33.1 动量:-0.96% 持仓:$181.62)
[05-12 14:48:11]   🔮 BNB: HOLD (RSI:50.9 动量:+1.74% 持仓:$7.56)
[05-12 14:48:12]   🔮 LINK: BUY (RSI:38.5 动量:-0.66% 持仓:$18.51)
[05-12 14:48:13]   🔮 SOL: HOLD (RSI:42.0 动量:+1.14% 持仓:$7.03)
[05-12 14:48:14]   🔮 UNI: BUY (RSI:37.7 动量:-1.87% 持仓:$8.61)
[05-12 14:48:15]   🔮 BOME: HOLD (RSI:48.3 动量:+0.16% 持仓:$316.30)
[05-12 14:48:16]   🔮 TURBO: HOLD (RSI:46.6 动量:+0.30% 持仓:$74.75)
[05-12 14:48:17]   🔮 PUMP: STRONG_BUY (RSI:28.4 动量:-3.32% 持仓:$110.86)
[05-12 14:48:18]   🔮 NEIRO: HOLD (RSI:53.9 动量:+1.75% 持仓:$9.58)
[05-12 14:49:21] 
⏰ 14:49:21 | 总资产: $738.60 | USDT: $4.02
[05-12 14:49:23]   🔮 BTC: BUY (RSI:37.9 动量:+0.47% 持仓:$0.00)
[05-12 14:49:24]   🔮 ETH: BUY (RSI:32.9 动量:-0.98% 持仓:$181.57)
[05-12 14:49:25]   🔮 BNB: HOLD (RSI:50.7 动量:+1.72% 持仓:$7.56)
[05-12 14:49:26]   🔮 LINK: BUY (RSI:38.5 动量:-0.66% 持仓:$18.51)
[05-12 14:49:26]   🔮 SOL: HOLD (RSI:41.4 动量:+1.05% 持仓:$7.02)
[05-12 14:49:27]   🔮 UNI: BUY (RSI:37.5 动量:-1.90% 持仓:$8.61)
[05-12 14:49:29]   🔮 BOME: HOLD (RSI:48.3 动量:+0.16% 持仓:$316.30)
[05-12 14:49:30]   🔮 TURBO: HOLD (RSI:45.8 动量:+0.15% 持仓:$74.63)
[05-12 14:49:31]   🔮 PUMP: STRONG_BUY (RSI:27.1 动量:-3.46% 持仓:$110.70)
[05-12 14:49:32]   🔮 NEIRO: HOLD (RSI:54.8 动量:+1.92% 持仓:$9.60)
[05-12 14:50:36] 
⏰ 14:50:36 | 总资产: $738.19 | USDT: $4.02
[05-12 14:50:36]   🔮 BTC: BUY (RSI:37.4 动量:+0.44% 持仓:$0.00)
[05-12 14:50:38]   🔮 ETH: BUY (RSI:32.3 动量:-1.03% 持仓:$181.49)
[05-12 14:50:39]   🔮 BNB: HOLD (RSI:49.6 动量:+1.65% 持仓:$7.55)
[05-12 14:50:40]   🔮 LINK: BUY (RSI:38.5 动量:-0.66% 持仓:$18.51)
[05-12 14:50:41]   🔮 SOL: HOLD (RSI:40.8 动量:+0.97% 持仓:$7.02)
[05-12 14:50:42]   🔮 UNI: BUY (RSI:37.0 动量:-2.00% 持仓:$8.60)
[05-12 14:50:43]   🔮 BOME: HOLD (RSI:48.3 动量:+0.16% 持仓:$316.30)
[05-12 14:50:43]   🔮 TURBO: HOLD (RSI:50.0 动量:+0.00% 持仓:$74.52)
[05-12 14:50:46]   🔮 PUMP: STRONG_BUY (RSI:26.6 动量:-3.60% 持仓:$110.54)
[05-12 14:50:47]   🔮 NEIRO: HOLD (RSI:54.2 动量:+1.80% 持仓:$9.59)
[05-12 14:51:50] 
⏰ 14:51:50 | 总资产: $738.03 | USDT: $4.02
[05-12 14:51:52]   🔮 BTC: BUY (RSI:36.3 动量:+0.37% 持仓:$0.00)
[05-12 14:51:53]   🔮 ETH: BUY (RSI:30.7 动量:-1.19% 持仓:$181.21)
[05-12 14:51:54]   🔮 BNB: HOLD (RSI:46.9 动量:+1.45% 持仓:$7.54)
[05-12 14:51:56]   🔮 LINK: BUY (RSI:37.7 动量:-0.76% 持仓:$18.50)
[05-12 14:51:57]   🔮 SOL: HOLD (RSI:40.3 动量:+0.89% 持仓:$7.01)
[05-12 14:51:58]   🔮 UNI: STRONG_BUY (RSI:36.5 动量:-2.08% 持仓:$8.59)
[05-12 14:51:59]   🔮 BOME: HOLD (RSI:48.3 动量:+0.16% 持仓:$316.30)
[05-12 14:51:59]   🔮 TURBO: HOLD (RSI:46.2 动量:+0.23% 持仓:$74.69)
[05-12 14:52:00]   🔮 PUMP: STRONG_BUY (RSI:26.8 动量:-3.55% 持仓:$110.59)
[05-12 14:52:02]   🔮 NEIRO: HOLD (RSI:53.9 动量:+1.75% 持仓:$9.58)
[05-12 14:53:05] 
⏰ 14:53:05 | 总资产: $738.02 | USDT: $4.02
[05-12 14:53:06]   🔮 BTC: BUY (RSI:36.5 动量:+0.38% 持仓:$0.00)
[05-12 14:53:07]   🔮 ETH: BUY (RSI:31.2 动量:-1.14% 持仓:$181.31)
[05-12 14:53:08]   🔮 BNB: HOLD (RSI:48.0 动量:+1.53% 持仓:$7.54)
[05-12 14:53:09]   🔮 LINK: BUY (RSI:37.0 动量:-0.85% 持仓:$18.48)
[05-12 14:53:10]   🔮 SOL: HOLD (RSI:40.9 动量:+0.97% 持仓:$7.01)
[05-12 14:53:12]   🔮 UNI: BUY (RSI:37.0 动量:-2.00% 持仓:$8.60)
[05-12 14:53:13]   🔮 BOME: HOLD (RSI:48.3 动量:+0.16% 持仓:$316.30)
[05-12 14:53:14]   🔮 TURBO: HOLD (RSI:45.4 动量:+0.08% 持仓:$74.58)
[05-12 14:53:15]   🔮 PUMP: STRONG_BUY (RSI:26.8 动量:-3.55% 持仓:$110.59)
[05-12 14:53:16]   🔮 NEIRO: HOLD (RSI:54.9 动量:+1.94% 持仓:$9.60)
[05-12 14:54:20] 
⏰ 14:54:20 | 总资产: $738.04 | USDT: $4.02
[05-12 14:54:21]   🔮 BTC: BUY (RSI:36.7 动量:+0.40% 持仓:$0.00)
[05-12 14:54:22]   🔮 ETH: BUY (RSI:31.2 动量:-1.13% 持仓:$181.31)
[05-12 14:54:23]   🔮 BNB: HOLD (RSI:47.8 动量:+1.52% 持仓:$7.54)
[05-12 14:54:24]   🔮 LINK: BUY (RSI:37.7 动量:-0.76% 持仓:$18.50)
[05-12 14:54:25]   🔮 SOL: HOLD (RSI:41.1 动量:+1.02% 持仓:$7.02)
[05-12 14:54:26]   🔮 UNI: BUY (RSI:37.1 动量:-1.97% 持仓:$8.60)
[05-12 14:54:27]   🔮 BOME: HOLD (RSI:48.3 动量:+0.16% 持仓:$316.30)
[05-12 14:54:28]   🔮 TURBO: HOLD (RSI:45.0 动量:+0.00% 持仓:$74.58)
[05-12 14:54:29]   🔮 PUMP: STRONG_BUY (RSI:26.9 动量:-3.51% 持仓:$110.64)
[05-12 14:54:30]   🔮 NEIRO: HOLD (RSI:55.2 动量:+1.99% 持仓:$9.61)
[05-12 14:55:34] 
⏰ 14:55:34 | 总资产: $737.39 | USDT: $4.02
[05-12 14:55:35]   🔮 BTC: BUY (RSI:36.2 动量:+0.36% 持仓:$0.00)
[05-12 14:55:36]   🔮 ETH: BUY (RSI:31.0 动量:-1.16% 持仓:$181.26)
[05-12 14:55:37]   🔮 BNB: HOLD (RSI:47.6 动量:+1.50% 持仓:$7.54)
[05-12 14:55:38]   🔮 LINK: BUY (RSI:37.7 动量:-0.76% 持仓:$18.50)
[05-12 14:55:39]   🔮 SOL: HOLD (RSI:40.6 动量:+0.93% 持仓:$7.01)
[05-12 14:55:40]   🔮 UNI: BUY (RSI:37.3 动量:-1.95% 持仓:$8.61)
[05-12 14:55:41]   🔮 BOME: HOLD (RSI:46.7 动量:-0.16% 持仓:$315.29)
[05-12 14:55:42]   🔮 TURBO: HOLD (RSI:45.0 动量:+0.00% 持仓:$74.52)
[05-12 14:55:43]   🔮 PUMP: STRONG_BUY (RSI:26.6 动量:-3.60% 持仓:$110.54)
[05-12 14:55:45]   🔮 NEIRO: HOLD (RSI:54.6 动量:+1.87% 持仓:$9.59)
[05-12 14:56:49] 
⏰ 14:56:49 | 总资产: $737.03 | USDT: $4.02
[05-12 14:56:50]   🔮 BTC: BUY (RSI:36.1 动量:+0.36% 持仓:$0.00)
[05-12 14:56:51]   🔮 ETH: BUY (RSI:31.2 动量:-1.13% 持仓:$181.31)
[05-12 14:56:52]   🔮 BNB: HOLD (RSI:48.0 动量:+1.53% 持仓:$7.54)
[05-12 14:56:53]   🔮 LINK: BUY (RSI:37.0 动量:-0.85% 持仓:$18.48)
[05-12 14:56:54]   🔮 SOL: HOLD (RSI:40.7 动量:+0.95% 持仓:$7.01)
[05-12 14:56:55]   🔮 UNI: BUY (RSI:37.3 动量:-1.95% 持仓:$8.61)
[05-12 14:56:56]   🔮 BOME: HOLD (RSI:46.7 动量:-0.16% 持仓:$315.29)
[05-12 14:56:57]   🔮 TURBO: HOLD (RSI:45.4 动量:+0.08% 持仓:$74.58)
[05-12 14:56:58]   🔮 PUMP: STRONG_BUY (RSI:26.8 动量:-3.55% 持仓:$110.59)
[05-12 14:56:59]   🔮 NEIRO: HOLD (RSI:55.5 动量:+2.05% 持仓:$9.61)
[05-12 14:58:02] 
⏰ 14:58:02 | 总资产: $737.07 | USDT: $4.02
[05-12 14:58:03]   🔮 BTC: BUY (RSI:36.2 动量:+0.36% 持仓:$0.00)
[05-12 14:58:04]   🔮 ETH: BUY (RSI:30.9 动量:-1.16% 持仓:$181.26)
[05-12 14:58:05]   🔮 BNB: HOLD (RSI:47.4 动量:+1.48% 持仓:$7.54)
[05-12 14:58:06]   🔮 LINK: BUY (RSI:37.7 动量:-0.76% 持仓:$18.50)
[05-12 14:58:07]   🔮 SOL: HOLD (RSI:40.5 动量:+0.91% 持仓:$7.01)
[05-12 14:58:08]   🔮 UNI: BUY (RSI:37.4 动量:-1.92% 持仓:$8.61)
[05-12 14:58:09]   🔮 BOME: HOLD (RSI:46.7 动量:-0.16% 持仓:$315.29)
[05-12 14:58:10]   🔮 TURBO: HOLD (RSI:45.4 动量:+0.08% 持仓:$74.58)
[05-12 14:58:11]   🔮 PUMP: HOLD (RSI:50.0 动量:-3.55% 持仓:$110.59)
[05-12 14:58:12]   🔮 NEIRO: HOLD (RSI:56.1 动量:+2.17% 持仓:$9.62)
[05-12 14:59:16] 
⏰ 14:59:16 | 总资产: $737.20 | USDT: $4.02
[05-12 14:59:17]   🔮 BTC: BUY (RSI:36.4 动量:+0.38% 持仓:$0.00)
[05-12 14:59:18]   🔮 ETH: BUY (RSI:31.2 动量:-1.13% 持仓:$181.31)
[05-12 14:59:19]   🔮 BNB: HOLD (RSI:47.5 动量:+1.49% 持仓:$7.54)
[05-12 14:59:20]   🔮 LINK: BUY (RSI:37.7 动量:-0.76% 持仓:$18.50)
[05-12 14:59:21]   🔮 SOL: HOLD (RSI:40.5 动量:+0.92% 持仓:$7.01)
[05-12 14:59:22]   🔮 UNI: BUY (RSI:37.7 动量:-1.87% 持仓:$8.61)
[05-12 14:59:23]   🔮 BOME: HOLD (RSI:46.7 动量:-0.16% 持仓:$315.29)
[05-12 14:59:24]   🔮 TURBO: HOLD (RSI:45.4 动量:+0.08% 持仓:$74.58)
[05-12 14:59:25]   🔮 PUMP: STRONG_BUY (RSI:26.5 动量:-3.65% 持仓:$110.48)
[05-12 14:59:27]   🔮 NEIRO: HOLD (RSI:55.9 动量:+2.12% 持仓:$9.62)
[05-12 15:00:31] 
⏰ 15:00:31 | 总资产: $736.18 | USDT: $4.02
[05-12 15:00:32]   🔮 BTC: BUY (RSI:21.4 动量:+0.30% 持仓:$0.00)
[05-12 15:00:33]   🔮 ETH: BUY (RSI:23.2 动量:-1.16% 持仓:$181.26)
[05-12 15:00:34]   🔮 BNB: HOLD (RSI:45.6 动量:+1.45% 持仓:$7.54)
[05-12 15:00:35]   🔮 LINK: BUY (RSI:31.2 动量:+0.00% 持仓:$18.50)
[05-12 15:00:36]   🔮 SOL: BUY (RSI:35.8 动量:+1.45% 持仓:$7.01)
[05-12 15:00:37]   🔮 UNI: STRONG_BUY (RSI:34.8 动量:-2.42% 持仓:$8.61)
[05-12 15:00:38]   🔮 BOME: HOLD (RSI:37.7 动量:+0.32% 持仓:$314.78)
[05-12 15:00:39]   🔮 TURBO: HOLD (RSI:39.1 动量:+0.00% 持仓:$74.46)
[05-12 15:00:40]   🔮 PUMP: STRONG_BUY (RSI:27.6 动量:-2.91% 持仓:$110.37)
[05-12 15:00:41]   🔮 NEIRO: HOLD (RSI:51.0 动量:+2.85% 持仓:$9.62)
[05-12 15:01:44] 
⏰ 15:01:44 | 总资产: $735.40 | USDT: $4.02
[05-12 15:01:46]   🔮 BTC: BUY (RSI:21.4 动量:+0.30% 持仓:$0.00)
[05-12 15:01:47]   🔮 ETH: BUY (RSI:23.1 动量:-1.17% 持仓:$181.23)
[05-12 15:01:48]   🔮 BNB: HOLD (RSI:44.9 动量:+1.41% 持仓:$7.54)
[05-12 15:01:49]   🔮 LINK: BUY (RSI:30.0 动量:-1.14% 持仓:$18.46)
[05-12 15:01:50]   🔮 SOL: BUY (RSI:35.6 动量:+1.42% 持仓:$7.01)
[05-12 15:01:51]   🔮 UNI: STRONG_BUY (RSI:34.6 动量:-2.45% 持仓:$8.61)
[05-12 15:01:52]   🔮 BOME: HOLD (RSI:37.0 动量:+0.16% 持仓:$314.27)
[05-12 15:01:53]   🔮 TURBO: HOLD (RSI:38.7 动量:-0.08% 持仓:$74.41)
[05-12 15:01:54]   🔮 PUMP: STRONG_BUY (RSI:27.1 动量:-3.06% 持仓:$110.21)
[05-12 15:01:55]   🔮 NEIRO: HOLD (RSI:48.4 动量:+2.42% 持仓:$9.58)
[05-12 15:02:59] 
⏰ 15:02:59 | 总资产: $733.22 | USDT: $4.02
[05-12 15:03:00]   🔮 BTC: BUY (RSI:20.4 动量:+0.20% 持仓:$0.00)
[05-12 15:03:01]   🔮 ETH: BUY (RSI:21.3 动量:-1.40% 持仓:$180.82)
[05-12 15:03:02]   🔮 BNB: HOLD (RSI:43.8 动量:+1.29% 持仓:$7.53)
[05-12 15:03:03]   🔮 LINK: BUY (RSI:28.8 动量:-1.33% 持仓:$18.43)
[05-12 15:03:04]   🔮 SOL: BUY (RSI:35.1 动量:+1.33% 持仓:$7.00)
[05-12 15:03:05]   🔮 UNI: STRONG_BUY (RSI:32.7 动量:-2.80% 持仓:$8.58)
[05-12 15:03:06]   🔮 BOME: BUY (RSI:34.5 动量:-0.48% 持仓:$312.25)
[05-12 15:03:07]   🔮 TURBO: HOLD (RSI:37.1 动量:-0.46% 持仓:$74.13)
[05-12 15:03:08]   🔮 PUMP: STRONG_BUY (RSI:26.0 动量:-3.39% 持仓:$109.83)
[05-12 15:03:09]   🔮 NEIRO: HOLD (RSI:45.1 动量:+1.81% 持仓:$9.53)
[05-12 15:04:14] 
⏰ 15:04:14 | 总资产: $732.21 | USDT: $4.02
[05-12 15:04:15]   🔮 BTC: BUY (RSI:20.2 动量:+0.18% 持仓:$0.00)
[05-12 15:04:16]   🔮 ETH: BUY (RSI:21.2 动量:-1.41% 持仓:$180.79)
[05-12 15:04:17]   🔮 BNB: HOLD (RSI:44.0 动量:+1.33% 持仓:$7.53)
[05-12 15:04:18]   🔮 LINK: BUY (RSI:28.8 动量:-1.33% 持仓:$18.43)
[05-12 15:04:19]   🔮 SOL: BUY (RSI:35.1 动量:+1.33% 持仓:$7.00)
[05-12 15:04:20]   🔮 UNI: STRONG_BUY (RSI:32.8 动量:-2.78% 持仓:$8.58)
[05-12 15:04:21]   🔮 BOME: BUY (RSI:34.5 动量:-0.48% 持仓:$312.25)
[05-12 15:04:22]   🔮 TURBO: HOLD (RSI:37.1 动量:-0.46% 持仓:$74.13)
[05-12 15:04:23]   🔮 PUMP: STRONG_BUY (RSI:26.3 动量:-3.30% 持仓:$109.94)
[05-12 15:04:24]   🔮 NEIRO: HOLD (RSI:45.3 动量:+1.85% 持仓:$9.53)
[05-12 15:05:28] 
⏰ 15:05:28 | 总资产: $732.21 | USDT: $4.02
[05-12 15:05:30]   🔮 BTC: BUY (RSI:20.3 动量:+0.20% 持仓:$0.00)
[05-12 15:05:31]   🔮 ETH: BUY (RSI:21.3 动量:-1.39% 持仓:$180.83)
[05-12 15:05:33]   🔮 BNB: HOLD (RSI:44.0 动量:+1.33% 持仓:$7.53)
[05-12 15:05:34]   🔮 LINK: BUY (RSI:28.8 动量:-1.33% 持仓:$18.43)
[05-12 15:05:35]   🔮 SOL: BUY (RSI:35.1 动量:+1.33% 持仓:$7.00)
[05-12 15:05:36]   🔮 UNI: STRONG_BUY (RSI:32.9 动量:-2.75% 持仓:$8.58)
[05-12 15:05:38]   🔮 BOME: BUY (RSI:34.5 动量:-0.48% 持仓:$312.25)
[05-12 15:05:39]   🔮 TURBO: HOLD (RSI:36.8 动量:-0.53% 持仓:$74.07)
[05-12 15:05:40]   🔮 PUMP: STRONG_BUY (RSI:26.5 动量:-3.25% 持仓:$109.99)
[05-12 15:05:41]   🔮 NEIRO: HOLD (RSI:45.2 动量:+1.83% 持仓:$9.53)
[05-12 15:06:45] 
⏰ 15:06:45 | 总资产: $656.35 | USDT: $4.02
[05-12 15:06:47]   🔮 BTC: BUY (RSI:20.3 动量:+0.19% 持仓:$0.00)
[05-12 15:06:48]   🔮 ETH: BUY (RSI:21.2 动量:-1.41% 持仓:$180.81)
[05-12 15:06:49]   🔮 BNB: HOLD (RSI:43.5 动量:+1.29% 持仓:$7.53)
[05-12 15:06:50]   🔮 LINK: BUY (RSI:28.3 动量:-1.42% 持仓:$18.41)
[05-12 15:06:51]   🔮 SOL: BUY (RSI:34.5 动量:+1.23% 持仓:$6.99)
[05-12 15:06:52]   🔮 UNI: STRONG_BUY (RSI:32.9 动量:-2.78% 持仓:$8.58)
[05-12 15:06:53]   🔮 BOME: BUY (RSI:33.3 动量:-0.81% 持仓:$311.24)
[05-12 15:06:55]   🔮 TURBO: HOLD (RSI:36.8 动量:-0.53% 持仓:$74.07)
[05-12 15:06:56]   🔮 PUMP: STRONG_BUY (RSI:26.6 动量:-3.20% 持仓:$110.05)
[05-12 15:06:57]   🔮 NEIRO: HOLD (RSI:44.4 动量:+1.68% 持仓:$9.51)
[05-12 15:08:01] 
⏰ 15:08:01 | 总资产: $731.68 | USDT: $4.02
[05-12 15:08:02]   🔮 BTC: BUY (RSI:20.4 动量:+0.21% 持仓:$0.00)
[05-12 15:08:03]   🔮 ETH: BUY (RSI:21.1 动量:-1.42% 持仓:$180.78)
[05-12 15:08:04]   🔮 BNB: HOLD (RSI:43.5 动量:+1.29% 持仓:$7.53)
[05-12 15:08:05]   🔮 LINK: BUY (RSI:28.3 动量:-1.33% 持仓:$18.41)
[05-12 15:08:06]   🔮 SOL: BUY (RSI:34.5 动量:+1.23% 持仓:$6.99)
[05-12 15:08:07]   🔮 UNI: STRONG_BUY (RSI:32.3 动量:-2.88% 持仓:$8.57)
[05-12 15:08:08]   🔮 BOME: BUY (RSI:33.3 动量:-0.81% 持仓:$311.24)
[05-12 15:08:09]   🔮 TURBO: HOLD (RSI:36.8 动量:-0.53% 持仓:$74.07)
[05-12 15:08:10]   🔮 PUMP: STRONG_BUY (RSI:26.5 动量:-3.25% 持仓:$109.99)
[05-12 15:08:11]   🔮 NEIRO: HOLD (RSI:44.4 动量:+1.68% 持仓:$9.51)
[05-12 15:09:14] 
⏰ 15:09:14 | 总资产: $732.66 | USDT: $4.02
[05-12 15:09:15]   🔮 BTC: BUY (RSI:20.8 动量:+0.24% 持仓:$0.00)
[05-12 15:09:16]   🔮 ETH: BUY (RSI:21.8 动量:-1.34% 持仓:$180.93)
[05-12 15:09:17]   🔮 BNB: HOLD (RSI:43.6 动量:+1.30% 持仓:$7.53)
[05-12 15:09:18]   🔮 LINK: BUY (RSI:28.8 动量:-1.33% 持仓:$18.43)
[05-12 15:09:19]   🔮 SOL: BUY (RSI:34.9 动量:+1.30% 持仓:$7.00)
[05-12 15:09:20]   🔮 UNI: STRONG_BUY (RSI:32.8 动量:-2.78% 持仓:$8.58)
[05-12 15:09:21]   🔮 BOME: BUY (RSI:34.5 动量:-0.48% 持仓:$312.25)
[05-12 15:09:22]   🔮 TURBO: HOLD (RSI:37.4 动量:-0.38% 持仓:$74.18)
[05-12 15:09:23]   🔮 PUMP: STRONG_BUY (RSI:26.9 动量:-3.11% 持仓:$110.15)
[05-12 15:09:24]   🔮 NEIRO: HOLD (RSI:45.6 动量:+1.92% 持仓:$9.54)
[05-12 15:10:28] 
⏰ 15:10:28 | 总资产: $733.76 | USDT: $4.02
[05-12 15:10:29]   🔮 BTC: BUY (RSI:20.9 动量:+0.25% 持仓:$0.00)
[05-12 15:10:30]   🔮 ETH: BUY (RSI:21.8 动量:-1.33% 持仓:$180.94)
[05-12 15:10:31]   🔮 BNB: HOLD (RSI:43.9 动量:+1.33% 持仓:$7.53)
[05-12 15:10:32]   🔮 LINK: BUY (RSI:29.4 动量:-1.23% 持仓:$18.44)
[05-12 15:10:33]   🔮 SOL: BUY (RSI:35.2 动量:+1.35% 持仓:$7.00)
[05-12 15:10:34]   🔮 UNI: STRONG_BUY (RSI:32.9 动量:-2.75% 持仓:$8.58)
[05-12 15:10:37]   🔮 BOME: HOLD (RSI:35.7 动量:-0.16% 持仓:$313.26)
[05-12 15:10:37]   🔮 TURBO: HOLD (RSI:37.7 动量:+0.00% 持仓:$74.24)
[05-12 15:10:38]   🔮 PUMP: BUY (RSI:27.1 动量:+0.00% 持仓:$110.21)
[05-12 15:10:39]   🔮 NEIRO: HOLD (RSI:45.2 动量:+1.84% 持仓:$9.53)
[05-12 15:11:43] 
⏰ 15:11:43 | 总资产: $734.34 | USDT: $3.35
[05-12 15:11:44]   🔮 BTC: BUY (RSI:22.8 动量:+0.35% 持仓:$0.00)
[05-12 15:11:45]   🔮 ETH: BUY (RSI:22.5 动量:-1.24% 持仓:$181.11)
[05-12 15:11:46]   🔮 BNB: HOLD (RSI:45.1 动量:+1.46% 持仓:$7.45)
[05-12 15:11:47]   🔮 LINK: BUY (RSI:30.0 动量:-1.14% 持仓:$18.46)
[05-12 15:11:48]   🔮 SOL: BUY (RSI:35.8 动量:+1.46% 持仓:$7.01)
[05-12 15:11:49]   🔮 UNI: STRONG_BUY (RSI:33.9 动量:-2.58% 持仓:$8.60)
[05-12 15:11:50]   🔮 BOME: HOLD (RSI:35.7 动量:-0.16% 持仓:$251.26)
[05-12 15:11:52]   🔮 TURBO: HOLD (RSI:38.4 动量:-0.15% 持仓:$74.41)
[05-12 15:11:52]   🔮 PUMP: STRONG_BUY (RSI:28.4 动量:-2.77% 持仓:$173.21)
[05-12 15:11:53]   🔮 NEIRO: HOLD (RSI:46.2 动量:+2.02% 持仓:$9.55)
[05-12 15:12:56] 
⏰ 15:12:56 | 总资产: $553.80 | USDT: $3.35
[05-12 15:12:57]   🔮 BTC: BUY (RSI:24.4 动量:+0.39% 持仓:$0.00)
[05-12 15:12:58]   🔮 ETH: BUY (RSI:24.2 动量:-1.11% 持仓:$181.34)
[05-12 15:13:00]   🔮 BNB: HOLD (RSI:46.2 动量:+1.49% 持仓:$7.45)
[05-12 15:13:01]   🔮 LINK: BUY (RSI:31.2 动量:-0.95% 持仓:$18.50)
[05-12 15:13:02]   🔮 SOL: BUY (RSI:36.5 动量:+1.54% 持仓:$7.02)
[05-12 15:13:03]   🔮 UNI: STRONG_BUY (RSI:34.6 动量:-2.45% 持仓:$8.61)
[05-12 15:13:04]   🔮 BOME: HOLD (RSI:36.4 动量:+0.00% 持仓:$251.67)
[05-12 15:13:06]   🔮 TURBO: HOLD (RSI:39.8 动量:+0.15% 持仓:$74.58)
[05-12 15:13:07]   🔮 PUMP: STRONG_BUY (RSI:28.0 动量:-2.82% 持仓:$173.13)
[05-12 15:13:09]   🔮 NEIRO: HOLD (RSI:47.7 动量:+2.29% 持仓:$9.57)
[05-12 15:14:12] 
⏰ 15:14:12 | 总资产: $734.48 | USDT: $3.35
[05-12 15:14:13]   🔮 BTC: BUY (RSI:24.1 动量:+0.38% 持仓:$0.00)
[05-12 15:14:14]   🔮 ETH: BUY (RSI:23.3 动量:-1.15% 持仓:$181.27)
[05-12 15:14:16]   🔮 BNB: HOLD (RSI:45.6 动量:+1.46% 持仓:$7.45)
[05-12 15:14:18]   🔮 LINK: BUY (RSI:30.0 动量:-1.14% 持仓:$18.46)
[05-12 15:14:19]   🔮 SOL: BUY (RSI:36.0 动量:+1.51% 持仓:$7.01)
[05-12 15:14:20]   🔮 UNI: STRONG_BUY (RSI:33.9 动量:-2.58% 持仓:$8.60)
[05-12 15:14:21]   🔮 BOME: HOLD (RSI:36.4 动量:+0.00% 持仓:$251.67)
[05-12 15:14:23]   🔮 TURBO: HOLD (RSI:39.4 动量:+0.08% 持仓:$74.52)
[05-12 15:14:24]   🔮 PUMP: STRONG_BUY (RSI:27.8 动量:-2.87% 持仓:$173.04)
[05-12 15:14:25]   🔮 NEIRO: HOLD (RSI:47.8 动量:+2.32% 持仓:$9.58)
[05-12 15:15:28] 
⏰ 15:15:28 | 总资产: $733.56 | USDT: $3.35
[05-12 15:15:29]   🔮 BTC: BUY (RSI:20.5 动量:+0.21% 持仓:$0.00)
[05-12 15:15:30]   🔮 ETH: BUY (RSI:22.0 动量:-1.30% 持仓:$181.00)
[05-12 15:15:31]   🔮 BNB: HOLD (RSI:44.4 动量:+1.36% 持仓:$7.44)
[05-12 15:15:32]   🔮 LINK: BUY (RSI:29.4 动量:-1.23% 持仓:$18.44)
[05-12 15:15:33]   🔮 SOL: BUY (RSI:35.6 动量:+1.42% 持仓:$0.00)
[05-12 15:15:33] 错误: float division by zero
[05-12 15:15:47] 
⏰ 15:15:47 | 总资产: $734.32 | USDT: $3.35
[05-12 15:15:48]   🔮 BTC: BUY (RSI:20.8 动量:+0.24% 持仓:$0.00)
[05-12 15:15:49]   🔮 ETH: BUY (RSI:22.5 动量:-1.24% 持仓:$181.10)
[05-12 15:15:49]   🔮 BNB: HOLD (RSI:44.9 动量:+1.41% 持仓:$7.44)
[05-12 15:15:50]   🔮 LINK: BUY (RSI:30.0 动量:-1.14% 持仓:$18.46)
[05-12 15:15:51]   🔮 SOL: BUY (RSI:35.7 动量:+1.45% 持仓:$7.01)
[05-12 15:15:53]   🔮 UNI: STRONG_BUY (RSI:33.6 动量:-2.63% 持仓:$8.59)
[05-12 15:15:54]   🔮 BOME: HOLD (RSI:36.4 动量:+0.00% 持仓:$251.67)
[05-12 15:15:55]   🔮 TURBO: HOLD (RSI:38.7 动量:-0.08% 持仓:$74.41)
[05-12 15:15:56]   🔮 PUMP: STRONG_BUY (RSI:27.4 动量:-2.96% 持仓:$172.87)
[05-12 15:15:57]   🔮 NEIRO: HOLD (RSI:50.0 动量:+2.23% 持仓:$9.57)
[05-12 15:17:00] 
⏰ 15:17:00 | 总资产: $734.38 | USDT: $3.35
[05-12 15:17:02]   🔮 BTC: BUY (RSI:21.4 动量:+0.30% 持仓:$0.00)
[05-12 15:17:03]   🔮 ETH: BUY (RSI:23.0 动量:-1.18% 持仓:$181.22)
[05-12 15:17:03]   🔮 BNB: HOLD (RSI:45.7 动量:+1.46% 持仓:$7.45)
[05-12 15:17:04]   🔮 LINK: BUY (RSI:30.0 动量:-1.14% 持仓:$18.46)
[05-12 15:17:05]   🔮 SOL: BUY (RSI:36.3 动量:+1.52% 持仓:$7.01)
[05-12 15:17:07]   🔮 UNI: STRONG_BUY (RSI:34.1 动量:-2.52% 持仓:$8.60)
[05-12 15:17:08]   🔮 BOME: HOLD (RSI:36.4 动量:+0.00% 持仓:$251.67)
[05-12 15:17:09]   🔮 TURBO: HOLD (RSI:39.4 动量:+0.08% 持仓:$74.52)
[05-12 15:17:10]   🔮 PUMP: STRONG_BUY (RSI:27.8 动量:-2.87% 持仓:$173.04)
[05-12 15:17:11]   🔮 NEIRO: HOLD (RSI:47.8 动量:+2.31% 持仓:$9.58)
[05-12 15:18:14] 
⏰ 15:18:14 | 总资产: $734.83 | USDT: $3.35
[05-12 15:18:15]   🔮 BTC: BUY (RSI:21.2 动量:+0.28% 持仓:$0.00)
[05-12 15:18:16]   🔮 ETH: BUY (RSI:22.6 动量:-1.23% 持仓:$181.12)
[05-12 15:18:17]   🔮 BNB: HOLD (RSI:44.8 动量:+1.40% 持仓:$7.44)
[05-12 15:18:19]   🔮 LINK: BUY (RSI:30.0 动量:-1.14% 持仓:$18.46)
[05-12 15:18:19]   🔮 SOL: BUY (RSI:35.9 动量:+1.47% 持仓:$7.01)
[05-12 15:18:20]   🔮 UNI: STRONG_BUY (RSI:34.1 动量:-2.52% 持仓:$8.60)
[05-12 15:18:22]   🔮 BOME: HOLD (RSI:36.4 动量:+0.00% 持仓:$251.67)
[05-12 15:18:22]   🔮 TURBO: HOLD (RSI:39.8 动量:+0.15% 持仓:$74.58)
[05-12 15:18:23]   🔮 PUMP: STRONG_BUY (RSI:28.0 动量:-2.82% 持仓:$173.13)
[05-12 15:18:25]   🔮 NEIRO: HOLD (RSI:47.8 动量:+2.32% 持仓:$9.58)
