[05-12 14:15:19] ======================================================================
[05-12 14:15:19] G28 全自动交易系统 v2.0 ⚠️ AUTO MODE
[05-12 14:15:19] 扫描间隔: 60秒
[05-12 14:15:19] ======================================================================
[05-12 14:15:23] 
============================================================
[05-12 14:15:23] ⏰ 14:15:23 | 总资产: $772.82
[05-12 14:15:23]   现货: $4.02 | 合约: $29.99
[05-12 14:15:27]   BTC: HOLD (RSI:41.4 动量:+0.65% 持仓:$0.00)
[05-12 14:15:31]   ETH: BUY (RSI:36.7 动量:-0.77% 持仓:$181.97)
[05-12 14:15:35]   BNB: HOLD (RSI:53.1 动量:+1.89% 持仓:$7.57)
[05-12 14:15:38]   LINK: HOLD (RSI:40.8 动量:-0.28% 持仓:$18.59)
[05-12 14:15:42]   SOL: HOLD (RSI:44.7 动量:+1.47% 持仓:$7.05)
[05-12 14:15:46]   UNI: HOLD (RSI:40.8 动量:-1.49% 持仓:$8.65)
[05-12 14:15:53]   BOME: HOLD (RSI:54.9 动量:+1.28% 持仓:$319.83)
[05-12 14:15:57]   TURBO: HOLD (RSI:47.0 动量:+0.38% 持仓:$74.80)
[05-12 14:16:01]   PUMP: STRONG_BUY (RSI:28.0 动量:-3.36% 持仓:$110.81)
[05-12 14:16:04]   NEIRO: HOLD (RSI:53.6 动量:+1.70% 持仓:$9.58)
[05-12 14:17:12] 
============================================================
[05-12 14:17:12] ⏰ 14:17:12 | 总资产: $772.28
[05-12 14:17:12]   现货: $4.02 | 合约: $29.99
[05-12 14:17:15]   BTC: HOLD (RSI:41.8 动量:+0.66% 持仓:$0.00)
[05-12 14:17:19]   ETH: BUY (RSI:37.1 动量:-0.76% 持仓:$182.00)
[05-12 14:17:24]   BNB: HOLD (RSI:53.1 动量:+1.89% 持仓:$7.57)
[05-12 14:17:27]   LINK: HOLD (RSI:40.8 动量:-0.38% 持仓:$18.57)
[05-12 14:17:32]   SOL: HOLD (RSI:45.0 动量:+1.51% 持仓:$7.05)
[05-12 14:17:36]   UNI: HOLD (RSI:40.6 动量:-1.51% 持仓:$8.64)
[05-12 14:17:40]   BOME: HOLD (RSI:53.8 动量:+1.12% 持仓:$319.33)
[05-12 14:17:44]   TURBO: HOLD (RSI:46.6 动量:+0.30% 持仓:$74.75)
[05-12 14:17:48]   PUMP: STRONG_BUY (RSI:28.4 动量:-3.32% 持仓:$110.86)
[05-12 14:17:53]   NEIRO: HOLD (RSI:53.4 动量:+1.66% 持仓:$9.57)
[05-12 14:19:00] 
============================================================
[05-12 14:19:00] ⏰ 14:19:00 | 总资产: $772.52
[05-12 14:19:00]   现货: $4.02 | 合约: $29.99
[05-12 14:19:04]   BTC: HOLD (RSI:42.6 动量:+0.69% 持仓:$0.00)
[05-12 14:19:08]   ETH: BUY (RSI:37.4 动量:-0.74% 持仓:$182.03)
[05-12 14:19:12]   BNB: HOLD (RSI:53.5 动量:+1.92% 持仓:$7.57)
[05-12 14:19:16]   LINK: HOLD (RSI:42.0 动量:-0.28% 持仓:$18.59)
[05-12 14:19:20]   SOL: HOLD (RSI:45.4 动量:+1.55% 持仓:$7.06)
[05-12 14:19:25]   UNI: HOLD (RSI:40.8 动量:-1.49% 持仓:$8.65)
[05-12 14:19:29]   BOME: HOLD (RSI:54.9 动量:+1.28% 持仓:$319.83)
[05-12 14:19:33]   TURBO: HOLD (RSI:47.0 动量:+0.38% 持仓:$74.80)
[05-12 14:19:37]   PUMP: STRONG_BUY (RSI:28.8 动量:-3.27% 持仓:$110.92)
[05-12 14:19:41]   NEIRO: HOLD (RSI:53.9 动量:+1.74% 持仓:$9.58)
[05-12 14:20:48] 
============================================================
[05-12 14:20:48] ⏰ 14:20:48 | 总资产: $773.08
[05-12 14:20:48]   现货: $4.02 | 合约: $29.99
[05-12 14:20:52]   BTC: HOLD (RSI:42.1 动量:+0.68% 持仓:$0.00)
[05-12 14:20:57]   ETH: BUY (RSI:36.9 动量:-0.76% 持仓:$181.99)
[05-12 14:21:01]   BNB: HOLD (RSI:52.8 动量:+1.87% 持仓:$7.57)
[05-12 14:21:05]   LINK: HOLD (RSI:40.8 动量:-0.38% 持仓:$18.57)
[05-12 14:21:10]   SOL: HOLD (RSI:45.9 动量:+1.60% 持仓:$7.06)
[05-12 14:21:14]   UNI: HOLD (RSI:40.3 动量:-1.54% 持仓:$8.64)
[05-12 14:21:18]   BOME: HOLD (RSI:54.9 动量:+1.28% 持仓:$319.83)
[05-12 14:21:22]   TURBO: HOLD (RSI:47.8 动量:+0.53% 持仓:$74.92)
[05-12 14:21:26]   PUMP: STRONG_BUY (RSI:28.4 动量:-3.32% 持仓:$110.86)
[05-12 14:21:30]   NEIRO: HOLD (RSI:55.5 动量:+2.05% 持仓:$9.61)
[05-12 14:22:38] 
============================================================
[05-12 14:22:38] ⏰ 14:22:38 | 总资产: $773.13
[05-12 14:22:38]   现货: $4.02 | 合约: $29.99
[05-12 14:22:42]   BTC: HOLD (RSI:42.0 动量:+0.67% 持仓:$0.00)
[05-12 14:22:46]   ETH: BUY (RSI:37.2 动量:-0.75% 持仓:$182.01)
[05-12 14:22:49]   BNB: HOLD (RSI:52.8 动量:+1.86% 持仓:$7.57)
[05-12 14:22:54]   LINK: HOLD (RSI:43.1 动量:-0.19% 持仓:$18.60)
[05-12 14:22:58]   SOL: HOLD (RSI:47.0 动量:+1.74% 持仓:$7.07)
[05-12 14:23:02]   UNI: HOLD (RSI:40.6 动量:-1.51% 持仓:$8.65)
[05-12 14:23:06]   BOME: HOLD (RSI:54.9 动量:+1.28% 持仓:$319.83)
[05-12 14:23:10]   TURBO: HOLD (RSI:48.7 动量:+0.68% 持仓:$75.03)
[05-12 14:23:14]   PUMP: STRONG_BUY (RSI:27.5 动量:-3.41% 持仓:$110.75)
[05-12 14:23:18]   NEIRO: HOLD (RSI:55.1 动量:+1.98% 持仓:$9.60)
[05-12 14:24:25] 
============================================================
[05-12 14:24:25] ⏰ 14:24:25 | 总资产: $773.00
[05-12 14:24:25]   现货: $4.02 | 合约: $29.99
[05-12 14:24:29]   BTC: HOLD (RSI:40.8 动量:+0.62% 持仓:$0.00)
[05-12 14:24:33]   ETH: BUY (RSI:36.2 动量:-0.80% 持仓:$181.93)
[05-12 14:24:36]   BNB: HOLD (RSI:51.9 动量:+1.80% 持仓:$7.56)
[05-12 14:24:41]   LINK: HOLD (RSI:42.0 动量:-0.28% 持仓:$18.59)
[05-12 14:24:45]   SOL: HOLD (RSI:46.1 动量:+1.63% 持仓:$7.06)
[05-12 14:24:49]   UNI: BUY (RSI:39.8 动量:-1.59% 持仓:$8.64)
[05-12 14:24:49] 下单失败: HTTP Error 400: Bad Request
[05-12 14:24:54]   BOME: HOLD (RSI:53.8 动量:+1.12% 持仓:$319.33)
[05-12 14:24:57]   TURBO: HOLD (RSI:47.8 动量:+0.53% 持仓:$74.92)
[05-12 14:25:01]   PUMP: STRONG_BUY (RSI:28.0 动量:-3.36% 持仓:$110.81)
[05-12 14:25:05]   NEIRO: HOLD (RSI:56.4 动量:+2.24% 持仓:$9.63)
[05-12 14:26:12] 
============================================================
[05-12 14:26:12] ⏰ 14:26:12 | 总资产: $773.22
[05-12 14:26:12]   现货: $4.02 | 合约: $29.99
[05-12 14:26:16]   BTC: HOLD (RSI:42.3 动量:+0.68% 持仓:$0.00)
[05-12 14:26:20]   ETH: BUY (RSI:37.2 动量:-0.75% 持仓:$182.01)
[05-12 14:26:25]   BNB: HOLD (RSI:52.1 动量:+1.82% 持仓:$7.56)
[05-12 14:26:29]   LINK: HOLD (RSI:42.0 动量:-0.28% 持仓:$18.59)
[05-12 14:26:33]   SOL: HOLD (RSI:46.1 动量:+1.63% 持仓:$7.06)
[05-12 14:26:37]   UNI: HOLD (RSI:40.1 动量:-1.56% 持仓:$8.64)
[05-12 14:26:40]   BOME: HOLD (RSI:54.9 动量:+1.28% 持仓:$319.83)
[05-12 14:26:44]   TURBO: HOLD (RSI:48.2 动量:+0.61% 持仓:$74.97)
[05-12 14:26:48]   PUMP: STRONG_BUY (RSI:28.8 动量:-3.27% 持仓:$110.92)
[05-12 14:26:53]   NEIRO: HOLD (RSI:57.0 动量:+2.35% 持仓:$9.64)
[05-12 14:28:00] 
============================================================
[05-12 14:28:00] ⏰ 14:28:00 | 总资产: $772.90
[05-12 14:28:00]   现货: $4.02 | 合约: $29.99
[05-12 14:28:04]   BTC: HOLD (RSI:40.6 动量:+0.62% 持仓:$0.00)
[05-12 14:28:08]   ETH: BUY (RSI:35.5 动量:-0.82% 持仓:$181.88)
[05-12 14:28:13]   BNB: HOLD (RSI:51.5 动量:+1.78% 持仓:$7.56)
[05-12 14:28:17]   LINK: HOLD (RSI:40.8 动量:-0.38% 持仓:$18.57)
[05-12 14:28:21]   SOL: HOLD (RSI:45.1 动量:+1.52% 持仓:$7.05)
[05-12 14:28:26]   UNI: BUY (RSI:39.6 动量:-1.61% 持仓:$8.64)
[05-12 14:28:26] 下单失败: HTTP Error 400: Bad Request
[05-12 14:28:30]   BOME: HOLD (RSI:54.9 动量:+1.28% 持仓:$319.83)
[05-12 14:28:34]   TURBO: HOLD (RSI:47.4 动量:+0.46% 持仓:$74.86)
[05-12 14:28:38]   PUMP: STRONG_BUY (RSI:28.4 动量:-3.32% 持仓:$110.86)
[05-12 14:28:42]   NEIRO: HOLD (RSI:56.8 动量:+2.32% 持仓:$9.64)
[05-12 14:29:49] 
============================================================
[05-12 14:29:49] ⏰ 14:29:49 | 总资产: $772.21
[05-12 14:29:49]   现货: $4.02 | 合约: $29.99
[05-12 14:29:53]   BTC: BUY (RSI:40.0 动量:+0.59% 持仓:$0.00)
[05-12 14:29:53] 下单失败: HTTP Error 400: Bad Request
[05-12 14:29:57]   ETH: BUY (RSI:34.5 动量:-0.86% 持仓:$181.80)
[05-12 14:30:01]   BNB: HOLD (RSI:51.5 动量:+1.78% 持仓:$7.56)
[05-12 14:30:06]   LINK: HOLD (RSI:42.0 动量:-0.28% 持仓:$18.57)
[05-12 14:30:09]   SOL: HOLD (RSI:45.0 动量:+1.51% 持仓:$7.05)
[05-12 14:30:13]   UNI: BUY (RSI:38.0 动量:-1.82% 持仓:$8.62)
[05-12 14:30:14] 下单失败: HTTP Error 400: Bad Request
[05-12 14:30:17]   BOME: HOLD (RSI:53.8 动量:+1.12% 持仓:$319.33)
[05-12 14:30:21]   TURBO: HOLD (RSI:46.6 动量:+0.30% 持仓:$74.75)
[05-12 14:30:25]   PUMP: STRONG_BUY (RSI:26.8 动量:-3.55% 持仓:$110.59)
[05-12 14:30:29]   NEIRO: HOLD (RSI:55.4 动量:+2.02% 持仓:$9.61)
[05-12 14:31:36] 
============================================================
[05-12 14:31:36] ⏰ 14:31:36 | 总资产: $771.86
[05-12 14:31:36]   现货: $4.02 | 合约: $29.99
[05-12 14:31:40]   BTC: BUY (RSI:39.7 动量:+0.58% 持仓:$0.00)
[05-12 14:31:40] 下单失败: HTTP Error 400: Bad Request
[05-12 14:31:44]   ETH: BUY (RSI:33.6 动量:-0.92% 持仓:$181.69)
[05-12 14:31:48]   BNB: HOLD (RSI:50.6 动量:+1.71% 持仓:$7.56)
[05-12 14:31:52]   LINK: BUY (RSI:40.0 动量:-0.47% 持仓:$18.55)
[05-12 14:31:52] 下单失败: HTTP Error 400: Bad Request
[05-12 14:31:55]   SOL: HOLD (RSI:43.0 动量:+1.28% 持仓:$7.04)
[05-12 14:31:59]   UNI: BUY (RSI:37.8 动量:-1.85% 持仓:$8.62)
[05-12 14:32:00] 下单失败: HTTP Error 400: Bad Request
[05-12 14:32:04]   BOME: HOLD (RSI:53.8 动量:+1.12% 持仓:$319.33)
[05-12 14:32:08]   TURBO: HOLD (RSI:46.2 动量:+0.23% 持仓:$74.69)
[05-12 14:32:12]   PUMP: STRONG_BUY (RSI:26.3 动量:-3.69% 持仓:$110.43)
[05-12 14:32:16]   NEIRO: HOLD (RSI:55.9 动量:+2.12% 持仓:$9.62)
