
╔══════════════════════════════════════════════╗
║     G31 Live Trading - 实盘交易系统       ║
║        go-core + 自动交易                ║
╚══════════════════════════════════════════════╝
    
[05-13 02:57:28] [INFO] 初始化go-core...
[05-13 02:57:28] [INFO] go-core初始化完成
[05-13 02:57:28] [INFO] ============================================================
[05-13 02:57:28] [INFO] G31 Live Trading 启动
[05-13 02:57:28] [INFO] ============================================================
[05-13 02:57:28] [INFO] 
============================================================
[05-13 02:57:28] [INFO] 扫描 #1 (02:57:28)
[05-13 02:57:38] [INFO] 账户: USDT=39.40 总计=$727.94
[05-13 02:57:38] [INFO] 持仓: ['BTC', 'ETH', 'BNB', 'LINK', 'ETC', 'XRP', 'ADA', 'DOGE', 'SOL', 'DOT', 'UNI', 'AVAX', 'AAVE', 'FIL', 'ICP', 'SHIB', 'ENS', 'LDO', 'APT', 'PEPE', 'FLOKI', 'SEI', 'BONK', 'BOME', 'NEIRO', 'TURBO', 'PUMP']
[05-13 02:57:47] [INFO] 
=== 买入扫描 ===
[05-13 02:57:52] [INFO] Meme扫描结果: 8 个信号
[05-13 02:57:52] [INFO]   SHIB: buy 50%
[05-13 02:57:52] [INFO]   FLOKI: buy 45%
[05-13 02:57:52] [INFO]   BONK: buy 45%
[05-13 02:57:52] [INFO] 
=== 主流币扫描 ===
[05-13 02:58:02] [INFO] 主流币扫描结果: 17 个信号
[05-13 02:58:02] [INFO]   ADA: buy 48%
[05-13 02:58:02] [INFO]   ETC: buy 48%
[05-13 02:58:12] [INFO] 
当前总资产: $727.67
[05-13 02:58:12] [INFO] 等待60秒...
[05-13 02:59:12] [INFO] 
============================================================
[05-13 02:59:12] [INFO] 扫描 #2 (02:59:12)
[05-13 02:59:23] [INFO] 账户: USDT=39.40 总计=$727.49
[05-13 02:59:23] [INFO] 持仓: ['BTC', 'ETH', 'BNB', 'LINK', 'ETC', 'XRP', 'ADA', 'DOGE', 'SOL', 'DOT', 'UNI', 'AVAX', 'AAVE', 'FIL', 'ICP', 'SHIB', 'ENS', 'LDO', 'APT', 'PEPE', 'FLOKI', 'SEI', 'BONK', 'BOME', 'NEIRO', 'TURBO', 'PUMP']
[05-13 02:59:33] [INFO] 
=== 买入扫描 ===
[05-13 02:59:39] [INFO] Meme扫描结果: 7 个信号
[05-13 02:59:39] [INFO]   SHIB: buy 42%
[05-13 02:59:39] [INFO]   PEPE: buy 39%
[05-13 02:59:39] [INFO]   FLOKI: buy 39%
[05-13 02:59:39] [INFO] 
=== 主流币扫描 ===
[05-13 02:59:47] [INFO] 主流币扫描结果: 10 个信号
[05-13 02:59:47] [INFO]   ETC: buy 44%
[05-13 02:59:47] [INFO]   SOL: buy 43%
[05-13 02:59:57] [INFO] 
当前总资产: $727.12
[05-13 02:59:57] [INFO] 等待60秒...
[05-13 03:00:57] [INFO] 
============================================================
[05-13 03:00:57] [INFO] 扫描 #3 (03:00:57)
[05-13 03:01:06] [INFO] 账户: USDT=39.40 总计=$727.74
[05-13 03:01:06] [INFO] 持仓: ['BTC', 'ETH', 'BNB', 'LINK', 'ETC', 'XRP', 'ADA', 'DOGE', 'SOL', 'DOT', 'UNI', 'AVAX', 'AAVE', 'FIL', 'ICP', 'SHIB', 'ENS', 'LDO', 'APT', 'PEPE', 'FLOKI', 'SEI', 'BONK', 'BOME', 'NEIRO', 'TURBO', 'PUMP']
[05-13 03:01:15] [INFO] 
=== 买入扫描 ===
[05-13 03:01:21] [INFO] Meme扫描结果: 8 个信号
[05-13 03:01:21] [INFO]   SHIB: buy 44%
[05-13 03:01:21] [INFO]   PEPE: buy 41%
[05-13 03:01:21] [INFO]   FLOKI: buy 40%
[05-13 03:01:21] [INFO] 
=== 主流币扫描 ===
[05-13 03:01:31] [INFO] 主流币扫描结果: 15 个信号
[05-13 03:01:31] [INFO]   SOL: buy 45%
[05-13 03:01:31] [INFO]   ADA: buy 44%
[05-13 03:01:39] [ERROR] API GET错误: <urlopen error [SSL: UNEXPECTED_EOF_WHILE_READING] EOF occurred in violation of protocol (_ssl.c:1007)>
[05-13 03:01:41] [INFO] 
当前总资产: $706.00
[05-13 03:01:41] [INFO] 等待60秒...
[05-13 03:02:41] [INFO] 
============================================================
[05-13 03:02:41] [INFO] 扫描 #4 (03:02:41)
[05-13 03:02:51] [INFO] 账户: USDT=39.40 总计=$728.09
[05-13 03:02:51] [INFO] 持仓: ['BTC', 'ETH', 'BNB', 'LINK', 'ETC', 'XRP', 'ADA', 'DOGE', 'SOL', 'DOT', 'UNI', 'AVAX', 'AAVE', 'FIL', 'ICP', 'SHIB', 'ENS', 'LDO', 'APT', 'PEPE', 'FLOKI', 'SEI', 'BONK', 'BOME', 'NEIRO', 'TURBO', 'PUMP']
[05-13 03:03:00] [INFO] 
=== 买入扫描 ===
[05-13 03:03:06] [INFO] Meme扫描结果: 8 个信号
[05-13 03:03:06] [INFO]   SHIB: buy 44%
[05-13 03:03:06] [INFO]   PEPE: buy 41%
[05-13 03:03:06] [INFO]   FLOKI: buy 40%
[05-13 03:03:06] [INFO] 
=== 主流币扫描 ===
[05-13 03:03:16] [INFO] 主流币扫描结果: 15 个信号
[05-13 03:03:16] [INFO]   SOL: buy 45%
[05-13 03:03:16] [INFO]   ADA: buy 44%
[05-13 03:03:25] [INFO] 
当前总资产: $728.16
[05-13 03:03:25] [INFO] 等待60秒...
[05-13 03:04:26] [INFO] 
============================================================
[05-13 03:04:26] [INFO] 扫描 #5 (03:04:26)
[05-13 03:04:35] [INFO] 账户: USDT=39.40 总计=$728.05
[05-13 03:04:35] [INFO] 持仓: ['BTC', 'ETH', 'BNB', 'LINK', 'ETC', 'XRP', 'ADA', 'DOGE', 'SOL', 'DOT', 'UNI', 'AVAX', 'AAVE', 'FIL', 'ICP', 'SHIB', 'ENS', 'LDO', 'APT', 'PEPE', 'FLOKI', 'SEI', 'BONK', 'BOME', 'NEIRO', 'TURBO', 'PUMP']
[05-13 03:04:44] [INFO] 
=== 买入扫描 ===
[05-13 03:04:50] [INFO] Meme扫描结果: 8 个信号
[05-13 03:04:50] [INFO]   SHIB: buy 44%
[05-13 03:04:50] [INFO]   PEPE: buy 41%
[05-13 03:04:50] [INFO]   FLOKI: buy 40%
[05-13 03:04:50] [INFO] 
=== 主流币扫描 ===
[05-13 03:05:00] [INFO] 主流币扫描结果: 15 个信号
[05-13 03:05:00] [INFO]   SOL: buy 45%
[05-13 03:05:00] [INFO]   ADA: buy 44%
[05-13 03:05:09] [INFO] 
当前总资产: $728.59
[05-13 03:05:09] [INFO] 等待60秒...
[05-13 03:06:09] [INFO] 
============================================================
[05-13 03:06:09] [INFO] 扫描 #6 (03:06:09)
[05-13 03:06:18] [INFO] 账户: USDT=39.40 总计=$728.46
[05-13 03:06:18] [INFO] 持仓: ['BTC', 'ETH', 'BNB', 'LINK', 'ETC', 'XRP', 'ADA', 'DOGE', 'SOL', 'DOT', 'UNI', 'AVAX', 'AAVE', 'FIL', 'ICP', 'SHIB', 'ENS', 'LDO', 'APT', 'PEPE', 'FLOKI', 'SEI', 'BONK', 'BOME', 'NEIRO', 'TURBO', 'PUMP']
[05-13 03:06:27] [INFO] 
=== 买入扫描 ===
[05-13 03:06:34] [INFO] Meme扫描结果: 8 个信号
[05-13 03:06:34] [INFO]   SHIB: buy 44%
[05-13 03:06:34] [INFO]   PEPE: buy 41%
[05-13 03:06:34] [INFO]   FLOKI: buy 40%
[05-13 03:06:34] [INFO] 
=== 主流币扫描 ===
[05-13 03:06:42] [INFO] 主流币扫描结果: 14 个信号
[05-13 03:06:42] [INFO]   SOL: buy 45%
[05-13 03:06:42] [INFO]   ADA: buy 44%
[05-13 03:06:51] [INFO] 
当前总资产: $728.74
[05-13 03:06:51] [INFO] 等待60秒...
[05-13 03:07:52] [INFO] 
============================================================
[05-13 03:07:52] [INFO] 扫描 #7 (03:07:52)
[05-13 03:08:00] [INFO] 账户: USDT=39.40 总计=$728.94
[05-13 03:08:00] [INFO] 持仓: ['BTC', 'ETH', 'BNB', 'LINK', 'ETC', 'XRP', 'ADA', 'DOGE', 'SOL', 'DOT', 'UNI', 'AVAX', 'AAVE', 'FIL', 'ICP', 'SHIB', 'ENS', 'LDO', 'APT', 'PEPE', 'FLOKI', 'SEI', 'BONK', 'BOME', 'NEIRO', 'TURBO', 'PUMP']
[05-13 03:08:09] [INFO] 
=== 买入扫描 ===
[05-13 03:08:14] [INFO] Meme扫描结果: 8 个信号
[05-13 03:08:14] [INFO]   SHIB: buy 44%
[05-13 03:08:14] [INFO]   PEPE: buy 41%
[05-13 03:08:14] [INFO]   FLOKI: buy 40%
[05-13 03:08:14] [INFO] 
=== 主流币扫描 ===
[05-13 03:08:22] [INFO] 主流币扫描结果: 14 个信号
[05-13 03:08:22] [INFO]   ADA: buy 44%
[05-13 03:08:22] [INFO]   ETC: buy 44%
[05-13 03:08:32] [INFO] 
当前总资产: $729.45
[05-13 03:08:32] [INFO] 等待60秒...
[05-13 03:09:32] [INFO] 
============================================================
[05-13 03:09:32] [INFO] 扫描 #8 (03:09:32)
[05-13 03:09:38] [ERROR] API GET错误: <urlopen error [SSL: UNEXPECTED_EOF_WHILE_READING] EOF occurred in violation of protocol (_ssl.c:1007)>
[05-13 03:09:41] [INFO] 账户: USDT=39.40 总计=$700.37
[05-13 03:09:41] [INFO] 持仓: ['BTC', 'ETH', 'BNB', 'LINK', 'ETC', 'XRP', 'ADA', 'DOGE', 'SOL', 'DOT', 'UNI', 'AVAX', 'AAVE', 'FIL', 'ICP', 'SHIB', 'ENS', 'LDO', 'APT', 'PEPE', 'FLOKI', 'SEI', 'BONK', 'BOME', 'NEIRO', 'TURBO', 'PUMP']
[05-13 03:09:50] [INFO] 
=== 买入扫描 ===
[05-13 03:09:55] [INFO] Meme扫描结果: 8 个信号
[05-13 03:09:55] [INFO]   SHIB: buy 44%
[05-13 03:09:55] [INFO]   PEPE: buy 41%
[05-13 03:09:55] [INFO]   FLOKI: buy 40%
[05-13 03:09:55] [INFO] 
=== 主流币扫描 ===
