[05-13 02:42:24] [INFO] 初始化go-core...
[05-13 02:42:24] [INFO] go-core初始化完成
[05-13 02:42:24] [INFO] ============================================================
[05-13 02:42:24] [INFO] G31 Live Trading 启动
[05-13 02:42:24] [INFO] ============================================================
[05-13 02:42:24] [INFO] 
============================================================
[05-13 02:42:24] [INFO] 扫描 #1 (02:42:24)
[05-13 02:42:34] [INFO] 账户: USDT=39.40 总计=$728.29
[05-13 02:42:34] [INFO] 持仓: ['BTC', 'ETH', 'BNB', 'LINK', 'ETC', 'XRP', 'ADA', 'DOGE', 'SOL', 'DOT', 'UNI', 'AVAX', 'AAVE', 'FIL', 'ICP', 'SHIB', 'ENS', 'LDO', 'APT', 'PEPE', 'FLOKI', 'SEI', 'BONK', 'BOME', 'NEIRO', 'TURBO', 'PUMP']
[05-13 02:42:43] [INFO] 
=== 买入扫描 ===
[05-13 02:42:49] [INFO] 
=== 主流币扫描 ===
[05-13 02:43:07] [INFO] 
当前总资产: $728.22
[05-13 02:43:07] [INFO] 等待60秒...
[05-13 02:44:07] [INFO] 
============================================================
[05-13 02:44:07] [INFO] 扫描 #2 (02:44:07)
[05-13 02:44:16] [INFO] 账户: USDT=39.40 总计=$728.22
[05-13 02:44:16] [INFO] 持仓: ['BTC', 'ETH', 'BNB', 'LINK', 'ETC', 'XRP', 'ADA', 'DOGE', 'SOL', 'DOT', 'UNI', 'AVAX', 'AAVE', 'FIL', 'ICP', 'SHIB', 'ENS', 'LDO', 'APT', 'PEPE', 'FLOKI', 'SEI', 'BONK', 'BOME', 'NEIRO', 'TURBO', 'PUMP']
[05-13 02:44:25] [INFO] 
=== 买入扫描 ===
[05-13 02:44:31] [INFO] 
=== 主流币扫描 ===
[05-13 02:44:49] [INFO] 
当前总资产: $728.34
[05-13 02:44:49] [INFO] 等待60秒...
[05-13 02:45:49] [INFO] 
============================================================
[05-13 02:45:49] [INFO] 扫描 #3 (02:45:49)
[05-13 02:45:58] [INFO] 账户: USDT=39.40 总计=$728.12
[05-13 02:45:58] [INFO] 持仓: ['BTC', 'ETH', 'BNB', 'LINK', 'ETC', 'XRP', 'ADA', 'DOGE', 'SOL', 'DOT', 'UNI', 'AVAX', 'AAVE', 'FIL', 'ICP', 'SHIB', 'ENS', 'LDO', 'APT', 'PEPE', 'FLOKI', 'SEI', 'BONK', 'BOME', 'NEIRO', 'TURBO', 'PUMP']
[05-13 02:46:06] [INFO] 
=== 买入扫描 ===
[05-13 02:46:12] [INFO] 
=== 主流币扫描 ===
[05-13 02:46:30] [INFO] 
当前总资产: $727.96
[05-13 02:46:30] [INFO] 等待60秒...
[05-13 02:47:30] [INFO] 
============================================================
[05-13 02:47:30] [INFO] 扫描 #4 (02:47:30)
[05-13 02:47:40] [INFO] 账户: USDT=39.40 总计=$727.70
[05-13 02:47:40] [INFO] 持仓: ['BTC', 'ETH', 'BNB', 'LINK', 'ETC', 'XRP', 'ADA', 'DOGE', 'SOL', 'DOT', 'UNI', 'AVAX', 'AAVE', 'FIL', 'ICP', 'SHIB', 'ENS', 'LDO', 'APT', 'PEPE', 'FLOKI', 'SEI', 'BONK', 'BOME', 'NEIRO', 'TURBO', 'PUMP']
[05-13 02:47:50] [INFO] 
=== 买入扫描 ===
[05-13 02:47:56] [INFO] 
=== 主流币扫描 ===
[05-13 02:48:14] [INFO] 
当前总资产: $727.94
[05-13 02:48:14] [INFO] 等待60秒...
[05-13 02:49:14] [INFO] 
============================================================
[05-13 02:49:14] [INFO] 扫描 #5 (02:49:14)
[05-13 02:49:23] [INFO] 账户: USDT=39.40 总计=$727.87
[05-13 02:49:23] [INFO] 持仓: ['BTC', 'ETH', 'BNB', 'LINK', 'ETC', 'XRP', 'ADA', 'DOGE', 'SOL', 'DOT', 'UNI', 'AVAX', 'AAVE', 'FIL', 'ICP', 'SHIB', 'ENS', 'LDO', 'APT', 'PEPE', 'FLOKI', 'SEI', 'BONK', 'BOME', 'NEIRO', 'TURBO', 'PUMP']
[05-13 02:49:35] [INFO] 
=== 买入扫描 ===
[05-13 02:49:40] [INFO] 
=== 主流币扫描 ===
[05-13 02:49:57] [INFO] 
当前总资产: $727.93
[05-13 02:49:57] [INFO] 等待60秒...
[05-13 02:50:58] [INFO] 
============================================================
[05-13 02:50:58] [INFO] 扫描 #6 (02:50:58)
[05-13 02:51:08] [INFO] 账户: USDT=39.40 总计=$728.04
[05-13 02:51:08] [INFO] 持仓: ['BTC', 'ETH', 'BNB', 'LINK', 'ETC', 'XRP', 'ADA', 'DOGE', 'SOL', 'DOT', 'UNI', 'AVAX', 'AAVE', 'FIL', 'ICP', 'SHIB', 'ENS', 'LDO', 'APT', 'PEPE', 'FLOKI', 'SEI', 'BONK', 'BOME', 'NEIRO', 'TURBO', 'PUMP']
[05-13 02:51:17] [INFO] 
=== 买入扫描 ===
[05-13 02:51:23] [INFO] 
=== 主流币扫描 ===
[05-13 02:51:41] [INFO] 
当前总资产: $728.14
[05-13 02:51:41] [INFO] 等待60秒...
[05-13 02:52:41] [INFO] 
============================================================
[05-13 02:52:41] [INFO] 扫描 #7 (02:52:41)
[05-13 02:52:50] [INFO] 账户: USDT=39.40 总计=$728.47
[05-13 02:52:50] [INFO] 持仓: ['BTC', 'ETH', 'BNB', 'LINK', 'ETC', 'XRP', 'ADA', 'DOGE', 'SOL', 'DOT', 'UNI', 'AVAX', 'AAVE', 'FIL', 'ICP', 'SHIB', 'ENS', 'LDO', 'APT', 'PEPE', 'FLOKI', 'SEI', 'BONK', 'BOME', 'NEIRO', 'TURBO', 'PUMP']
[05-13 02:52:59] [INFO] 
=== 买入扫描 ===
[05-13 02:53:05] [INFO] 
=== 主流币扫描 ===
[05-13 02:53:25] [INFO] 
当前总资产: $728.57
[05-13 02:53:25] [INFO] 等待60秒...
[05-13 02:54:25] [INFO] 
============================================================
[05-13 02:54:25] [INFO] 扫描 #8 (02:54:25)
[05-13 02:54:34] [INFO] 账户: USDT=39.40 总计=$728.70
[05-13 02:54:34] [INFO] 持仓: ['BTC', 'ETH', 'BNB', 'LINK', 'ETC', 'XRP', 'ADA', 'DOGE', 'SOL', 'DOT', 'UNI', 'AVAX', 'AAVE', 'FIL', 'ICP', 'SHIB', 'ENS', 'LDO', 'APT', 'PEPE', 'FLOKI', 'SEI', 'BONK', 'BOME', 'NEIRO', 'TURBO', 'PUMP']
[05-13 02:54:43] [INFO] 
=== 买入扫描 ===
[05-13 02:54:49] [INFO] 
=== 主流币扫描 ===
[05-13 02:55:06] [INFO] 
当前总资产: $728.51
[05-13 02:55:06] [INFO] 等待60秒...
[05-13 02:55:40] [INFO] 初始化go-core...
[05-13 02:55:40] [INFO] go-core初始化完成
[05-13 02:55:40] [INFO] ============================================================
[05-13 02:55:40] [INFO] G31 Live Trading 启动
[05-13 02:55:40] [INFO] ============================================================
[05-13 02:55:40] [INFO] 
============================================================
[05-13 02:55:40] [INFO] 扫描 #1 (02:55:40)
[05-13 02:55:49] [INFO] 账户: USDT=39.40 总计=$728.55
[05-13 02:55:49] [INFO] 持仓: ['BTC', 'ETH', 'BNB', 'LINK', 'ETC', 'XRP', 'ADA', 'DOGE', 'SOL', 'DOT', 'UNI', 'AVAX', 'AAVE', 'FIL', 'ICP', 'SHIB', 'ENS', 'LDO', 'APT', 'PEPE', 'FLOKI', 'SEI', 'BONK', 'BOME', 'NEIRO', 'TURBO', 'PUMP']
[05-13 02:55:58] [INFO] 
=== 买入扫描 ===
[05-13 02:56:03] [INFO] 
=== 主流币扫描 ===
[05-13 02:56:21] [INFO] 
当前总资产: $728.58
[05-13 02:56:21] [INFO] 等待60秒...
[05-13 02:57:28] [INFO] 初始化go-core...
[05-13 02:57:28] [INFO] go-core初始化完成
[05-13 02:57:28] [INFO] ============================================================
[05-13 02:57:28] [INFO] G31 Live Trading 启动
[05-13 02:57:28] [INFO] ============================================================
[05-13 02:57:28] [INFO] 
============================================================
[05-13 02:57:28] [INFO] 扫描 #1 (02:57:28)
[05-13 02:57:38] [INFO] 账户: USDT=39.40 总计=$727.94
[05-13 02:57:38] [INFO] 持仓: ['BTC', 'ETH', 'BNB', 'LINK', 'ETC', 'XRP', 'ADA', 'DOGE', 'SOL', 'DOT', 'UNI', 'AVAX', 'AAVE', 'FIL', 'ICP', 'SHIB', 'ENS', 'LDO', 'APT', 'PEPE', 'FLOKI', 'SEI', 'BONK', 'BOME', 'NEIRO', 'TURBO', 'PUMP']
[05-13 02:57:47] [INFO] 
=== 买入扫描 ===
[05-13 02:57:52] [INFO] Meme扫描结果: 8 个信号
[05-13 02:57:52] [INFO]   SHIB: buy 50%
[05-13 02:57:52] [INFO]   FLOKI: buy 45%
[05-13 02:57:52] [INFO]   BONK: buy 45%
[05-13 02:57:52] [INFO] 
=== 主流币扫描 ===
[05-13 02:58:02] [INFO] 主流币扫描结果: 17 个信号
[05-13 02:58:02] [INFO]   ADA: buy 48%
[05-13 02:58:02] [INFO]   ETC: buy 48%
[05-13 02:58:12] [INFO] 
当前总资产: $727.67
[05-13 02:58:12] [INFO] 等待60秒...
[05-13 02:59:12] [INFO] 
============================================================
[05-13 02:59:12] [INFO] 扫描 #2 (02:59:12)
[05-13 02:59:23] [INFO] 账户: USDT=39.40 总计=$727.49
[05-13 02:59:23] [INFO] 持仓: ['BTC', 'ETH', 'BNB', 'LINK', 'ETC', 'XRP', 'ADA', 'DOGE', 'SOL', 'DOT', 'UNI', 'AVAX', 'AAVE', 'FIL', 'ICP', 'SHIB', 'ENS', 'LDO', 'APT', 'PEPE', 'FLOKI', 'SEI', 'BONK', 'BOME', 'NEIRO', 'TURBO', 'PUMP']
[05-13 02:59:33] [INFO] 
=== 买入扫描 ===
[05-13 02:59:39] [INFO] Meme扫描结果: 7 个信号
[05-13 02:59:39] [INFO]   SHIB: buy 42%
[05-13 02:59:39] [INFO]   PEPE: buy 39%
[05-13 02:59:39] [INFO]   FLOKI: buy 39%
[05-13 02:59:39] [INFO] 
=== 主流币扫描 ===
[05-13 02:59:47] [INFO] 主流币扫描结果: 10 个信号
[05-13 02:59:47] [INFO]   ETC: buy 44%
[05-13 02:59:47] [INFO]   SOL: buy 43%
[05-13 02:59:57] [INFO] 
当前总资产: $727.12
[05-13 02:59:57] [INFO] 等待60秒...
[05-13 03:00:57] [INFO] 
============================================================
[05-13 03:00:57] [INFO] 扫描 #3 (03:00:57)
[05-13 03:01:06] [INFO] 账户: USDT=39.40 总计=$727.74
[05-13 03:01:06] [INFO] 持仓: ['BTC', 'ETH', 'BNB', 'LINK', 'ETC', 'XRP', 'ADA', 'DOGE', 'SOL', 'DOT', 'UNI', 'AVAX', 'AAVE', 'FIL', 'ICP', 'SHIB', 'ENS', 'LDO', 'APT', 'PEPE', 'FLOKI', 'SEI', 'BONK', 'BOME', 'NEIRO', 'TURBO', 'PUMP']
[05-13 03:01:15] [INFO] 
=== 买入扫描 ===
[05-13 03:01:21] [INFO] Meme扫描结果: 8 个信号
[05-13 03:01:21] [INFO]   SHIB: buy 44%
[05-13 03:01:21] [INFO]   PEPE: buy 41%
[05-13 03:01:21] [INFO]   FLOKI: buy 40%
[05-13 03:01:21] [INFO] 
=== 主流币扫描 ===
[05-13 03:01:31] [INFO] 主流币扫描结果: 15 个信号
[05-13 03:01:31] [INFO]   SOL: buy 45%
[05-13 03:01:31] [INFO]   ADA: buy 44%
[05-13 03:01:39] [ERROR] API GET错误: <urlopen error [SSL: UNEXPECTED_EOF_WHILE_READING] EOF occurred in violation of protocol (_ssl.c:1007)>
[05-13 03:01:41] [INFO] 
当前总资产: $706.00
[05-13 03:01:41] [INFO] 等待60秒...
[05-13 03:02:41] [INFO] 
============================================================
[05-13 03:02:41] [INFO] 扫描 #4 (03:02:41)
[05-13 03:02:51] [INFO] 账户: USDT=39.40 总计=$728.09
[05-13 03:02:51] [INFO] 持仓: ['BTC', 'ETH', 'BNB', 'LINK', 'ETC', 'XRP', 'ADA', 'DOGE', 'SOL', 'DOT', 'UNI', 'AVAX', 'AAVE', 'FIL', 'ICP', 'SHIB', 'ENS', 'LDO', 'APT', 'PEPE', 'FLOKI', 'SEI', 'BONK', 'BOME', 'NEIRO', 'TURBO', 'PUMP']
[05-13 03:03:00] [INFO] 
=== 买入扫描 ===
[05-13 03:03:06] [INFO] Meme扫描结果: 8 个信号
[05-13 03:03:06] [INFO]   SHIB: buy 44%
[05-13 03:03:06] [INFO]   PEPE: buy 41%
[05-13 03:03:06] [INFO]   FLOKI: buy 40%
[05-13 03:03:06] [INFO] 
=== 主流币扫描 ===
[05-13 03:03:16] [INFO] 主流币扫描结果: 15 个信号
[05-13 03:03:16] [INFO]   SOL: buy 45%
[05-13 03:03:16] [INFO]   ADA: buy 44%
[05-13 03:03:25] [INFO] 
当前总资产: $728.16
[05-13 03:03:25] [INFO] 等待60秒...
[05-13 03:04:26] [INFO] 
============================================================
[05-13 03:04:26] [INFO] 扫描 #5 (03:04:26)
[05-13 03:04:35] [INFO] 账户: USDT=39.40 总计=$728.05
[05-13 03:04:35] [INFO] 持仓: ['BTC', 'ETH', 'BNB', 'LINK', 'ETC', 'XRP', 'ADA', 'DOGE', 'SOL', 'DOT', 'UNI', 'AVAX', 'AAVE', 'FIL', 'ICP', 'SHIB', 'ENS', 'LDO', 'APT', 'PEPE', 'FLOKI', 'SEI', 'BONK', 'BOME', 'NEIRO', 'TURBO', 'PUMP']
[05-13 03:04:44] [INFO] 
=== 买入扫描 ===
[05-13 03:04:50] [INFO] Meme扫描结果: 8 个信号
[05-13 03:04:50] [INFO]   SHIB: buy 44%
[05-13 03:04:50] [INFO]   PEPE: buy 41%
[05-13 03:04:50] [INFO]   FLOKI: buy 40%
[05-13 03:04:50] [INFO] 
=== 主流币扫描 ===
[05-13 03:05:00] [INFO] 主流币扫描结果: 15 个信号
[05-13 03:05:00] [INFO]   SOL: buy 45%
[05-13 03:05:00] [INFO]   ADA: buy 44%
[05-13 03:05:09] [INFO] 
当前总资产: $728.59
[05-13 03:05:09] [INFO] 等待60秒...
[05-13 03:06:09] [INFO] 
============================================================
[05-13 03:06:09] [INFO] 扫描 #6 (03:06:09)
[05-13 03:06:18] [INFO] 账户: USDT=39.40 总计=$728.46
[05-13 03:06:18] [INFO] 持仓: ['BTC', 'ETH', 'BNB', 'LINK', 'ETC', 'XRP', 'ADA', 'DOGE', 'SOL', 'DOT', 'UNI', 'AVAX', 'AAVE', 'FIL', 'ICP', 'SHIB', 'ENS', 'LDO', 'APT', 'PEPE', 'FLOKI', 'SEI', 'BONK', 'BOME', 'NEIRO', 'TURBO', 'PUMP']
[05-13 03:06:27] [INFO] 
=== 买入扫描 ===
[05-13 03:06:34] [INFO] Meme扫描结果: 8 个信号
[05-13 03:06:34] [INFO]   SHIB: buy 44%
[05-13 03:06:34] [INFO]   PEPE: buy 41%
[05-13 03:06:34] [INFO]   FLOKI: buy 40%
[05-13 03:06:34] [INFO] 
=== 主流币扫描 ===
[05-13 03:06:42] [INFO] 主流币扫描结果: 14 个信号
[05-13 03:06:42] [INFO]   SOL: buy 45%
[05-13 03:06:42] [INFO]   ADA: buy 44%
[05-13 03:06:51] [INFO] 
当前总资产: $728.74
[05-13 03:06:51] [INFO] 等待60秒...
[05-13 03:07:52] [INFO] 
============================================================
[05-13 03:07:52] [INFO] 扫描 #7 (03:07:52)
[05-13 03:08:00] [INFO] 账户: USDT=39.40 总计=$728.94
[05-13 03:08:00] [INFO] 持仓: ['BTC', 'ETH', 'BNB', 'LINK', 'ETC', 'XRP', 'ADA', 'DOGE', 'SOL', 'DOT', 'UNI', 'AVAX', 'AAVE', 'FIL', 'ICP', 'SHIB', 'ENS', 'LDO', 'APT', 'PEPE', 'FLOKI', 'SEI', 'BONK', 'BOME', 'NEIRO', 'TURBO', 'PUMP']
[05-13 03:08:09] [INFO] 
=== 买入扫描 ===
[05-13 03:08:14] [INFO] Meme扫描结果: 8 个信号
[05-13 03:08:14] [INFO]   SHIB: buy 44%
[05-13 03:08:14] [INFO]   PEPE: buy 41%
[05-13 03:08:14] [INFO]   FLOKI: buy 40%
[05-13 03:08:14] [INFO] 
=== 主流币扫描 ===
[05-13 03:08:22] [INFO] 主流币扫描结果: 14 个信号
[05-13 03:08:22] [INFO]   ADA: buy 44%
[05-13 03:08:22] [INFO]   ETC: buy 44%
[05-13 03:08:32] [INFO] 
当前总资产: $729.45
[05-13 03:08:32] [INFO] 等待60秒...
[05-13 03:09:32] [INFO] 
============================================================
[05-13 03:09:32] [INFO] 扫描 #8 (03:09:32)
[05-13 03:09:38] [ERROR] API GET错误: <urlopen error [SSL: UNEXPECTED_EOF_WHILE_READING] EOF occurred in violation of protocol (_ssl.c:1007)>
[05-13 03:09:41] [INFO] 账户: USDT=39.40 总计=$700.37
[05-13 03:09:41] [INFO] 持仓: ['BTC', 'ETH', 'BNB', 'LINK', 'ETC', 'XRP', 'ADA', 'DOGE', 'SOL', 'DOT', 'UNI', 'AVAX', 'AAVE', 'FIL', 'ICP', 'SHIB', 'ENS', 'LDO', 'APT', 'PEPE', 'FLOKI', 'SEI', 'BONK', 'BOME', 'NEIRO', 'TURBO', 'PUMP']
[05-13 03:09:50] [INFO] 
=== 买入扫描 ===
[05-13 03:09:55] [INFO] Meme扫描结果: 8 个信号
[05-13 03:09:55] [INFO]   SHIB: buy 44%
[05-13 03:09:55] [INFO]   PEPE: buy 41%
[05-13 03:09:55] [INFO]   FLOKI: buy 40%
[05-13 03:09:55] [INFO] 
=== 主流币扫描 ===
[05-13 03:10:04] [INFO] 主流币扫描结果: 13 个信号
[05-13 03:10:04] [INFO]   ADA: buy 44%
[05-13 03:10:04] [INFO]   ETC: buy 44%
[05-13 03:10:13] [INFO] 
当前总资产: $729.79
[05-13 03:10:13] [INFO] 等待60秒...
[05-13 03:11:13] [INFO] 
============================================================
[05-13 03:11:13] [INFO] 扫描 #9 (03:11:13)
[05-13 03:11:22] [INFO] 账户: USDT=39.40 总计=$730.19
[05-13 03:11:22] [INFO] 持仓: ['BTC', 'ETH', 'BNB', 'LINK', 'ETC', 'XRP', 'ADA', 'DOGE', 'SOL', 'DOT', 'UNI', 'AVAX', 'AAVE', 'FIL', 'ICP', 'SHIB', 'ENS', 'LDO', 'APT', 'PEPE', 'FLOKI', 'SEI', 'BONK', 'BOME', 'NEIRO', 'TURBO', 'PUMP']
