[05-13 15:53:17] [INFO] 初始化go-core v2.0...
[05-13 15:53:17] [INFO] go-core v2.0初始化完成
[05-13 15:53:17] [INFO] ============================================================
[05-13 15:53:17] [INFO] G33 Optimized Trading v2.0 启动
[05-13 15:53:17] [INFO] 功能: go-core v2.0 + 订单簿 + 清算预警 + 跨交易所
[05-13 15:53:17] [INFO] ============================================================
[05-13 15:53:24] [INFO] 初始总资产: $726.87
[05-13 15:53:24] [INFO] 
============================================================
[05-13 15:53:24] [INFO] 扫描 #1 (15:53:24)
[05-13 15:53:32] [INFO] 账户: USDT=500.56 总计=$726.83
[05-13 15:53:32] [INFO] 持仓: ['BTC', 'LTC', 'ETH', 'BNB', 'ETC', 'ADA', 'ATOM', 'SOL', 'NEAR', 'SHIB', 'ARB', 'PEPE', 'AI', 'BOME']
[05-13 15:53:32] [INFO] 本次收益: -0.00%
[05-13 15:54:28] [INFO] 🚄 调仓: ARB(4%) → BABYDOGE(50%)
[05-13 15:54:30] [ERROR] BABYDOGE: 获取价格失败
[05-13 15:54:31] [ERROR] 获取账户失败: HTTP Error 400: Bad Request
[05-13 15:54:31] [INFO] 
当前总资产: $0.00
[05-13 15:54:31] [INFO] 等待20秒...
[05-13 15:54:49] [INFO] 
============================================================
[05-13 15:54:49] [INFO] 扫描 #2 (15:54:49)
[05-13 15:55:07] [INFO] 初始化go-core v2.0...
[05-13 15:55:07] [INFO] go-core v2.0初始化完成
[05-13 15:55:07] [INFO] ============================================================
[05-13 15:55:07] [INFO] G33 Optimized Trading v2.0 启动
[05-13 15:55:07] [INFO] 功能: go-core v2.0 + 订单簿 + 清算预警 + 跨交易所
[05-13 15:55:07] [INFO] ============================================================
[05-13 15:55:13] [INFO] 初始总资产: $726.90
[05-13 15:55:13] [INFO] 
============================================================
[05-13 15:55:13] [INFO] 扫描 #1 (15:55:13)
[05-13 15:55:20] [INFO] 账户: USDT=500.56 总计=$725.31
[05-13 15:55:20] [INFO] 持仓: ['BTC', 'LTC', 'ETH', 'BNB', 'ETC', 'ADA', 'ATOM', 'SOL', 'NEAR', 'SHIB', 'ARB', 'PEPE', 'AI', 'BOME']
[05-13 15:55:20] [INFO] 本次收益: -0.22%
[05-13 15:55:32] [ERROR] 获取账户失败: HTTP Error 400: Bad Request
[05-13 15:56:17] [ERROR] 错误: min() arg is an empty sequence
[05-13 15:56:27] [INFO] 
============================================================
[05-13 15:56:27] [INFO] 扫描 #2 (15:56:27)
[05-13 15:56:34] [INFO] 账户: USDT=500.56 总计=$726.84
[05-13 15:56:34] [INFO] 持仓: ['BTC', 'LTC', 'ETH', 'BNB', 'ETC', 'ADA', 'ATOM', 'SOL', 'NEAR', 'SHIB', 'ARB', 'PEPE', 'AI', 'BOME']
[05-13 15:56:34] [INFO] 本次收益: -0.01%
[05-13 15:57:34] [INFO] 🚄 调仓: BOME(7%) → MOG(50%)
[05-13 15:57:36] [ERROR] MOG: 获取价格失败
[05-13 15:57:37] [ERROR] 获取账户失败: HTTP Error 400: Bad Request
[05-13 15:57:37] [INFO] 
当前总资产: $0.00
[05-13 15:57:37] [INFO] 等待20秒...
[05-13 15:57:56] [INFO] 
============================================================
[05-13 15:57:56] [INFO] 扫描 #3 (15:57:56)
[05-13 15:58:04] [INFO] 账户: USDT=500.56 总计=$726.89
[05-13 15:58:04] [INFO] 持仓: ['BTC', 'LTC', 'ETH', 'BNB', 'ETC', 'ADA', 'ATOM', 'SOL', 'NEAR', 'SHIB', 'ARB', 'PEPE', 'AI', 'BOME']
[05-13 15:58:04] [INFO] 本次收益: -0.00%
[05-13 15:58:57] [INFO] 🚄 调仓: BNB(15%) → MOG(50%)
[05-13 15:58:58] [ERROR] MOG: 获取价格失败
[05-13 15:59:08] [INFO] 
当前总资产: $727.06
[05-13 15:59:08] [INFO] 等待20秒...
[05-13 15:59:26] [INFO] 
============================================================
[05-13 15:59:26] [INFO] 扫描 #4 (15:59:26)
[05-13 15:59:35] [INFO] 账户: USDT=500.56 总计=$727.11
[05-13 15:59:35] [INFO] 持仓: ['BTC', 'LTC', 'ETH', 'BNB', 'ETC', 'ADA', 'ATOM', 'SOL', 'NEAR', 'SHIB', 'ARB', 'PEPE', 'AI', 'BOME']
[05-13 15:59:35] [INFO] 本次收益: +0.03%
[05-13 16:00:40] [INFO] 🚄 调仓: ARB(9%) → MOG(50%)
[05-13 16:00:40] [ERROR] MOG: 获取价格失败
[05-13 16:00:48] [INFO] 
当前总资产: $727.16
[05-13 16:00:48] [INFO] 等待20秒...
[05-13 16:01:09] [INFO] 
============================================================
[05-13 16:01:09] [INFO] 扫描 #5 (16:01:09)
[05-13 16:01:09] [ERROR] 获取账户失败: HTTP Error 400: Bad Request
[05-13 16:01:09] [INFO] 账户: USDT=0.00 总计=$0.00
[05-13 16:01:09] [INFO] 持仓: []
[05-13 16:01:09] [INFO] 本次收益: -100.00%
[05-13 16:01:25] [INFO] 初始化go-core v2.0...
[05-13 16:01:25] [INFO] go-core v2.0初始化完成
[05-13 16:01:25] [INFO] ============================================================
[05-13 16:01:25] [INFO] G33 Optimized Trading v2.0 启动
[05-13 16:01:25] [INFO] 功能: go-core v2.0 + 订单簿 + 清算预警 + 跨交易所
[05-13 16:01:25] [INFO] ============================================================
[05-13 16:01:32] [INFO] 初始总资产: $727.05
[05-13 16:01:32] [INFO] 
============================================================
[05-13 16:01:32] [INFO] 扫描 #1 (16:01:32)
[05-13 16:01:34] [ERROR] 获取账户失败: HTTP Error 400: Bad Request
[05-13 16:01:34] [INFO] 账户: USDT=0.00 总计=$0.00
[05-13 16:01:34] [INFO] 持仓: []
[05-13 16:01:34] [INFO] 本次收益: -100.00%
[05-13 16:01:41] [ERROR] 获取账户失败: HTTP Error 400: Bad Request
[05-13 16:02:10] [INFO] 初始化go-core v2.0...
[05-13 16:02:10] [INFO] go-core v2.0初始化完成
[05-13 16:02:10] [INFO] ============================================================
[05-13 16:02:10] [INFO] G33 Optimized Trading v2.0 启动
[05-13 16:02:10] [INFO] 功能: go-core v2.0 + 订单簿 + 清算预警 + 跨交易所
[05-13 16:02:10] [INFO] ============================================================
[05-13 16:02:17] [INFO] 初始总资产: $726.97
[05-13 16:02:17] [INFO] 
============================================================
[05-13 16:02:17] [INFO] 扫描 #1 (16:02:17)
[05-13 16:02:24] [INFO] 账户: USDT=500.56 总计=$726.98
[05-13 16:02:24] [INFO] 持仓: ['BTC', 'LTC', 'ETH', 'BNB', 'ETC', 'ADA', 'ATOM', 'SOL', 'NEAR', 'SHIB', 'ARB', 'PEPE', 'AI', 'BOME']
[05-13 16:02:24] [INFO] 本次收益: +0.00%
[05-13 16:02:36] [ERROR] 获取账户失败: HTTP Error 400: Bad Request
[05-13 16:03:24] [ERROR] 错误: min() arg is an empty sequence
[05-13 16:03:34] [INFO] 
============================================================
[05-13 16:03:34] [INFO] 扫描 #2 (16:03:34)
[05-13 16:03:36] [ERROR] 获取账户失败: HTTP Error 400: Bad Request
[05-13 16:03:36] [INFO] 账户: USDT=0.00 总计=$0.00
[05-13 16:03:36] [INFO] 持仓: []
[05-13 16:03:36] [INFO] 本次收益: -100.00%
[05-13 16:04:33] [INFO] 初始化go-core v2.0...
[05-13 16:04:33] [INFO] go-core v2.0初始化完成
[05-13 16:04:33] [INFO] ============================================================
[05-13 16:04:33] [INFO] G33 Optimized Trading v2.0 启动
[05-13 16:04:33] [INFO] 功能: go-core v2.0 + 订单簿 + 清算预警 + 跨交易所
[05-13 16:04:33] [INFO] ============================================================
[05-13 16:04:38] [ERROR] 获取账户失败: HTTP Error 400: Bad Request
[05-13 16:04:38] [INFO] 初始总资产: $0.00
[05-13 16:04:38] [INFO] 
============================================================
[05-13 16:04:38] [INFO] 扫描 #1 (16:04:38)
[05-13 16:04:42] [ERROR] 获取账户失败: HTTP Error 400: Bad Request
[05-13 16:04:42] [INFO] 账户: USDT=0.00 总计=$0.00
[05-13 16:04:42] [INFO] 持仓: []
[05-13 16:05:34] [INFO] 🚄 调仓: BOME(4%) → MOG(50%)
[05-13 16:05:45] [INFO] 初始化go-core v2.0...
[05-13 16:05:45] [INFO] go-core v2.0初始化完成
[05-13 16:05:45] [INFO] ============================================================
[05-13 16:05:45] [INFO] G33 Optimized Trading v2.0 启动
[05-13 16:05:45] [INFO] 功能: go-core v2.0 + 订单簿 + 清算预警 + 跨交易所
[05-13 16:05:45] [INFO] ============================================================
[05-13 16:05:53] [INFO] 初始总资产: $727.01
[05-13 16:05:53] [INFO] 
============================================================
[05-13 16:05:53] [INFO] 扫描 #1 (16:05:53)
[05-13 16:05:59] [INFO] 账户: USDT=500.56 总计=$727.01
[05-13 16:05:59] [INFO] 持仓: ['BTC', 'LTC', 'ETH', 'BNB', 'ETC', 'ADA', 'ATOM', 'SOL', 'NEAR', 'SHIB', 'ARB', 'PEPE', 'AI', 'BOME']
[05-13 16:05:59] [INFO] 本次收益: -0.00%
[05-13 16:07:02] [INFO] 🚄 调仓: BOME(5%) → MOG(50%)
[05-13 16:07:05] [ERROR] MOG: 获取价格失败
[05-13 16:07:10] [ERROR] 获取账户失败: HTTP Error 400: Bad Request
[05-13 16:07:10] [INFO] 使用过期缓存 USDT=500.56
[05-13 16:07:16] [INFO] 
当前总资产: $726.98
[05-13 16:07:16] [INFO] 等待20秒...
[05-13 16:07:37] [INFO] 
============================================================
[05-13 16:07:37] [INFO] 扫描 #2 (16:07:37)
[05-13 16:07:41] [ERROR] 获取账户失败: HTTP Error 400: Bad Request
[05-13 16:07:41] [INFO] 使用过期缓存 USDT=500.56
[05-13 16:07:46] [INFO] 账户: USDT=500.56 总计=$726.91
[05-13 16:07:46] [INFO] 持仓: ['BTC', 'LTC', 'ETH', 'BNB', 'ETC', 'ADA', 'ATOM', 'SOL', 'NEAR', 'SHIB', 'ARB', 'PEPE', 'AI', 'BOME']
[05-13 16:07:46] [INFO] 本次收益: -0.01%
[05-13 16:08:47] [INFO] 🚄 调仓: BOME(5%) → MOG(50%)
[05-13 16:08:49] [ERROR] MOG: 获取价格失败
[05-13 16:08:59] [INFO] 
当前总资产: $726.90
[05-13 16:08:59] [INFO] 等待20秒...
[05-13 16:09:17] [INFO] 
============================================================
[05-13 16:09:17] [INFO] 扫描 #3 (16:09:17)
[05-13 16:09:25] [INFO] 账户: USDT=500.56 总计=$726.92
[05-13 16:09:25] [INFO] 持仓: ['BTC', 'LTC', 'ETH', 'BNB', 'ETC', 'ADA', 'ATOM', 'SOL', 'NEAR', 'SHIB', 'ARB', 'PEPE', 'AI', 'BOME']
[05-13 16:09:25] [INFO] 本次收益: -0.01%
[05-13 16:10:27] [INFO] 🚄 调仓: BOME(5%) → MOG(50%)
[05-13 16:10:30] [ERROR] MOG: 获取价格失败
[05-13 16:10:39] [INFO] 
当前总资产: $727.06
[05-13 16:10:39] [INFO] 等待20秒...
[05-13 16:10:57] [INFO] 
============================================================
[05-13 16:10:57] [INFO] 扫描 #4 (16:10:57)
[05-13 16:11:07] [INFO] 账户: USDT=500.56 总计=$726.97
[05-13 16:11:07] [INFO] 持仓: ['BTC', 'LTC', 'ETH', 'BNB', 'ETC', 'ADA', 'ATOM', 'SOL', 'NEAR', 'SHIB', 'ARB', 'PEPE', 'AI', 'BOME']
[05-13 16:11:07] [INFO] 本次收益: -0.01%
[05-13 16:12:03] [INFO] 🚄 调仓: BOME(4%) → MOG(50%)
[05-13 16:12:06] [ERROR] MOG: 获取价格失败
[05-13 16:12:11] [ERROR] 获取账户失败: HTTP Error 400: Bad Request
[05-13 16:12:11] [INFO] 使用过期缓存 USDT=500.56
[05-13 16:12:17] [INFO] 
当前总资产: $726.99
[05-13 16:12:17] [INFO] 等待20秒...
[05-13 16:12:35] [INFO] 
============================================================
[05-13 16:12:35] [INFO] 扫描 #5 (16:12:35)
[05-13 16:12:42] [INFO] 账户: USDT=500.56 总计=$726.93
[05-13 16:12:42] [INFO] 持仓: ['BTC', 'LTC', 'ETH', 'BNB', 'ETC', 'ADA', 'ATOM', 'SOL', 'NEAR', 'SHIB', 'ARB', 'PEPE', 'AI', 'BOME']
[05-13 16:12:42] [INFO] 本次收益: -0.01%
[05-13 16:13:38] [INFO] 🚄 调仓: BOME(5%) → MOG(50%)
[05-13 16:13:40] [ERROR] MOG: 获取价格失败
[05-13 16:13:48] [INFO] 
当前总资产: $726.96
[05-13 16:13:48] [INFO] 等待20秒...
[05-13 16:14:06] [INFO] 
============================================================
[05-13 16:14:06] [INFO] 扫描 #6 (16:14:06)
[05-13 16:14:14] [INFO] 账户: USDT=500.56 总计=$726.93
[05-13 16:14:14] [INFO] 持仓: ['BTC', 'LTC', 'ETH', 'BNB', 'ETC', 'ADA', 'ATOM', 'SOL', 'NEAR', 'SHIB', 'ARB', 'PEPE', 'AI', 'BOME']
[05-13 16:14:14] [INFO] 本次收益: -0.01%
[05-13 16:14:31] [ERROR] 获取账户失败: HTTP Error 400: Bad Request
[05-13 16:14:31] [INFO] 使用过期缓存 USDT=500.56
[05-13 16:15:15] [INFO] 🚄 调仓: BOME(5%) → MOG(50%)
[05-13 16:15:17] [ERROR] MOG: 获取价格失败
[05-13 16:15:26] [INFO] 
当前总资产: $727.04
[05-13 16:15:26] [INFO] 等待20秒...
[05-13 16:15:46] [INFO] 
============================================================
[05-13 16:15:46] [INFO] 扫描 #7 (16:15:46)
[05-13 16:15:50] [ERROR] 获取账户失败: HTTP Error 400: Bad Request
[05-13 16:15:50] [INFO] 使用过期缓存 USDT=500.56
[05-13 16:15:57] [INFO] 账户: USDT=500.56 总计=$727.13
[05-13 16:15:57] [INFO] 持仓: ['BTC', 'LTC', 'ETH', 'BNB', 'ETC', 'ADA', 'ATOM', 'SOL', 'NEAR', 'SHIB', 'ARB', 'PEPE', 'AI', 'BOME']
[05-13 16:15:57] [INFO] 本次收益: +0.02%
[05-13 16:16:14] [ERROR] 获取账户失败: HTTP Error 400: Bad Request
[05-13 16:16:14] [INFO] 使用过期缓存 USDT=500.56
[05-13 16:17:00] [INFO] 🚄 调仓: BOME(5%) → MOG(50%)
[05-13 16:17:03] [ERROR] MOG: 获取价格失败
[05-13 16:17:11] [INFO] 
当前总资产: $727.18
[05-13 16:17:11] [INFO] 等待20秒...
[05-13 16:17:30] [INFO] 
============================================================
[05-13 16:17:30] [INFO] 扫描 #8 (16:17:30)
[05-13 16:17:38] [INFO] 账户: USDT=500.56 总计=$727.27
[05-13 16:17:38] [INFO] 持仓: ['BTC', 'LTC', 'ETH', 'BNB', 'ETC', 'ADA', 'ATOM', 'SOL', 'NEAR', 'SHIB', 'ARB', 'PEPE', 'AI', 'BOME']
[05-13 16:17:38] [INFO] 本次收益: +0.04%
[05-13 16:18:37] [INFO] 🚄 调仓: BOME(3%) → MOG(50%)
[05-13 16:18:38] [ERROR] MOG: 获取价格失败
[05-13 16:18:45] [INFO] 
当前总资产: $727.23
[05-13 16:18:45] [INFO] 等待20秒...
[05-13 16:19:05] [INFO] 
============================================================
[05-13 16:19:05] [INFO] 扫描 #9 (16:19:05)
[05-13 16:19:11] [INFO] 账户: USDT=500.56 总计=$727.20
[05-13 16:19:11] [INFO] 持仓: ['BTC', 'LTC', 'ETH', 'BNB', 'ETC', 'ADA', 'ATOM', 'SOL', 'NEAR', 'SHIB', 'ARB', 'PEPE', 'AI', 'BOME']
[05-13 16:19:11] [INFO] 本次收益: +0.03%
