
╔══════════════════════════════════════════════╗
║     G34 Maximizer v3.0              ║
║   收益最大化系统 - 基于回测数据优化     ║
╚══════════════════════════════════════════════╝
    
[05-13 16:19:36] [INFO] G34 Maximizer初始化...
[05-13 16:19:36] [INFO] ============================================================
[05-13 16:19:36] [INFO] G34 Maximizer v3.0 启动
[05-13 16:19:36] [INFO] Top Meme: ['TURBO', 'BOME', 'NEIRO', 'BONK', 'PEPE', 'FLOKI', 'SHIB']
[05-13 16:19:36] [INFO] Avoid: ['WIF', 'AI', 'AAVE']
[05-13 16:19:36] [INFO] ============================================================
[05-13 16:19:41] [ERROR] 获取账户失败: HTTP Error 400: Bad Request
[05-13 16:19:41] [INFO] 初始总资产: $0.00
[05-13 16:19:41] [INFO] 
============================================================
[05-13 16:19:41] [INFO] 扫描 #1 (16:19:41)
[05-13 16:19:49] [INFO] 账户: USDT=500.56 总计=$727.06
[05-13 16:19:49] [INFO] 持仓: ['BTC', 'LTC', 'ETH', 'BNB', 'ETC', 'ADA', 'ATOM', 'SOL', 'NEAR', 'SHIB', 'ARB', 'PEPE', 'AI', 'BOME']
[05-13 16:20:06] [INFO] 
当前总资产: $727.06
[05-13 16:20:06] [INFO] 等待15秒...
[05-13 16:20:20] [INFO] 
============================================================
[05-13 16:20:20] [INFO] 扫描 #2 (16:20:20)
[05-13 16:20:27] [INFO] 账户: USDT=500.56 总计=$727.06
[05-13 16:20:27] [INFO] 持仓: ['BTC', 'LTC', 'ETH', 'BNB', 'ETC', 'ADA', 'ATOM', 'SOL', 'NEAR', 'SHIB', 'ARB', 'PEPE', 'AI', 'BOME']
[05-13 16:20:42] [INFO] 
当前总资产: $727.06
[05-13 16:20:42] [INFO] 等待15秒...
[05-13 16:20:58] [INFO] 
============================================================
[05-13 16:20:58] [INFO] 扫描 #3 (16:20:58)
[05-13 16:21:07] [INFO] 账户: USDT=500.56 总计=$727.16
[05-13 16:21:07] [INFO] 持仓: ['BTC', 'LTC', 'ETH', 'BNB', 'ETC', 'ADA', 'ATOM', 'SOL', 'NEAR', 'SHIB', 'ARB', 'PEPE', 'AI', 'BOME']
[05-13 16:21:22] [INFO] 
当前总资产: $727.12
[05-13 16:21:22] [INFO] 等待15秒...
[05-13 16:21:38] [INFO] 
============================================================
[05-13 16:21:38] [INFO] 扫描 #4 (16:21:38)
[05-13 16:21:45] [INFO] 账户: USDT=500.56 总计=$727.15
[05-13 16:21:45] [INFO] 持仓: ['BTC', 'LTC', 'ETH', 'BNB', 'ETC', 'ADA', 'ATOM', 'SOL', 'NEAR', 'SHIB', 'ARB', 'PEPE', 'AI', 'BOME']
[05-13 16:21:59] [INFO] 
当前总资产: $727.13
[05-13 16:21:59] [INFO] 等待15秒...
[05-13 16:22:14] [INFO] 
============================================================
[05-13 16:22:14] [INFO] 扫描 #5 (16:22:14)
[05-13 16:22:25] [INFO] 账户: USDT=500.56 总计=$727.12
[05-13 16:22:25] [INFO] 持仓: ['BTC', 'LTC', 'ETH', 'BNB', 'ETC', 'ADA', 'ATOM', 'SOL', 'NEAR', 'SHIB', 'ARB', 'PEPE', 'AI', 'BOME']
[05-13 16:22:43] [INFO] 
当前总资产: $727.09
[05-13 16:22:43] [INFO] 等待15秒...
[05-13 16:22:56] [INFO] 
============================================================
[05-13 16:22:56] [INFO] 扫描 #6 (16:22:56)
[05-13 16:23:04] [INFO] 账户: USDT=500.56 总计=$727.19
[05-13 16:23:04] [INFO] 持仓: ['BTC', 'LTC', 'ETH', 'BNB', 'ETC', 'ADA', 'ATOM', 'SOL', 'NEAR', 'SHIB', 'ARB', 'PEPE', 'AI', 'BOME']
[05-13 16:23:17] [INFO] 
当前总资产: $727.15
[05-13 16:23:17] [INFO] 等待15秒...
[05-13 16:23:30] [INFO] 
============================================================
[05-13 16:23:30] [INFO] 扫描 #7 (16:23:30)
[05-13 16:23:38] [INFO] 账户: USDT=500.56 总计=$727.12
[05-13 16:23:38] [INFO] 持仓: ['BTC', 'LTC', 'ETH', 'BNB', 'ETC', 'ADA', 'ATOM', 'SOL', 'NEAR', 'SHIB', 'ARB', 'PEPE', 'AI', 'BOME']
[05-13 16:23:58] [INFO] 
当前总资产: $727.12
[05-13 16:23:58] [INFO] 等待15秒...
[05-13 16:24:13] [INFO] 
============================================================
[05-13 16:24:13] [INFO] 扫描 #8 (16:24:13)
[05-13 16:24:20] [INFO] 账户: USDT=500.56 总计=$727.13
[05-13 16:24:20] [INFO] 持仓: ['BTC', 'LTC', 'ETH', 'BNB', 'ETC', 'ADA', 'ATOM', 'SOL', 'NEAR', 'SHIB', 'ARB', 'PEPE', 'AI', 'BOME']
[05-13 16:24:33] [INFO] 
当前总资产: $727.13
[05-13 16:24:33] [INFO] 等待15秒...
[05-13 16:24:49] [INFO] 
============================================================
[05-13 16:24:49] [INFO] 扫描 #9 (16:24:49)
[05-13 16:25:00] [INFO] 账户: USDT=500.56 总计=$727.18
[05-13 16:25:00] [INFO] 持仓: ['BTC', 'LTC', 'ETH', 'BNB', 'ETC', 'ADA', 'ATOM', 'SOL', 'NEAR', 'SHIB', 'ARB', 'PEPE', 'AI', 'BOME']
[05-13 16:25:19] [INFO] 
当前总资产: $727.16
[05-13 16:25:19] [INFO] 等待15秒...
[05-13 16:25:33] [INFO] 
============================================================
[05-13 16:25:33] [INFO] 扫描 #10 (16:25:33)
[05-13 16:25:41] [INFO] 账户: USDT=527.61 总计=$727.16
[05-13 16:25:41] [INFO] 持仓: ['BTC', 'LTC', 'ETH', 'BNB', 'ETC', 'ADA', 'ATOM', 'SOL', 'NEAR', 'SHIB', 'ARB', 'PEPE', 'AI', 'BOME']
[05-13 16:25:56] [INFO] 
当前总资产: $727.21
[05-13 16:25:56] [INFO] 等待15秒...
[05-13 16:26:11] [INFO] 
============================================================
[05-13 16:26:11] [INFO] 扫描 #11 (16:26:11)
[05-13 16:26:21] [INFO] 账户: USDT=527.61 总计=$727.28
[05-13 16:26:21] [INFO] 持仓: ['BTC', 'LTC', 'ETH', 'BNB', 'ETC', 'ADA', 'ATOM', 'SOL', 'NEAR', 'SHIB', 'ARB', 'PEPE', 'AI', 'BOME']
[05-13 16:26:40] [INFO] 
当前总资产: $727.26
[05-13 16:26:40] [INFO] 等待15秒...
[05-13 16:26:55] [INFO] 
============================================================
[05-13 16:26:55] [INFO] 扫描 #12 (16:26:55)
[05-13 16:27:03] [INFO] 账户: USDT=527.61 总计=$727.29
[05-13 16:27:03] [INFO] 持仓: ['BTC', 'LTC', 'ETH', 'BNB', 'ETC', 'ADA', 'ATOM', 'SOL', 'NEAR', 'SHIB', 'ARB', 'PEPE', 'AI', 'BOME']
[05-13 16:27:19] [INFO] 
当前总资产: $727.30
[05-13 16:27:19] [INFO] 等待15秒...
[05-13 16:27:34] [INFO] 
============================================================
[05-13 16:27:34] [INFO] 扫描 #13 (16:27:34)
[05-13 16:27:40] [ERROR] 获取账户失败: HTTP Error 400: Bad Request
[05-13 16:27:45] [INFO] 账户: USDT=527.61 总计=$727.25
[05-13 16:27:45] [INFO] 持仓: ['BTC', 'LTC', 'ETH', 'BNB', 'ETC', 'ADA', 'ATOM', 'SOL', 'NEAR', 'SHIB', 'ARB', 'PEPE', 'AI', 'BOME']
[05-13 16:28:05] [INFO] 
当前总资产: $727.21
[05-13 16:28:05] [INFO] 等待15秒...
[05-13 16:28:19] [INFO] 
============================================================
[05-13 16:28:19] [INFO] 扫描 #14 (16:28:19)
[05-13 16:28:29] [INFO] 账户: USDT=527.61 总计=$727.19
[05-13 16:28:29] [INFO] 持仓: ['BTC', 'LTC', 'ETH', 'BNB', 'ETC', 'ADA', 'ATOM', 'SOL', 'NEAR', 'SHIB', 'ARB', 'PEPE', 'AI', 'BOME']
[05-13 16:28:44] [INFO] 
当前总资产: $727.14
[05-13 16:28:44] [INFO] 等待15秒...
[05-13 16:29:00] [INFO] 
============================================================
[05-13 16:29:00] [INFO] 扫描 #15 (16:29:00)
[05-13 16:29:08] [INFO] 账户: USDT=527.61 总计=$727.13
[05-13 16:29:08] [INFO] 持仓: ['BTC', 'LTC', 'ETH', 'BNB', 'ETC', 'ADA', 'ATOM', 'SOL', 'NEAR', 'SHIB', 'ARB', 'PEPE', 'AI', 'BOME']
[05-13 16:29:28] [INFO] 
当前总资产: $727.18
[05-13 16:29:28] [INFO] 等待15秒...
[05-13 16:29:43] [INFO] 
============================================================
[05-13 16:29:43] [INFO] 扫描 #16 (16:29:43)
[05-13 16:29:54] [INFO] 账户: USDT=527.61 总计=$727.15
[05-13 16:29:54] [INFO] 持仓: ['BTC', 'LTC', 'ETH', 'BNB', 'ETC', 'ADA', 'ATOM', 'SOL', 'NEAR', 'SHIB', 'ARB', 'PEPE', 'AI', 'BOME']
[05-13 16:30:08] [INFO] 
当前总资产: $727.17
[05-13 16:30:08] [INFO] 等待15秒...
[05-13 16:30:22] [INFO] 
============================================================
[05-13 16:30:22] [INFO] 扫描 #17 (16:30:22)
[05-13 16:30:31] [INFO] 账户: USDT=527.61 总计=$727.15
[05-13 16:30:31] [INFO] 持仓: ['BTC', 'LTC', 'ETH', 'BNB', 'ETC', 'ADA', 'ATOM', 'SOL', 'NEAR', 'SHIB', 'ARB', 'PEPE', 'AI', 'BOME']
[05-13 16:30:48] [ERROR] 获取账户失败: HTTP Error 400: Bad Request
[05-13 16:30:57] [INFO] 
当前总资产: $727.00
[05-13 16:30:57] [INFO] 等待15秒...
