[05-13 16:39:30] [INFO] ============================================================
[05-13 16:39:30] [INFO] G35 Pool Strategy 撞球策略启动
[05-13 16:39:30] [INFO] 核心理念: 享受完当前币种回报周期后自然切换
[05-13 16:39:30] [INFO] ============================================================
[05-13 16:39:37] [INFO] 初始资产: $727.30
[05-13 16:39:37] [INFO] 
============================================================
[05-13 16:39:37] [INFO] 撞球扫描 #1 (16:39:37)
[05-13 16:39:45] [INFO] 资产: USDT=527.61 总计=$727.31
[05-13 16:40:24] [INFO] 当前撞球状态 (0/3):
[05-13 16:40:24] [INFO]   等待进球中...
[05-13 16:40:24] [INFO] 累计收益: +0.00%
[05-13 16:40:24] [INFO] 等待60秒...
[05-13 16:41:21] [INFO] 
============================================================
[05-13 16:41:21] [INFO] 撞球扫描 #2 (16:41:21)
[05-13 16:41:33] [INFO] 资产: USDT=541.32 总计=$727.58
[05-13 16:42:17] [INFO] 当前撞球状态 (0/3):
[05-13 16:42:17] [INFO]   等待进球中...
[05-13 16:42:17] [INFO] 累计收益: +0.04%
[05-13 16:42:17] [INFO] 等待60秒...
[05-13 16:43:14] [INFO] 
============================================================
[05-13 16:43:14] [INFO] 撞球扫描 #3 (16:43:14)
[05-13 16:43:21] [INFO] 资产: USDT=541.32 总计=$727.73
[05-13 16:44:02] [INFO] 当前撞球状态 (0/3):
[05-13 16:44:02] [INFO]   等待进球中...
[05-13 16:44:02] [INFO] 累计收益: +0.06%
[05-13 16:44:02] [INFO] 等待60秒...
[05-13 16:45:00] [INFO] 
============================================================
[05-13 16:45:00] [INFO] 撞球扫描 #4 (16:45:00)
[05-13 16:45:05] [INFO] 资产: USDT=541.32 总计=$727.60
[05-13 16:45:48] [INFO] 当前撞球状态 (0/3):
[05-13 16:45:48] [INFO]   等待进球中...
[05-13 16:45:48] [INFO] 累计收益: +0.04%
[05-13 16:45:48] [INFO] 等待60秒...
[05-13 21:57:51] [INFO] 
============================================================
[05-13 21:57:51] [INFO] 撞球扫描 #5 (21:57:51)
[05-13 21:58:12] [INFO] 资产: USDT=548.19 总计=$723.05
[05-13 21:59:30] [INFO] 当前撞球状态 (0/3):
[05-13 21:59:30] [INFO]   等待进球中...
[05-13 21:59:30] [INFO] 累计收益: -0.59%
[05-13 21:59:30] [INFO] 等待60秒...
[05-13 22:00:29] [INFO] 
============================================================
[05-13 22:00:29] [INFO] 撞球扫描 #6 (22:00:29)
[05-13 22:00:55] [INFO] 资产: USDT=356.44 总计=$722.67
[05-13 22:02:11] [INFO] 🎱 撞球进球: XRP (启动期, 评分90)
[05-13 22:02:16] [TRADE] 订单成功: BUY 121.6 XRPUSDT
[05-13 22:02:16] [INFO] 当前撞球状态 (1/3):
[05-13 22:02:18] [INFO]   🎯 XRP: 启动期 +5.6%
[05-13 22:02:18] [INFO] 累计收益: -0.64%
[05-13 22:02:18] [INFO] 等待60秒...
[05-13 22:03:17] [INFO] 
============================================================
[05-13 22:03:17] [INFO] 撞球扫描 #7 (22:03:17)
[05-13 22:03:38] [INFO] 资产: USDT=183.08 总计=$722.84
[05-13 22:04:40] [INFO] 🎱 撞球进球: LINK (启动期, 评分90)
[05-13 22:04:43] [TRADE] 订单成功: BUY 17.04 LINKUSDT
[05-13 22:04:43] [INFO] 当前撞球状态 (2/3):
[05-13 22:04:45] [INFO]   🎯 XRP: 启动期 -6.3%
[05-13 22:04:47] [INFO]   🎯 LINK: 启动期 +9.8%
[05-13 22:04:47] [INFO] 累计收益: -0.61%
[05-13 22:04:47] [INFO] 等待60秒...
[05-13 22:05:46] [INFO] 
============================================================
[05-13 22:05:46] [INFO] 撞球扫描 #8 (22:05:46)
[05-13 22:05:57] [INFO] 资产: USDT=9.44 总计=$723.82
[05-13 22:07:14] [INFO] 🎱 撞球进球: AVAX (启动期, 评分90)
[05-13 22:07:20] [INFO] 当前撞球状态 (2/3):
[05-13 22:07:22] [INFO]   🎯 XRP: 启动期 +13.3%
[05-13 22:07:24] [INFO]   🎯 LINK: 盘整期 +39.3%
[05-13 22:07:24] [INFO] 累计收益: -0.48%
[05-13 22:07:24] [INFO] 等待60秒...
[05-13 22:08:22] [INFO] 
============================================================
[05-13 22:08:22] [INFO] 撞球扫描 #9 (22:08:22)
[05-13 22:08:36] [INFO] 资产: USDT=9.44 总计=$723.15
[05-13 22:09:30] [INFO] 🎱 撞球进球: AVAX (启动期, 评分90)
[05-13 22:09:37] [INFO] 当前撞球状态 (2/3):
[05-13 22:09:39] [INFO]   🎯 XRP: 启动期 +10.5%
[05-13 22:09:41] [INFO]   🎯 LINK: 启动期 +39.3%
[05-13 22:09:41] [INFO] 累计收益: -0.57%
[05-13 22:09:41] [INFO] 等待60秒...
[05-13 22:10:40] [INFO] 
============================================================
[05-13 22:10:40] [INFO] 撞球扫描 #10 (22:10:40)
[05-13 22:10:49] [INFO] 资产: USDT=9.44 总计=$724.55
[05-13 22:11:39] [INFO] 🎱 撞球进球: AVAX (启动期, 评分90)
[05-13 22:11:45] [INFO] 当前撞球状态 (2/3):
[05-13 22:11:46] [INFO]   🎯 XRP: 启动期 +17.5%
[05-13 22:11:48] [INFO]   🎯 LINK: 盘整期 +58.9%
[05-13 22:11:48] [INFO] 累计收益: -0.38%
[05-13 22:11:48] [INFO] 等待60秒...
[05-13 22:12:46] [INFO] 
============================================================
[05-13 22:12:46] [INFO] 撞球扫描 #11 (22:12:46)
[05-13 22:12:55] [INFO] 资产: USDT=9.44 总计=$724.17
[05-13 22:13:52] [INFO] 🎱 撞球进球: AVAX (启动期, 评分90)
[05-13 22:13:57] [INFO] 当前撞球状态 (2/3):
[05-13 22:13:59] [INFO]   🎯 XRP: 启动期 +17.5%
[05-13 22:14:00] [INFO]   🎯 LINK: 盘整期 +49.1%
[05-13 22:14:00] [INFO] 累计收益: -0.43%
[05-13 22:14:00] [INFO] 等待60秒...
[05-13 22:14:59] [INFO] 
============================================================
[05-13 22:14:59] [INFO] 撞球扫描 #12 (22:14:59)
[05-13 22:15:11] [INFO] 资产: USDT=9.44 总计=$724.38
[05-13 22:15:56] [INFO] 🎱 撞球进球: AVAX (启动期, 评分90)
[05-13 22:16:02] [INFO] 当前撞球状态 (2/3):
[05-13 22:16:03] [INFO]   🎯 XRP: 启动期 +27.4%
[05-13 22:16:05] [INFO]   🎯 LINK: 盘整期 +58.9%
[05-13 22:16:05] [INFO] 累计收益: -0.40%
[05-13 22:16:05] [INFO] 等待60秒...
[05-13 22:17:03] [INFO] 
============================================================
[05-13 22:17:03] [INFO] 撞球扫描 #13 (22:17:03)
[05-13 22:17:15] [INFO] 资产: USDT=9.44 总计=$724.48
[05-13 22:18:06] [INFO] 当前撞球状态 (2/3):
[05-13 22:18:08] [INFO]   🎯 XRP: 启动期 +15.4%
[05-13 22:18:10] [INFO]   🎯 LINK: 盘整期 +39.3%
[05-13 22:18:10] [INFO] 累计收益: -0.39%
[05-13 22:18:10] [INFO] 等待60秒...
[05-13 22:19:09] [INFO] 
============================================================
[05-13 22:19:09] [INFO] 撞球扫描 #14 (22:19:09)
[05-13 22:19:21] [INFO] 资产: USDT=9.44 总计=$723.83
[05-13 22:20:08] [INFO] 🎱 撞球进球: AVAX (启动期, 评分90)
[05-13 22:20:18] [INFO] 当前撞球状态 (2/3):
[05-13 22:20:20] [INFO]   🎯 XRP: 启动期 +16.8%
[05-13 22:20:23] [INFO]   🎯 LINK: 盘整期 +58.9%
[05-13 22:20:23] [INFO] 累计收益: -0.48%
[05-13 22:20:23] [INFO] 等待60秒...
[05-13 22:21:21] [INFO] 
============================================================
[05-13 22:21:21] [INFO] 撞球扫描 #15 (22:21:21)
[05-13 22:21:31] [INFO] 资产: USDT=9.44 总计=$724.91
[05-13 22:22:31] [INFO] 当前撞球状态 (2/3):
[05-13 22:22:33] [INFO]   🎯 XRP: 启动期 +23.2%
[05-13 22:22:34] [INFO]   🎯 LINK: 盘整期 +58.9%
[05-13 22:22:34] [INFO] 累计收益: -0.33%
[05-13 22:22:34] [INFO] 等待60秒...
[05-13 22:22:57] [INFO] ============================================================
[05-13 22:22:57] [INFO] G35 Pool Strategy 撞球策略启动
[05-13 22:22:57] [INFO] 核心理念: 享受完当前币种回报周期后自然切换
[05-13 22:22:57] [INFO] ✅ go-core v2.0 已加载
[05-13 22:22:57] [INFO] ✅ go-quantum 已加载
[05-13 22:22:57] [INFO] ✅ go-thermo 已加载
[05-13 22:22:57] [INFO] ✅ go-contrarian 已加载
[05-13 22:22:57] [INFO] ✅ go-detect 已加载
[05-13 22:22:57] [INFO] ✅ go-orderbook 已加载
[05-13 22:22:57] [INFO] ✅ go-liquidation 已加载
[05-13 22:22:57] [INFO] ============================================================
[05-13 22:23:06] [INFO] 初始资产: $724.88
[05-13 22:23:06] [INFO] 
============================================================
[05-13 22:23:06] [INFO] 撞球扫描 #1 (22:23:06)
[05-13 22:23:18] [INFO] 资产: USDT=9.44 总计=$725.06
[05-13 22:24:18] [INFO] 🎱 撞球进球: TURBO (盘整期, 评分90)
[05-13 22:24:24] [INFO] 当前撞球状态 (0/3):
[05-13 22:24:24] [INFO]   等待进球中...
[05-13 22:24:24] [INFO] 累计收益: +0.03%
[05-13 22:24:24] [INFO] 等待60秒...
[05-13 22:25:23] [INFO] 
============================================================
[05-13 22:25:23] [INFO] 撞球扫描 #2 (22:25:23)
[05-13 22:25:34] [INFO] 资产: USDT=9.44 总计=$725.48
[05-13 22:26:35] [INFO] 🎱 撞球进球: TURBO (盘整期, 评分90)
[05-13 22:26:42] [INFO] 当前撞球状态 (0/3):
[05-13 22:26:42] [INFO]   等待进球中...
[05-13 22:26:42] [INFO] 累计收益: +0.08%
[05-13 22:26:42] [INFO] 等待60秒...
