G37 v3.1 撞球策略
[05-14 14:26:57] [INFO] ============================================================
[05-14 14:26:57] [INFO] G37 v3.1 撞球策略启动
[05-14 14:26:57] [INFO] 增强稳定性: API同步 + 状态持久化
[05-14 14:26:57] [INFO] ============================================================
[05-14 14:26:57] [INFO] 从API同步持仓...
[05-14 14:27:05] [INFO] 初始资产: $724.57
[05-14 14:27:05] [INFO] 同步后持仓: ['ARB', 'ETH', 'LINK', 'NEAR', 'BOME', 'ETC', 'SHIB', 'BNB', 'ADA', 'BTC', 'ATOM', 'DOT', 'LTC', 'SOL', 'PEPE', 'AI', 'XRP']
[05-14 14:27:05] [INFO] 
============================================================
[05-14 14:27:05] [INFO] G37扫描 (14:27:05)
[05-14 14:27:11] [INFO] 资产: USDT=$406.75 总计=$724.51
[05-14 14:27:41] [INFO] 持仓 (17/3):
[05-14 14:27:41] [INFO]   ARB: 盘整 -98.3%
[05-14 14:27:42] [INFO]   ETH: 盘整 +68.0%
[05-14 14:27:43] [INFO]   LINK: 盘整 +187.6%
[05-14 14:27:44] [INFO]   NEAR: 盘整 +128.0%
[05-14 14:27:45] [INFO]   BOME: 盘整 +16.8%
[05-14 14:27:45] [INFO]   ETC: 盘整 +86.7%
[05-14 14:27:46] [INFO]   SHIB: 盘整 +96.0%
[05-14 14:27:47] [INFO]   BNB: 盘整 +45.1%
[05-14 14:27:47] [INFO]   ADA: 盘整 +106.3%
[05-14 14:27:48] [INFO]   BTC: 盘整 +71.4%
[05-14 14:27:49] [INFO]   ATOM: 盘整 -145.8%
[05-14 14:27:50] [INFO]   DOT: 盘整 +30.0%
[05-14 14:27:51] [INFO]   LTC: 盘整 +89.9%
[05-14 14:27:51] [INFO]   SOL: 盘整 +44.0%
[05-14 14:27:52] [INFO]   PEPE: 盘整 +99.5%
[05-14 14:27:53] [INFO]   AI: 加速 +1304.3%
[05-14 14:27:53] [INFO]   XRP: 盘整 +82.3%
[05-14 14:27:53] [INFO] 累计收益: -0.01%
[05-14 14:28:23] [INFO] 
============================================================
[05-14 14:28:23] [INFO] G37扫描 (14:28:23)
[05-14 14:28:30] [INFO] 资产: USDT=$406.75 总计=$724.51
[05-14 14:29:00] [INFO] 持仓 (17/3):
[05-14 14:29:01] [INFO]   ARB: 盘整 -90.8%
[05-14 14:29:01] [INFO]   ETH: 盘整 +71.8%
[05-14 14:29:02] [INFO]   LINK: 盘整 +187.6%
[05-14 14:29:03] [INFO]   NEAR: 盘整 +121.6%
[05-14 14:29:04] [INFO]   BOME: 盘整 +16.8%
[05-14 14:29:04] [INFO]   ETC: 盘整 +86.7%
[05-14 14:29:05] [INFO]   SHIB: 盘整 +96.0%
[05-14 14:29:06] [INFO]   BNB: 盘整 +40.3%
[05-14 14:29:07] [INFO]   ADA: 盘整 +106.3%
[05-14 14:29:08] [INFO]   BTC: 盘整 +72.9%
[05-14 14:29:08] [INFO]   ATOM: 盘整 -145.8%
[05-14 14:29:09] [INFO]   DOT: 盘整 +15.0%
[05-14 14:29:10] [INFO]   LTC: 盘整 +88.1%
[05-14 14:29:11] [INFO]   SOL: 盘整 +48.4%
[05-14 14:29:12] [INFO]   PEPE: 盘整 +99.5%
[05-14 14:29:13] [INFO]   AI: 加速 +1391.3%
[05-14 14:29:13] [INFO]   XRP: 盘整 +84.4%
[05-14 14:29:13] [INFO] 累计收益: -0.01%
[05-14 14:29:43] [INFO] 
============================================================
[05-14 14:29:43] [INFO] G37扫描 (14:29:43)
[05-14 14:29:50] [INFO] 资产: USDT=$406.75 总计=$724.43
[05-14 14:30:20] [INFO] 持仓 (17/3):
[05-14 14:30:22] [INFO]   ARB: 盘整 -105.9%
[05-14 14:30:23] [INFO]   ETH: 盘整 +67.6%
[05-14 14:30:24] [INFO]   LINK: 盘整 +177.7%
[05-14 14:30:25] [INFO]   NEAR: 盘整 +121.6%
[05-14 14:30:25] [INFO]   BOME: 盘整 +0.0%
[05-14 14:30:26] [INFO]   ETC: 盘整 +75.8%
[05-14 14:30:27] [INFO]   SHIB: 盘整 +80.0%
[05-14 14:30:28] [INFO]   BNB: 盘整 +33.6%
[05-14 14:30:28] [INFO]   ADA: 盘整 +98.7%
[05-14 14:30:29] [INFO]   BTC: 盘整 +68.1%
[05-14 14:30:30] [INFO]   ATOM: 盘整 -145.8%
[05-14 14:30:31] [INFO]   DOT: 盘整 +15.0%
[05-14 14:30:32] [INFO]   LTC: 盘整 +86.4%
[05-14 14:30:32] [INFO]   SOL: 盘整 +41.8%
[05-14 14:30:33] [INFO]   PEPE: 盘整 +124.4%
[05-14 14:30:34] [INFO]   AI: 加速 +1347.8%
[05-14 14:30:35] [INFO]   XRP: 盘整 +82.3%
[05-14 14:30:35] [INFO] 累计收益: -0.02%
[05-14 14:31:05] [INFO] 
============================================================
[05-14 14:31:05] [INFO] G37扫描 (14:31:05)
[05-14 14:31:13] [INFO] 资产: USDT=$454.64 总计=$724.32
[05-14 14:31:44] [INFO] 持仓 (17/3):
[05-14 14:31:45] [INFO]   ARB: 盘整 -105.9%
[05-14 14:31:46] [INFO]   ETH: 盘整 +66.9%
[05-14 14:31:47] [INFO]   LINK: 盘整 +177.7%
[05-14 14:31:48] [INFO]   NEAR: 盘整 +121.6%
[05-14 14:31:49] [INFO]   BOME: 盘整 +0.0%
[05-14 14:31:50] [INFO]   ETC: 盘整 +65.0%
[05-14 14:31:51] [INFO]   SHIB: 盘整 +64.0%
[05-14 14:31:51] [INFO]   BNB: 盘整 +31.8%
[05-14 14:31:52] [INFO]   ADA: 盘整 +94.9%
[05-14 14:31:53] [INFO]   BTC: 盘整 +66.5%
[05-14 14:31:53] [INFO]   ATOM: 盘整 -141.0%
[05-14 14:31:54] [INFO]   DOT: 盘整 +15.0%
[05-14 14:31:55] [INFO]   LTC: 盘整 +84.6%
[05-14 14:31:56] [INFO]   SOL: 盘整 +37.4%
[05-14 14:31:57] [INFO]   PEPE: 盘整 +124.4%
[05-14 14:31:57] [INFO]   AI: 高峰 +1608.7%
[05-14 14:31:58] [INFO]   XRP: 盘整 +74.6%
[05-14 14:31:58] [INFO] 累计收益: -0.03%
[05-14 14:32:28] [INFO] 
============================================================
[05-14 14:32:28] [INFO] G37扫描 (14:32:28)
[05-14 14:32:34] [INFO] 资产: USDT=$454.64 总计=$724.03
[05-14 14:33:15] [INFO] 持仓 (17/3):
[05-14 14:33:15] [INFO]   ARB: 盘整 -113.5%
[05-14 14:33:16] [INFO]   ETH: 盘整 +56.9%
[05-14 14:33:17] [INFO]   LINK: 盘整 +157.9%
[05-14 14:33:17] [INFO]   NEAR: 盘整 +115.2%
[05-14 14:33:18] [INFO]   BOME: 盘整 -50.4%
[05-14 14:33:19] [INFO]   ETC: 盘整 +54.2%
[05-14 14:33:20] [INFO]   SHIB: 盘整 +64.0%
[05-14 14:33:20] [INFO]   BNB: 盘整 +27.9%
[05-14 14:33:21] [INFO]   ADA: 盘整 +87.3%
[05-14 14:33:22] [INFO]   BTC: 盘整 +65.9%
[05-14 14:33:23] [INFO]   ATOM: 盘整 -170.2%
[05-14 14:33:23] [INFO]   DOT: 盘整 +0.0%
[05-14 14:33:24] [INFO]   LTC: 盘整 +74.0%
[05-14 14:33:25] [INFO]   SOL: 盘整 +30.8%
[05-14 14:33:26] [INFO]   PEPE: 盘整 +99.5%
[05-14 14:33:27] [INFO]   AI: 加速 +1695.7%
[05-14 14:33:28] [INFO]   XRP: 盘整 +68.2%
[05-14 14:33:28] [INFO] 累计收益: -0.07%
[05-14 14:33:58] [INFO] 
============================================================
[05-14 14:33:58] [INFO] G37扫描 (14:33:58)
[05-14 14:34:05] [INFO] 资产: USDT=$454.64 总计=$723.87
[05-14 14:34:36] [INFO] 持仓 (17/3):
[05-14 14:34:36] [INFO]   ARB: 盘整 -121.0%
[05-14 14:34:37] [INFO]   ETH: 盘整 +52.9%
[05-14 14:34:38] [INFO]   LINK: 盘整 +148.1%
[05-14 14:34:39] [INFO]   NEAR: 盘整 +121.6%
[05-14 14:34:40] [INFO]   BOME: 盘整 -50.4%
[05-14 14:34:41] [INFO]   ETC: 盘整 +54.2%
[05-14 14:34:42] [INFO]   SHIB: 盘整 +64.0%
[05-14 14:34:43] [INFO]   BNB: 盘整 +26.8%
[05-14 14:34:43] [INFO]   ADA: 盘整 +75.9%
[05-14 14:34:44] [INFO]   BTC: 盘整 +63.7%
[05-14 14:34:46] [INFO]   ATOM: 盘整 -170.2%
[05-14 14:34:46] [INFO]   DOT: 盘整 -7.5%
[05-14 14:34:47] [INFO]   LTC: 盘整 +68.7%
[05-14 14:34:48] [INFO]   SOL: 盘整 +25.3%
[05-14 14:34:49] [INFO]   PEPE: 盘整 +99.5%
[05-14 14:34:50] [INFO]   AI: 高峰 +2000.0%
[05-14 14:34:50] [INFO]   XRP: 盘整 +59.8%
[05-14 14:34:50] [INFO] 累计收益: -0.10%
[05-14 14:35:20] [INFO] 
============================================================
[05-14 14:35:20] [INFO] G37扫描 (14:35:20)
[05-14 14:35:27] [INFO] 资产: USDT=$478.58 总计=$723.73
[05-14 14:35:56] [INFO] 持仓 (17/3):
[05-14 14:35:57] [INFO]   ARB: 盘整 -143.7%
[05-14 14:35:58] [INFO]   ETH: 盘整 +56.1%
[05-14 14:35:59] [INFO]   LINK: 盘整 +148.1%
[05-14 14:36:00] [INFO]   NEAR: 盘整 +128.0%
[05-14 14:36:00] [INFO]   BOME: 盘整 -33.6%
[05-14 14:36:01] [INFO]   ETC: 盘整 +32.5%
[05-14 14:36:02] [INFO]   SHIB: 盘整 +64.0%
[05-14 14:36:02] [INFO]   BNB: 盘整 +30.6%
[05-14 14:36:03] [INFO]   ADA: 盘整 +75.9%
[05-14 14:36:04] [INFO]   BTC: 盘整 +65.0%
[05-14 14:36:06] [INFO]   ATOM: 盘整 -175.0%
[05-14 14:36:06] [INFO]   DOT: 盘整 +0.0%
[05-14 14:36:07] [INFO]   LTC: 盘整 +67.0%
[05-14 14:36:08] [INFO]   SOL: 盘整 +25.3%
[05-14 14:36:09] [INFO]   PEPE: 盘整 +74.6%
[05-14 14:36:10] [INFO]   AI: 高峰 +2521.7%
[05-14 14:36:11] [INFO]   XRP: 盘整 +55.6%
[05-14 14:36:11] [INFO] 累计收益: -0.12%
[05-14 14:36:41] [INFO] 
============================================================
[05-14 14:36:41] [INFO] G37扫描 (14:36:41)
[05-14 14:36:48] [INFO] 资产: USDT=$478.58 总计=$723.81
[05-14 14:37:18] [INFO] 持仓 (17/3):
