[05-13 22:49:43] [INFO] ============================================================
[05-13 22:49:43] [INFO] Top6 Meme 动态交易策略启动
[05-13 22:49:43] [INFO] 币种: BOME, TURBO, BONK, FLOKI, PEPE, NEIRO
[05-13 22:49:43] [INFO] 动态入场: RSI<35 + 动量确认
[05-13 22:49:43] [INFO] 动态出场: 追踪止盈 + RSI超买
[05-13 22:49:43] [INFO] ============================================================
[05-13 22:49:54] [INFO] 初始资产: $723.35
[05-13 22:49:54] [INFO] 
============================================================
[05-13 22:49:54] [INFO] Top6 Meme 扫描 (22:49:54)
[05-13 22:50:02] [INFO] 资产: USDT=9.44 总计=$723.52
[05-13 22:50:05] [INFO] 持仓状态:
[05-13 22:50:05] [INFO] 累计收益: +0.02%
[05-13 22:50:05] [INFO] 扫描间隔: 30秒
[05-13 22:50:35] [INFO] 
============================================================
[05-13 22:50:35] [INFO] Top6 Meme 扫描 (22:50:35)
[05-13 22:50:44] [INFO] 资产: USDT=9.44 总计=$723.59
[05-13 22:50:47] [INFO] 持仓状态:
[05-13 22:50:47] [INFO] 累计收益: +0.03%
[05-13 22:50:47] [INFO] 扫描间隔: 30秒
[05-13 22:51:17] [INFO] 
============================================================
[05-13 22:51:17] [INFO] Top6 Meme 扫描 (22:51:17)
[05-13 22:51:25] [INFO] 资产: USDT=9.44 总计=$723.86
[05-13 22:51:29] [INFO] 持仓状态:
[05-13 22:51:29] [INFO] 累计收益: +0.07%
[05-13 22:51:29] [INFO] 扫描间隔: 30秒
[05-13 22:51:59] [INFO] 
============================================================
[05-13 22:51:59] [INFO] Top6 Meme 扫描 (22:51:59)
[05-13 22:52:09] [INFO] 资产: USDT=9.44 总计=$723.98
[05-13 22:52:11] [INFO] 持仓状态:
[05-13 22:52:11] [INFO] 累计收益: +0.09%
[05-13 22:52:11] [INFO] 扫描间隔: 30秒
[05-13 22:52:41] [INFO] 
============================================================
[05-13 22:52:41] [INFO] Top6 Meme 扫描 (22:52:41)
[05-13 22:52:51] [INFO] 资产: USDT=9.44 总计=$724.50
[05-13 22:52:53] [INFO] 持仓状态:
[05-13 22:52:53] [INFO] 累计收益: +0.16%
[05-13 22:52:53] [INFO] 扫描间隔: 30秒
[05-13 22:53:23] [INFO] 
============================================================
[05-13 22:53:23] [INFO] Top6 Meme 扫描 (22:53:23)
[05-13 22:53:30] [INFO] 资产: USDT=9.44 总计=$724.47
[05-13 22:53:34] [INFO] 持仓状态:
[05-13 22:53:34] [INFO] 累计收益: +0.15%
[05-13 22:53:34] [INFO] 扫描间隔: 30秒
[05-13 22:54:04] [INFO] 
============================================================
[05-13 22:54:04] [INFO] Top6 Meme 扫描 (22:54:04)
[05-13 22:54:11] [INFO] 资产: USDT=9.44 总计=$724.90
[05-13 22:54:14] [INFO] 持仓状态:
[05-13 22:54:14] [INFO] 累计收益: +0.21%
[05-13 22:54:14] [INFO] 扫描间隔: 30秒
[05-13 22:54:44] [INFO] 
============================================================
[05-13 22:54:44] [INFO] Top6 Meme 扫描 (22:54:44)
[05-13 22:54:51] [INFO] 资产: USDT=9.44 总计=$724.49
[05-13 22:54:54] [INFO] 持仓状态:
[05-13 22:54:54] [INFO] 累计收益: +0.16%
[05-13 22:54:54] [INFO] 扫描间隔: 30秒
[05-13 22:55:24] [INFO] 
============================================================
[05-13 22:55:24] [INFO] Top6 Meme 扫描 (22:55:24)
[05-13 22:55:31] [INFO] 资产: USDT=9.44 总计=$724.52
[05-13 22:55:34] [INFO] 持仓状态:
[05-13 22:55:34] [INFO] 累计收益: +0.16%
[05-13 22:55:34] [INFO] 扫描间隔: 30秒
[05-13 22:56:04] [INFO] 
============================================================
[05-13 22:56:04] [INFO] Top6 Meme 扫描 (22:56:04)
[05-13 22:56:12] [INFO] 资产: USDT=9.44 总计=$724.47
[05-13 22:56:15] [INFO] 持仓状态:
[05-13 22:56:15] [INFO] 累计收益: +0.15%
[05-13 22:56:15] [INFO] 扫描间隔: 30秒
[05-13 22:56:45] [INFO] 
============================================================
[05-13 22:56:45] [INFO] Top6 Meme 扫描 (22:56:45)
[05-13 22:56:52] [INFO] 资产: USDT=9.44 总计=$723.97
[05-13 22:56:55] [INFO] 持仓状态:
[05-13 22:56:55] [INFO] 累计收益: +0.08%
[05-13 22:56:55] [INFO] 扫描间隔: 30秒
[05-13 22:57:25] [INFO] 
============================================================
[05-13 22:57:25] [INFO] Top6 Meme 扫描 (22:57:25)
[05-13 22:57:32] [INFO] 资产: USDT=9.44 总计=$724.42
[05-13 22:57:35] [INFO] 持仓状态:
[05-13 22:57:35] [INFO] 累计收益: +0.15%
[05-13 22:57:35] [INFO] 扫描间隔: 30秒
[05-13 22:58:05] [INFO] 
============================================================
[05-13 22:58:05] [INFO] Top6 Meme 扫描 (22:58:05)
[05-13 22:58:14] [INFO] 资产: USDT=9.44 总计=$724.39
[05-13 22:58:18] [INFO] 持仓状态:
[05-13 22:58:18] [INFO] 累计收益: +0.14%
[05-13 22:58:18] [INFO] 扫描间隔: 30秒
[05-13 22:58:48] [INFO] 
============================================================
[05-13 22:58:48] [INFO] Top6 Meme 扫描 (22:58:48)
[05-13 22:58:56] [INFO] 资产: USDT=9.44 总计=$724.21
[05-13 22:58:59] [INFO] 持仓状态:
[05-13 22:58:59] [INFO] 累计收益: +0.12%
[05-13 22:58:59] [INFO] 扫描间隔: 30秒
[05-13 22:59:29] [INFO] 
============================================================
[05-13 22:59:29] [INFO] Top6 Meme 扫描 (22:59:29)
[05-13 22:59:36] [INFO] 资产: USDT=9.44 总计=$724.34
[05-13 22:59:38] [INFO] 持仓状态:
[05-13 22:59:38] [INFO] 累计收益: +0.14%
[05-13 22:59:38] [INFO] 扫描间隔: 30秒
[05-13 23:00:08] [INFO] 
============================================================
[05-13 23:00:08] [INFO] Top6 Meme 扫描 (23:00:08)
[05-13 23:00:15] [INFO] 资产: USDT=9.44 总计=$724.51
[05-13 23:00:18] [INFO] 持仓状态:
[05-13 23:00:18] [INFO] 累计收益: +0.16%
[05-13 23:00:18] [INFO] 扫描间隔: 30秒
[05-13 23:00:48] [INFO] 
============================================================
[05-13 23:00:48] [INFO] Top6 Meme 扫描 (23:00:48)
[05-13 23:00:55] [INFO] 资产: USDT=9.44 总计=$724.90
[05-13 23:00:58] [INFO] 持仓状态:
[05-13 23:00:58] [INFO] 累计收益: +0.21%
[05-13 23:00:58] [INFO] 扫描间隔: 30秒
[05-13 23:01:28] [INFO] 
============================================================
[05-13 23:01:28] [INFO] Top6 Meme 扫描 (23:01:28)
[05-13 23:01:36] [INFO] 资产: USDT=9.44 总计=$725.57
[05-13 23:01:39] [INFO] 持仓状态:
[05-13 23:01:39] [INFO] 累计收益: +0.31%
[05-13 23:01:39] [INFO] 扫描间隔: 30秒
[05-13 23:02:09] [INFO] 
============================================================
[05-13 23:02:09] [INFO] Top6 Meme 扫描 (23:02:09)
[05-13 23:02:16] [INFO] 资产: USDT=9.44 总计=$725.56
[05-13 23:02:18] [INFO] 持仓状态:
[05-13 23:02:18] [INFO] 累计收益: +0.31%
[05-13 23:02:18] [INFO] 扫描间隔: 30秒
[05-13 23:02:48] [INFO] 
============================================================
[05-13 23:02:48] [INFO] Top6 Meme 扫描 (23:02:48)
[05-13 23:02:56] [INFO] 资产: USDT=9.44 总计=$725.73
[05-13 23:02:59] [INFO] 持仓状态:
[05-13 23:02:59] [INFO] 累计收益: +0.33%
[05-13 23:02:59] [INFO] 扫描间隔: 30秒
[05-13 23:03:29] [INFO] 
============================================================
[05-13 23:03:29] [INFO] Top6 Meme 扫描 (23:03:29)
[05-13 23:03:36] [INFO] 资产: USDT=9.44 总计=$725.66
[05-13 23:03:39] [INFO] 持仓状态:
[05-13 23:03:39] [INFO] 累计收益: +0.32%
[05-13 23:03:39] [INFO] 扫描间隔: 30秒
[05-13 23:04:09] [INFO] 
============================================================
[05-13 23:04:09] [INFO] Top6 Meme 扫描 (23:04:09)
[05-13 23:04:15] [INFO] 资产: USDT=9.44 总计=$725.30
[05-13 23:04:18] [INFO] 持仓状态:
[05-13 23:04:18] [INFO] 累计收益: +0.27%
[05-13 23:04:18] [INFO] 扫描间隔: 30秒
[05-13 23:04:48] [INFO] 
============================================================
[05-13 23:04:48] [INFO] Top6 Meme 扫描 (23:04:48)
[05-13 23:04:54] [INFO] 资产: USDT=9.44 总计=$725.08
[05-13 23:04:57] [INFO] 持仓状态:
[05-13 23:04:57] [INFO] 累计收益: +0.24%
[05-13 23:04:57] [INFO] 扫描间隔: 30秒
[05-13 23:05:27] [INFO] 
============================================================
[05-13 23:05:27] [INFO] Top6 Meme 扫描 (23:05:27)
[05-13 23:05:34] [INFO] 资产: USDT=9.44 总计=$724.48
[05-13 23:05:37] [INFO] 持仓状态:
[05-13 23:05:37] [INFO] 累计收益: +0.16%
[05-13 23:05:37] [INFO] 扫描间隔: 30秒
[05-13 23:06:07] [INFO] 
============================================================
[05-13 23:06:07] [INFO] Top6 Meme 扫描 (23:06:07)
[05-13 23:06:15] [INFO] 资产: USDT=9.44 总计=$724.41
[05-13 23:06:19] [INFO] 持仓状态:
[05-13 23:06:19] [INFO] 累计收益: +0.15%
[05-13 23:06:19] [INFO] 扫描间隔: 30秒
[05-13 23:06:49] [INFO] 
============================================================
[05-13 23:06:49] [INFO] Top6 Meme 扫描 (23:06:49)
[05-13 23:06:55] [INFO] 资产: USDT=9.44 总计=$723.92
[05-13 23:06:59] [INFO] 持仓状态:
[05-13 23:06:59] [INFO] 累计收益: +0.08%
[05-13 23:06:59] [INFO] 扫描间隔: 30秒
[05-13 23:07:29] [INFO] 
============================================================
[05-13 23:07:29] [INFO] Top6 Meme 扫描 (23:07:29)
[05-13 23:07:37] [INFO] 资产: USDT=9.44 总计=$723.71
[05-13 23:07:39] [INFO] 持仓状态:
[05-13 23:07:39] [INFO] 累计收益: +0.05%
[05-13 23:07:39] [INFO] 扫描间隔: 30秒
[05-13 23:08:09] [INFO] 
============================================================
[05-13 23:08:09] [INFO] Top6 Meme 扫描 (23:08:09)
[05-13 23:08:16] [INFO] 资产: USDT=9.44 总计=$722.97
[05-13 23:08:19] [INFO] 持仓状态:
[05-13 23:08:19] [INFO] 累计收益: -0.05%
[05-13 23:08:19] [INFO] 扫描间隔: 30秒
[05-13 23:08:49] [INFO] 
============================================================
[05-13 23:08:49] [INFO] Top6 Meme 扫描 (23:08:49)
[05-13 23:08:55] [INFO] 资产: USDT=9.44 总计=$722.26
[05-13 23:08:58] [INFO] 持仓状态:
[05-13 23:08:58] [INFO] 累计收益: -0.15%
[05-13 23:08:58] [INFO] 扫描间隔: 30秒
[05-13 23:09:28] [INFO] 
============================================================
[05-13 23:09:28] [INFO] Top6 Meme 扫描 (23:09:28)
[05-13 23:09:34] [INFO] 资产: USDT=9.44 总计=$722.58
[05-13 23:09:37] [INFO] 持仓状态:
[05-13 23:09:37] [INFO] 累计收益: -0.11%
[05-13 23:09:37] [INFO] 扫描间隔: 30秒
[05-13 23:10:07] [INFO] 
============================================================
[05-13 23:10:07] [INFO] Top6 Meme 扫描 (23:10:07)
[05-13 23:10:13] [INFO] 资产: USDT=9.44 总计=$722.99
[05-13 23:10:15] [INFO] 持仓状态:
[05-13 23:10:15] [INFO] 累计收益: -0.05%
[05-13 23:10:15] [INFO] 扫描间隔: 30秒
[05-13 23:10:45] [INFO] 
============================================================
[05-13 23:10:45] [INFO] Top6 Meme 扫描 (23:10:45)
[05-13 23:10:52] [INFO] 资产: USDT=9.44 总计=$722.79
[05-13 23:10:54] [INFO] 持仓状态:
[05-13 23:10:54] [INFO] 累计收益: -0.08%
[05-13 23:10:54] [INFO] 扫描间隔: 30秒
[05-13 23:11:24] [INFO] 
============================================================
[05-13 23:11:24] [INFO] Top6 Meme 扫描 (23:11:24)
[05-13 23:11:30] [INFO] 资产: USDT=9.44 总计=$722.33
[05-13 23:11:32] [INFO] 持仓状态:
[05-13 23:11:32] [INFO] 累计收益: -0.14%
[05-13 23:11:32] [INFO] 扫描间隔: 30秒
[05-13 23:12:02] [INFO] 
============================================================
[05-13 23:12:02] [INFO] Top6 Meme 扫描 (23:12:02)
[05-13 23:12:09] [INFO] 资产: USDT=9.44 总计=$721.58
[05-13 23:12:12] [INFO] 持仓状态:
[05-13 23:12:12] [INFO] 累计收益: -0.25%
[05-13 23:12:12] [INFO] 扫描间隔: 30秒
[05-13 23:12:42] [INFO] 
============================================================
[05-13 23:12:42] [INFO] Top6 Meme 扫描 (23:12:42)
[05-13 23:12:48] [INFO] 资产: USDT=9.44 总计=$721.60
[05-13 23:12:50] [INFO] 持仓状态:
[05-13 23:12:50] [INFO] 累计收益: -0.24%
[05-13 23:12:50] [INFO] 扫描间隔: 30秒
[05-13 23:13:20] [INFO] 
============================================================
[05-13 23:13:20] [INFO] Top6 Meme 扫描 (23:13:20)
[05-13 23:13:26] [INFO] 资产: USDT=9.44 总计=$721.12
[05-13 23:13:28] [INFO] 持仓状态:
[05-13 23:13:28] [INFO] 累计收益: -0.31%
[05-13 23:13:28] [INFO] 扫描间隔: 30秒
[05-13 23:13:58] [INFO] 
============================================================
[05-13 23:13:58] [INFO] Top6 Meme 扫描 (23:13:58)
[05-13 23:14:04] [INFO] 资产: USDT=164.67 总计=$720.97
[05-13 23:14:06] [INFO] 持仓状态:
[05-13 23:14:06] [INFO] 累计收益: -0.33%
[05-13 23:14:06] [INFO] 扫描间隔: 30秒
[05-13 23:14:36] [INFO] 
============================================================
[05-13 23:14:36] [INFO] Top6 Meme 扫描 (23:14:36)
[05-13 23:14:43] [INFO] 资产: USDT=164.67 总计=$721.01
[05-13 23:14:45] [INFO] 持仓状态:
[05-13 23:14:45] [INFO] 累计收益: -0.32%
[05-13 23:14:45] [INFO] 扫描间隔: 30秒
[05-13 23:15:15] [INFO] 
============================================================
[05-13 23:15:15] [INFO] Top6 Meme 扫描 (23:15:15)
[05-13 23:15:22] [INFO] 资产: USDT=106.69 总计=$720.68
[05-13 23:15:25] [INFO] 持仓状态:
[05-13 23:15:25] [INFO] 累计收益: -0.37%
[05-13 23:15:25] [INFO] 扫描间隔: 30秒
[05-13 23:15:55] [INFO] 
============================================================
[05-13 23:15:55] [INFO] Top6 Meme 扫描 (23:15:55)
[05-13 23:16:00] [INFO] 资产: USDT=106.69 总计=$721.23
[05-13 23:16:05] [INFO] 持仓状态:
[05-13 23:16:05] [INFO] 累计收益: -0.29%
[05-13 23:16:05] [INFO] 扫描间隔: 30秒
[05-13 23:16:35] [INFO] 
============================================================
[05-13 23:16:35] [INFO] Top6 Meme 扫描 (23:16:35)
[05-13 23:16:41] [INFO] 资产: USDT=106.69 总计=$720.92
[05-13 23:16:43] [INFO] 持仓状态:
[05-13 23:16:43] [INFO] 累计收益: -0.34%
[05-13 23:16:43] [INFO] 扫描间隔: 30秒
[05-13 23:17:13] [INFO] 
============================================================
[05-13 23:17:13] [INFO] Top6 Meme 扫描 (23:17:13)
[05-13 23:17:19] [INFO] 资产: USDT=106.69 总计=$721.16
[05-13 23:17:23] [INFO] 持仓状态:
[05-13 23:17:23] [INFO] 累计收益: -0.30%
[05-13 23:17:23] [INFO] 扫描间隔: 30秒
[05-13 23:17:53] [INFO] 
============================================================
[05-13 23:17:53] [INFO] Top6 Meme 扫描 (23:17:53)
[05-13 23:17:59] [INFO] 资产: USDT=106.69 总计=$721.20
[05-13 23:18:01] [INFO] 持仓状态:
[05-13 23:18:01] [INFO] 累计收益: -0.30%
[05-13 23:18:01] [INFO] 扫描间隔: 30秒
[05-13 23:18:31] [INFO] 
============================================================
[05-13 23:18:31] [INFO] Top6 Meme 扫描 (23:18:31)
[05-13 23:18:37] [INFO] 资产: USDT=106.69 总计=$721.04
[05-13 23:18:39] [INFO] 持仓状态:
[05-13 23:18:39] [INFO] 累计收益: -0.32%
[05-13 23:18:39] [INFO] 扫描间隔: 30秒
[05-13 23:19:09] [INFO] 
============================================================
[05-13 23:19:09] [INFO] Top6 Meme 扫描 (23:19:09)
[05-13 23:19:15] [INFO] 资产: USDT=106.69 总计=$720.62
[05-13 23:19:18] [INFO] 持仓状态:
[05-13 23:19:18] [INFO] 累计收益: -0.38%
[05-13 23:19:18] [INFO] 扫描间隔: 30秒
[05-13 23:19:48] [INFO] 
============================================================
[05-13 23:19:48] [INFO] Top6 Meme 扫描 (23:19:48)
[05-13 23:19:54] [INFO] 资产: USDT=106.69 总计=$719.98
[05-13 23:19:57] [INFO] 持仓状态:
[05-13 23:19:57] [INFO] 累计收益: -0.47%
[05-13 23:19:57] [INFO] 扫描间隔: 30秒
[05-13 23:20:27] [INFO] 
============================================================
[05-13 23:20:27] [INFO] Top6 Meme 扫描 (23:20:27)
[05-13 23:20:33] [INFO] 资产: USDT=69.41 总计=$719.91
[05-13 23:20:35] [INFO] 持仓状态:
[05-13 23:20:35] [INFO] 累计收益: -0.48%
[05-13 23:20:35] [INFO] 扫描间隔: 30秒
[05-13 23:21:05] [INFO] 
============================================================
[05-13 23:21:05] [INFO] Top6 Meme 扫描 (23:21:05)
[05-13 23:21:12] [INFO] 资产: USDT=69.41 总计=$720.48
[05-13 23:21:14] [INFO] 持仓状态:
[05-13 23:21:14] [INFO] 累计收益: -0.40%
[05-13 23:21:14] [INFO] 扫描间隔: 30秒
[05-13 23:21:44] [INFO] 
============================================================
[05-13 23:21:44] [INFO] Top6 Meme 扫描 (23:21:44)
[05-13 23:21:50] [INFO] 资产: USDT=69.41 总计=$720.51
[05-13 23:21:53] [INFO] 持仓状态:
[05-13 23:21:53] [INFO] 累计收益: -0.39%
[05-13 23:21:53] [INFO] 扫描间隔: 30秒
[05-13 23:22:23] [INFO] 
============================================================
[05-13 23:22:23] [INFO] Top6 Meme 扫描 (23:22:23)
[05-13 23:22:29] [INFO] 资产: USDT=69.41 总计=$720.42
[05-13 23:22:31] [INFO] 持仓状态:
[05-13 23:22:31] [INFO] 累计收益: -0.41%
[05-13 23:22:31] [INFO] 扫描间隔: 30秒
[05-13 23:23:01] [INFO] 
============================================================
[05-13 23:23:01] [INFO] Top6 Meme 扫描 (23:23:01)
[05-13 23:23:07] [INFO] 资产: USDT=69.41 总计=$720.04
[05-13 23:23:10] [INFO] 持仓状态:
[05-13 23:23:10] [INFO] 累计收益: -0.46%
[05-13 23:23:10] [INFO] 扫描间隔: 30秒
[05-13 23:23:40] [INFO] 
============================================================
[05-13 23:23:40] [INFO] Top6 Meme 扫描 (23:23:40)
[05-13 23:23:45] [INFO] 资产: USDT=69.41 总计=$720.43
[05-13 23:23:49] [INFO] 持仓状态:
[05-13 23:23:49] [INFO] 累计收益: -0.40%
[05-13 23:23:49] [INFO] 扫描间隔: 30秒
[05-13 23:24:19] [INFO] 
============================================================
[05-13 23:24:19] [INFO] Top6 Meme 扫描 (23:24:19)
[05-13 23:24:25] [INFO] 资产: USDT=56.04 总计=$720.13
[05-13 23:24:27] [INFO] 持仓状态:
[05-13 23:24:27] [INFO] 累计收益: -0.45%
[05-13 23:24:27] [INFO] 扫描间隔: 30秒
[05-13 23:24:57] [INFO] 
============================================================
[05-13 23:24:57] [INFO] Top6 Meme 扫描 (23:24:57)
[05-13 23:25:51] [INFO] 资产: USDT=56.04 总计=$380.16
[05-13 23:25:53] [INFO] 持仓状态:
[05-13 23:25:53] [INFO] 累计收益: -47.44%
[05-13 23:25:53] [INFO] 扫描间隔: 30秒
[05-13 23:26:23] [INFO] 
============================================================
[05-13 23:26:23] [INFO] Top6 Meme 扫描 (23:26:23)
[05-13 23:26:30] [INFO] 资产: USDT=36.22 总计=$719.38
[05-13 23:26:33] [INFO] 持仓状态:
[05-13 23:26:33] [INFO] 累计收益: -0.55%
[05-13 23:26:33] [INFO] 扫描间隔: 30秒
[05-13 23:27:03] [INFO] 
============================================================
[05-13 23:27:03] [INFO] Top6 Meme 扫描 (23:27:03)
[05-13 23:27:09] [INFO] 资产: USDT=36.22 总计=$719.57
[05-13 23:27:11] [INFO] 持仓状态:
[05-13 23:27:11] [INFO] 累计收益: -0.52%
[05-13 23:27:11] [INFO] 扫描间隔: 30秒
[05-13 23:27:41] [INFO] 
============================================================
[05-13 23:27:41] [INFO] Top6 Meme 扫描 (23:27:41)
[05-13 23:27:48] [INFO] 资产: USDT=36.22 总计=$719.19
[05-13 23:27:50] [INFO] 持仓状态:
[05-13 23:27:50] [INFO] 累计收益: -0.57%
[05-13 23:27:50] [INFO] 扫描间隔: 30秒
[05-13 23:28:20] [INFO] 
============================================================
[05-13 23:28:20] [INFO] Top6 Meme 扫描 (23:28:20)
[05-13 23:28:26] [INFO] 资产: USDT=36.22 总计=$719.39
[05-13 23:28:28] [INFO] 持仓状态:
[05-13 23:28:28] [INFO] 累计收益: -0.55%
[05-13 23:28:28] [INFO] 扫描间隔: 30秒
[05-13 23:28:58] [INFO] 
============================================================
[05-13 23:28:58] [INFO] Top6 Meme 扫描 (23:28:58)
[05-13 23:29:05] [INFO] 资产: USDT=36.22 总计=$719.55
[05-13 23:29:07] [INFO] 持仓状态:
[05-13 23:29:07] [INFO] 累计收益: -0.53%
[05-13 23:29:07] [INFO] 扫描间隔: 30秒
[05-13 23:29:37] [INFO] 
============================================================
[05-13 23:29:37] [INFO] Top6 Meme 扫描 (23:29:37)
[05-13 23:29:44] [INFO] 资产: USDT=36.22 总计=$719.46
[05-13 23:29:46] [INFO] 持仓状态:
[05-13 23:29:46] [INFO] 累计收益: -0.54%
[05-13 23:29:46] [INFO] 扫描间隔: 30秒
[05-13 23:30:16] [INFO] 
============================================================
[05-13 23:30:16] [INFO] Top6 Meme 扫描 (23:30:16)
[05-13 23:30:22] [INFO] 资产: USDT=23.54 总计=$719.18
[05-13 23:30:24] [INFO] 持仓状态:
[05-13 23:30:24] [INFO] 累计收益: -0.58%
[05-13 23:30:24] [INFO] 扫描间隔: 30秒
[05-13 23:30:54] [INFO] 
============================================================
[05-13 23:30:54] [INFO] Top6 Meme 扫描 (23:30:54)
[05-13 23:31:00] [INFO] 资产: USDT=23.54 总计=$718.73
[05-13 23:31:02] [INFO] 持仓状态:
[05-13 23:31:02] [INFO] 累计收益: -0.64%
[05-13 23:31:02] [INFO] 扫描间隔: 30秒
[05-13 23:31:32] [INFO] 
============================================================
[05-13 23:31:32] [INFO] Top6 Meme 扫描 (23:31:32)
[05-13 23:31:39] [INFO] 资产: USDT=23.54 总计=$719.32
[05-13 23:31:41] [INFO] 持仓状态:
[05-13 23:31:41] [INFO] 累计收益: -0.56%
[05-13 23:31:41] [INFO] 扫描间隔: 30秒
[05-13 23:32:11] [INFO] 
============================================================
[05-13 23:32:11] [INFO] Top6 Meme 扫描 (23:32:11)
[05-13 23:32:17] [INFO] 资产: USDT=23.54 总计=$719.11
[05-13 23:32:19] [INFO] 持仓状态:
[05-13 23:32:19] [INFO] 累计收益: -0.59%
[05-13 23:32:19] [INFO] 扫描间隔: 30秒
[05-13 23:32:49] [INFO] 
============================================================
[05-13 23:32:49] [INFO] Top6 Meme 扫描 (23:32:49)
[05-13 23:32:55] [INFO] 资产: USDT=23.54 总计=$719.30
[05-13 23:32:57] [INFO] 持仓状态:
[05-13 23:32:57] [INFO] 累计收益: -0.56%
[05-13 23:32:57] [INFO] 扫描间隔: 30秒
[05-13 23:33:27] [INFO] 
============================================================
[05-13 23:33:27] [INFO] Top6 Meme 扫描 (23:33:27)
[05-13 23:33:34] [INFO] 资产: USDT=23.54 总计=$719.57
[05-13 23:33:36] [INFO] 持仓状态:
[05-13 23:33:36] [INFO] 累计收益: -0.52%
[05-13 23:33:36] [INFO] 扫描间隔: 30秒
[05-13 23:34:06] [INFO] 
============================================================
[05-13 23:34:06] [INFO] Top6 Meme 扫描 (23:34:06)
[05-13 23:34:12] [INFO] 资产: USDT=23.54 总计=$719.42
[05-13 23:34:14] [INFO] 持仓状态:
[05-13 23:34:14] [INFO] 累计收益: -0.54%
[05-13 23:34:14] [INFO] 扫描间隔: 30秒
[05-13 23:34:44] [INFO] 
============================================================
[05-13 23:34:44] [INFO] Top6 Meme 扫描 (23:34:44)
[05-13 23:34:51] [INFO] 资产: USDT=23.54 总计=$719.68
[05-13 23:34:53] [INFO] 持仓状态:
[05-13 23:34:53] [INFO] 累计收益: -0.51%
[05-13 23:34:53] [INFO] 扫描间隔: 30秒
[05-13 23:35:23] [INFO] 
============================================================
[05-13 23:35:23] [INFO] Top6 Meme 扫描 (23:35:23)
[05-13 23:35:35] [INFO] 资产: USDT=15.61 总计=$719.62
[05-13 23:35:37] [INFO] 持仓状态:
[05-13 23:35:37] [INFO] 累计收益: -0.52%
[05-13 23:35:37] [INFO] 扫描间隔: 30秒
[05-13 23:36:07] [INFO] 
============================================================
[05-13 23:36:07] [INFO] Top6 Meme 扫描 (23:36:07)
[05-13 23:36:12] [INFO] 资产: USDT=15.61 总计=$719.50
[05-13 23:36:26] [INFO] 持仓状态:
[05-13 23:36:26] [INFO] 累计收益: -0.53%
[05-13 23:36:26] [INFO] 扫描间隔: 30秒
[05-13 23:36:56] [INFO] 
============================================================
[05-13 23:36:56] [INFO] Top6 Meme 扫描 (23:36:56)
[05-13 23:37:13] [INFO] 资产: USDT=15.61 总计=$719.74
[05-13 23:37:15] [INFO] 持仓状态:
[05-13 23:37:15] [INFO] 累计收益: -0.50%
[05-13 23:37:15] [INFO] 扫描间隔: 30秒
[05-13 23:37:45] [INFO] 
============================================================
[05-13 23:37:45] [INFO] Top6 Meme 扫描 (23:37:45)
[05-13 23:37:52] [INFO] 资产: USDT=15.61 总计=$719.89
[05-13 23:37:59] [INFO] 持仓状态:
[05-13 23:37:59] [INFO] 累计收益: -0.48%
[05-13 23:37:59] [INFO] 扫描间隔: 30秒
[05-13 23:38:29] [INFO] 
============================================================
[05-13 23:38:29] [INFO] Top6 Meme 扫描 (23:38:29)
[05-13 23:38:41] [INFO] 资产: USDT=15.61 总计=$719.36
[05-13 23:38:43] [INFO] 持仓状态:
[05-13 23:38:43] [INFO] 累计收益: -0.55%
[05-13 23:38:43] [INFO] 扫描间隔: 30秒
[05-13 23:39:13] [INFO] 
============================================================
[05-13 23:39:13] [INFO] Top6 Meme 扫描 (23:39:13)
[05-13 23:39:25] [INFO] 资产: USDT=15.61 总计=$719.34
[05-13 23:39:33] [INFO] 持仓状态:
[05-13 23:39:33] [INFO] 累计收益: -0.55%
[05-13 23:39:33] [INFO] 扫描间隔: 30秒
[05-13 23:40:03] [INFO] 
============================================================
[05-13 23:40:03] [INFO] Top6 Meme 扫描 (23:40:03)
[05-13 23:40:20] [INFO] 资产: USDT=15.61 总计=$719.31
[05-13 23:40:22] [INFO] 持仓状态:
[05-13 23:40:22] [INFO] 累计收益: -0.56%
[05-13 23:40:22] [INFO] 扫描间隔: 30秒
[05-13 23:40:52] [INFO] 
============================================================
[05-13 23:40:52] [INFO] Top6 Meme 扫描 (23:40:52)
[05-13 23:41:10] [INFO] 资产: USDT=15.61 总计=$719.25
[05-13 23:41:12] [INFO] 持仓状态:
[05-13 23:41:12] [INFO] 累计收益: -0.57%
[05-13 23:41:12] [INFO] 扫描间隔: 30秒
[05-13 23:41:42] [INFO] 
============================================================
[05-13 23:41:42] [INFO] Top6 Meme 扫描 (23:41:42)
[05-13 23:41:48] [INFO] 资产: USDT=15.61 总计=$719.53
[05-13 23:41:50] [INFO] 持仓状态:
[05-13 23:41:50] [INFO] 累计收益: -0.53%
[05-13 23:41:50] [INFO] 扫描间隔: 30秒
[05-13 23:42:20] [INFO] 
============================================================
[05-13 23:42:20] [INFO] Top6 Meme 扫描 (23:42:20)
[05-13 23:42:39] [INFO] 资产: USDT=15.61 总计=$719.60
[05-13 23:42:41] [INFO] 持仓状态:
[05-13 23:42:41] [INFO] 累计收益: -0.52%
[05-13 23:42:41] [INFO] 扫描间隔: 30秒
[05-13 23:43:11] [INFO] 
============================================================
[05-13 23:43:11] [INFO] Top6 Meme 扫描 (23:43:11)
[05-13 23:43:23] [INFO] 资产: USDT=15.61 总计=$720.18
[05-13 23:43:24] [INFO] 持仓状态:
[05-13 23:43:24] [INFO] 累计收益: -0.44%
[05-13 23:43:24] [INFO] 扫描间隔: 30秒
[05-13 23:43:55] [INFO] 
============================================================
[05-13 23:43:55] [INFO] Top6 Meme 扫描 (23:43:55)
[05-13 23:44:01] [INFO] 资产: USDT=15.61 总计=$720.25
[05-13 23:44:04] [INFO] 持仓状态:
[05-13 23:44:04] [INFO] 累计收益: -0.43%
[05-13 23:44:04] [INFO] 扫描间隔: 30秒
[05-13 23:44:34] [INFO] 
============================================================
[05-13 23:44:34] [INFO] Top6 Meme 扫描 (23:44:34)
[05-13 23:44:40] [INFO] 资产: USDT=15.61 总计=$719.88
[05-13 23:44:42] [INFO] 持仓状态:
[05-13 23:44:42] [INFO] 累计收益: -0.48%
[05-13 23:44:42] [INFO] 扫描间隔: 30秒
[05-13 23:45:12] [INFO] 
============================================================
[05-13 23:45:12] [INFO] Top6 Meme 扫描 (23:45:12)
[05-13 23:45:18] [INFO] 资产: USDT=15.61 总计=$719.36
[05-13 23:45:20] [INFO] 持仓状态:
[05-13 23:45:20] [INFO] 累计收益: -0.55%
[05-13 23:45:20] [INFO] 扫描间隔: 30秒
[05-13 23:45:51] [INFO] 
============================================================
[05-13 23:45:51] [INFO] Top6 Meme 扫描 (23:45:51)
[05-13 23:45:56] [INFO] 资产: USDT=15.61 总计=$719.33
[05-13 23:45:59] [INFO] 持仓状态:
[05-13 23:45:59] [INFO] 累计收益: -0.56%
[05-13 23:45:59] [INFO] 扫描间隔: 30秒
[05-13 23:46:29] [INFO] 
============================================================
[05-13 23:46:29] [INFO] Top6 Meme 扫描 (23:46:29)
[05-13 23:46:36] [INFO] 资产: USDT=15.61 总计=$719.39
[05-13 23:46:38] [INFO] 持仓状态:
[05-13 23:46:38] [INFO] 累计收益: -0.55%
[05-13 23:46:38] [INFO] 扫描间隔: 30秒
[05-13 23:47:09] [INFO] 
============================================================
[05-13 23:47:09] [INFO] Top6 Meme 扫描 (23:47:09)
[05-13 23:47:14] [INFO] 资产: USDT=15.61 总计=$719.37
[05-13 23:47:16] [INFO] 持仓状态:
[05-13 23:47:16] [INFO] 累计收益: -0.55%
[05-13 23:47:16] [INFO] 扫描间隔: 30秒
[05-13 23:47:46] [INFO] 
============================================================
[05-13 23:47:46] [INFO] Top6 Meme 扫描 (23:47:46)
[05-13 23:47:53] [INFO] 资产: USDT=15.61 总计=$719.50
[05-13 23:47:55] [INFO] 持仓状态:
[05-13 23:47:55] [INFO] 累计收益: -0.53%
[05-13 23:47:55] [INFO] 扫描间隔: 30秒
[05-13 23:48:25] [INFO] 
============================================================
[05-13 23:48:25] [INFO] Top6 Meme 扫描 (23:48:25)
[05-13 23:48:32] [INFO] 资产: USDT=15.61 总计=$719.26
[05-13 23:48:34] [INFO] 持仓状态:
[05-13 23:48:34] [INFO] 累计收益: -0.57%
[05-13 23:48:34] [INFO] 扫描间隔: 30秒
[05-13 23:49:04] [INFO] 
============================================================
[05-13 23:49:04] [INFO] Top6 Meme 扫描 (23:49:04)
[05-13 23:49:10] [INFO] 资产: USDT=15.61 总计=$718.90
[05-13 23:49:13] [INFO] 持仓状态:
[05-13 23:49:13] [INFO] 累计收益: -0.62%
[05-13 23:49:13] [INFO] 扫描间隔: 30秒
[05-13 23:49:43] [INFO] 
============================================================
[05-13 23:49:43] [INFO] Top6 Meme 扫描 (23:49:43)
[05-13 23:49:49] [INFO] 资产: USDT=15.61 总计=$718.85
[05-13 23:49:51] [INFO] 持仓状态:
[05-13 23:49:51] [INFO] 累计收益: -0.62%
[05-13 23:49:51] [INFO] 扫描间隔: 30秒
[05-13 23:50:21] [INFO] 
============================================================
[05-13 23:50:21] [INFO] Top6 Meme 扫描 (23:50:21)
[05-13 23:50:27] [INFO] 资产: USDT=15.61 总计=$718.26
[05-13 23:50:30] [INFO] 持仓状态:
[05-13 23:50:30] [INFO] 累计收益: -0.70%
[05-13 23:50:30] [INFO] 扫描间隔: 30秒
[05-13 23:51:00] [INFO] 
============================================================
[05-13 23:51:00] [INFO] Top6 Meme 扫描 (23:51:00)
[05-13 23:51:06] [INFO] 资产: USDT=15.61 总计=$718.10
[05-13 23:51:09] [INFO] 持仓状态:
[05-13 23:51:09] [INFO] 累计收益: -0.73%
[05-13 23:51:09] [INFO] 扫描间隔: 30秒
[05-13 23:51:39] [INFO] 
============================================================
[05-13 23:51:39] [INFO] Top6 Meme 扫描 (23:51:39)
[05-13 23:51:45] [INFO] 资产: USDT=15.61 总计=$717.92
[05-13 23:51:47] [INFO] 持仓状态:
[05-13 23:51:47] [INFO] 累计收益: -0.75%
[05-13 23:51:47] [INFO] 扫描间隔: 30秒
[05-13 23:52:17] [INFO] 
============================================================
[05-13 23:52:17] [INFO] Top6 Meme 扫描 (23:52:17)
[05-13 23:52:24] [INFO] 资产: USDT=15.61 总计=$717.86
[05-13 23:52:26] [INFO] 持仓状态:
[05-13 23:52:26] [INFO] 累计收益: -0.76%
[05-13 23:52:26] [INFO] 扫描间隔: 30秒
[05-13 23:52:56] [INFO] 
============================================================
[05-13 23:52:56] [INFO] Top6 Meme 扫描 (23:52:56)
[05-13 23:53:02] [INFO] 资产: USDT=15.61 总计=$717.51
[05-13 23:53:04] [INFO] 持仓状态:
[05-13 23:53:04] [INFO] 累计收益: -0.81%
[05-13 23:53:04] [INFO] 扫描间隔: 30秒
[05-13 23:53:34] [INFO] 
============================================================
[05-13 23:53:34] [INFO] Top6 Meme 扫描 (23:53:34)
[05-13 23:53:40] [INFO] 资产: USDT=15.61 总计=$717.14
[05-13 23:53:42] [INFO] 持仓状态:
[05-13 23:53:42] [INFO] 累计收益: -0.86%
[05-13 23:53:42] [INFO] 扫描间隔: 30秒
[05-13 23:54:12] [INFO] 
============================================================
[05-13 23:54:12] [INFO] Top6 Meme 扫描 (23:54:12)
[05-13 23:54:19] [INFO] 资产: USDT=15.61 总计=$717.46
[05-13 23:54:21] [INFO] 持仓状态:
[05-13 23:54:21] [INFO] 累计收益: -0.81%
[05-13 23:54:21] [INFO] 扫描间隔: 30秒
[05-13 23:54:52] [INFO] 
============================================================
[05-13 23:54:52] [INFO] Top6 Meme 扫描 (23:54:52)
[05-13 23:54:58] [INFO] 资产: USDT=15.61 总计=$717.65
[05-13 23:55:00] [INFO] 持仓状态:
[05-13 23:55:00] [INFO] 累计收益: -0.79%
[05-13 23:55:00] [INFO] 扫描间隔: 30秒
[05-13 23:55:30] [INFO] 
============================================================
[05-13 23:55:30] [INFO] Top6 Meme 扫描 (23:55:30)
[05-13 23:55:58] [INFO] 资产: USDT=15.61 总计=$717.38
[05-13 23:56:00] [INFO] 持仓状态:
[05-13 23:56:00] [INFO] 累计收益: -0.83%
[05-13 23:56:00] [INFO] 扫描间隔: 30秒
[05-13 23:56:30] [INFO] 
============================================================
[05-13 23:56:30] [INFO] Top6 Meme 扫描 (23:56:30)
[05-13 23:56:37] [INFO] 资产: USDT=15.61 总计=$717.15
[05-13 23:56:39] [INFO] 持仓状态:
[05-13 23:56:39] [INFO] 累计收益: -0.86%
[05-13 23:56:39] [INFO] 扫描间隔: 30秒
[05-13 23:57:09] [INFO] 
============================================================
[05-13 23:57:09] [INFO] Top6 Meme 扫描 (23:57:09)
[05-13 23:57:16] [INFO] 资产: USDT=15.61 总计=$716.55
[05-13 23:57:18] [INFO] 持仓状态:
[05-13 23:57:18] [INFO] 累计收益: -0.94%
[05-13 23:57:18] [INFO] 扫描间隔: 30秒
[05-13 23:57:48] [INFO] 
============================================================
[05-13 23:57:48] [INFO] Top6 Meme 扫描 (23:57:48)
[05-13 23:57:54] [INFO] 资产: USDT=15.61 总计=$716.00
[05-13 23:57:56] [INFO] 持仓状态:
[05-13 23:57:56] [INFO] 累计收益: -1.02%
[05-13 23:57:56] [INFO] 扫描间隔: 30秒
[05-13 23:58:26] [INFO] 
============================================================
[05-13 23:58:26] [INFO] Top6 Meme 扫描 (23:58:26)
[05-13 23:58:42] [INFO] 资产: USDT=15.61 总计=$714.65
[05-13 23:58:44] [INFO] 持仓状态:
[05-13 23:58:44] [INFO] 累计收益: -1.20%
[05-13 23:58:44] [INFO] 扫描间隔: 30秒
[05-13 23:59:14] [INFO] 
============================================================
[05-13 23:59:14] [INFO] Top6 Meme 扫描 (23:59:14)
[05-13 23:59:20] [INFO] 资产: USDT=15.61 总计=$714.83
[05-13 23:59:22] [INFO] 持仓状态:
[05-13 23:59:22] [INFO] 累计收益: -1.18%
[05-13 23:59:22] [INFO] 扫描间隔: 30秒
[05-13 23:59:52] [INFO] 
============================================================
[05-13 23:59:52] [INFO] Top6 Meme 扫描 (23:59:52)
[05-13 23:59:59] [INFO] 资产: USDT=15.61 总计=$715.04
[05-14 00:00:02] [INFO] 持仓状态:
[05-14 00:00:02] [INFO] 累计收益: -1.15%
[05-14 00:00:02] [INFO] 扫描间隔: 30秒
[05-14 00:00:32] [INFO] 
============================================================
[05-14 00:00:32] [INFO] Top6 Meme 扫描 (00:00:32)
[05-14 00:00:38] [INFO] 资产: USDT=15.61 总计=$716.20
[05-14 00:00:40] [INFO] 持仓状态:
[05-14 00:00:40] [INFO] 累计收益: -0.99%
[05-14 00:00:40] [INFO] 扫描间隔: 30秒
[05-14 00:01:10] [INFO] 
============================================================
[05-14 00:01:10] [INFO] Top6 Meme 扫描 (00:01:10)
[05-14 00:01:17] [INFO] 资产: USDT=15.61 总计=$717.04
[05-14 00:01:19] [INFO] 持仓状态:
[05-14 00:01:19] [INFO] 累计收益: -0.87%
[05-14 00:01:19] [INFO] 扫描间隔: 30秒
[05-14 00:01:49] [INFO] 
============================================================
[05-14 00:01:49] [INFO] Top6 Meme 扫描 (00:01:49)
[05-14 00:01:55] [INFO] 资产: USDT=15.61 总计=$716.92
[05-14 00:01:57] [INFO] 持仓状态:
[05-14 00:01:57] [INFO] 累计收益: -0.89%
[05-14 00:01:57] [INFO] 扫描间隔: 30秒
[05-14 00:02:27] [INFO] 
============================================================
[05-14 00:02:27] [INFO] Top6 Meme 扫描 (00:02:27)
[05-14 00:02:34] [INFO] 资产: USDT=15.61 总计=$716.68
[05-14 00:02:36] [INFO] 持仓状态:
[05-14 00:02:36] [INFO] 累计收益: -0.92%
[05-14 00:02:36] [INFO] 扫描间隔: 30秒
[05-14 00:03:06] [INFO] 
============================================================
[05-14 00:03:06] [INFO] Top6 Meme 扫描 (00:03:06)
[05-14 00:03:12] [INFO] 资产: USDT=15.61 总计=$716.65
[05-14 00:03:15] [INFO] 持仓状态:
[05-14 00:03:15] [INFO] 累计收益: -0.93%
[05-14 00:03:15] [INFO] 扫描间隔: 30秒
[05-14 00:03:45] [INFO] 
============================================================
[05-14 00:03:45] [INFO] Top6 Meme 扫描 (00:03:45)
[05-14 00:03:50] [INFO] 资产: USDT=15.61 总计=$717.23
[05-14 00:03:53] [INFO] 持仓状态:
[05-14 00:03:53] [INFO] 累计收益: -0.85%
[05-14 00:03:53] [INFO] 扫描间隔: 30秒
[05-14 00:04:23] [INFO] 
============================================================
[05-14 00:04:23] [INFO] Top6 Meme 扫描 (00:04:23)
[05-14 00:04:29] [INFO] 资产: USDT=15.61 总计=$717.14
[05-14 00:04:32] [INFO] 持仓状态:
[05-14 00:04:32] [INFO] 累计收益: -0.86%
[05-14 00:04:32] [INFO] 扫描间隔: 30秒
[05-14 00:05:02] [INFO] 
============================================================
[05-14 00:05:02] [INFO] Top6 Meme 扫描 (00:05:02)
[05-14 00:05:08] [INFO] 资产: USDT=15.61 总计=$716.79
[05-14 00:05:10] [INFO] 持仓状态:
[05-14 00:05:10] [INFO] 累计收益: -0.91%
[05-14 00:05:10] [INFO] 扫描间隔: 30秒
[05-14 00:05:40] [INFO] 
============================================================
[05-14 00:05:40] [INFO] Top6 Meme 扫描 (00:05:40)
[05-14 00:05:47] [INFO] 资产: USDT=15.61 总计=$716.52
[05-14 00:05:49] [INFO] 持仓状态:
[05-14 00:05:49] [INFO] 累计收益: -0.94%
[05-14 00:05:49] [INFO] 扫描间隔: 30秒
[05-14 00:06:19] [INFO] 
============================================================
[05-14 00:06:19] [INFO] Top6 Meme 扫描 (00:06:19)
[05-14 00:06:25] [INFO] 资产: USDT=15.61 总计=$716.10
[05-14 00:06:27] [INFO] 持仓状态:
[05-14 00:06:27] [INFO] 累计收益: -1.00%
[05-14 00:06:27] [INFO] 扫描间隔: 30秒
[05-14 00:06:57] [INFO] 
============================================================
[05-14 00:06:57] [INFO] Top6 Meme 扫描 (00:06:57)
[05-14 00:07:04] [INFO] 资产: USDT=15.61 总计=$716.02
[05-14 00:07:06] [INFO] 持仓状态:
[05-14 00:07:06] [INFO] 累计收益: -1.01%
[05-14 00:07:06] [INFO] 扫描间隔: 30秒
[05-14 00:07:36] [INFO] 
============================================================
[05-14 00:07:36] [INFO] Top6 Meme 扫描 (00:07:36)
[05-14 00:07:41] [INFO] 资产: USDT=15.61 总计=$715.80
[05-14 00:07:43] [INFO] 持仓状态:
[05-14 00:07:43] [INFO] 累计收益: -1.04%
[05-14 00:07:43] [INFO] 扫描间隔: 30秒
[05-14 00:08:13] [INFO] 
============================================================
[05-14 00:08:13] [INFO] Top6 Meme 扫描 (00:08:13)
[05-14 00:08:19] [INFO] 资产: USDT=15.61 总计=$715.88
[05-14 00:08:22] [INFO] 持仓状态:
[05-14 00:08:22] [INFO] 累计收益: -1.03%
[05-14 00:08:22] [INFO] 扫描间隔: 30秒
[05-14 00:08:52] [INFO] 
============================================================
[05-14 00:08:52] [INFO] Top6 Meme 扫描 (00:08:52)
[05-14 00:09:00] [INFO] 资产: USDT=15.61 总计=$715.46
[05-14 00:09:02] [INFO] 持仓状态:
[05-14 00:09:02] [INFO] 累计收益: -1.09%
[05-14 00:09:02] [INFO] 扫描间隔: 30秒
[05-14 00:09:32] [INFO] 
============================================================
[05-14 00:09:32] [INFO] Top6 Meme 扫描 (00:09:32)
[05-14 00:09:38] [INFO] 资产: USDT=15.61 总计=$715.09
[05-14 00:09:40] [INFO] 持仓状态:
[05-14 00:09:40] [INFO] 累计收益: -1.14%
[05-14 00:09:40] [INFO] 扫描间隔: 30秒
[05-14 00:10:10] [INFO] 
============================================================
[05-14 00:10:10] [INFO] Top6 Meme 扫描 (00:10:10)
[05-14 00:10:16] [INFO] 资产: USDT=15.61 总计=$715.15
[05-14 00:10:18] [INFO] 持仓状态:
[05-14 00:10:18] [INFO] 累计收益: -1.13%
[05-14 00:10:18] [INFO] 扫描间隔: 30秒
[05-14 00:10:48] [INFO] 
============================================================
[05-14 00:10:48] [INFO] Top6 Meme 扫描 (00:10:48)
[05-14 00:10:54] [INFO] 资产: USDT=15.61 总计=$715.49
[05-14 00:10:56] [INFO] 持仓状态:
[05-14 00:10:56] [INFO] 累计收益: -1.09%
[05-14 00:10:56] [INFO] 扫描间隔: 30秒
[05-14 00:11:27] [INFO] 
============================================================
[05-14 00:11:27] [INFO] Top6 Meme 扫描 (00:11:27)
[05-14 00:11:32] [INFO] 资产: USDT=15.61 总计=$716.10
[05-14 00:11:34] [INFO] 持仓状态:
[05-14 00:11:34] [INFO] 累计收益: -1.00%
[05-14 00:11:34] [INFO] 扫描间隔: 30秒
[05-14 00:12:04] [INFO] 
============================================================
[05-14 00:12:04] [INFO] Top6 Meme 扫描 (00:12:04)
[05-14 00:12:12] [INFO] 资产: USDT=15.61 总计=$716.03
[05-14 00:12:14] [INFO] 持仓状态:
[05-14 00:12:14] [INFO] 累计收益: -1.01%
[05-14 00:12:14] [INFO] 扫描间隔: 30秒
[05-14 00:12:44] [INFO] 
============================================================
[05-14 00:12:44] [INFO] Top6 Meme 扫描 (00:12:44)
[05-14 00:12:50] [INFO] 资产: USDT=15.61 总计=$716.50
[05-14 00:12:52] [INFO] 持仓状态:
[05-14 00:12:52] [INFO] 累计收益: -0.95%
[05-14 00:12:52] [INFO] 扫描间隔: 30秒
[05-14 00:13:22] [INFO] 
============================================================
[05-14 00:13:22] [INFO] Top6 Meme 扫描 (00:13:22)
[05-14 00:13:29] [INFO] 资产: USDT=15.61 总计=$716.66
[05-14 00:13:31] [INFO] 持仓状态:
[05-14 00:13:31] [INFO] 累计收益: -0.93%
[05-14 00:13:31] [INFO] 扫描间隔: 30秒
[05-14 00:14:01] [INFO] 
============================================================
[05-14 00:14:01] [INFO] Top6 Meme 扫描 (00:14:01)
[05-14 00:14:07] [INFO] 资产: USDT=15.61 总计=$716.55
[05-14 00:14:09] [INFO] 持仓状态:
[05-14 00:14:09] [INFO] 累计收益: -0.94%
[05-14 00:14:09] [INFO] 扫描间隔: 30秒
[05-14 00:14:39] [INFO] 
============================================================
[05-14 00:14:39] [INFO] Top6 Meme 扫描 (00:14:39)
[05-14 00:14:45] [INFO] 资产: USDT=15.61 总计=$716.86
[05-14 00:14:47] [INFO] 持仓状态:
[05-14 00:14:47] [INFO] 累计收益: -0.90%
[05-14 00:14:47] [INFO] 扫描间隔: 30秒
[05-14 00:15:17] [INFO] 
============================================================
[05-14 00:15:17] [INFO] Top6 Meme 扫描 (00:15:17)
[05-14 00:15:23] [INFO] 资产: USDT=15.61 总计=$716.80
[05-14 00:15:25] [INFO] 持仓状态:
[05-14 00:15:25] [INFO] 累计收益: -0.91%
[05-14 00:15:25] [INFO] 扫描间隔: 30秒
[05-14 00:15:55] [INFO] 
============================================================
[05-14 00:15:55] [INFO] Top6 Meme 扫描 (00:15:55)
[05-14 00:16:01] [INFO] 资产: USDT=15.61 总计=$716.76
[05-14 00:16:03] [INFO] 持仓状态:
[05-14 00:16:03] [INFO] 累计收益: -0.91%
[05-14 00:16:03] [INFO] 扫描间隔: 30秒
[05-14 00:16:33] [INFO] 
============================================================
[05-14 00:16:33] [INFO] Top6 Meme 扫描 (00:16:33)
[05-14 00:16:39] [INFO] 资产: USDT=15.61 总计=$716.48
[05-14 00:16:41] [INFO] 持仓状态:
[05-14 00:16:41] [INFO] 累计收益: -0.95%
[05-14 00:16:41] [INFO] 扫描间隔: 30秒
[05-14 00:17:11] [INFO] 
============================================================
[05-14 00:17:11] [INFO] Top6 Meme 扫描 (00:17:11)
[05-14 00:17:17] [INFO] 资产: USDT=15.61 总计=$716.80
[05-14 00:17:19] [INFO] 持仓状态:
[05-14 00:17:19] [INFO] 累计收益: -0.91%
[05-14 00:17:19] [INFO] 扫描间隔: 30秒
[05-14 00:17:49] [INFO] 
============================================================
[05-14 00:17:49] [INFO] Top6 Meme 扫描 (00:17:49)
[05-14 00:17:55] [INFO] 资产: USDT=15.61 总计=$716.74
[05-14 00:17:57] [INFO] 持仓状态:
[05-14 00:17:57] [INFO] 累计收益: -0.91%
[05-14 00:17:57] [INFO] 扫描间隔: 30秒
[05-14 00:18:27] [INFO] 
============================================================
[05-14 00:18:27] [INFO] Top6 Meme 扫描 (00:18:27)
[05-14 00:18:33] [INFO] 资产: USDT=15.61 总计=$716.87
[05-14 00:18:36] [INFO] 持仓状态:
[05-14 00:18:36] [INFO] 累计收益: -0.90%
[05-14 00:18:36] [INFO] 扫描间隔: 30秒
[05-14 00:19:06] [INFO] 
============================================================
[05-14 00:19:06] [INFO] Top6 Meme 扫描 (00:19:06)
[05-14 00:19:11] [INFO] 资产: USDT=15.61 总计=$716.78
[05-14 00:19:13] [INFO] 持仓状态:
[05-14 00:19:13] [INFO] 累计收益: -0.91%
[05-14 00:19:13] [INFO] 扫描间隔: 30秒
[05-14 00:19:43] [INFO] 
============================================================
[05-14 00:19:43] [INFO] Top6 Meme 扫描 (00:19:43)
[05-14 00:19:50] [INFO] 资产: USDT=15.61 总计=$717.20
[05-14 00:19:52] [INFO] 持仓状态:
[05-14 00:19:52] [INFO] 累计收益: -0.85%
[05-14 00:19:52] [INFO] 扫描间隔: 30秒
[05-14 00:20:22] [INFO] 
============================================================
[05-14 00:20:22] [INFO] Top6 Meme 扫描 (00:20:22)
[05-14 00:20:28] [INFO] 资产: USDT=15.61 总计=$716.92
[05-14 00:20:30] [INFO] 持仓状态:
[05-14 00:20:30] [INFO] 累计收益: -0.89%
[05-14 00:20:30] [INFO] 扫描间隔: 30秒
[05-14 00:21:00] [INFO] 
============================================================
[05-14 00:21:00] [INFO] Top6 Meme 扫描 (00:21:00)
[05-14 00:21:07] [INFO] 资产: USDT=15.61 总计=$717.06
[05-14 00:21:09] [INFO] 持仓状态:
[05-14 00:21:09] [INFO] 累计收益: -0.87%
[05-14 00:21:09] [INFO] 扫描间隔: 30秒
[05-14 00:21:39] [INFO] 
============================================================
[05-14 00:21:39] [INFO] Top6 Meme 扫描 (00:21:39)
[05-14 00:21:44] [INFO] 资产: USDT=15.61 总计=$717.50
[05-14 00:21:46] [INFO] 持仓状态:
[05-14 00:21:46] [INFO] 累计收益: -0.81%
[05-14 00:21:46] [INFO] 扫描间隔: 30秒
[05-14 00:22:17] [INFO] 
============================================================
[05-14 00:22:17] [INFO] Top6 Meme 扫描 (00:22:17)
[05-14 00:22:23] [INFO] 资产: USDT=15.61 总计=$717.84
[05-14 00:22:25] [INFO] 持仓状态:
[05-14 00:22:25] [INFO] 累计收益: -0.76%
[05-14 00:22:25] [INFO] 扫描间隔: 30秒
[05-14 00:22:55] [INFO] 
============================================================
[05-14 00:22:55] [INFO] Top6 Meme 扫描 (00:22:55)
[05-14 00:23:00] [INFO] 资产: USDT=15.61 总计=$718.03
[05-14 00:23:03] [INFO] 持仓状态:
[05-14 00:23:03] [INFO] 累计收益: -0.74%
[05-14 00:23:03] [INFO] 扫描间隔: 30秒
[05-14 00:23:33] [INFO] 
============================================================
[05-14 00:23:33] [INFO] Top6 Meme 扫描 (00:23:33)
[05-14 00:23:39] [INFO] 资产: USDT=15.61 总计=$718.04
[05-14 00:23:41] [INFO] 持仓状态:
[05-14 00:23:41] [INFO] 累计收益: -0.73%
[05-14 00:23:41] [INFO] 扫描间隔: 30秒
[05-14 00:24:11] [INFO] 
============================================================
[05-14 00:24:11] [INFO] Top6 Meme 扫描 (00:24:11)
[05-14 00:24:16] [INFO] 资产: USDT=15.61 总计=$718.48
[05-14 00:24:19] [INFO] 持仓状态:
[05-14 00:24:19] [INFO] 累计收益: -0.67%
[05-14 00:24:19] [INFO] 扫描间隔: 30秒
[05-14 00:24:49] [INFO] 
============================================================
[05-14 00:24:49] [INFO] Top6 Meme 扫描 (00:24:49)
[05-14 00:24:54] [INFO] 资产: USDT=15.61 总计=$718.31
[05-14 00:24:56] [INFO] 持仓状态:
[05-14 00:24:56] [INFO] 累计收益: -0.70%
[05-14 00:24:56] [INFO] 扫描间隔: 30秒
[05-14 00:25:26] [INFO] 
============================================================
[05-14 00:25:26] [INFO] Top6 Meme 扫描 (00:25:26)
[05-14 00:25:33] [INFO] 资产: USDT=15.61 总计=$718.20
[05-14 00:25:35] [INFO] 持仓状态:
[05-14 00:25:35] [INFO] 累计收益: -0.71%
[05-14 00:25:35] [INFO] 扫描间隔: 30秒
[05-14 00:26:05] [INFO] 
============================================================
[05-14 00:26:05] [INFO] Top6 Meme 扫描 (00:26:05)
[05-14 00:26:11] [INFO] 资产: USDT=15.61 总计=$718.08
[05-14 00:26:14] [INFO] 持仓状态:
[05-14 00:26:14] [INFO] 累计收益: -0.73%
[05-14 00:26:14] [INFO] 扫描间隔: 30秒
[05-14 00:26:44] [INFO] 
============================================================
[05-14 00:26:44] [INFO] Top6 Meme 扫描 (00:26:44)
[05-14 00:26:51] [INFO] 资产: USDT=15.61 总计=$718.33
[05-14 00:26:53] [INFO] 持仓状态:
[05-14 00:26:53] [INFO] 累计收益: -0.69%
[05-14 00:26:53] [INFO] 扫描间隔: 30秒
[05-14 00:27:23] [INFO] 
============================================================
[05-14 00:27:23] [INFO] Top6 Meme 扫描 (00:27:23)
[05-14 00:27:29] [INFO] 资产: USDT=15.61 总计=$718.20
[05-14 00:27:31] [INFO] 持仓状态:
[05-14 00:27:31] [INFO] 累计收益: -0.71%
[05-14 00:27:31] [INFO] 扫描间隔: 30秒
[05-14 00:28:01] [INFO] 
============================================================
[05-14 00:28:01] [INFO] Top6 Meme 扫描 (00:28:01)
[05-14 00:28:08] [INFO] 资产: USDT=15.61 总计=$718.54
[05-14 00:28:10] [INFO] 持仓状态:
[05-14 00:28:10] [INFO] 累计收益: -0.66%
[05-14 00:28:10] [INFO] 扫描间隔: 30秒
[05-14 00:28:40] [INFO] 
============================================================
[05-14 00:28:40] [INFO] Top6 Meme 扫描 (00:28:40)
[05-14 00:28:46] [INFO] 资产: USDT=15.61 总计=$718.78
[05-14 00:28:48] [INFO] 持仓状态:
[05-14 00:28:48] [INFO] 累计收益: -0.63%
[05-14 00:28:48] [INFO] 扫描间隔: 30秒
[05-14 00:29:18] [INFO] 
============================================================
[05-14 00:29:18] [INFO] Top6 Meme 扫描 (00:29:18)
[05-14 00:29:25] [INFO] 资产: USDT=15.61 总计=$718.82
[05-14 00:29:27] [INFO] 持仓状态:
[05-14 00:29:27] [INFO] 累计收益: -0.63%
[05-14 00:29:27] [INFO] 扫描间隔: 30秒
[05-14 00:29:57] [INFO] 
============================================================
[05-14 00:29:57] [INFO] Top6 Meme 扫描 (00:29:57)
[05-14 00:30:03] [INFO] 资产: USDT=15.61 总计=$718.66
[05-14 00:30:05] [INFO] 持仓状态:
[05-14 00:30:05] [INFO] 累计收益: -0.65%
[05-14 00:30:05] [INFO] 扫描间隔: 30秒
[05-14 00:30:35] [INFO] 
============================================================
[05-14 00:30:35] [INFO] Top6 Meme 扫描 (00:30:35)
[05-14 00:30:42] [INFO] 资产: USDT=15.61 总计=$718.79
[05-14 00:30:44] [INFO] 持仓状态:
[05-14 00:30:44] [INFO] 累计收益: -0.63%
[05-14 00:30:44] [INFO] 扫描间隔: 30秒
[05-14 00:31:14] [INFO] 
============================================================
[05-14 00:31:14] [INFO] Top6 Meme 扫描 (00:31:14)
[05-14 00:31:19] [INFO] 资产: USDT=15.61 总计=$718.97
[05-14 00:31:21] [INFO] 持仓状态:
[05-14 00:31:21] [INFO] 累计收益: -0.61%
[05-14 00:31:21] [INFO] 扫描间隔: 30秒
[05-14 00:31:51] [INFO] 
============================================================
[05-14 00:31:51] [INFO] Top6 Meme 扫描 (00:31:51)
[05-14 00:31:57] [INFO] 资产: USDT=15.61 总计=$718.72
[05-14 00:31:59] [INFO] 持仓状态:
[05-14 00:31:59] [INFO] 累计收益: -0.64%
[05-14 00:31:59] [INFO] 扫描间隔: 30秒
[05-14 00:32:29] [INFO] 
============================================================
[05-14 00:32:29] [INFO] Top6 Meme 扫描 (00:32:29)
[05-14 00:32:35] [INFO] 资产: USDT=15.61 总计=$718.95
[05-14 00:32:38] [INFO] 持仓状态:
[05-14 00:32:38] [INFO] 累计收益: -0.61%
[05-14 00:32:38] [INFO] 扫描间隔: 30秒
[05-14 00:33:08] [INFO] 
============================================================
[05-14 00:33:08] [INFO] Top6 Meme 扫描 (00:33:08)
[05-14 00:33:14] [INFO] 资产: USDT=15.61 总计=$719.42
[05-14 00:33:17] [INFO] 持仓状态:
[05-14 00:33:17] [INFO] 累计收益: -0.54%
[05-14 00:33:17] [INFO] 扫描间隔: 30秒
[05-14 00:33:47] [INFO] 
============================================================
[05-14 00:33:47] [INFO] Top6 Meme 扫描 (00:33:47)
[05-14 00:33:53] [INFO] 资产: USDT=15.61 总计=$719.50
[05-14 00:33:55] [INFO] 持仓状态:
[05-14 00:33:55] [INFO] 累计收益: -0.53%
[05-14 00:33:55] [INFO] 扫描间隔: 30秒
[05-14 00:34:25] [INFO] 
============================================================
[05-14 00:34:25] [INFO] Top6 Meme 扫描 (00:34:25)
[05-14 00:34:31] [INFO] 资产: USDT=15.61 总计=$719.34
[05-14 00:34:33] [INFO] 持仓状态:
[05-14 00:34:33] [INFO] 累计收益: -0.55%
[05-14 00:34:33] [INFO] 扫描间隔: 30秒
[05-14 00:35:03] [INFO] 
============================================================
[05-14 00:35:03] [INFO] Top6 Meme 扫描 (00:35:03)
[05-14 00:35:09] [INFO] 资产: USDT=15.61 总计=$719.31
[05-14 00:35:11] [INFO] 持仓状态:
[05-14 00:35:11] [INFO] 累计收益: -0.56%
[05-14 00:35:11] [INFO] 扫描间隔: 30秒
[05-14 00:35:41] [INFO] 
============================================================
[05-14 00:35:41] [INFO] Top6 Meme 扫描 (00:35:41)
[05-14 00:35:47] [INFO] 资产: USDT=15.61 总计=$719.38
[05-14 00:35:50] [INFO] 持仓状态:
[05-14 00:35:50] [INFO] 累计收益: -0.55%
[05-14 00:35:50] [INFO] 扫描间隔: 30秒
[05-14 00:36:20] [INFO] 
============================================================
[05-14 00:36:20] [INFO] Top6 Meme 扫描 (00:36:20)
[05-14 00:36:26] [INFO] 资产: USDT=15.61 总计=$719.27
[05-14 00:36:27] [INFO] 持仓状态:
[05-14 00:36:27] [INFO] 累计收益: -0.56%
[05-14 00:36:27] [INFO] 扫描间隔: 30秒
[05-14 00:36:58] [INFO] 
============================================================
[05-14 00:36:58] [INFO] Top6 Meme 扫描 (00:36:58)
[05-14 00:37:03] [INFO] 资产: USDT=15.61 总计=$719.18
[05-14 00:37:05] [INFO] 持仓状态:
[05-14 00:37:05] [INFO] 累计收益: -0.58%
[05-14 00:37:05] [INFO] 扫描间隔: 30秒
[05-14 00:37:35] [INFO] 
============================================================
[05-14 00:37:35] [INFO] Top6 Meme 扫描 (00:37:35)
[05-14 00:37:42] [INFO] 资产: USDT=15.61 总计=$719.08
[05-14 00:37:44] [INFO] 持仓状态:
[05-14 00:37:44] [INFO] 累计收益: -0.59%
[05-14 00:37:44] [INFO] 扫描间隔: 30秒
[05-14 00:38:14] [INFO] 
============================================================
[05-14 00:38:14] [INFO] Top6 Meme 扫描 (00:38:14)
[05-14 00:38:20] [INFO] 资产: USDT=15.61 总计=$719.16
[05-14 00:38:22] [INFO] 持仓状态:
[05-14 00:38:22] [INFO] 累计收益: -0.58%
[05-14 00:38:22] [INFO] 扫描间隔: 30秒
[05-14 00:38:52] [INFO] 
============================================================
[05-14 00:38:52] [INFO] Top6 Meme 扫描 (00:38:52)
[05-14 00:38:57] [INFO] 资产: USDT=15.61 总计=$719.39
[05-14 00:39:00] [INFO] 持仓状态:
[05-14 00:39:00] [INFO] 累计收益: -0.55%
[05-14 00:39:00] [INFO] 扫描间隔: 30秒
[05-14 00:39:30] [INFO] 
============================================================
[05-14 00:39:30] [INFO] Top6 Meme 扫描 (00:39:30)
[05-14 00:39:36] [INFO] 资产: USDT=15.61 总计=$719.37
[05-14 00:39:39] [INFO] 持仓状态:
[05-14 00:39:39] [INFO] 累计收益: -0.55%
[05-14 00:39:39] [INFO] 扫描间隔: 30秒
[05-14 00:40:09] [INFO] 
============================================================
[05-14 00:40:09] [INFO] Top6 Meme 扫描 (00:40:09)
[05-14 00:40:14] [INFO] 资产: USDT=15.61 总计=$719.24
[05-14 00:40:16] [INFO] 持仓状态:
[05-14 00:40:16] [INFO] 累计收益: -0.57%
[05-14 00:40:16] [INFO] 扫描间隔: 30秒
[05-14 00:40:46] [INFO] 
============================================================
[05-14 00:40:46] [INFO] Top6 Meme 扫描 (00:40:46)
[05-14 00:40:53] [INFO] 资产: USDT=15.61 总计=$719.48
[05-14 00:40:55] [INFO] 持仓状态:
[05-14 00:40:55] [INFO] 累计收益: -0.54%
[05-14 00:40:55] [INFO] 扫描间隔: 30秒
[05-14 00:41:25] [INFO] 
============================================================
[05-14 00:41:25] [INFO] Top6 Meme 扫描 (00:41:25)
[05-14 00:41:32] [INFO] 资产: USDT=15.61 总计=$719.43
[05-14 00:41:34] [INFO] 持仓状态:
[05-14 00:41:34] [INFO] 累计收益: -0.54%
[05-14 00:41:34] [INFO] 扫描间隔: 30秒
[05-14 00:42:04] [INFO] 
============================================================
[05-14 00:42:04] [INFO] Top6 Meme 扫描 (00:42:04)
[05-14 00:42:10] [INFO] 资产: USDT=15.61 总计=$719.55
[05-14 00:42:12] [INFO] 持仓状态:
[05-14 00:42:12] [INFO] 累计收益: -0.53%
[05-14 00:42:12] [INFO] 扫描间隔: 30秒
[05-14 00:42:42] [INFO] 
============================================================
[05-14 00:42:42] [INFO] Top6 Meme 扫描 (00:42:42)
[05-14 00:42:48] [INFO] 资产: USDT=15.61 总计=$719.64
[05-14 00:42:50] [INFO] 持仓状态:
[05-14 00:42:50] [INFO] 累计收益: -0.51%
[05-14 00:42:50] [INFO] 扫描间隔: 30秒
[05-14 00:43:20] [INFO] 
============================================================
[05-14 00:43:20] [INFO] Top6 Meme 扫描 (00:43:20)
[05-14 00:43:26] [INFO] 资产: USDT=15.61 总计=$719.71
[05-14 00:43:28] [INFO] 持仓状态:
[05-14 00:43:28] [INFO] 累计收益: -0.50%
[05-14 00:43:28] [INFO] 扫描间隔: 30秒
[05-14 00:43:58] [INFO] 
============================================================
[05-14 00:43:58] [INFO] Top6 Meme 扫描 (00:43:58)
[05-14 00:44:04] [INFO] 资产: USDT=15.61 总计=$719.51
[05-14 00:44:06] [INFO] 持仓状态:
[05-14 00:44:06] [INFO] 累计收益: -0.53%
[05-14 00:44:06] [INFO] 扫描间隔: 30秒
[05-14 00:44:36] [INFO] 
============================================================
[05-14 00:44:36] [INFO] Top6 Meme 扫描 (00:44:36)
[05-14 00:44:42] [INFO] 资产: USDT=15.61 总计=$719.43
[05-14 00:44:44] [INFO] 持仓状态:
[05-14 00:44:44] [INFO] 累计收益: -0.54%
[05-14 00:44:44] [INFO] 扫描间隔: 30秒
[05-14 00:45:15] [INFO] 
============================================================
[05-14 00:45:15] [INFO] Top6 Meme 扫描 (00:45:15)
[05-14 00:45:20] [INFO] 资产: USDT=15.61 总计=$719.34
[05-14 00:45:22] [INFO] 持仓状态:
[05-14 00:45:22] [INFO] 累计收益: -0.56%
[05-14 00:45:22] [INFO] 扫描间隔: 30秒
[05-14 00:45:52] [INFO] 
============================================================
[05-14 00:45:52] [INFO] Top6 Meme 扫描 (00:45:52)
[05-14 00:45:58] [INFO] 资产: USDT=15.61 总计=$719.20
[05-14 00:46:00] [INFO] 持仓状态:
[05-14 00:46:00] [INFO] 累计收益: -0.57%
[05-14 00:46:00] [INFO] 扫描间隔: 30秒
[05-14 00:46:30] [INFO] 
============================================================
[05-14 00:46:30] [INFO] Top6 Meme 扫描 (00:46:30)
[05-14 00:46:36] [INFO] 资产: USDT=15.61 总计=$719.47
[05-14 00:46:38] [INFO] 持仓状态:
[05-14 00:46:38] [INFO] 累计收益: -0.54%
[05-14 00:46:38] [INFO] 扫描间隔: 30秒
[05-14 00:47:08] [INFO] 
============================================================
[05-14 00:47:08] [INFO] Top6 Meme 扫描 (00:47:08)
[05-14 00:47:15] [INFO] 资产: USDT=15.61 总计=$719.69
[05-14 00:47:17] [INFO] 持仓状态:
[05-14 00:47:17] [INFO] 累计收益: -0.51%
[05-14 00:47:17] [INFO] 扫描间隔: 30秒
[05-14 00:47:47] [INFO] 
============================================================
[05-14 00:47:47] [INFO] Top6 Meme 扫描 (00:47:47)
[05-14 00:47:52] [INFO] 资产: USDT=15.61 总计=$720.04
[05-14 00:47:54] [INFO] 持仓状态:
[05-14 00:47:54] [INFO] 累计收益: -0.46%
[05-14 00:47:54] [INFO] 扫描间隔: 30秒
[05-14 00:48:24] [INFO] 
============================================================
[05-14 00:48:24] [INFO] Top6 Meme 扫描 (00:48:24)
[05-14 00:48:30] [INFO] 资产: USDT=15.61 总计=$720.14
[05-14 00:48:32] [INFO] 持仓状态:
[05-14 00:48:32] [INFO] 累计收益: -0.44%
[05-14 00:48:32] [INFO] 扫描间隔: 30秒
[05-14 00:49:02] [INFO] 
============================================================
[05-14 00:49:02] [INFO] Top6 Meme 扫描 (00:49:02)
[05-14 00:49:08] [INFO] 资产: USDT=15.61 总计=$720.09
[05-14 00:49:10] [INFO] 持仓状态:
[05-14 00:49:10] [INFO] 累计收益: -0.45%
[05-14 00:49:10] [INFO] 扫描间隔: 30秒
[05-14 00:49:41] [INFO] 
============================================================
[05-14 00:49:41] [INFO] Top6 Meme 扫描 (00:49:41)
[05-14 00:49:47] [INFO] 资产: USDT=15.61 总计=$719.94
[05-14 00:49:49] [INFO] 持仓状态:
[05-14 00:49:49] [INFO] 累计收益: -0.47%
[05-14 00:49:49] [INFO] 扫描间隔: 30秒
[05-14 00:50:19] [INFO] 
============================================================
[05-14 00:50:19] [INFO] Top6 Meme 扫描 (00:50:19)
[05-14 00:50:25] [INFO] 资产: USDT=15.61 总计=$719.98
[05-14 00:50:27] [INFO] 持仓状态:
[05-14 00:50:27] [INFO] 累计收益: -0.47%
[05-14 00:50:27] [INFO] 扫描间隔: 30秒
[05-14 00:50:57] [INFO] 
============================================================
[05-14 00:50:57] [INFO] Top6 Meme 扫描 (00:50:57)
[05-14 00:51:04] [INFO] 资产: USDT=15.61 总计=$719.86
[05-14 00:51:06] [INFO] 持仓状态:
[05-14 00:51:06] [INFO] 累计收益: -0.48%
[05-14 00:51:06] [INFO] 扫描间隔: 30秒
[05-14 00:51:36] [INFO] 
============================================================
[05-14 00:51:36] [INFO] Top6 Meme 扫描 (00:51:36)
[05-14 00:51:43] [INFO] 资产: USDT=15.61 总计=$719.71
[05-14 00:51:45] [INFO] 持仓状态:
[05-14 00:51:45] [INFO] 累计收益: -0.50%
[05-14 00:51:45] [INFO] 扫描间隔: 30秒
[05-14 00:52:15] [INFO] 
============================================================
[05-14 00:52:15] [INFO] Top6 Meme 扫描 (00:52:15)
[05-14 00:52:21] [INFO] 资产: USDT=15.61 总计=$719.46
[05-14 00:52:23] [INFO] 持仓状态:
[05-14 00:52:23] [INFO] 累计收益: -0.54%
[05-14 00:52:23] [INFO] 扫描间隔: 30秒
[05-14 00:52:53] [INFO] 
============================================================
[05-14 00:52:53] [INFO] Top6 Meme 扫描 (00:52:53)
[05-14 00:52:59] [INFO] 资产: USDT=15.61 总计=$719.37
[05-14 00:53:01] [INFO] 持仓状态:
[05-14 00:53:01] [INFO] 累计收益: -0.55%
[05-14 00:53:01] [INFO] 扫描间隔: 30秒
[05-14 00:53:31] [INFO] 
============================================================
[05-14 00:53:31] [INFO] Top6 Meme 扫描 (00:53:31)
[05-14 00:53:37] [INFO] 资产: USDT=15.61 总计=$719.65
[05-14 00:53:39] [INFO] 持仓状态:
[05-14 00:53:39] [INFO] 累计收益: -0.51%
[05-14 00:53:39] [INFO] 扫描间隔: 30秒
[05-14 00:54:09] [INFO] 
============================================================
[05-14 00:54:09] [INFO] Top6 Meme 扫描 (00:54:09)
[05-14 00:54:15] [INFO] 资产: USDT=15.61 总计=$719.13
[05-14 00:54:17] [INFO] 持仓状态:
[05-14 00:54:17] [INFO] 累计收益: -0.58%
[05-14 00:54:17] [INFO] 扫描间隔: 30秒
[05-14 00:54:47] [INFO] 
============================================================
[05-14 00:54:47] [INFO] Top6 Meme 扫描 (00:54:47)
[05-14 00:54:53] [INFO] 资产: USDT=15.61 总计=$719.14
[05-14 00:54:56] [INFO] 持仓状态:
[05-14 00:54:56] [INFO] 累计收益: -0.58%
[05-14 00:54:56] [INFO] 扫描间隔: 30秒
[05-14 00:55:26] [INFO] 
============================================================
[05-14 00:55:26] [INFO] Top6 Meme 扫描 (00:55:26)
[05-14 00:55:32] [INFO] 资产: USDT=15.61 总计=$719.14
[05-14 00:55:34] [INFO] 持仓状态:
[05-14 00:55:34] [INFO] 累计收益: -0.58%
[05-14 00:55:34] [INFO] 扫描间隔: 30秒
[05-14 00:56:04] [INFO] 
============================================================
[05-14 00:56:04] [INFO] Top6 Meme 扫描 (00:56:04)
[05-14 00:56:10] [INFO] 资产: USDT=15.61 总计=$719.42
[05-14 00:56:12] [INFO] 持仓状态:
[05-14 00:56:12] [INFO] 累计收益: -0.54%
[05-14 00:56:12] [INFO] 扫描间隔: 30秒
[05-14 00:56:42] [INFO] 
============================================================
[05-14 00:56:42] [INFO] Top6 Meme 扫描 (00:56:42)
[05-14 00:56:49] [INFO] 资产: USDT=15.61 总计=$719.50
[05-14 00:56:51] [INFO] 持仓状态:
[05-14 00:56:51] [INFO] 累计收益: -0.53%
[05-14 00:56:51] [INFO] 扫描间隔: 30秒
[05-14 00:57:21] [INFO] 
============================================================
[05-14 00:57:21] [INFO] Top6 Meme 扫描 (00:57:21)
[05-14 00:57:27] [INFO] 资产: USDT=15.61 总计=$719.39
[05-14 00:57:29] [INFO] 持仓状态:
[05-14 00:57:29] [INFO] 累计收益: -0.55%
[05-14 00:57:29] [INFO] 扫描间隔: 30秒
[05-14 00:57:59] [INFO] 
============================================================
[05-14 00:57:59] [INFO] Top6 Meme 扫描 (00:57:59)
[05-14 00:58:05] [INFO] 资产: USDT=15.61 总计=$719.44
[05-14 00:58:07] [INFO] 持仓状态:
[05-14 00:58:07] [INFO] 累计收益: -0.54%
[05-14 00:58:07] [INFO] 扫描间隔: 30秒
[05-14 00:58:37] [INFO] 
============================================================
[05-14 00:58:37] [INFO] Top6 Meme 扫描 (00:58:37)
[05-14 00:58:43] [INFO] 资产: USDT=15.61 总计=$719.18
[05-14 00:58:45] [INFO] 持仓状态:
[05-14 00:58:45] [INFO] 累计收益: -0.58%
[05-14 00:58:45] [INFO] 扫描间隔: 30秒
[05-14 00:59:15] [INFO] 
============================================================
[05-14 00:59:15] [INFO] Top6 Meme 扫描 (00:59:15)
[05-14 00:59:20] [INFO] 资产: USDT=15.61 总计=$719.03
[05-14 00:59:22] [INFO] 持仓状态:
[05-14 00:59:22] [INFO] 累计收益: -0.60%
[05-14 00:59:22] [INFO] 扫描间隔: 30秒
[05-14 00:59:52] [INFO] 
============================================================
[05-14 00:59:52] [INFO] Top6 Meme 扫描 (00:59:52)
[05-14 00:59:58] [INFO] 资产: USDT=15.61 总计=$719.10
[05-14 01:00:03] [INFO] 持仓状态:
[05-14 01:00:03] [INFO] 累计收益: -0.59%
[05-14 01:00:03] [INFO] 扫描间隔: 30秒
[05-14 01:00:33] [INFO] 
============================================================
[05-14 01:00:33] [INFO] Top6 Meme 扫描 (01:00:33)
[05-14 01:00:38] [INFO] 资产: USDT=15.61 总计=$720.61
[05-14 01:00:40] [INFO] 持仓状态:
[05-14 01:00:40] [INFO] 累计收益: -0.38%
[05-14 01:00:40] [INFO] 扫描间隔: 30秒
[05-14 01:01:10] [INFO] 
============================================================
[05-14 01:01:10] [INFO] Top6 Meme 扫描 (01:01:10)
[05-14 01:01:17] [INFO] 资产: USDT=15.61 总计=$720.74
[05-14 01:01:19] [INFO] 持仓状态:
[05-14 01:01:19] [INFO] 累计收益: -0.36%
[05-14 01:01:19] [INFO] 扫描间隔: 30秒
[05-14 01:01:49] [INFO] 
============================================================
[05-14 01:01:49] [INFO] Top6 Meme 扫描 (01:01:49)
[05-14 01:01:54] [INFO] 资产: USDT=15.61 总计=$720.66
[05-14 01:01:56] [INFO] 持仓状态:
[05-14 01:01:56] [INFO] 累计收益: -0.37%
[05-14 01:01:56] [INFO] 扫描间隔: 30秒
[05-14 01:02:26] [INFO] 
============================================================
[05-14 01:02:26] [INFO] Top6 Meme 扫描 (01:02:26)
[05-14 01:02:33] [INFO] 资产: USDT=15.61 总计=$720.34
[05-14 01:02:35] [INFO] 持仓状态:
[05-14 01:02:35] [INFO] 累计收益: -0.42%
[05-14 01:02:35] [INFO] 扫描间隔: 30秒
[05-14 01:03:06] [INFO] 
============================================================
[05-14 01:03:06] [INFO] Top6 Meme 扫描 (01:03:06)
[05-14 01:03:11] [INFO] 资产: USDT=15.61 总计=$720.52
[05-14 01:03:13] [INFO] 持仓状态:
[05-14 01:03:13] [INFO] 累计收益: -0.39%
[05-14 01:03:13] [INFO] 扫描间隔: 30秒
[05-14 01:03:43] [INFO] 
============================================================
[05-14 01:03:43] [INFO] Top6 Meme 扫描 (01:03:43)
[05-14 01:03:50] [INFO] 资产: USDT=15.61 总计=$720.87
[05-14 01:03:52] [INFO] 持仓状态:
[05-14 01:03:52] [INFO] 累计收益: -0.34%
[05-14 01:03:52] [INFO] 扫描间隔: 30秒
[05-14 01:04:22] [INFO] 
============================================================
[05-14 01:04:22] [INFO] Top6 Meme 扫描 (01:04:22)
[05-14 01:04:28] [INFO] 资产: USDT=15.61 总计=$720.57
[05-14 01:04:30] [INFO] 持仓状态:
[05-14 01:04:30] [INFO] 累计收益: -0.38%
[05-14 01:04:30] [INFO] 扫描间隔: 30秒
[05-14 01:05:00] [INFO] 
============================================================
[05-14 01:05:00] [INFO] Top6 Meme 扫描 (01:05:00)
[05-14 01:05:06] [INFO] 资产: USDT=15.61 总计=$720.65
[05-14 01:05:09] [INFO] 持仓状态:
[05-14 01:05:09] [INFO] 累计收益: -0.37%
[05-14 01:05:09] [INFO] 扫描间隔: 30秒
[05-14 01:05:39] [INFO] 
============================================================
[05-14 01:05:39] [INFO] Top6 Meme 扫描 (01:05:39)
[05-14 01:05:44] [INFO] 资产: USDT=15.61 总计=$720.23
[05-14 01:05:47] [INFO] 持仓状态:
[05-14 01:05:47] [INFO] 累计收益: -0.43%
[05-14 01:05:47] [INFO] 扫描间隔: 30秒
[05-14 01:06:17] [INFO] 
============================================================
[05-14 01:06:17] [INFO] Top6 Meme 扫描 (01:06:17)
[05-14 01:06:23] [INFO] 资产: USDT=15.61 总计=$720.52
[05-14 01:06:25] [INFO] 持仓状态:
[05-14 01:06:25] [INFO] 累计收益: -0.39%
[05-14 01:06:25] [INFO] 扫描间隔: 30秒
[05-14 01:06:55] [INFO] 
============================================================
[05-14 01:06:55] [INFO] Top6 Meme 扫描 (01:06:55)
[05-14 01:07:01] [INFO] 资产: USDT=15.61 总计=$720.40
[05-14 01:07:03] [INFO] 持仓状态:
[05-14 01:07:03] [INFO] 累计收益: -0.41%
[05-14 01:07:03] [INFO] 扫描间隔: 30秒
[05-14 01:07:33] [INFO] 
============================================================
[05-14 01:07:33] [INFO] Top6 Meme 扫描 (01:07:33)
[05-14 01:07:39] [INFO] 资产: USDT=15.61 总计=$720.25
[05-14 01:07:41] [INFO] 持仓状态:
[05-14 01:07:41] [INFO] 累计收益: -0.43%
[05-14 01:07:41] [INFO] 扫描间隔: 30秒
[05-14 01:08:11] [INFO] 
============================================================
[05-14 01:08:11] [INFO] Top6 Meme 扫描 (01:08:11)
[05-14 01:08:17] [INFO] 资产: USDT=15.61 总计=$720.39
[05-14 01:08:19] [INFO] 持仓状态:
[05-14 01:08:19] [INFO] 累计收益: -0.41%
[05-14 01:08:19] [INFO] 扫描间隔: 30秒
[05-14 01:08:49] [INFO] 
============================================================
[05-14 01:08:49] [INFO] Top6 Meme 扫描 (01:08:49)
[05-14 01:08:56] [INFO] 资产: USDT=15.61 总计=$720.36
[05-14 01:08:58] [INFO] 持仓状态:
[05-14 01:08:58] [INFO] 累计收益: -0.41%
[05-14 01:08:58] [INFO] 扫描间隔: 30秒
[05-14 01:09:28] [INFO] 
============================================================
[05-14 01:09:28] [INFO] Top6 Meme 扫描 (01:09:28)
[05-14 01:09:35] [INFO] 资产: USDT=15.61 总计=$720.39
[05-14 01:09:37] [INFO] 持仓状态:
[05-14 01:09:37] [INFO] 累计收益: -0.41%
[05-14 01:09:37] [INFO] 扫描间隔: 30秒
[05-14 01:10:07] [INFO] 
============================================================
[05-14 01:10:07] [INFO] Top6 Meme 扫描 (01:10:07)
[05-14 01:10:13] [INFO] 资产: USDT=15.61 总计=$720.24
[05-14 01:10:15] [INFO] 持仓状态:
[05-14 01:10:15] [INFO] 累计收益: -0.43%
[05-14 01:10:15] [INFO] 扫描间隔: 30秒
[05-14 01:10:45] [INFO] 
============================================================
[05-14 01:10:45] [INFO] Top6 Meme 扫描 (01:10:45)
[05-14 01:10:51] [INFO] 资产: USDT=15.61 总计=$720.38
[05-14 01:10:54] [INFO] 持仓状态:
[05-14 01:10:54] [INFO] 累计收益: -0.41%
[05-14 01:10:54] [INFO] 扫描间隔: 30秒
[05-14 01:11:24] [INFO] 
============================================================
[05-14 01:11:24] [INFO] Top6 Meme 扫描 (01:11:24)
[05-14 01:11:29] [INFO] 资产: USDT=15.61 总计=$720.39
[05-14 01:11:31] [INFO] 持仓状态:
[05-14 01:11:31] [INFO] 累计收益: -0.41%
[05-14 01:11:31] [INFO] 扫描间隔: 30秒
[05-14 01:12:01] [INFO] 
============================================================
[05-14 01:12:01] [INFO] Top6 Meme 扫描 (01:12:01)
[05-14 01:12:07] [INFO] 资产: USDT=15.61 总计=$720.34
[05-14 01:12:09] [INFO] 持仓状态:
[05-14 01:12:09] [INFO] 累计收益: -0.42%
[05-14 01:12:09] [INFO] 扫描间隔: 30秒
[05-14 01:12:39] [INFO] 
============================================================
[05-14 01:12:39] [INFO] Top6 Meme 扫描 (01:12:39)
[05-14 01:12:45] [INFO] 资产: USDT=15.61 总计=$720.61
[05-14 01:12:47] [INFO] 持仓状态:
[05-14 01:12:47] [INFO] 累计收益: -0.38%
[05-14 01:12:47] [INFO] 扫描间隔: 30秒
[05-14 01:13:17] [INFO] 
============================================================
[05-14 01:13:17] [INFO] Top6 Meme 扫描 (01:13:17)
[05-14 01:13:23] [INFO] 资产: USDT=15.61 总计=$720.73
[05-14 01:13:25] [INFO] 持仓状态:
[05-14 01:13:25] [INFO] 累计收益: -0.36%
[05-14 01:13:25] [INFO] 扫描间隔: 30秒
[05-14 01:13:55] [INFO] 
============================================================
[05-14 01:13:55] [INFO] Top6 Meme 扫描 (01:13:55)
[05-14 01:14:01] [INFO] 资产: USDT=15.61 总计=$720.83
[05-14 01:14:03] [INFO] 持仓状态:
[05-14 01:14:03] [INFO] 累计收益: -0.35%
[05-14 01:14:03] [INFO] 扫描间隔: 30秒
[05-14 01:14:33] [INFO] 
============================================================
[05-14 01:14:33] [INFO] Top6 Meme 扫描 (01:14:33)
[05-14 01:14:39] [INFO] 资产: USDT=15.61 总计=$720.79
[05-14 01:14:41] [INFO] 持仓状态:
[05-14 01:14:41] [INFO] 累计收益: -0.35%
[05-14 01:14:41] [INFO] 扫描间隔: 30秒
[05-14 01:15:11] [INFO] 
============================================================
[05-14 01:15:11] [INFO] Top6 Meme 扫描 (01:15:11)
[05-14 01:15:17] [INFO] 资产: USDT=15.61 总计=$720.84
[05-14 01:15:19] [INFO] 持仓状态:
[05-14 01:15:19] [INFO] 累计收益: -0.35%
[05-14 01:15:19] [INFO] 扫描间隔: 30秒
[05-14 01:15:49] [INFO] 
============================================================
[05-14 01:15:49] [INFO] Top6 Meme 扫描 (01:15:49)
[05-14 01:15:56] [INFO] 资产: USDT=15.61 总计=$721.15
[05-14 01:15:58] [INFO] 持仓状态:
[05-14 01:15:58] [INFO] 累计收益: -0.31%
[05-14 01:15:58] [INFO] 扫描间隔: 30秒
[05-14 01:16:28] [INFO] 
============================================================
[05-14 01:16:28] [INFO] Top6 Meme 扫描 (01:16:28)
[05-14 01:16:34] [INFO] 资产: USDT=15.61 总计=$720.39
[05-14 01:16:36] [INFO] 持仓状态:
[05-14 01:16:36] [INFO] 累计收益: -0.41%
[05-14 01:16:36] [INFO] 扫描间隔: 30秒
[05-14 01:17:06] [INFO] 
============================================================
[05-14 01:17:06] [INFO] Top6 Meme 扫描 (01:17:06)
[05-14 01:17:12] [INFO] 资产: USDT=15.61 总计=$719.94
[05-14 01:17:14] [INFO] 持仓状态:
[05-14 01:17:14] [INFO] 累计收益: -0.47%
[05-14 01:17:14] [INFO] 扫描间隔: 30秒
[05-14 01:17:44] [INFO] 
============================================================
[05-14 01:17:44] [INFO] Top6 Meme 扫描 (01:17:44)
[05-14 01:17:50] [INFO] 资产: USDT=15.61 总计=$720.02
[05-14 01:17:53] [INFO] 持仓状态:
[05-14 01:17:53] [INFO] 累计收益: -0.46%
[05-14 01:17:53] [INFO] 扫描间隔: 30秒
[05-14 01:18:23] [INFO] 
============================================================
[05-14 01:18:23] [INFO] Top6 Meme 扫描 (01:18:23)
[05-14 01:18:29] [INFO] 资产: USDT=15.61 总计=$720.42
[05-14 01:18:31] [INFO] 持仓状态:
[05-14 01:18:31] [INFO] 累计收益: -0.41%
[05-14 01:18:31] [INFO] 扫描间隔: 30秒
[05-14 01:19:01] [INFO] 
============================================================
[05-14 01:19:01] [INFO] Top6 Meme 扫描 (01:19:01)
[05-14 01:19:08] [INFO] 资产: USDT=15.61 总计=$720.86
[05-14 01:19:10] [INFO] 持仓状态:
[05-14 01:19:10] [INFO] 累计收益: -0.34%
[05-14 01:19:10] [INFO] 扫描间隔: 30秒
[05-14 01:19:40] [INFO] 
============================================================
[05-14 01:19:40] [INFO] Top6 Meme 扫描 (01:19:40)
[05-14 01:19:48] [INFO] 资产: USDT=15.61 总计=$721.09
[05-14 01:19:49] [INFO] 持仓状态:
[05-14 01:19:49] [INFO] 累计收益: -0.31%
[05-14 01:19:49] [INFO] 扫描间隔: 30秒
[05-14 01:20:19] [INFO] 
============================================================
[05-14 01:20:19] [INFO] Top6 Meme 扫描 (01:20:19)
[05-14 01:20:25] [INFO] 资产: USDT=15.61 总计=$720.95
[05-14 01:20:27] [INFO] 持仓状态:
[05-14 01:20:27] [INFO] 累计收益: -0.33%
[05-14 01:20:27] [INFO] 扫描间隔: 30秒
[05-14 01:20:57] [INFO] 
============================================================
[05-14 01:20:57] [INFO] Top6 Meme 扫描 (01:20:57)
[05-14 01:21:04] [INFO] 资产: USDT=15.61 总计=$720.98
[05-14 01:21:06] [INFO] 持仓状态:
[05-14 01:21:06] [INFO] 累计收益: -0.33%
[05-14 01:21:06] [INFO] 扫描间隔: 30秒
[05-14 01:21:36] [INFO] 
============================================================
[05-14 01:21:36] [INFO] Top6 Meme 扫描 (01:21:36)
[05-14 01:21:41] [INFO] 资产: USDT=15.61 总计=$721.12
[05-14 01:21:43] [INFO] 持仓状态:
[05-14 01:21:43] [INFO] 累计收益: -0.31%
[05-14 01:21:43] [INFO] 扫描间隔: 30秒
[05-14 01:22:13] [INFO] 
============================================================
[05-14 01:22:13] [INFO] Top6 Meme 扫描 (01:22:13)
[05-14 01:22:20] [INFO] 资产: USDT=15.61 总计=$721.21
[05-14 01:22:22] [INFO] 持仓状态:
[05-14 01:22:22] [INFO] 累计收益: -0.30%
[05-14 01:22:22] [INFO] 扫描间隔: 30秒
[05-14 01:22:52] [INFO] 
============================================================
[05-14 01:22:52] [INFO] Top6 Meme 扫描 (01:22:52)
[05-14 01:22:58] [INFO] 资产: USDT=15.61 总计=$721.34
[05-14 01:23:00] [INFO] 持仓状态:
[05-14 01:23:00] [INFO] 累计收益: -0.28%
[05-14 01:23:00] [INFO] 扫描间隔: 30秒
[05-14 01:23:30] [INFO] 
============================================================
[05-14 01:23:30] [INFO] Top6 Meme 扫描 (01:23:30)
[05-14 01:23:36] [INFO] 资产: USDT=15.61 总计=$721.48
[05-14 01:23:38] [INFO] 持仓状态:
[05-14 01:23:38] [INFO] 累计收益: -0.26%
[05-14 01:23:38] [INFO] 扫描间隔: 30秒
[05-14 01:24:08] [INFO] 
============================================================
[05-14 01:24:08] [INFO] Top6 Meme 扫描 (01:24:08)
[05-14 01:24:14] [INFO] 资产: USDT=15.61 总计=$721.29
[05-14 01:24:16] [INFO] 持仓状态:
[05-14 01:24:16] [INFO] 累计收益: -0.28%
[05-14 01:24:16] [INFO] 扫描间隔: 30秒
[05-14 01:24:46] [INFO] 
============================================================
[05-14 01:24:46] [INFO] Top6 Meme 扫描 (01:24:46)
[05-14 01:24:52] [INFO] 资产: USDT=15.61 总计=$721.09
[05-14 01:24:55] [INFO] 持仓状态:
[05-14 01:24:55] [INFO] 累计收益: -0.31%
[05-14 01:24:55] [INFO] 扫描间隔: 30秒
[05-14 01:25:25] [INFO] 
============================================================
[05-14 01:25:25] [INFO] Top6 Meme 扫描 (01:25:25)
[05-14 01:25:31] [INFO] 资产: USDT=15.61 总计=$721.17
[05-14 01:25:33] [INFO] 持仓状态:
[05-14 01:25:33] [INFO] 累计收益: -0.30%
[05-14 01:25:33] [INFO] 扫描间隔: 30秒
[05-14 01:26:03] [INFO] 
============================================================
[05-14 01:26:03] [INFO] Top6 Meme 扫描 (01:26:03)
[05-14 01:26:09] [INFO] 资产: USDT=15.61 总计=$721.09
[05-14 01:26:12] [INFO] 持仓状态:
[05-14 01:26:12] [INFO] 累计收益: -0.31%
[05-14 01:26:12] [INFO] 扫描间隔: 30秒
[05-14 01:26:42] [INFO] 
============================================================
[05-14 01:26:42] [INFO] Top6 Meme 扫描 (01:26:42)
[05-14 01:26:48] [INFO] 资产: USDT=15.61 总计=$721.48
[05-14 01:26:49] [INFO] 持仓状态:
[05-14 01:26:49] [INFO] 累计收益: -0.26%
[05-14 01:26:49] [INFO] 扫描间隔: 30秒
[05-14 01:27:20] [INFO] 
============================================================
[05-14 01:27:20] [INFO] Top6 Meme 扫描 (01:27:20)
[05-14 01:27:26] [INFO] 资产: USDT=15.61 总计=$721.33
[05-14 01:27:28] [INFO] 持仓状态:
[05-14 01:27:28] [INFO] 累计收益: -0.28%
[05-14 01:27:28] [INFO] 扫描间隔: 30秒
[05-14 01:27:58] [INFO] 
============================================================
[05-14 01:27:58] [INFO] Top6 Meme 扫描 (01:27:58)
[05-14 01:28:04] [INFO] 资产: USDT=15.61 总计=$721.56
[05-14 01:28:06] [INFO] 持仓状态:
[05-14 01:28:06] [INFO] 累计收益: -0.25%
[05-14 01:28:06] [INFO] 扫描间隔: 30秒
[05-14 01:28:36] [INFO] 
============================================================
[05-14 01:28:36] [INFO] Top6 Meme 扫描 (01:28:36)
[05-14 01:28:42] [INFO] 资产: USDT=15.61 总计=$721.33
[05-14 01:28:44] [INFO] 持仓状态:
[05-14 01:28:44] [INFO] 累计收益: -0.28%
[05-14 01:28:44] [INFO] 扫描间隔: 30秒
[05-14 01:29:14] [INFO] 
============================================================
[05-14 01:29:14] [INFO] Top6 Meme 扫描 (01:29:14)
[05-14 01:29:21] [INFO] 资产: USDT=15.61 总计=$721.16
[05-14 01:29:23] [INFO] 持仓状态:
[05-14 01:29:23] [INFO] 累计收益: -0.30%
[05-14 01:29:23] [INFO] 扫描间隔: 30秒
[05-14 01:29:53] [INFO] 
============================================================
[05-14 01:29:53] [INFO] Top6 Meme 扫描 (01:29:53)
[05-14 01:29:59] [INFO] 资产: USDT=15.61 总计=$721.16
[05-14 01:30:02] [INFO] 持仓状态:
[05-14 01:30:02] [INFO] 累计收益: -0.30%
[05-14 01:30:02] [INFO] 扫描间隔: 30秒
[05-14 01:30:32] [INFO] 
============================================================
[05-14 01:30:32] [INFO] Top6 Meme 扫描 (01:30:32)
[05-14 01:30:38] [INFO] 资产: USDT=15.61 总计=$721.41
[05-14 01:30:40] [INFO] 持仓状态:
[05-14 01:30:40] [INFO] 累计收益: -0.27%
[05-14 01:30:40] [INFO] 扫描间隔: 30秒
[05-14 01:31:10] [INFO] 
============================================================
[05-14 01:31:10] [INFO] Top6 Meme 扫描 (01:31:10)
[05-14 01:31:16] [INFO] 资产: USDT=15.61 总计=$721.13
[05-14 01:31:18] [INFO] 持仓状态:
[05-14 01:31:18] [INFO] 累计收益: -0.31%
[05-14 01:31:18] [INFO] 扫描间隔: 30秒
[05-14 01:31:48] [INFO] 
============================================================
[05-14 01:31:48] [INFO] Top6 Meme 扫描 (01:31:48)
[05-14 01:31:55] [INFO] 资产: USDT=15.61 总计=$721.10
[05-14 01:31:57] [INFO] 持仓状态:
[05-14 01:31:57] [INFO] 累计收益: -0.31%
[05-14 01:31:57] [INFO] 扫描间隔: 30秒
[05-14 01:32:27] [INFO] 
============================================================
[05-14 01:32:27] [INFO] Top6 Meme 扫描 (01:32:27)
[05-14 01:32:32] [INFO] 资产: USDT=15.61 总计=$721.11
[05-14 01:32:34] [INFO] 持仓状态:
[05-14 01:32:34] [INFO] 累计收益: -0.31%
[05-14 01:32:34] [INFO] 扫描间隔: 30秒
[05-14 01:33:05] [INFO] 
============================================================
[05-14 01:33:05] [INFO] Top6 Meme 扫描 (01:33:05)
[05-14 01:33:11] [INFO] 资产: USDT=15.61 总计=$720.88
[05-14 01:33:13] [INFO] 持仓状态:
[05-14 01:33:13] [INFO] 累计收益: -0.34%
[05-14 01:33:13] [INFO] 扫描间隔: 30秒
[05-14 01:33:43] [INFO] 
============================================================
[05-14 01:33:43] [INFO] Top6 Meme 扫描 (01:33:43)
[05-14 01:33:49] [INFO] 资产: USDT=15.61 总计=$720.98
[05-14 01:33:51] [INFO] 持仓状态:
[05-14 01:33:51] [INFO] 累计收益: -0.33%
[05-14 01:33:51] [INFO] 扫描间隔: 30秒
[05-14 01:34:21] [INFO] 
============================================================
[05-14 01:34:21] [INFO] Top6 Meme 扫描 (01:34:21)
[05-14 01:34:29] [INFO] 资产: USDT=15.61 总计=$720.83
[05-14 01:34:31] [INFO] 持仓状态:
[05-14 01:34:31] [INFO] 累计收益: -0.35%
[05-14 01:34:31] [INFO] 扫描间隔: 30秒
[05-14 01:35:02] [INFO] 
============================================================
[05-14 01:35:02] [INFO] Top6 Meme 扫描 (01:35:02)
[05-14 01:35:08] [INFO] 资产: USDT=15.61 总计=$720.79
[05-14 01:35:10] [INFO] 持仓状态:
[05-14 01:35:10] [INFO] 累计收益: -0.35%
[05-14 01:35:10] [INFO] 扫描间隔: 30秒
[05-14 01:35:40] [INFO] 
============================================================
[05-14 01:35:40] [INFO] Top6 Meme 扫描 (01:35:40)
[05-14 01:35:46] [INFO] 资产: USDT=15.61 总计=$720.83
[05-14 01:35:48] [INFO] 持仓状态:
[05-14 01:35:48] [INFO] 累计收益: -0.35%
[05-14 01:35:48] [INFO] 扫描间隔: 30秒
[05-14 01:36:18] [INFO] 
============================================================
[05-14 01:36:18] [INFO] Top6 Meme 扫描 (01:36:18)
[05-14 01:36:24] [INFO] 资产: USDT=15.61 总计=$720.87
[05-14 01:36:26] [INFO] 持仓状态:
[05-14 01:36:26] [INFO] 累计收益: -0.34%
[05-14 01:36:26] [INFO] 扫描间隔: 30秒
[05-14 01:36:56] [INFO] 
============================================================
[05-14 01:36:56] [INFO] Top6 Meme 扫描 (01:36:56)
[05-14 01:37:02] [INFO] 资产: USDT=15.61 总计=$721.07
[05-14 01:37:04] [INFO] 持仓状态:
[05-14 01:37:04] [INFO] 累计收益: -0.32%
[05-14 01:37:04] [INFO] 扫描间隔: 30秒
[05-14 01:37:34] [INFO] 
============================================================
[05-14 01:37:34] [INFO] Top6 Meme 扫描 (01:37:34)
[05-14 01:37:40] [INFO] 资产: USDT=15.61 总计=$721.10
[05-14 01:37:42] [INFO] 持仓状态:
[05-14 01:37:42] [INFO] 累计收益: -0.31%
[05-14 01:37:42] [INFO] 扫描间隔: 30秒
[05-14 01:38:12] [INFO] 
============================================================
[05-14 01:38:12] [INFO] Top6 Meme 扫描 (01:38:12)
[05-14 01:38:19] [INFO] 资产: USDT=15.61 总计=$720.96
[05-14 01:38:21] [INFO] 持仓状态:
[05-14 01:38:21] [INFO] 累计收益: -0.33%
[05-14 01:38:21] [INFO] 扫描间隔: 30秒
[05-14 01:38:51] [INFO] 
============================================================
[05-14 01:38:51] [INFO] Top6 Meme 扫描 (01:38:51)
[05-14 01:38:57] [INFO] 资产: USDT=15.61 总计=$720.99
[05-14 01:38:59] [INFO] 持仓状态:
[05-14 01:38:59] [INFO] 累计收益: -0.33%
[05-14 01:38:59] [INFO] 扫描间隔: 30秒
[05-14 01:39:29] [INFO] 
============================================================
[05-14 01:39:29] [INFO] Top6 Meme 扫描 (01:39:29)
[05-14 01:39:35] [INFO] 资产: USDT=15.61 总计=$720.85
[05-14 01:39:37] [INFO] 持仓状态:
[05-14 01:39:37] [INFO] 累计收益: -0.35%
[05-14 01:39:37] [INFO] 扫描间隔: 30秒
[05-14 01:40:07] [INFO] 
============================================================
[05-14 01:40:07] [INFO] Top6 Meme 扫描 (01:40:07)
[05-14 01:40:13] [INFO] 资产: USDT=15.61 总计=$720.81
[05-14 01:40:15] [INFO] 持仓状态:
[05-14 01:40:15] [INFO] 累计收益: -0.35%
[05-14 01:40:15] [INFO] 扫描间隔: 30秒
[05-14 01:40:45] [INFO] 
============================================================
[05-14 01:40:45] [INFO] Top6 Meme 扫描 (01:40:45)
[05-14 01:40:51] [INFO] 资产: USDT=15.61 总计=$720.93
[05-14 01:40:53] [INFO] 持仓状态:
[05-14 01:40:53] [INFO] 累计收益: -0.33%
[05-14 01:40:53] [INFO] 扫描间隔: 30秒
[05-14 01:41:23] [INFO] 
============================================================
[05-14 01:41:23] [INFO] Top6 Meme 扫描 (01:41:23)
[05-14 01:41:29] [INFO] 资产: USDT=15.61 总计=$720.91
[05-14 01:41:31] [INFO] 持仓状态:
[05-14 01:41:31] [INFO] 累计收益: -0.34%
[05-14 01:41:31] [INFO] 扫描间隔: 30秒
[05-14 01:42:01] [INFO] 
============================================================
[05-14 01:42:01] [INFO] Top6 Meme 扫描 (01:42:01)
[05-14 01:42:07] [INFO] 资产: USDT=15.61 总计=$721.03
[05-14 01:42:10] [INFO] 持仓状态:
[05-14 01:42:10] [INFO] 累计收益: -0.32%
[05-14 01:42:10] [INFO] 扫描间隔: 30秒
[05-14 01:42:40] [INFO] 
============================================================
[05-14 01:42:40] [INFO] Top6 Meme 扫描 (01:42:40)
[05-14 01:42:46] [INFO] 资产: USDT=15.61 总计=$721.18
[05-14 01:42:48] [INFO] 持仓状态:
[05-14 01:42:48] [INFO] 累计收益: -0.30%
[05-14 01:42:48] [INFO] 扫描间隔: 30秒
[05-14 01:43:19] [INFO] 
============================================================
[05-14 01:43:19] [INFO] Top6 Meme 扫描 (01:43:19)
[05-14 01:43:25] [INFO] 资产: USDT=15.61 总计=$721.33
[05-14 01:43:27] [INFO] 持仓状态:
[05-14 01:43:27] [INFO] 累计收益: -0.28%
[05-14 01:43:27] [INFO] 扫描间隔: 30秒
[05-14 01:43:57] [INFO] 
============================================================
[05-14 01:43:57] [INFO] Top6 Meme 扫描 (01:43:57)
[05-14 01:44:03] [INFO] 资产: USDT=15.61 总计=$721.41
[05-14 01:44:05] [INFO] 持仓状态:
[05-14 01:44:05] [INFO] 累计收益: -0.27%
[05-14 01:44:05] [INFO] 扫描间隔: 30秒
[05-14 01:44:35] [INFO] 
============================================================
[05-14 01:44:35] [INFO] Top6 Meme 扫描 (01:44:35)
[05-14 01:44:42] [INFO] 资产: USDT=15.61 总计=$721.49
[05-14 01:44:44] [INFO] 持仓状态:
[05-14 01:44:44] [INFO] 累计收益: -0.26%
[05-14 01:44:44] [INFO] 扫描间隔: 30秒
[05-14 01:45:14] [INFO] 
============================================================
[05-14 01:45:14] [INFO] Top6 Meme 扫描 (01:45:14)
[05-14 01:45:20] [INFO] 资产: USDT=15.61 总计=$721.48
[05-14 01:45:22] [INFO] 持仓状态:
[05-14 01:45:22] [INFO] 累计收益: -0.26%
[05-14 01:45:22] [INFO] 扫描间隔: 30秒
[05-14 01:45:52] [INFO] 
============================================================
[05-14 01:45:52] [INFO] Top6 Meme 扫描 (01:45:52)
[05-14 01:45:58] [INFO] 资产: USDT=15.61 总计=$721.06
[05-14 01:46:00] [INFO] 持仓状态:
[05-14 01:46:00] [INFO] 累计收益: -0.32%
[05-14 01:46:00] [INFO] 扫描间隔: 30秒
[05-14 01:46:30] [INFO] 
============================================================
[05-14 01:46:30] [INFO] Top6 Meme 扫描 (01:46:30)
[05-14 01:46:36] [INFO] 资产: USDT=15.61 总计=$721.22
[05-14 01:46:38] [INFO] 持仓状态:
[05-14 01:46:38] [INFO] 累计收益: -0.30%
[05-14 01:46:38] [INFO] 扫描间隔: 30秒
[05-14 01:47:08] [INFO] 
============================================================
[05-14 01:47:08] [INFO] Top6 Meme 扫描 (01:47:08)
[05-14 01:47:14] [INFO] 资产: USDT=15.61 总计=$721.34
[05-14 01:47:16] [INFO] 持仓状态:
[05-14 01:47:16] [INFO] 累计收益: -0.28%
[05-14 01:47:16] [INFO] 扫描间隔: 30秒
[05-14 01:47:46] [INFO] 
============================================================
[05-14 01:47:46] [INFO] Top6 Meme 扫描 (01:47:46)
[05-14 01:47:53] [INFO] 资产: USDT=15.61 总计=$721.44
[05-14 01:47:55] [INFO] 持仓状态:
[05-14 01:47:55] [INFO] 累计收益: -0.26%
[05-14 01:47:55] [INFO] 扫描间隔: 30秒
[05-14 01:48:25] [INFO] 
============================================================
[05-14 01:48:25] [INFO] Top6 Meme 扫描 (01:48:25)
[05-14 01:48:31] [INFO] 资产: USDT=15.61 总计=$721.63
[05-14 01:48:32] [INFO] 持仓状态:
[05-14 01:48:32] [INFO] 累计收益: -0.24%
[05-14 01:48:32] [INFO] 扫描间隔: 30秒
[05-14 01:49:03] [INFO] 
============================================================
[05-14 01:49:03] [INFO] Top6 Meme 扫描 (01:49:03)
[05-14 01:49:08] [INFO] 资产: USDT=15.61 总计=$721.24
[05-14 01:49:11] [INFO] 持仓状态:
[05-14 01:49:11] [INFO] 累计收益: -0.29%
[05-14 01:49:11] [INFO] 扫描间隔: 30秒
[05-14 01:49:41] [INFO] 
============================================================
[05-14 01:49:41] [INFO] Top6 Meme 扫描 (01:49:41)
[05-14 01:49:46] [INFO] 资产: USDT=15.61 总计=$721.55
[05-14 01:49:48] [INFO] 持仓状态:
[05-14 01:49:48] [INFO] 累计收益: -0.25%
[05-14 01:49:48] [INFO] 扫描间隔: 30秒
[05-14 01:50:18] [INFO] 
============================================================
[05-14 01:50:18] [INFO] Top6 Meme 扫描 (01:50:18)
[05-14 01:50:24] [INFO] 资产: USDT=15.61 总计=$722.05
[05-14 01:50:27] [INFO] 持仓状态:
[05-14 01:50:27] [INFO] 累计收益: -0.18%
[05-14 01:50:27] [INFO] 扫描间隔: 30秒
[05-14 01:50:57] [INFO] 
============================================================
[05-14 01:50:57] [INFO] Top6 Meme 扫描 (01:50:57)
[05-14 01:51:02] [INFO] 资产: USDT=15.61 总计=$722.05
[05-14 01:51:05] [INFO] 持仓状态:
[05-14 01:51:05] [INFO] 累计收益: -0.18%
[05-14 01:51:05] [INFO] 扫描间隔: 30秒
[05-14 01:51:35] [INFO] 
============================================================
[05-14 01:51:35] [INFO] Top6 Meme 扫描 (01:51:35)
[05-14 01:51:41] [INFO] 资产: USDT=15.61 总计=$722.08
[05-14 01:51:45] [INFO] 持仓状态:
[05-14 01:51:45] [INFO] 累计收益: -0.18%
[05-14 01:51:45] [INFO] 扫描间隔: 30秒
[05-14 01:52:15] [INFO] 
============================================================
[05-14 01:52:15] [INFO] Top6 Meme 扫描 (01:52:15)
[05-14 01:52:21] [INFO] 资产: USDT=15.61 总计=$721.97
[05-14 01:52:24] [INFO] 持仓状态:
[05-14 01:52:24] [INFO] 累计收益: -0.19%
[05-14 01:52:24] [INFO] 扫描间隔: 30秒
[05-14 01:52:54] [INFO] 
============================================================
[05-14 01:52:54] [INFO] Top6 Meme 扫描 (01:52:54)
[05-14 01:53:00] [INFO] 资产: USDT=15.61 总计=$721.93
[05-14 01:53:02] [INFO] 持仓状态:
[05-14 01:53:02] [INFO] 累计收益: -0.20%
[05-14 01:53:02] [INFO] 扫描间隔: 30秒
[05-14 01:53:32] [INFO] 
============================================================
[05-14 01:53:32] [INFO] Top6 Meme 扫描 (01:53:32)
[05-14 01:53:38] [INFO] 资产: USDT=15.61 总计=$721.85
[05-14 01:53:41] [INFO] 持仓状态:
[05-14 01:53:41] [INFO] 累计收益: -0.21%
[05-14 01:53:41] [INFO] 扫描间隔: 30秒
[05-14 01:54:11] [INFO] 
============================================================
[05-14 01:54:11] [INFO] Top6 Meme 扫描 (01:54:11)
[05-14 01:54:16] [INFO] 资产: USDT=15.61 总计=$721.83
[05-14 01:54:18] [INFO] 持仓状态:
[05-14 01:54:18] [INFO] 累计收益: -0.21%
[05-14 01:54:18] [INFO] 扫描间隔: 30秒
[05-14 01:54:48] [INFO] 
============================================================
[05-14 01:54:48] [INFO] Top6 Meme 扫描 (01:54:48)
[05-14 01:54:54] [INFO] 资产: USDT=15.61 总计=$721.75
[05-14 01:54:57] [INFO] 持仓状态:
[05-14 01:54:57] [INFO] 累计收益: -0.22%
[05-14 01:54:57] [INFO] 扫描间隔: 30秒
[05-14 01:55:27] [INFO] 
============================================================
[05-14 01:55:27] [INFO] Top6 Meme 扫描 (01:55:27)
[05-14 01:55:33] [INFO] 资产: USDT=15.61 总计=$721.75
[05-14 01:55:35] [INFO] 持仓状态:
[05-14 01:55:35] [INFO] 累计收益: -0.22%
[05-14 01:55:35] [INFO] 扫描间隔: 30秒
[05-14 01:56:05] [INFO] 
============================================================
[05-14 01:56:05] [INFO] Top6 Meme 扫描 (01:56:05)
[05-14 01:56:11] [INFO] 资产: USDT=15.61 总计=$721.65
[05-14 01:56:13] [INFO] 持仓状态:
[05-14 01:56:13] [INFO] 累计收益: -0.24%
[05-14 01:56:13] [INFO] 扫描间隔: 30秒
[05-14 01:56:43] [INFO] 
============================================================
[05-14 01:56:43] [INFO] Top6 Meme 扫描 (01:56:43)
[05-14 01:56:49] [INFO] 资产: USDT=15.61 总计=$721.61
[05-14 01:56:51] [INFO] 持仓状态:
[05-14 01:56:51] [INFO] 累计收益: -0.24%
[05-14 01:56:51] [INFO] 扫描间隔: 30秒
[05-14 01:57:21] [INFO] 
============================================================
[05-14 01:57:21] [INFO] Top6 Meme 扫描 (01:57:21)
[05-14 01:57:28] [INFO] 资产: USDT=15.61 总计=$721.72
[05-14 01:57:31] [INFO] 持仓状态:
[05-14 01:57:31] [INFO] 累计收益: -0.23%
[05-14 01:57:31] [INFO] 扫描间隔: 30秒
[05-14 01:58:01] [INFO] 
============================================================
[05-14 01:58:01] [INFO] Top6 Meme 扫描 (01:58:01)
[05-14 01:58:07] [INFO] 资产: USDT=15.61 总计=$721.82
[05-14 01:58:09] [INFO] 持仓状态:
[05-14 01:58:09] [INFO] 累计收益: -0.21%
[05-14 01:58:09] [INFO] 扫描间隔: 30秒
[05-14 01:58:39] [INFO] 
============================================================
[05-14 01:58:39] [INFO] Top6 Meme 扫描 (01:58:39)
[05-14 01:58:45] [INFO] 资产: USDT=15.61 总计=$722.51
[05-14 01:58:47] [INFO] 持仓状态:
[05-14 01:58:47] [INFO] 累计收益: -0.12%
[05-14 01:58:47] [INFO] 扫描间隔: 30秒
[05-14 01:59:17] [INFO] 
============================================================
[05-14 01:59:17] [INFO] Top6 Meme 扫描 (01:59:17)
[05-14 01:59:23] [INFO] 资产: USDT=15.61 总计=$722.43
[05-14 01:59:25] [INFO] 持仓状态:
[05-14 01:59:25] [INFO] 累计收益: -0.13%
[05-14 01:59:25] [INFO] 扫描间隔: 30秒
[05-14 01:59:55] [INFO] 
============================================================
[05-14 01:59:55] [INFO] Top6 Meme 扫描 (01:59:55)
[05-14 02:00:03] [INFO] 资产: USDT=15.61 总计=$722.04
[05-14 02:00:06] [INFO] 持仓状态:
[05-14 02:00:06] [INFO] 累计收益: -0.18%
[05-14 02:00:06] [INFO] 扫描间隔: 30秒
[05-14 02:00:36] [INFO] 
============================================================
[05-14 02:00:36] [INFO] Top6 Meme 扫描 (02:00:36)
[05-14 02:00:42] [INFO] 资产: USDT=15.61 总计=$722.29
[05-14 02:00:44] [INFO] 持仓状态:
[05-14 02:00:44] [INFO] 累计收益: -0.15%
[05-14 02:00:44] [INFO] 扫描间隔: 30秒
[05-14 02:01:14] [INFO] 
============================================================
[05-14 02:01:14] [INFO] Top6 Meme 扫描 (02:01:14)
[05-14 02:01:20] [INFO] 资产: USDT=15.61 总计=$722.56
[05-14 02:01:22] [INFO] 持仓状态:
[05-14 02:01:22] [INFO] 累计收益: -0.11%
[05-14 02:01:22] [INFO] 扫描间隔: 30秒
[05-14 02:01:52] [INFO] 
============================================================
[05-14 02:01:52] [INFO] Top6 Meme 扫描 (02:01:52)
[05-14 02:02:00] [INFO] 资产: USDT=15.61 总计=$723.21
[05-14 02:02:01] [INFO] 持仓状态:
[05-14 02:02:01] [INFO] 累计收益: -0.02%
[05-14 02:02:01] [INFO] 扫描间隔: 30秒
[05-14 02:02:31] [INFO] 
============================================================
[05-14 02:02:31] [INFO] Top6 Meme 扫描 (02:02:31)
[05-14 02:02:37] [INFO] 资产: USDT=15.61 总计=$723.04
[05-14 02:02:40] [INFO] 持仓状态:
[05-14 02:02:40] [INFO] 累计收益: -0.04%
[05-14 02:02:40] [INFO] 扫描间隔: 30秒
[05-14 02:03:10] [INFO] 
============================================================
[05-14 02:03:10] [INFO] Top6 Meme 扫描 (02:03:10)
[05-14 02:03:16] [INFO] 资产: USDT=15.61 总计=$723.09
[05-14 02:03:18] [INFO] 持仓状态:
[05-14 02:03:18] [INFO] 累计收益: -0.04%
[05-14 02:03:18] [INFO] 扫描间隔: 30秒
[05-14 02:03:48] [INFO] 
============================================================
[05-14 02:03:48] [INFO] Top6 Meme 扫描 (02:03:48)
[05-14 02:03:54] [INFO] 资产: USDT=15.61 总计=$722.75
[05-14 02:03:56] [INFO] 持仓状态:
[05-14 02:03:56] [INFO] 累计收益: -0.08%
[05-14 02:03:56] [INFO] 扫描间隔: 30秒
[05-14 02:04:26] [INFO] 
============================================================
[05-14 02:04:26] [INFO] Top6 Meme 扫描 (02:04:26)
[05-14 02:04:32] [INFO] 资产: USDT=15.61 总计=$722.55
[05-14 02:04:34] [INFO] 持仓状态:
[05-14 02:04:34] [INFO] 累计收益: -0.11%
[05-14 02:04:34] [INFO] 扫描间隔: 30秒
[05-14 02:05:04] [INFO] 
============================================================
[05-14 02:05:04] [INFO] Top6 Meme 扫描 (02:05:04)
[05-14 02:05:10] [INFO] 资产: USDT=15.61 总计=$722.56
[05-14 02:05:12] [INFO] 持仓状态:
[05-14 02:05:12] [INFO] 累计收益: -0.11%
[05-14 02:05:12] [INFO] 扫描间隔: 30秒
[05-14 02:05:42] [INFO] 
============================================================
[05-14 02:05:42] [INFO] Top6 Meme 扫描 (02:05:42)
[05-14 02:05:48] [INFO] 资产: USDT=15.61 总计=$722.79
[05-14 02:05:51] [INFO] 持仓状态:
[05-14 02:05:51] [INFO] 累计收益: -0.08%
[05-14 02:05:51] [INFO] 扫描间隔: 30秒
[05-14 02:06:21] [INFO] 
============================================================
[05-14 02:06:21] [INFO] Top6 Meme 扫描 (02:06:21)
[05-14 02:06:27] [INFO] 资产: USDT=15.61 总计=$722.91
[05-14 02:06:29] [INFO] 持仓状态:
[05-14 02:06:29] [INFO] 累计收益: -0.06%
[05-14 02:06:29] [INFO] 扫描间隔: 30秒
[05-14 02:06:59] [INFO] 
============================================================
[05-14 02:06:59] [INFO] Top6 Meme 扫描 (02:06:59)
[05-14 02:07:04] [INFO] 资产: USDT=15.61 总计=$723.20
[05-14 02:07:07] [INFO] 持仓状态:
[05-14 02:07:07] [INFO] 累计收益: -0.02%
[05-14 02:07:07] [INFO] 扫描间隔: 30秒
[05-14 02:07:37] [INFO] 
============================================================
[05-14 02:07:37] [INFO] Top6 Meme 扫描 (02:07:37)
[05-14 02:07:43] [INFO] 资产: USDT=15.61 总计=$723.21
[05-14 02:07:45] [INFO] 持仓状态:
[05-14 02:07:45] [INFO] 累计收益: -0.02%
[05-14 02:07:45] [INFO] 扫描间隔: 30秒
[05-14 02:08:15] [INFO] 
============================================================
[05-14 02:08:15] [INFO] Top6 Meme 扫描 (02:08:15)
[05-14 02:08:21] [INFO] 资产: USDT=15.61 总计=$723.02
[05-14 02:08:23] [INFO] 持仓状态:
[05-14 02:08:23] [INFO] 累计收益: -0.05%
[05-14 02:08:23] [INFO] 扫描间隔: 30秒
[05-14 02:08:53] [INFO] 
============================================================
[05-14 02:08:53] [INFO] Top6 Meme 扫描 (02:08:53)
[05-14 02:08:59] [INFO] 资产: USDT=15.61 总计=$723.30
[05-14 02:09:02] [INFO] 持仓状态:
[05-14 02:09:02] [INFO] 累计收益: -0.01%
[05-14 02:09:02] [INFO] 扫描间隔: 30秒
[05-14 02:09:32] [INFO] 
============================================================
[05-14 02:09:32] [INFO] Top6 Meme 扫描 (02:09:32)
[05-14 02:09:37] [INFO] 资产: USDT=15.61 总计=$723.39
[05-14 02:09:39] [INFO] 持仓状态:
[05-14 02:09:39] [INFO] 累计收益: +0.00%
[05-14 02:09:39] [INFO] 扫描间隔: 30秒
[05-14 02:10:09] [INFO] 
============================================================
[05-14 02:10:09] [INFO] Top6 Meme 扫描 (02:10:09)
[05-14 02:10:15] [INFO] 资产: USDT=15.61 总计=$723.37
[05-14 02:10:17] [INFO] 持仓状态:
[05-14 02:10:17] [INFO] 累计收益: +0.00%
[05-14 02:10:17] [INFO] 扫描间隔: 30秒
[05-14 02:10:47] [INFO] 
============================================================
[05-14 02:10:47] [INFO] Top6 Meme 扫描 (02:10:47)
[05-14 02:10:53] [INFO] 资产: USDT=15.61 总计=$723.34
[05-14 02:10:55] [INFO] 持仓状态:
[05-14 02:10:55] [INFO] 累计收益: -0.00%
[05-14 02:10:55] [INFO] 扫描间隔: 30秒
[05-14 02:11:25] [INFO] 
============================================================
[05-14 02:11:25] [INFO] Top6 Meme 扫描 (02:11:25)
[05-14 02:11:31] [INFO] 资产: USDT=15.61 总计=$723.33
[05-14 02:11:33] [INFO] 持仓状态:
[05-14 02:11:33] [INFO] 累计收益: -0.00%
[05-14 02:11:33] [INFO] 扫描间隔: 30秒
[05-14 02:12:03] [INFO] 
============================================================
[05-14 02:12:03] [INFO] Top6 Meme 扫描 (02:12:03)
[05-14 02:12:09] [INFO] 资产: USDT=15.61 总计=$723.53
[05-14 02:12:11] [INFO] 持仓状态:
[05-14 02:12:11] [INFO] 累计收益: +0.03%
[05-14 02:12:11] [INFO] 扫描间隔: 30秒
[05-14 02:12:41] [INFO] 
============================================================
[05-14 02:12:41] [INFO] Top6 Meme 扫描 (02:12:41)
[05-14 02:12:48] [INFO] 资产: USDT=15.61 总计=$723.49
[05-14 02:12:50] [INFO] 持仓状态:
[05-14 02:12:50] [INFO] 累计收益: +0.02%
[05-14 02:12:50] [INFO] 扫描间隔: 30秒
[05-14 02:13:20] [INFO] 
============================================================
[05-14 02:13:20] [INFO] Top6 Meme 扫描 (02:13:20)
[05-14 02:13:25] [INFO] 资产: USDT=15.61 总计=$723.23
[05-14 02:13:27] [INFO] 持仓状态:
[05-14 02:13:27] [INFO] 累计收益: -0.02%
[05-14 02:13:27] [INFO] 扫描间隔: 30秒
[05-14 02:13:57] [INFO] 
============================================================
[05-14 02:13:57] [INFO] Top6 Meme 扫描 (02:13:57)
[05-14 02:14:03] [INFO] 资产: USDT=15.61 总计=$723.46
[05-14 02:14:05] [INFO] 持仓状态:
[05-14 02:14:05] [INFO] 累计收益: +0.01%
[05-14 02:14:05] [INFO] 扫描间隔: 30秒
[05-14 02:14:35] [INFO] 
============================================================
[05-14 02:14:35] [INFO] Top6 Meme 扫描 (02:14:35)
[05-14 02:14:41] [INFO] 资产: USDT=15.61 总计=$723.40
[05-14 02:14:43] [INFO] 持仓状态:
[05-14 02:14:43] [INFO] 累计收益: +0.01%
[05-14 02:14:43] [INFO] 扫描间隔: 30秒
[05-14 02:15:13] [INFO] 
============================================================
[05-14 02:15:13] [INFO] Top6 Meme 扫描 (02:15:13)
[05-14 02:15:19] [INFO] 资产: USDT=15.61 总计=$723.51
[05-14 02:15:21] [INFO] 持仓状态:
[05-14 02:15:21] [INFO] 累计收益: +0.02%
[05-14 02:15:21] [INFO] 扫描间隔: 30秒
[05-14 02:15:51] [INFO] 
============================================================
[05-14 02:15:51] [INFO] Top6 Meme 扫描 (02:15:51)
[05-14 02:15:58] [INFO] 资产: USDT=15.61 总计=$723.52
[05-14 02:16:00] [INFO] 持仓状态:
[05-14 02:16:00] [INFO] 累计收益: +0.02%
[05-14 02:16:00] [INFO] 扫描间隔: 30秒
[05-14 02:16:30] [INFO] 
============================================================
[05-14 02:16:30] [INFO] Top6 Meme 扫描 (02:16:30)
[05-14 02:16:35] [INFO] 资产: USDT=15.61 总计=$723.42
[05-14 02:16:38] [INFO] 持仓状态:
[05-14 02:16:38] [INFO] 累计收益: +0.01%
[05-14 02:16:38] [INFO] 扫描间隔: 30秒
[05-14 02:17:08] [INFO] 
============================================================
[05-14 02:17:08] [INFO] Top6 Meme 扫描 (02:17:08)
[05-14 02:17:14] [INFO] 资产: USDT=15.61 总计=$723.29
[05-14 02:17:16] [INFO] 持仓状态:
[05-14 02:17:16] [INFO] 累计收益: -0.01%
[05-14 02:17:16] [INFO] 扫描间隔: 30秒
[05-14 02:17:47] [INFO] 
============================================================
[05-14 02:17:47] [INFO] Top6 Meme 扫描 (02:17:47)
[05-14 02:17:52] [INFO] 资产: USDT=15.61 总计=$722.87
[05-14 02:17:54] [INFO] 持仓状态:
[05-14 02:17:54] [INFO] 累计收益: -0.07%
[05-14 02:17:54] [INFO] 扫描间隔: 30秒
[05-14 02:18:24] [INFO] 
============================================================
[05-14 02:18:24] [INFO] Top6 Meme 扫描 (02:18:24)
[05-14 02:18:30] [INFO] 资产: USDT=15.61 总计=$722.94
[05-14 02:18:32] [INFO] 持仓状态:
[05-14 02:18:32] [INFO] 累计收益: -0.06%
[05-14 02:18:32] [INFO] 扫描间隔: 30秒
[05-14 02:19:02] [INFO] 
============================================================
[05-14 02:19:02] [INFO] Top6 Meme 扫描 (02:19:02)
[05-14 02:19:08] [INFO] 资产: USDT=15.61 总计=$722.99
[05-14 02:19:10] [INFO] 持仓状态:
[05-14 02:19:10] [INFO] 累计收益: -0.05%
[05-14 02:19:10] [INFO] 扫描间隔: 30秒
[05-14 02:19:40] [INFO] 
============================================================
[05-14 02:19:40] [INFO] Top6 Meme 扫描 (02:19:40)
[05-14 02:19:46] [INFO] 资产: USDT=15.61 总计=$723.25
[05-14 02:19:48] [INFO] 持仓状态:
[05-14 02:19:48] [INFO] 累计收益: -0.01%
[05-14 02:19:48] [INFO] 扫描间隔: 30秒
[05-14 02:20:18] [INFO] 
============================================================
[05-14 02:20:18] [INFO] Top6 Meme 扫描 (02:20:18)
[05-14 02:20:24] [INFO] 资产: USDT=15.61 总计=$724.36
[05-14 02:20:26] [INFO] 持仓状态:
[05-14 02:20:26] [INFO] 累计收益: +0.14%
[05-14 02:20:26] [INFO] 扫描间隔: 30秒
[05-14 02:20:56] [INFO] 
============================================================
[05-14 02:20:56] [INFO] Top6 Meme 扫描 (02:20:56)
[05-14 02:21:02] [INFO] 资产: USDT=15.61 总计=$724.45
[05-14 02:21:04] [INFO] 持仓状态:
[05-14 02:21:04] [INFO] 累计收益: +0.15%
[05-14 02:21:04] [INFO] 扫描间隔: 30秒
[05-14 02:21:34] [INFO] 
============================================================
[05-14 02:21:34] [INFO] Top6 Meme 扫描 (02:21:34)
[05-14 02:21:40] [INFO] 资产: USDT=15.61 总计=$724.78
[05-14 02:21:43] [INFO] 持仓状态:
[05-14 02:21:43] [INFO] 累计收益: +0.20%
[05-14 02:21:43] [INFO] 扫描间隔: 30秒
[05-14 02:22:13] [INFO] 
============================================================
[05-14 02:22:13] [INFO] Top6 Meme 扫描 (02:22:13)
[05-14 02:22:19] [INFO] 资产: USDT=15.61 总计=$724.76
[05-14 02:22:21] [INFO] 持仓状态:
[05-14 02:22:21] [INFO] 累计收益: +0.20%
[05-14 02:22:21] [INFO] 扫描间隔: 30秒
[05-14 02:22:51] [INFO] 
============================================================
[05-14 02:22:51] [INFO] Top6 Meme 扫描 (02:22:51)
[05-14 02:22:57] [INFO] 资产: USDT=15.61 总计=$724.20
[05-14 02:23:00] [INFO] 持仓状态:
[05-14 02:23:00] [INFO] 累计收益: +0.12%
[05-14 02:23:00] [INFO] 扫描间隔: 30秒
[05-14 02:23:30] [INFO] 
============================================================
[05-14 02:23:30] [INFO] Top6 Meme 扫描 (02:23:30)
[05-14 02:23:36] [INFO] 资产: USDT=15.61 总计=$724.44
[05-14 02:23:39] [INFO] 持仓状态:
[05-14 02:23:39] [INFO] 累计收益: +0.15%
[05-14 02:23:39] [INFO] 扫描间隔: 30秒
[05-14 02:24:09] [INFO] 
============================================================
[05-14 02:24:09] [INFO] Top6 Meme 扫描 (02:24:09)
[05-14 02:24:15] [INFO] 资产: USDT=15.61 总计=$724.44
[05-14 02:24:18] [INFO] 持仓状态:
[05-14 02:24:18] [INFO] 累计收益: +0.15%
[05-14 02:24:18] [INFO] 扫描间隔: 30秒
[05-14 02:24:48] [INFO] 
============================================================
[05-14 02:24:48] [INFO] Top6 Meme 扫描 (02:24:48)
[05-14 02:24:53] [INFO] 资产: USDT=15.61 总计=$724.39
[05-14 02:24:56] [INFO] 持仓状态:
[05-14 02:24:56] [INFO] 累计收益: +0.14%
[05-14 02:24:56] [INFO] 扫描间隔: 30秒
[05-14 02:25:26] [INFO] 
============================================================
[05-14 02:25:26] [INFO] Top6 Meme 扫描 (02:25:26)
[05-14 02:25:32] [INFO] 资产: USDT=15.61 总计=$724.51
[05-14 02:25:33] [INFO] 持仓状态:
[05-14 02:25:33] [INFO] 累计收益: +0.16%
[05-14 02:25:33] [INFO] 扫描间隔: 30秒
[05-14 02:26:04] [INFO] 
============================================================
[05-14 02:26:04] [INFO] Top6 Meme 扫描 (02:26:04)
[05-14 02:26:10] [INFO] 资产: USDT=15.61 总计=$724.49
[05-14 02:26:12] [INFO] 持仓状态:
[05-14 02:26:12] [INFO] 累计收益: +0.16%
[05-14 02:26:12] [INFO] 扫描间隔: 30秒
[05-14 02:26:42] [INFO] 
============================================================
[05-14 02:26:42] [INFO] Top6 Meme 扫描 (02:26:42)
[05-14 02:26:48] [INFO] 资产: USDT=15.61 总计=$724.61
[05-14 02:26:50] [INFO] 持仓状态:
[05-14 02:26:50] [INFO] 累计收益: +0.17%
[05-14 02:26:50] [INFO] 扫描间隔: 30秒
